
AVRASM ver. 2.1.17  D:\My documents\Programming\Projects\1_Develop_injector\List\Color.asm Wed Dec 21 14:40:31 2011

D:\My documents\Programming\Projects\1_Develop_injector\List\Color.asm(1026): warning: Register r5 already defined by the .DEF directive
D:\My documents\Programming\Projects\1_Develop_injector\List\Color.asm(1027): warning: Register r4 already defined by the .DEF directive
D:\My documents\Programming\Projects\1_Develop_injector\List\Color.asm(1028): warning: Register r7 already defined by the .DEF directive
D:\My documents\Programming\Projects\1_Develop_injector\List\Color.asm(1029): warning: Register r6 already defined by the .DEF directive
D:\My documents\Programming\Projects\1_Develop_injector\List\Color.asm(1030): warning: Register r9 already defined by the .DEF directive
D:\My documents\Programming\Projects\1_Develop_injector\List\Color.asm(1031): warning: Register r8 already defined by the .DEF directive
D:\My documents\Programming\Projects\1_Develop_injector\List\Color.asm(1032): warning: Register r11 already defined by the .DEF directive
D:\My documents\Programming\Projects\1_Develop_injector\List\Color.asm(1033): warning: Register r10 already defined by the .DEF directive
D:\My documents\Programming\Projects\1_Develop_injector\List\Color.asm(1034): warning: Register r13 already defined by the .DEF directive
D:\My documents\Programming\Projects\1_Develop_injector\List\Color.asm(1035): warning: Register r12 already defined by the .DEF directive
                 
                 
                 ;CodeVisionAVR C Compiler V2.03.4 Standard
                 ;(C) Copyright 1998-2008 Pavel Haiduc, HP InfoTech s.r.l.
                 ;http://www.hpinfotech.com
                 
                 ;Chip type              : ATmega8L
                 ;Program type           : Application
                 ;Clock frequency        : 8,000000 MHz
                 ;Memory model           : Small
                 ;Optimize for           : Speed
                 ;(s)printf features     : int, width
                 ;(s)scanf features      : int, width
                 ;External RAM size      : 0
                 ;Data Stack size        : 256 byte(s)
                 ;Heap size              : 0 byte(s)
                 ;Promote char to int    : Yes
                 ;char is unsigned       : Yes
                 ;global const stored in FLASH  : No
                 ;8 bit enums            : Yes
                 ;Enhanced core instructions    : On
                 ;Smart register allocation : On
                 ;Automatic register allocation : On
                 
                 	#pragma AVRPART ADMIN PART_NAME ATmega8L
                 	#pragma AVRPART MEMORY PROG_FLASH 8192
                 	#pragma AVRPART MEMORY EEPROM 512
                 	#pragma AVRPART MEMORY INT_SRAM SIZE 1024
                 	#pragma AVRPART MEMORY INT_SRAM START_ADDR 0x60
                 
                 	.LISTMAC
                 	.EQU UDRE=0x5
                 	.EQU RXC=0x7
                 	.EQU USR=0xB
                 	.EQU UDR=0xC
                 	.EQU SPSR=0xE
                 	.EQU SPDR=0xF
                 	.EQU EERE=0x0
                 	.EQU EEWE=0x1
                 	.EQU EEMWE=0x2
                 	.EQU EECR=0x1C
                 	.EQU EEDR=0x1D
                 	.EQU EEARL=0x1E
                 	.EQU EEARH=0x1F
                 	.EQU WDTCR=0x21
                 	.EQU MCUCR=0x35
                 	.EQU GICR=0x3B
                 	.EQU SPL=0x3D
                 	.EQU SPH=0x3E
                 	.EQU SREG=0x3F
                 
                 	.DEF R0X0=R0
                 	.DEF R0X1=R1
                 	.DEF R0X2=R2
                 	.DEF R0X3=R3
                 	.DEF R0X4=R4
                 	.DEF R0X5=R5
                 	.DEF R0X6=R6
                 	.DEF R0X7=R7
                 	.DEF R0X8=R8
                 	.DEF R0X9=R9
                 	.DEF R0XA=R10
                 	.DEF R0XB=R11
                 	.DEF R0XC=R12
                 	.DEF R0XD=R13
                 	.DEF R0XE=R14
                 	.DEF R0XF=R15
                 	.DEF R0X10=R16
                 	.DEF R0X11=R17
                 	.DEF R0X12=R18
                 	.DEF R0X13=R19
                 	.DEF R0X14=R20
                 	.DEF R0X15=R21
                 	.DEF R0X16=R22
                 	.DEF R0X17=R23
                 	.DEF R0X18=R24
                 	.DEF R0X19=R25
                 	.DEF R0X1A=R26
                 	.DEF R0X1B=R27
                 	.DEF R0X1C=R28
                 	.DEF R0X1D=R29
                 	.DEF R0X1E=R30
                 	.DEF R0X1F=R31
                 
                 	.MACRO __CPD1N
                 	CPI  R30,LOW(@0)
                 	LDI  R26,HIGH(@0)
                 	CPC  R31,R26
                 	LDI  R26,BYTE3(@0)
                 	CPC  R22,R26
                 	LDI  R26,BYTE4(@0)
                 	CPC  R23,R26
                 	.ENDM
                 
                 	.MACRO __CPD2N
                 	CPI  R26,LOW(@0)
                 	LDI  R30,HIGH(@0)
                 	CPC  R27,R30
                 	LDI  R30,BYTE3(@0)
                 	CPC  R24,R30
                 	LDI  R30,BYTE4(@0)
                 	CPC  R25,R30
                 	.ENDM
                 
                 	.MACRO __CPWRR
                 	CP   R@0,R@2
                 	CPC  R@1,R@3
                 	.ENDM
                 
                 	.MACRO __CPWRN
                 	CPI  R@0,LOW(@2)
                 	LDI  R30,HIGH(@2)
                 	CPC  R@1,R30
                 	.ENDM
                 
                 	.MACRO __ADDB1MN
                 	SUBI R30,LOW(-@0-(@1))
                 	.ENDM
                 
                 	.MACRO __ADDB2MN
                 	SUBI R26,LOW(-@0-(@1))
                 	.ENDM
                 
                 	.MACRO __ADDW1MN
                 	SUBI R30,LOW(-@0-(@1))
                 	SBCI R31,HIGH(-@0-(@1))
                 	.ENDM
                 
                 	.MACRO __ADDW2MN
                 	SUBI R26,LOW(-@0-(@1))
                 	SBCI R27,HIGH(-@0-(@1))
                 	.ENDM
                 
                 	.MACRO __ADDW1FN
                 	SUBI R30,LOW(-2*@0-(@1))
                 	SBCI R31,HIGH(-2*@0-(@1))
                 	.ENDM
                 
                 	.MACRO __ADDD1FN
                 	SUBI R30,LOW(-2*@0-(@1))
                 	SBCI R31,HIGH(-2*@0-(@1))
                 	SBCI R22,BYTE3(-2*@0-(@1))
                 	.ENDM
                 
                 	.MACRO __ADDD1N
                 	SUBI R30,LOW(-@0)
                 	SBCI R31,HIGH(-@0)
                 	SBCI R22,BYTE3(-@0)
                 	SBCI R23,BYTE4(-@0)
                 	.ENDM
                 
                 	.MACRO __ADDD2N
                 	SUBI R26,LOW(-@0)
                 	SBCI R27,HIGH(-@0)
                 	SBCI R24,BYTE3(-@0)
                 	SBCI R25,BYTE4(-@0)
                 	.ENDM
                 
                 	.MACRO __SUBD1N
                 	SUBI R30,LOW(@0)
                 	SBCI R31,HIGH(@0)
                 	SBCI R22,BYTE3(@0)
                 	SBCI R23,BYTE4(@0)
                 	.ENDM
                 
                 	.MACRO __SUBD2N
                 	SUBI R26,LOW(@0)
                 	SBCI R27,HIGH(@0)
                 	SBCI R24,BYTE3(@0)
                 	SBCI R25,BYTE4(@0)
                 	.ENDM
                 
                 	.MACRO __ANDBMNN
                 	LDS  R30,@0+@1
                 	ANDI R30,LOW(@2)
                 	STS  @0+@1,R30
                 	.ENDM
                 
                 	.MACRO __ANDWMNN
                 	LDS  R30,@0+@1
                 	ANDI R30,LOW(@2)
                 	STS  @0+@1,R30
                 	LDS  R30,@0+@1+1
                 	ANDI R30,HIGH(@2)
                 	STS  @0+@1+1,R30
                 	.ENDM
                 
                 	.MACRO __ANDD1N
                 	ANDI R30,LOW(@0)
                 	ANDI R31,HIGH(@0)
                 	ANDI R22,BYTE3(@0)
                 	ANDI R23,BYTE4(@0)
                 	.ENDM
                 
                 	.MACRO __ANDD2N
                 	ANDI R26,LOW(@0)
                 	ANDI R27,HIGH(@0)
                 	ANDI R24,BYTE3(@0)
                 	ANDI R25,BYTE4(@0)
                 	.ENDM
                 
                 	.MACRO __ORBMNN
                 	LDS  R30,@0+@1
                 	ORI  R30,LOW(@2)
                 	STS  @0+@1,R30
                 	.ENDM
                 
                 	.MACRO __ORWMNN
                 	LDS  R30,@0+@1
                 	ORI  R30,LOW(@2)
                 	STS  @0+@1,R30
                 	LDS  R30,@0+@1+1
                 	ORI  R30,HIGH(@2)
                 	STS  @0+@1+1,R30
                 	.ENDM
                 
                 	.MACRO __ORD1N
                 	ORI  R30,LOW(@0)
                 	ORI  R31,HIGH(@0)
                 	ORI  R22,BYTE3(@0)
                 	ORI  R23,BYTE4(@0)
                 	.ENDM
                 
                 	.MACRO __ORD2N
                 	ORI  R26,LOW(@0)
                 	ORI  R27,HIGH(@0)
                 	ORI  R24,BYTE3(@0)
                 	ORI  R25,BYTE4(@0)
                 	.ENDM
                 
                 	.MACRO __DELAY_USB
                 	LDI  R24,LOW(@0)
                 __DELAY_USB_LOOP:
                 	DEC  R24
                 	BRNE __DELAY_USB_LOOP
                 	.ENDM
                 
                 	.MACRO __DELAY_USW
                 	LDI  R24,LOW(@0)
                 	LDI  R25,HIGH(@0)
                 __DELAY_USW_LOOP:
                 	SBIW R24,1
                 	BRNE __DELAY_USW_LOOP
                 	.ENDM
                 
                 	.MACRO __CLRD1S
                 	LDI  R30,0
                 	STD  Y+@0,R30
                 	STD  Y+@0+1,R30
                 	STD  Y+@0+2,R30
                 	STD  Y+@0+3,R30
                 	.ENDM
                 
                 	.MACRO __GETD1S
                 	LDD  R30,Y+@0
                 	LDD  R31,Y+@0+1
                 	LDD  R22,Y+@0+2
                 	LDD  R23,Y+@0+3
                 	.ENDM
                 
                 	.MACRO __PUTD1S
                 	STD  Y+@0,R30
                 	STD  Y+@0+1,R31
                 	STD  Y+@0+2,R22
                 	STD  Y+@0+3,R23
                 	.ENDM
                 
                 	.MACRO __PUTD2S
                 	STD  Y+@0,R26
                 	STD  Y+@0+1,R27
                 	STD  Y+@0+2,R24
                 	STD  Y+@0+3,R25
                 	.ENDM
                 
                 	.MACRO __POINTB1MN
                 	LDI  R30,LOW(@0+@1)
                 	.ENDM
                 
                 	.MACRO __POINTW1MN
                 	LDI  R30,LOW(@0+@1)
                 	LDI  R31,HIGH(@0+@1)
                 	.ENDM
                 
                 	.MACRO __POINTD1M
                 	LDI  R30,LOW(@0)
                 	LDI  R31,HIGH(@0)
                 	LDI  R22,BYTE3(@0)
                 	LDI  R23,BYTE4(@0)
                 	.ENDM
                 
                 	.MACRO __POINTW1FN
                 	LDI  R30,LOW(2*@0+@1)
                 	LDI  R31,HIGH(2*@0+@1)
                 	.ENDM
                 
                 	.MACRO __POINTD1FN
                 	LDI  R30,LOW(2*@0+@1)
                 	LDI  R31,HIGH(2*@0+@1)
                 	LDI  R22,BYTE3(2*@0+@1)
                 	LDI  R23,BYTE4(2*@0+@1)
                 	.ENDM
                 
                 	.MACRO __POINTB2MN
                 	LDI  R26,LOW(@0+@1)
                 	.ENDM
                 
                 	.MACRO __POINTW2MN
                 	LDI  R26,LOW(@0+@1)
                 	LDI  R27,HIGH(@0+@1)
                 	.ENDM
                 
                 	.MACRO __POINTBRM
                 	LDI  R@0,LOW(@1)
                 	.ENDM
                 
                 	.MACRO __POINTWRM
                 	LDI  R@0,LOW(@2)
                 	LDI  R@1,HIGH(@2)
                 	.ENDM
                 
                 	.MACRO __POINTBRMN
                 	LDI  R@0,LOW(@1+@2)
                 	.ENDM
                 
                 	.MACRO __POINTWRMN
                 	LDI  R@0,LOW(@2+@3)
                 	LDI  R@1,HIGH(@2+@3)
                 	.ENDM
                 
                 	.MACRO __POINTWRFN
                 	LDI  R@0,LOW(@2*2+@3)
                 	LDI  R@1,HIGH(@2*2+@3)
                 	.ENDM
                 
                 	.MACRO __GETD1N
                 	LDI  R30,LOW(@0)
                 	LDI  R31,HIGH(@0)
                 	LDI  R22,BYTE3(@0)
                 	LDI  R23,BYTE4(@0)
                 	.ENDM
                 
                 	.MACRO __GETD2N
                 	LDI  R26,LOW(@0)
                 	LDI  R27,HIGH(@0)
                 	LDI  R24,BYTE3(@0)
                 	LDI  R25,BYTE4(@0)
                 	.ENDM
                 
                 	.MACRO __GETD2S
                 	LDD  R26,Y+@0
                 	LDD  R27,Y+@0+1
                 	LDD  R24,Y+@0+2
                 	LDD  R25,Y+@0+3
                 	.ENDM
                 
                 	.MACRO __GETB1MN
                 	LDS  R30,@0+@1
                 	.ENDM
                 
                 	.MACRO __GETB1HMN
                 	LDS  R31,@0+@1
                 	.ENDM
                 
                 	.MACRO __GETW1MN
                 	LDS  R30,@0+@1
                 	LDS  R31,@0+@1+1
                 	.ENDM
                 
                 	.MACRO __GETD1MN
                 	LDS  R30,@0+@1
                 	LDS  R31,@0+@1+1
                 	LDS  R22,@0+@1+2
                 	LDS  R23,@0+@1+3
                 	.ENDM
                 
                 	.MACRO __GETBRMN
                 	LDS  R@0,@1+@2
                 	.ENDM
                 
                 	.MACRO __GETWRMN
                 	LDS  R@0,@2+@3
                 	LDS  R@1,@2+@3+1
                 	.ENDM
                 
                 	.MACRO __GETWRZ
                 	LDD  R@0,Z+@2
                 	LDD  R@1,Z+@2+1
                 	.ENDM
                 
                 	.MACRO __GETD2Z
                 	LDD  R26,Z+@0
                 	LDD  R27,Z+@0+1
                 	LDD  R24,Z+@0+2
                 	LDD  R25,Z+@0+3
                 	.ENDM
                 
                 	.MACRO __GETB2MN
                 	LDS  R26,@0+@1
                 	.ENDM
                 
                 	.MACRO __GETW2MN
                 	LDS  R26,@0+@1
                 	LDS  R27,@0+@1+1
                 	.ENDM
                 
                 	.MACRO __GETD2MN
                 	LDS  R26,@0+@1
                 	LDS  R27,@0+@1+1
                 	LDS  R24,@0+@1+2
                 	LDS  R25,@0+@1+3
                 	.ENDM
                 
                 	.MACRO __PUTB1MN
                 	STS  @0+@1,R30
                 	.ENDM
                 
                 	.MACRO __PUTW1MN
                 	STS  @0+@1,R30
                 	STS  @0+@1+1,R31
                 	.ENDM
                 
                 	.MACRO __PUTD1MN
                 	STS  @0+@1,R30
                 	STS  @0+@1+1,R31
                 	STS  @0+@1+2,R22
                 	STS  @0+@1+3,R23
                 	.ENDM
                 
                 	.MACRO __PUTB1EN
                 	LDI  R26,LOW(@0+@1)
                 	LDI  R27,HIGH(@0+@1)
                 	RCALL __EEPROMWRB
                 	.ENDM
                 
                 	.MACRO __PUTW1EN
                 	LDI  R26,LOW(@0+@1)
                 	LDI  R27,HIGH(@0+@1)
                 	RCALL __EEPROMWRW
                 	.ENDM
                 
                 	.MACRO __PUTD1EN
                 	LDI  R26,LOW(@0+@1)
                 	LDI  R27,HIGH(@0+@1)
                 	RCALL __EEPROMWRD
                 	.ENDM
                 
                 	.MACRO __PUTBR0MN
                 	STS  @0+@1,R0
                 	.ENDM
                 
                 	.MACRO __PUTDZ2
                 	STD  Z+@0,R26
                 	STD  Z+@0+1,R27
                 	STD  Z+@0+2,R24
                 	STD  Z+@0+3,R25
                 	.ENDM
                 
                 	.MACRO __PUTBMRN
                 	STS  @0+@1,R@2
                 	.ENDM
                 
                 	.MACRO __PUTWMRN
                 	STS  @0+@1,R@2
                 	STS  @0+@1+1,R@3
                 	.ENDM
                 
                 	.MACRO __PUTBZR
                 	STD  Z+@1,R@0
                 	.ENDM
                 
                 	.MACRO __PUTWZR
                 	STD  Z+@2,R@0
                 	STD  Z+@2+1,R@1
                 	.ENDM
                 
                 	.MACRO __GETW1R
                 	MOV  R30,R@0
                 	MOV  R31,R@1
                 	.ENDM
                 
                 	.MACRO __GETW2R
                 	MOV  R26,R@0
                 	MOV  R27,R@1
                 	.ENDM
                 
                 	.MACRO __GETWRN
                 	LDI  R@0,LOW(@2)
                 	LDI  R@1,HIGH(@2)
                 	.ENDM
                 
                 	.MACRO __PUTW1R
                 	MOV  R@0,R30
                 	MOV  R@1,R31
                 	.ENDM
                 
                 	.MACRO __PUTW2R
                 	MOV  R@0,R26
                 	MOV  R@1,R27
                 	.ENDM
                 
                 	.MACRO __ADDWRN
                 	SUBI R@0,LOW(-@2)
                 	SBCI R@1,HIGH(-@2)
                 	.ENDM
                 
                 	.MACRO __ADDWRR
                 	ADD  R@0,R@2
                 	ADC  R@1,R@3
                 	.ENDM
                 
                 	.MACRO __SUBWRN
                 	SUBI R@0,LOW(@2)
                 	SBCI R@1,HIGH(@2)
                 	.ENDM
                 
                 	.MACRO __SUBWRR
                 	SUB  R@0,R@2
                 	SBC  R@1,R@3
                 	.ENDM
                 
                 	.MACRO __ANDWRN
                 	ANDI R@0,LOW(@2)
                 	ANDI R@1,HIGH(@2)
                 	.ENDM
                 
                 	.MACRO __ANDWRR
                 	AND  R@0,R@2
                 	AND  R@1,R@3
                 	.ENDM
                 
                 	.MACRO __ORWRN
                 	ORI  R@0,LOW(@2)
                 	ORI  R@1,HIGH(@2)
                 	.ENDM
                 
                 	.MACRO __ORWRR
                 	OR   R@0,R@2
                 	OR   R@1,R@3
                 	.ENDM
                 
                 	.MACRO __EORWRR
                 	EOR  R@0,R@2
                 	EOR  R@1,R@3
                 	.ENDM
                 
                 	.MACRO __GETWRS
                 	LDD  R@0,Y+@2
                 	LDD  R@1,Y+@2+1
                 	.ENDM
                 
                 	.MACRO __PUTWSR
                 	STD  Y+@2,R@0
                 	STD  Y+@2+1,R@1
                 	.ENDM
                 
                 	.MACRO __MOVEWRR
                 	MOV  R@0,R@2
                 	MOV  R@1,R@3
                 	.ENDM
                 
                 	.MACRO __INWR
                 	IN   R@0,@2
                 	IN   R@1,@2+1
                 	.ENDM
                 
                 	.MACRO __OUTWR
                 	OUT  @2+1,R@1
                 	OUT  @2,R@0
                 	.ENDM
                 
                 	.MACRO __CALL1MN
                 	LDS  R30,@0+@1
                 	LDS  R31,@0+@1+1
                 	ICALL
                 	.ENDM
                 
                 	.MACRO __CALL1FN
                 	LDI  R30,LOW(2*@0+@1)
                 	LDI  R31,HIGH(2*@0+@1)
                 	RCALL __GETW1PF
                 	ICALL
                 	.ENDM
                 
                 	.MACRO __CALL2EN
                 	LDI  R26,LOW(@0+@1)
                 	LDI  R27,HIGH(@0+@1)
                 	RCALL __EEPROMRDW
                 	ICALL
                 	.ENDM
                 
                 	.MACRO __GETW1STACK
                 	IN   R26,SPL
                 	IN   R27,SPH
                 	ADIW R26,@0+1
                 	LD   R30,X+
                 	LD   R31,X
                 	.ENDM
                 
                 	.MACRO __NBST
                 	BST  R@0,@1
                 	IN   R30,SREG
                 	LDI  R31,0x40
                 	EOR  R30,R31
                 	OUT  SREG,R30
                 	.ENDM
                 
                 
                 	.MACRO __PUTB1SN
                 	LDD  R26,Y+@0
                 	LDD  R27,Y+@0+1
                 	SUBI R26,LOW(-@1)
                 	SBCI R27,HIGH(-@1)
                 	ST   X,R30
                 	.ENDM
                 
                 	.MACRO __PUTW1SN
                 	LDD  R26,Y+@0
                 	LDD  R27,Y+@0+1
                 	SUBI R26,LOW(-@1)
                 	SBCI R27,HIGH(-@1)
                 	ST   X+,R30
                 	ST   X,R31
                 	.ENDM
                 
                 	.MACRO __PUTD1SN
                 	LDD  R26,Y+@0
                 	LDD  R27,Y+@0+1
                 	SUBI R26,LOW(-@1)
                 	SBCI R27,HIGH(-@1)
                 	RCALL __PUTDP1
                 	.ENDM
                 
                 	.MACRO __PUTB1SNS
                 	LDD  R26,Y+@0
                 	LDD  R27,Y+@0+1
                 	ADIW R26,@1
                 	ST   X,R30
                 	.ENDM
                 
                 	.MACRO __PUTW1SNS
                 	LDD  R26,Y+@0
                 	LDD  R27,Y+@0+1
                 	ADIW R26,@1
                 	ST   X+,R30
                 	ST   X,R31
                 	.ENDM
                 
                 	.MACRO __PUTD1SNS
                 	LDD  R26,Y+@0
                 	LDD  R27,Y+@0+1
                 	ADIW R26,@1
                 	RCALL __PUTDP1
                 	.ENDM
                 
                 	.MACRO __PUTB1PMN
                 	LDS  R26,@0
                 	LDS  R27,@0+1
                 	SUBI R26,LOW(-@1)
                 	SBCI R27,HIGH(-@1)
                 	ST   X,R30
                 	.ENDM
                 
                 	.MACRO __PUTW1PMN
                 	LDS  R26,@0
                 	LDS  R27,@0+1
                 	SUBI R26,LOW(-@1)
                 	SBCI R27,HIGH(-@1)
                 	ST   X+,R30
                 	ST   X,R31
                 	.ENDM
                 
                 	.MACRO __PUTD1PMN
                 	LDS  R26,@0
                 	LDS  R27,@0+1
                 	SUBI R26,LOW(-@1)
                 	SBCI R27,HIGH(-@1)
                 	RCALL __PUTDP1
                 	.ENDM
                 
                 	.MACRO __PUTB1PMNS
                 	LDS  R26,@0
                 	LDS  R27,@0+1
                 	ADIW R26,@1
                 	ST   X,R30
                 	.ENDM
                 
                 	.MACRO __PUTW1PMNS
                 	LDS  R26,@0
                 	LDS  R27,@0+1
                 	ADIW R26,@1
                 	ST   X+,R30
                 	ST   X,R31
                 	.ENDM
                 
                 	.MACRO __PUTD1PMNS
                 	LDS  R26,@0
                 	LDS  R27,@0+1
                 	ADIW R26,@1
                 	RCALL __PUTDP1
                 	.ENDM
                 
                 	.MACRO __PUTB1RN
                 	MOVW R26,R@0
                 	SUBI R26,LOW(-@1)
                 	SBCI R27,HIGH(-@1)
                 	ST   X,R30
                 	.ENDM
                 
                 	.MACRO __PUTW1RN
                 	MOVW R26,R@0
                 	SUBI R26,LOW(-@1)
                 	SBCI R27,HIGH(-@1)
                 	ST   X+,R30
                 	ST   X,R31
                 	.ENDM
                 
                 	.MACRO __PUTD1RN
                 	MOVW R26,R@0
                 	SUBI R26,LOW(-@1)
                 	SBCI R27,HIGH(-@1)
                 	RCALL __PUTDP1
                 	.ENDM
                 
                 	.MACRO __PUTB1RNS
                 	MOVW R26,R@0
                 	ADIW R26,@1
                 	ST   X,R30
                 	.ENDM
                 
                 	.MACRO __PUTW1RNS
                 	MOVW R26,R@0
                 	ADIW R26,@1
                 	ST   X+,R30
                 	ST   X,R31
                 	.ENDM
                 
                 	.MACRO __PUTD1RNS
                 	MOVW R26,R@0
                 	ADIW R26,@1
                 	RCALL __PUTDP1
                 	.ENDM
                 
                 	.MACRO __PUTB1RON
                 	MOV  R26,R@0
                 	MOV  R27,R@1
                 	SUBI R26,LOW(-@2)
                 	SBCI R27,HIGH(-@2)
                 	ST   X,R30
                 	.ENDM
                 
                 	.MACRO __PUTW1RON
                 	MOV  R26,R@0
                 	MOV  R27,R@1
                 	SUBI R26,LOW(-@2)
                 	SBCI R27,HIGH(-@2)
                 	ST   X+,R30
                 	ST   X,R31
                 	.ENDM
                 
                 	.MACRO __PUTD1RON
                 	MOV  R26,R@0
                 	MOV  R27,R@1
                 	SUBI R26,LOW(-@2)
                 	SBCI R27,HIGH(-@2)
                 	RCALL __PUTDP1
                 	.ENDM
                 
                 	.MACRO __PUTB1RONS
                 	MOV  R26,R@0
                 	MOV  R27,R@1
                 	ADIW R26,@2
                 	ST   X,R30
                 	.ENDM
                 
                 	.MACRO __PUTW1RONS
                 	MOV  R26,R@0
                 	MOV  R27,R@1
                 	ADIW R26,@2
                 	ST   X+,R30
                 	ST   X,R31
                 	.ENDM
                 
                 	.MACRO __PUTD1RONS
                 	MOV  R26,R@0
                 	MOV  R27,R@1
                 	ADIW R26,@2
                 	RCALL __PUTDP1
                 	.ENDM
                 
                 
                 	.MACRO __GETB1SX
                 	MOVW R30,R28
                 	SUBI R30,LOW(-@0)
                 	SBCI R31,HIGH(-@0)
                 	LD   R30,Z
                 	.ENDM
                 
                 	.MACRO __GETB1HSX
                 	MOVW R30,R28
                 	SUBI R30,LOW(-@0)
                 	SBCI R31,HIGH(-@0)
                 	LD   R31,Z
                 	.ENDM
                 
                 	.MACRO __GETW1SX
                 	MOVW R30,R28
                 	SUBI R30,LOW(-@0)
                 	SBCI R31,HIGH(-@0)
                 	LD   R0,Z+
                 	LD   R31,Z
                 	MOV  R30,R0
                 	.ENDM
                 
                 	.MACRO __GETD1SX
                 	MOVW R30,R28
                 	SUBI R30,LOW(-@0)
                 	SBCI R31,HIGH(-@0)
                 	LD   R0,Z+
                 	LD   R1,Z+
                 	LD   R22,Z+
                 	LD   R23,Z
                 	MOVW R30,R0
                 	.ENDM
                 
                 	.MACRO __GETB2SX
                 	MOVW R26,R28
                 	SUBI R26,LOW(-@0)
                 	SBCI R27,HIGH(-@0)
                 	LD   R26,X
                 	.ENDM
                 
                 	.MACRO __GETW2SX
                 	MOVW R26,R28
                 	SUBI R26,LOW(-@0)
                 	SBCI R27,HIGH(-@0)
                 	LD   R0,X+
                 	LD   R27,X
                 	MOV  R26,R0
                 	.ENDM
                 
                 	.MACRO __GETD2SX
                 	MOVW R26,R28
                 	SUBI R26,LOW(-@0)
                 	SBCI R27,HIGH(-@0)
                 	LD   R0,X+
                 	LD   R1,X+
                 	LD   R24,X+
                 	LD   R25,X
                 	MOVW R26,R0
                 	.ENDM
                 
                 	.MACRO __GETBRSX
                 	MOVW R30,R28
                 	SUBI R30,LOW(-@1)
                 	SBCI R31,HIGH(-@1)
                 	LD   R@0,Z
                 	.ENDM
                 
                 	.MACRO __GETWRSX
                 	MOVW R30,R28
                 	SUBI R30,LOW(-@2)
                 	SBCI R31,HIGH(-@2)
                 	LD   R@0,Z+
                 	LD   R@1,Z
                 	.ENDM
                 
                 	.MACRO __LSLW8SX
                 	MOVW R30,R28
                 	SUBI R30,LOW(-@0)
                 	SBCI R31,HIGH(-@0)
                 	LD   R31,Z
                 	CLR  R30
                 	.ENDM
                 
                 	.MACRO __PUTB1SX
                 	MOVW R26,R28
                 	SUBI R26,LOW(-@0)
                 	SBCI R27,HIGH(-@0)
                 	ST   X,R30
                 	.ENDM
                 
                 	.MACRO __PUTW1SX
                 	MOVW R26,R28
                 	SUBI R26,LOW(-@0)
                 	SBCI R27,HIGH(-@0)
                 	ST   X+,R30
                 	ST   X,R31
                 	.ENDM
                 
                 	.MACRO __PUTD1SX
                 	MOVW R26,R28
                 	SUBI R26,LOW(-@0)
                 	SBCI R27,HIGH(-@0)
                 	ST   X+,R30
                 	ST   X+,R31
                 	ST   X+,R22
                 	ST   X,R23
                 	.ENDM
                 
                 	.MACRO __CLRW1SX
                 	MOVW R30,R28
                 	SUBI R30,LOW(-@0)
                 	SBCI R31,HIGH(-@0)
                 	CLR  R0
                 	ST   Z+,R0
                 	ST   Z,R0
                 	.ENDM
                 
                 	.MACRO __CLRD1SX
                 	MOVW R30,R28
                 	SUBI R30,LOW(-@0)
                 	SBCI R31,HIGH(-@0)
                 	CLR  R0
                 	ST   Z+,R0
                 	ST   Z+,R0
                 	ST   Z+,R0
                 	ST   Z,R0
                 	.ENDM
                 
                 	.MACRO __PUTB2SX
                 	MOVW R30,R28
                 	SUBI R30,LOW(-@0)
                 	SBCI R31,HIGH(-@0)
                 	ST   Z,R26
                 	.ENDM
                 
                 	.MACRO __PUTW2SX
                 	MOVW R30,R28
                 	SUBI R30,LOW(-@0)
                 	SBCI R31,HIGH(-@0)
                 	ST   Z+,R26
                 	ST   Z,R27
                 	.ENDM
                 
                 	.MACRO __PUTD2SX
                 	MOVW R30,R28
                 	SUBI R30,LOW(-@0)
                 	SBCI R31,HIGH(-@0)
                 	ST   Z+,R26
                 	ST   Z+,R27
                 	ST   Z+,R24
                 	ST   Z,R25
                 	.ENDM
                 
                 	.MACRO __PUTBSRX
                 	MOVW R30,R28
                 	SUBI R30,LOW(-@0)
                 	SBCI R31,HIGH(-@0)
                 	ST   Z,R@1
                 	.ENDM
                 
                 	.MACRO __PUTWSRX
                 	MOVW R30,R28
                 	SUBI R30,LOW(-@2)
                 	SBCI R31,HIGH(-@2)
                 	ST   Z+,R@0
                 	ST   Z,R@1
                 	.ENDM
                 
                 	.MACRO __PUTB1SNX
                 	MOVW R26,R28
                 	SUBI R26,LOW(-@0)
                 	SBCI R27,HIGH(-@0)
                 	LD   R0,X+
                 	LD   R27,X
                 	MOV  R26,R0
                 	SUBI R26,LOW(-@1)
                 	SBCI R27,HIGH(-@1)
                 	ST   X,R30
                 	.ENDM
                 
                 	.MACRO __PUTW1SNX
                 	MOVW R26,R28
                 	SUBI R26,LOW(-@0)
                 	SBCI R27,HIGH(-@0)
                 	LD   R0,X+
                 	LD   R27,X
                 	MOV  R26,R0
                 	SUBI R26,LOW(-@1)
                 	SBCI R27,HIGH(-@1)
                 	ST   X+,R30
                 	ST   X,R31
                 	.ENDM
                 
                 	.MACRO __PUTD1SNX
                 	MOVW R26,R28
                 	SUBI R26,LOW(-@0)
                 	SBCI R27,HIGH(-@0)
                 	LD   R0,X+
                 	LD   R27,X
                 	MOV  R26,R0
                 	SUBI R26,LOW(-@1)
                 	SBCI R27,HIGH(-@1)
                 	ST   X+,R30
                 	ST   X+,R31
                 	ST   X+,R22
                 	ST   X,R23
                 	.ENDM
                 
                 	.MACRO __MULBRR
                 	MULS R@0,R@1
                 	MOVW R30,R0
                 	.ENDM
                 
                 	.MACRO __MULBRRU
                 	MUL  R@0,R@1
                 	MOVW R30,R0
                 	.ENDM
                 
                 	.MACRO __MULBRR0
                 	MULS R@0,R@1
                 	.ENDM
                 
                 	.MACRO __MULBRRU0
                 	MUL  R@0,R@1
                 	.ENDM
                 
                 	.MACRO __MULBNWRU
                 	LDI  R26,@2
                 	MUL  R26,R@0
                 	MOVW R30,R0
                 	MUL  R26,R@1
                 	ADD  R31,R0
                 	.ENDM
                 
                 ;NAME DEFINITIONS FOR GLOBAL VARIABLES ALLOCATED TO REGISTERS
                 	.DEF _adc=R5
                 	.DEF _cycleL=R4
                 	.DEF _MS=R7
                 	.DEF _cycleN=R6
                 	.DEF _Disp6=R9
                 	.DEF _Disp7=R8
                 	.DEF _Other=R11
                 	.DEF _Num2=R10
                 	.DEF _Num3=R13
                 	.DEF _BipL=R12
                 
                 	.CSEG
                 	.ORG 0x00
                 
                 ;INTERRUPT VECTORS
000000 c026      	RJMP __RESET
000001 cffe      	RJMP 0x00
000002 cffd      	RJMP 0x00
000003 cffc      	RJMP 0x00
000004 cffb      	RJMP 0x00
000005 cffa      	RJMP 0x00
000006 cff9      	RJMP 0x00
000007 cff8      	RJMP 0x00
000008 cff7      	RJMP 0x00
000009 c04c      	RJMP _timer0_ovf_isr
00000a cff5      	RJMP 0x00
00000b cff4      	RJMP 0x00
00000c cff3      	RJMP 0x00
00000d cff2      	RJMP 0x00
00000e cff1      	RJMP 0x00
00000f cff0      	RJMP 0x00
000010 cfef      	RJMP 0x00
000011 cfee      	RJMP 0x00
000012 cfed      	RJMP 0x00
                 
                 _tbl10_G100:
000013 2710
000014 03e8
000015 0064
000016 000a      	.DB  0x10,0x27,0xE8,0x3,0x64,0x0,0xA,0x0
000017 0001      	.DB  0x1,0x0
                 _tbl16_G100:
000018 1000
000019 0100
00001a 0010
00001b 0001      	.DB  0x0,0x10,0x0,0x1,0x10,0x0,0x1,0x0
                 
                 _0x6:
D:\My documents\Programming\Projects\1_Develop_injector\List\Color.asm(1068): warning: .cseg .db misalignment - padding zero byte
00001c 000a      	.DB  0xA
                 _0x3C:
00001d 0005
00001e 0000
00001f 0100      	.DB  0x5,0x0,0x0,0x0,0x0,0x1
                 
                 __GLOBAL_INI_TBL:
000020 0001      	.DW  0x01
000021 0172      	.DW  _TimeHW
000022 0038      	.DW  _0x6*2
                 
000023 0006      	.DW  0x06
000024 0007      	.DW  0x07
000025 003a      	.DW  _0x3C*2
                 
                 _0xFFFFFFFF:
000026 0000      	.DW  0
                 
                 __RESET:
000027 94f8      	CLI
000028 27ee      	CLR  R30
000029 bbec      	OUT  EECR,R30
                 
                 ;INTERRUPT VECTORS ARE PLACED
                 ;AT THE START OF FLASH
00002a e0f1      	LDI  R31,1
00002b bffb      	OUT  GICR,R31
00002c bfeb      	OUT  GICR,R30
00002d bfe5      	OUT  MCUCR,R30
                 
                 ;DISABLE WATCHDOG
00002e e1f8      	LDI  R31,0x18
00002f bdf1      	OUT  WDTCR,R31
000030 bde1      	OUT  WDTCR,R30
                 
                 ;CLEAR R2-R14
000031 e08d      	LDI  R24,(14-2)+1
000032 e0a2      	LDI  R26,2
000033 27bb      	CLR  R27
                 __CLEAR_REG:
000034 93ed      	ST   X+,R30
000035 958a      	DEC  R24
000036 f7e9      	BRNE __CLEAR_REG
                 
                 ;CLEAR SRAM
000037 e080      	LDI  R24,LOW(0x400)
000038 e094      	LDI  R25,HIGH(0x400)
000039 e6a0      	LDI  R26,0x60
                 __CLEAR_SRAM:
00003a 93ed      	ST   X+,R30
00003b 9701      	SBIW R24,1
00003c f7e9      	BRNE __CLEAR_SRAM
                 
                 ;GLOBAL VARIABLES INITIALIZATION
00003d e4e0      	LDI  R30,LOW(__GLOBAL_INI_TBL*2)
00003e e0f0      	LDI  R31,HIGH(__GLOBAL_INI_TBL*2)
                 __GLOBAL_INI_NEXT:
00003f 9185      	LPM  R24,Z+
000040 9195      	LPM  R25,Z+
000041 9700      	SBIW R24,0
000042 f061      	BREQ __GLOBAL_INI_END
000043 91a5      	LPM  R26,Z+
000044 91b5      	LPM  R27,Z+
000045 9005      	LPM  R0,Z+
000046 9015      	LPM  R1,Z+
000047 01bf      	MOVW R22,R30
000048 01f0      	MOVW R30,R0
                 __GLOBAL_INI_LOOP:
000049 9005      	LPM  R0,Z+
00004a 920d      	ST   X+,R0
00004b 9701      	SBIW R24,1
00004c f7e1      	BRNE __GLOBAL_INI_LOOP
00004d 01fb      	MOVW R30,R22
00004e cff0      	RJMP __GLOBAL_INI_NEXT
                 __GLOBAL_INI_END:
                 
                 ;STACK POINTER INITIALIZATION
00004f e5ef      	LDI  R30,LOW(0x45F)
000050 bfed      	OUT  SPL,R30
000051 e0e4      	LDI  R30,HIGH(0x45F)
000052 bfee      	OUT  SPH,R30
                 
                 ;DATA STACK POINTER INITIALIZATION
000053 e6c0      	LDI  R28,LOW(0x160)
000054 e0d1      	LDI  R29,HIGH(0x160)
                 
000055 c24c      	RJMP _main
                 
                 	.ESEG
                 	.ORG 0
                 
                 	.DSEG
                 	.ORG 0x160
                 
                 	.CSEG
                 ;/*****************************************************
                 ;This program was produced by the
                 ;CodeWizardAVR V2.03.4 Standard
                 ;Automatic Program Generator
                 ;© Copyright 1998-2008 Pavel Haiduc, HP InfoTech s.r.l.
                 ;http://www.hpinfotech.com
                 ;
                 ;Project :
                 ;Version :
                 ;Date    : 08.10.2011
                 ;Author  :
                 ;Company :
                 ;Comments:
                 ;
                 ;
                 ;Chip type           : ATmega8L
                 ;Program type        : Application
                 ;Clock frequency     : 8,000000 MHz
                 ;Memory model        : Small
                 ;External RAM size   : 0
                 ;Data Stack size     : 256
                 ;*****************************************************/
                 ;
                 ;#include <mega8.h>
                 	#ifndef __SLEEP_DEFINED__
                 	#define __SLEEP_DEFINED__
                 	.EQU __se_bit=0x80
                 	.EQU __sm_mask=0x70
                 	.EQU __sm_powerdown=0x20
                 	.EQU __sm_powersave=0x30
                 	.EQU __sm_standby=0x60
                 	.EQU __sm_ext_standby=0x70
                 	.EQU __sm_adc_noise_red=0x10
                 	.SET power_ctrl_reg=mcucr
                 	#endif
                 ;
                 ;// Standard Input/Output functions
                 ;#include <stdio.h>
                 ;#include <delay.h>
                 ;unsigned char adc;
                 ;unsigned char cycleL;
                 ;unsigned char MS=5,cycleN;
                 ;unsigned char Disp6,Disp7,Other;
                 ;unsigned char Num2, Num3,Dig[17],BipL=1;
                 ;bit PINC5,PINC4,PIND7,PIND4,PIND0,PIND01,DisOther,Bip,HW=0,INJ=0,cycle,HW_1,INJ_1;
                 ;#include <ADC.c>
                 ;#define ADC_VREF_TYPE 0x00
                 ;
                 ;
                 ;// Read the AD conversion result
                 ;unsigned int read_adc(unsigned char adc_input)
                 ; 0000 0023 {
                 
                 	.CSEG
                 ;ADMUX=adc_input | (ADC_VREF_TYPE & 0xff);
                 ;	adc_input -> Y+0
                 ;// Delay needed for the stabilization of the ADC input voltage
                 ;delay_us(10);
                 ;// Start the AD conversion
                 ;ADCSRA|=0x40;
                 ;// Wait for the AD conversion to complete
                 ;while ((ADCSRA & 0x10)==0);
                 ;ADCSRA|=0x10;
                 ;return ADCW;
                 ;}
                 ;#include <interrupt.c>
                 ;unsigned char Disp6,Disp7,Timer_5,TimeHW=10,Timer_7,Dis1,Dis2,Timer_9,Timer_10,Timer_3,Timer_2,Timer_8,Timer_11,Timer_4,Timer_6,Timer_12;
                 
                 	.DSEG
                 ;
                 ;interrupt [TIM0_OVF] void timer0_ovf_isr(void)
                 ; 0000 0024 {
                 
                 	.CSEG
                 _timer0_ovf_isr:
000056 921a      	ST   -Y,R1
000057 93aa      	ST   -Y,R26
000058 93ba      	ST   -Y,R27
000059 93ea      	ST   -Y,R30
00005a 93fa      	ST   -Y,R31
00005b b7ef      	IN   R30,SREG
00005c 93ea      	ST   -Y,R30
                 ;
                 ;#include <checkp.c>
                 ;if ((PINC.5==0)&&(PINC5==0)){PINC5=1;MS=MS+5;;DisOther=0;Bip=1;}
00005d e0a0      	LDI  R26,0
00005e 999d      	SBIC 0x13,5
00005f e0a1      	LDI  R26,1
000060 30a0      	CPI  R26,LOW(0x0)
000061 f429      	BRNE _0x8
000062 e0a0      	LDI  R26,0
000063 fc20      	SBRC R2,0
000064 e0a1      	LDI  R26,1
000065 30a0      	CPI  R26,LOW(0x0)
000066 f009      	BREQ _0x9
                 _0x8:
000067 c00a      	RJMP _0x7
                 _0x9:
000068 9468      	SET
000069 f820      	BLD  R2,0
00006a 2de7      	MOV  R30,R7
00006b e0f0      	LDI  R31,0
00006c 9635      	ADIW R30,5
00006d 2e7e      	MOV  R7,R30
00006e 94e8      	CLT
00006f f826      	BLD  R2,6
000070 9468      	SET
000071 f827      	BLD  R2,7
                 ;if (PINC.5==1){PINC5=0;}
                 _0x7:
000072 e0a0      	LDI  R26,0
000073 999d      	SBIC 0x13,5
000074 e0a1      	LDI  R26,1
000075 30a1      	CPI  R26,LOW(0x1)
000076 f411      	BRNE _0xA
000077 94e8      	CLT
000078 f820      	BLD  R2,0
                 ;if ((PINC.4==0)&&(PINC4==0)){PINC4=1;MS=MS-5;DisOther=0;Bip=1;}
                 _0xA:
000079 e0a0      	LDI  R26,0
00007a 999c      	SBIC 0x13,4
00007b e0a1      	LDI  R26,1
00007c 30a0      	CPI  R26,LOW(0x0)
00007d f429      	BRNE _0xC
00007e e0a0      	LDI  R26,0
00007f fc21      	SBRC R2,1
000080 e0a1      	LDI  R26,1
000081 30a0      	CPI  R26,LOW(0x0)
000082 f009      	BREQ _0xD
                 _0xC:
000083 c00d      	RJMP _0xB
                 _0xD:
000084 9468      	SET
000085 f821      	BLD  R2,1
000086 2da7      	MOV  R26,R7
000087 e0b0      	LDI  R27,0
000088 e0e5      	LDI  R30,LOW(5)
000089 e0f0      	LDI  R31,HIGH(5)
00008a d25a      	RCALL __SWAPW12
00008b 1bea      	SUB  R30,R26
00008c 2e7e      	MOV  R7,R30
00008d 94e8      	CLT
00008e f826      	BLD  R2,6
00008f 9468      	SET
000090 f827      	BLD  R2,7
                 ;
                 ;if (PINC.4==1){PINC4=0;}
                 _0xB:
000091 e0a0      	LDI  R26,0
000092 999c      	SBIC 0x13,4
000093 e0a1      	LDI  R26,1
000094 30a1      	CPI  R26,LOW(0x1)
000095 f411      	BRNE _0xE
000096 94e8      	CLT
000097 f821      	BLD  R2,1
                 ;
                 ;if ((PIND.7==0)&&(PIND7==0)){PIND7=1;DisOther=0;HW=1;Bip=1;}
                 _0xE:
000098 e0a0      	LDI  R26,0
000099 9987      	SBIC 0x10,7
00009a e0a1      	LDI  R26,1
00009b 30a0      	CPI  R26,LOW(0x0)
00009c f429      	BRNE _0x10
00009d e0a0      	LDI  R26,0
00009e fc22      	SBRC R2,2
00009f e0a1      	LDI  R26,1
0000a0 30a0      	CPI  R26,LOW(0x0)
0000a1 f009      	BREQ _0x11
                 _0x10:
0000a2 c007      	RJMP _0xF
                 _0x11:
0000a3 9468      	SET
0000a4 f822      	BLD  R2,2
0000a5 94e8      	CLT
0000a6 f826      	BLD  R2,6
0000a7 9468      	SET
0000a8 f830      	BLD  R3,0
0000a9 f827      	BLD  R2,7
                 ;if (PIND.7==1){PIND7=0;}
                 _0xF:
0000aa e0a0      	LDI  R26,0
0000ab 9987      	SBIC 0x10,7
0000ac e0a1      	LDI  R26,1
0000ad 30a1      	CPI  R26,LOW(0x1)
0000ae f411      	BRNE _0x12
0000af 94e8      	CLT
0000b0 f822      	BLD  R2,2
                 ;
                 ;if ((PIND.4==0)&&(PIND4==0)){PIND4=1;HW=0;BipL=5;Bip=1;PORTC&=~0b00000001;HW=0;Timer_9=0;Dis2=0;DisOther=1;Num2=11;Num3=11;}
                 _0x12:
0000b1 e0a0      	LDI  R26,0
0000b2 9984      	SBIC 0x10,4
0000b3 e0a1      	LDI  R26,1
0000b4 30a0      	CPI  R26,LOW(0x0)
0000b5 f429      	BRNE _0x14
0000b6 e0a0      	LDI  R26,0
0000b7 fc23      	SBRC R2,3
0000b8 e0a1      	LDI  R26,1
0000b9 30a0      	CPI  R26,LOW(0x0)
0000ba f009      	BREQ _0x15
                 _0x14:
0000bb c018      	RJMP _0x13
                 _0x15:
0000bc 9468      	SET
0000bd f823      	BLD  R2,3
0000be 94e8      	CLT
0000bf f830      	BLD  R3,0
0000c0 e0e5      	LDI  R30,LOW(5)
0000c1 2ece      	MOV  R12,R30
0000c2 9468      	SET
0000c3 f827      	BLD  R2,7
0000c4 b3e5      	IN   R30,0x15
0000c5 e0f0      	LDI  R31,0
0000c6 7fee      	ANDI R30,LOW(0xFFFE)
0000c7 bbe5      	OUT  0x15,R30
0000c8 94e8      	CLT
0000c9 f830      	BLD  R3,0
0000ca e0e0      	LDI  R30,LOW(0)
0000cb 93e0 0176 	STS  _Timer_9,R30
0000cd 93e0 0175 	STS  _Dis2,R30
0000cf 9468      	SET
0000d0 f826      	BLD  R2,6
0000d1 e0eb      	LDI  R30,LOW(11)
0000d2 2eae      	MOV  R10,R30
0000d3 2ede      	MOV  R13,R30
                 ;if (PIND.4==1){PIND4=0;}
                 _0x13:
0000d4 e0a0      	LDI  R26,0
0000d5 9984      	SBIC 0x10,4
0000d6 e0a1      	LDI  R26,1
0000d7 30a1      	CPI  R26,LOW(0x1)
0000d8 f411      	BRNE _0x16
0000d9 94e8      	CLT
0000da f823      	BLD  R2,3
                 ;
                 ;if ((PIND.0==0)&&(PIND0==0)){PIND0=1;PIND01=0;Bip=1;cycleN=5;PORTD|=0b00000100;PORTD&=~0b00000010;DisOther=1;Num2=0;Num3=5;}
                 _0x16:
0000db e0a0      	LDI  R26,0
0000dc 9980      	SBIC 0x10,0
0000dd e0a1      	LDI  R26,1
0000de 30a0      	CPI  R26,LOW(0x0)
0000df f429      	BRNE _0x18
0000e0 e0a0      	LDI  R26,0
0000e1 fc24      	SBRC R2,4
0000e2 e0a1      	LDI  R26,1
0000e3 30a0      	CPI  R26,LOW(0x0)
0000e4 f009      	BREQ _0x19
                 _0x18:
0000e5 c014      	RJMP _0x17
                 _0x19:
0000e6 9468      	SET
0000e7 f824      	BLD  R2,4
0000e8 94e8      	CLT
0000e9 f825      	BLD  R2,5
0000ea 9468      	SET
0000eb f827      	BLD  R2,7
0000ec e0e5      	LDI  R30,LOW(5)
0000ed 2e6e      	MOV  R6,R30
0000ee b3e2      	IN   R30,0x12
0000ef e0f0      	LDI  R31,0
0000f0 60e4      	ORI  R30,4
0000f1 bbe2      	OUT  0x12,R30
0000f2 b3e2      	IN   R30,0x12
0000f3 e0f0      	LDI  R31,0
0000f4 7fed      	ANDI R30,LOW(0xFFFD)
0000f5 bbe2      	OUT  0x12,R30
0000f6 f826      	BLD  R2,6
0000f7 24aa      	CLR  R10
0000f8 e0e5      	LDI  R30,LOW(5)
0000f9 2ede      	MOV  R13,R30
                 ;if ((PIND.0==1)&&(PIND01==0)){PIND0=0;PIND01=1;Bip=1;cycleN=10;PORTD|=0b00000010;PORTD&=~0b00000100;DisOther=1;Num2=0;Num3=1;}
                 _0x17:
0000fa e0a0      	LDI  R26,0
0000fb 9980      	SBIC 0x10,0
0000fc e0a1      	LDI  R26,1
0000fd 30a1      	CPI  R26,LOW(0x1)
0000fe f429      	BRNE _0x1B
0000ff e0a0      	LDI  R26,0
000100 fc25      	SBRC R2,5
000101 e0a1      	LDI  R26,1
000102 30a0      	CPI  R26,LOW(0x0)
000103 f009      	BREQ _0x1C
                 _0x1B:
000104 c013      	RJMP _0x1A
                 _0x1C:
000105 94e8      	CLT
000106 f824      	BLD  R2,4
000107 9468      	SET
000108 f825      	BLD  R2,5
000109 f827      	BLD  R2,7
00010a e0ea      	LDI  R30,LOW(10)
00010b 2e6e      	MOV  R6,R30
00010c b3e2      	IN   R30,0x12
00010d e0f0      	LDI  R31,0
00010e 60e2      	ORI  R30,2
00010f bbe2      	OUT  0x12,R30
000110 b3e2      	IN   R30,0x12
000111 e0f0      	LDI  R31,0
000112 7feb      	ANDI R30,LOW(0xFFFB)
000113 bbe2      	OUT  0x12,R30
000114 f826      	BLD  R2,6
000115 24aa      	CLR  R10
000116 e0e1      	LDI  R30,LOW(1)
000117 2ede      	MOV  R13,R30
                 ;
                 ;
                 ;if (PIND.5==0){Bip=1;INJ=1;DisOther=0;}
                 _0x1A:
000118 9985      	SBIC 0x10,5
000119 c005      	RJMP _0x1D
00011a 9468      	SET
00011b f827      	BLD  R2,7
00011c f831      	BLD  R3,1
00011d 94e8      	CLT
00011e f826      	BLD  R2,6
                 ;if (PIND.6==0){Bip=1;INJ=0;Num2=11;Num3=10;DisOther=1;PORTC&=~0b00000010;Dis1=0;}
                 _0x1D:
00011f 9986      	SBIC 0x10,6
000120 c011      	RJMP _0x1E
000121 9468      	SET
000122 f827      	BLD  R2,7
000123 94e8      	CLT
000124 f831      	BLD  R3,1
000125 e0eb      	LDI  R30,LOW(11)
000126 2eae      	MOV  R10,R30
000127 e0ea      	LDI  R30,LOW(10)
000128 2ede      	MOV  R13,R30
000129 9468      	SET
00012a f826      	BLD  R2,6
00012b b3e5      	IN   R30,0x15
00012c e0f0      	LDI  R31,0
00012d 7fed      	ANDI R30,LOW(0xFFFD)
00012e bbe5      	OUT  0x15,R30
00012f e0e0      	LDI  R30,LOW(0)
000130 93e0 0174 	STS  _Dis1,R30
                 ;
                 ;
                 ;if (HW==1){Timer_7++;Timer_8++;
                 _0x1E:
000132 e0a0      	LDI  R26,0
000133 fc30      	SBRC R3,0
000134 e0a1      	LDI  R26,1
000135 30a1      	CPI  R26,LOW(0x1)
000136 f009      	BREQ PC+2
000137 c059      	RJMP _0x1F
000138 91e0 0173 	LDS  R30,_Timer_7
00013a 5fef      	SUBI R30,-LOW(1)
00013b 93e0 0173 	STS  _Timer_7,R30
00013d 91e0 017a 	LDS  R30,_Timer_8
00013f 5fef      	SUBI R30,-LOW(1)
000140 93e0 017a 	STS  _Timer_8,R30
                 ;HW_1=1;
000142 9468      	SET
000143 f833      	BLD  R3,3
                 ;if (Timer_7==TimeHW){PORTC^=0b00000001;Timer_7=0;}
000144 91e0 0172 	LDS  R30,_TimeHW
000146 91a0 0173 	LDS  R26,_Timer_7
000148 17ea      	CP   R30,R26
000149 f451      	BRNE _0x20
00014a b3e5      	IN   R30,0x15
00014b e0f0      	LDI  R31,0
00014c e0a1      	LDI  R26,LOW(1)
00014d e0b0      	LDI  R27,HIGH(1)
00014e 27ea      	EOR  R30,R26
00014f 27fb      	EOR  R31,R27
000150 bbe5      	OUT  0x15,R30
000151 e0e0      	LDI  R30,LOW(0)
000152 93e0 0173 	STS  _Timer_7,R30
                 ;if (Timer_8==250){Timer_10++;Dis2=Dig[16];}
                 _0x20:
000154 91a0 017a 	LDS  R26,_Timer_8
000156 3faa      	CPI  R26,LOW(0xFA)
000157 f449      	BRNE _0x21
000158 91e0 0177 	LDS  R30,_Timer_10
00015a 5fef      	SUBI R30,-LOW(1)
00015b 93e0 0177 	STS  _Timer_10,R30
                +
00015d 91e0 0170+LDS R30 , _Dig + 16
                 	__GETB1MN _Dig,16
00015f 93e0 0175 	STS  _Dis2,R30
                 ;if (Timer_10==12){TimeHW=5;}
                 _0x21:
000161 91a0 0177 	LDS  R26,_Timer_10
000163 30ac      	CPI  R26,LOW(0xC)
000164 f419      	BRNE _0x22
000165 e0e5      	LDI  R30,LOW(5)
000166 93e0 0172 	STS  _TimeHW,R30
                 ;if (Timer_10==20){TimeHW=10;Timer_8=0;Timer_10=0;Timer_9++;}
                 _0x22:
000168 91a0 0177 	LDS  R26,_Timer_10
00016a 31a4      	CPI  R26,LOW(0x14)
00016b f469      	BRNE _0x23
00016c e0ea      	LDI  R30,LOW(10)
00016d 93e0 0172 	STS  _TimeHW,R30
00016f e0e0      	LDI  R30,LOW(0)
000170 93e0 017a 	STS  _Timer_8,R30
000172 93e0 0177 	STS  _Timer_10,R30
000174 91e0 0176 	LDS  R30,_Timer_9
000176 5fef      	SUBI R30,-LOW(1)
000177 93e0 0176 	STS  _Timer_9,R30
                 ;if (Timer_9==10){BipL=5;Bip=1;PORTC&=~0b00000001;HW=0;Timer_9=0;Dis2=0;DisOther=1;Num2=11;Num3=11;}}//êîëè÷åñòâî öèêëîâ HW
                 _0x23:
000179 91a0 0176 	LDS  R26,_Timer_9
00017b 30aa      	CPI  R26,LOW(0xA)
00017c f4a1      	BRNE _0x24
00017d e0e5      	LDI  R30,LOW(5)
00017e 2ece      	MOV  R12,R30
00017f 9468      	SET
000180 f827      	BLD  R2,7
000181 b3e5      	IN   R30,0x15
000182 e0f0      	LDI  R31,0
000183 7fee      	ANDI R30,LOW(0xFFFE)
000184 bbe5      	OUT  0x15,R30
000185 94e8      	CLT
000186 f830      	BLD  R3,0
000187 e0e0      	LDI  R30,LOW(0)
000188 93e0 0176 	STS  _Timer_9,R30
00018a 93e0 0175 	STS  _Dis2,R30
00018c 9468      	SET
00018d f826      	BLD  R2,6
00018e e0eb      	LDI  R30,LOW(11)
00018f 2eae      	MOV  R10,R30
000190 2ede      	MOV  R13,R30
                 _0x24:
                 ;//if ((HW==0)&&(HW_1==1)){
                 ;//HW_1=0;BipL=500;Bip=1;Timer_9=0;Dis2=0;Num2=11;Num3=11;Timer_7=0;Timer_8=0;
                 ;//}
                 ;
                 ;Timer_2++;
                 _0x1F:
000191 91e0 0179 	LDS  R30,_Timer_2
000193 5fef      	SUBI R30,-LOW(1)
000194 93e0 0179 	STS  _Timer_2,R30
                 ;Timer_3++;
000196 91e0 0178 	LDS  R30,_Timer_3
000198 5fef      	SUBI R30,-LOW(1)
000199 93e0 0178 	STS  _Timer_3,R30
                 ;if (INJ==1){//âêëþ÷åíèå ðàáîòû èíæåêòîðà
00019b e0a0      	LDI  R26,0
00019c fc31      	SBRC R3,1
00019d e0a1      	LDI  R26,1
00019e 30a1      	CPI  R26,LOW(0x1)
00019f f009      	BREQ PC+2
0001a0 c045      	RJMP _0x25
                 ;INJ_1=1;
0001a1 9468      	SET
0001a2 f834      	BLD  R3,4
                 ;Timer_11++;
0001a3 91e0 017b 	LDS  R30,_Timer_11
0001a5 5fef      	SUBI R30,-LOW(1)
0001a6 93e0 017b 	STS  _Timer_11,R30
                 ;if(cycleL>=cycleN){INJ=0;PORTC&=~0b00000010;Dis1=0;BipL=5;Bip=1;cycleL=0;DisOther=1;Num2=11;Num3=10;}
0001a8 1446      	CP   R4,R6
0001a9 f098      	BRLO _0x26
0001aa 94e8      	CLT
0001ab f831      	BLD  R3,1
0001ac b3e5      	IN   R30,0x15
0001ad e0f0      	LDI  R31,0
0001ae 7fed      	ANDI R30,LOW(0xFFFD)
0001af bbe5      	OUT  0x15,R30
0001b0 e0e0      	LDI  R30,LOW(0)
0001b1 93e0 0174 	STS  _Dis1,R30
0001b3 e0e5      	LDI  R30,LOW(5)
0001b4 2ece      	MOV  R12,R30
0001b5 9468      	SET
0001b6 f827      	BLD  R2,7
0001b7 2444      	CLR  R4
0001b8 f826      	BLD  R2,6
0001b9 e0eb      	LDI  R30,LOW(11)
0001ba 2eae      	MOV  R10,R30
0001bb e0ea      	LDI  R30,LOW(10)
0001bc 2ede      	MOV  R13,R30
                 ;if (Timer_11==250){Timer_4++;;}
                 _0x26:
0001bd 91a0 017b 	LDS  R26,_Timer_11
0001bf 3faa      	CPI  R26,LOW(0xFA)
0001c0 f429      	BRNE _0x27
0001c1 91e0 017c 	LDS  R30,_Timer_4
0001c3 5fef      	SUBI R30,-LOW(1)
0001c4 93e0 017c 	STS  _Timer_4,R30
                 ;if (Timer_4==4){PORTC&=~0b00000010;Dis1=0;}
                 _0x27:
0001c6 91a0 017c 	LDS  R26,_Timer_4
0001c8 30a4      	CPI  R26,LOW(0x4)
0001c9 f439      	BRNE _0x28
0001ca b3e5      	IN   R30,0x15
0001cb e0f0      	LDI  R31,0
0001cc 7fed      	ANDI R30,LOW(0xFFFD)
0001cd bbe5      	OUT  0x15,R30
0001ce e0e0      	LDI  R30,LOW(0)
0001cf 93e0 0174 	STS  _Dis1,R30
                 ;if (Timer_4>=MS+2){PORTC|=0b00000010;cycleL++;Timer_4=0;Dis1=Dig[16];}
                 _0x28:
0001d1 2de7      	MOV  R30,R7
0001d2 e0f0      	LDI  R31,0
0001d3 9632      	ADIW R30,2
0001d4 91a0 017c 	LDS  R26,_Timer_4
0001d6 e0b0      	LDI  R27,0
0001d7 17ae      	CP   R26,R30
0001d8 07bf      	CPC  R27,R31
0001d9 f064      	BRLT _0x29
0001da b3e5      	IN   R30,0x15
0001db e0f0      	LDI  R31,0
0001dc 60e2      	ORI  R30,2
0001dd bbe5      	OUT  0x15,R30
0001de 9443      	INC  R4
0001df e0e0      	LDI  R30,LOW(0)
0001e0 93e0 017c 	STS  _Timer_4,R30
                +
0001e2 91e0 0170+LDS R30 , _Dig + 16
                 	__GETB1MN _Dig,16
0001e4 93e0 0174 	STS  _Dis1,R30
                 ;
                 ;}
                 _0x29:
                 ;//if ((INJ==0)&&(INJ_1==1)){
                 ;//INJ=0;PORTC&=~0b00000010;Dis1=0;BipL=500;Bip=1;cycleL=0;DisOther=1;Num2=11;Num3=10;INJ_1=0;
                 ;//}
                 ;//BIP
                 ;if (Bip==1){Timer_5++;
                 _0x25:
0001e6 e0a0      	LDI  R26,0
0001e7 fc27      	SBRC R2,7
0001e8 e0a1      	LDI  R26,1
0001e9 30a1      	CPI  R26,LOW(0x1)
0001ea f571      	BRNE _0x2A
0001eb 91e0 0171 	LDS  R30,_Timer_5
0001ed 5fef      	SUBI R30,-LOW(1)
0001ee 93e0 0171 	STS  _Timer_5,R30
                 ;if (Timer_5==5){//äèíàìèê ÷àñòîòà
0001f0 91a0 0171 	LDS  R26,_Timer_5
0001f2 30a5      	CPI  R26,LOW(0x5)
0001f3 f529      	BRNE _0x2B
                 ;PORTD^=0b00001000;
0001f4 b3e2      	IN   R30,0x12
0001f5 e0f0      	LDI  R31,0
0001f6 e0a8      	LDI  R26,LOW(8)
0001f7 e0b0      	LDI  R27,HIGH(8)
0001f8 27ea      	EOR  R30,R26
0001f9 27fb      	EOR  R31,R27
0001fa bbe2      	OUT  0x12,R30
                 ;//PORTD&=~0b00001000;
                 ;Timer_5=0;
0001fb e0e0      	LDI  R30,LOW(0)
0001fc 93e0 0171 	STS  _Timer_5,R30
                 ;Timer_6++;
0001fe 91e0 017d 	LDS  R30,_Timer_6
000200 5fef      	SUBI R30,-LOW(1)
000201 93e0 017d 	STS  _Timer_6,R30
                 ;if (Timer_6==100){Timer_12++;}
000203 91a0 017d 	LDS  R26,_Timer_6
000205 36a4      	CPI  R26,LOW(0x64)
000206 f429      	BRNE _0x2C
000207 91e0 017e 	LDS  R30,_Timer_12
000209 5fef      	SUBI R30,-LOW(1)
00020a 93e0 017e 	STS  _Timer_12,R30
                 ;if (Timer_12==BipL){Timer_12=0;Timer_6=0;BipL=1;
                 _0x2C:
00020c 91a0 017e 	LDS  R26,_Timer_12
00020e 16ca      	CP   R12,R26
00020f f449      	BRNE _0x2D
000210 e0e0      	LDI  R30,LOW(0)
000211 93e0 017e 	STS  _Timer_12,R30
000213 93e0 017d 	STS  _Timer_6,R30
000215 e0e1      	LDI  R30,LOW(1)
000216 2ece      	MOV  R12,R30
                 ;Bip=0;}
000217 94e8      	CLT
000218 f827      	BLD  R2,7
                 ;}
                 _0x2D:
                 ;}
                 _0x2B:
                 ;
                 ;// end bip
                 ;
                 ;//if(Timer_8==100){
                 ;//Timer_8=0;
                 ;//DisOther=1;
                 ;//}
                 ;
                 ;
                 ;
                 ;if (Timer_3==1){//ïåðâàÿ öèôðà
                 _0x2A:
000219 91a0 0178 	LDS  R26,_Timer_3
00021b 30a1      	CPI  R26,LOW(0x1)
00021c f489      	BRNE _0x2E
                 ;PORTC&=~0b00000100;
00021d b3e5      	IN   R30,0x15
00021e e0f0      	LDI  R31,0
00021f 7feb      	ANDI R30,LOW(0xFFFB)
000220 bbe5      	OUT  0x15,R30
                 ;PORTC|=0b00001000;
000221 b3e5      	IN   R30,0x15
000222 e0f0      	LDI  R31,0
000223 60e8      	ORI  R30,8
000224 bbe5      	OUT  0x15,R30
                 ;PORTB=Disp6-Dis1;}
000225 2da9      	MOV  R26,R9
000226 27bb      	CLR  R27
000227 91e0 0174 	LDS  R30,_Dis1
000229 e0f0      	LDI  R31,0
00022a d0ba      	RCALL __SWAPW12
00022b 1bea      	SUB  R30,R26
00022c 0bfb      	SBC  R31,R27
00022d bbe8      	OUT  0x18,R30
                 ;if (Timer_3==100){//âòîðàÿ öèôðà
                 _0x2E:
00022e 91a0 0178 	LDS  R26,_Timer_3
000230 36a4      	CPI  R26,LOW(0x64)
000231 f489      	BRNE _0x2F
                 ;PORTC&=~0b00001000;
000232 b3e5      	IN   R30,0x15
000233 e0f0      	LDI  R31,0
000234 7fe7      	ANDI R30,LOW(0xFFF7)
000235 bbe5      	OUT  0x15,R30
                 ;PORTC|=0b00000100;
000236 b3e5      	IN   R30,0x15
000237 e0f0      	LDI  R31,0
000238 60e4      	ORI  R30,4
000239 bbe5      	OUT  0x15,R30
                 ;PORTB=Disp7-Dis2;
00023a 2da8      	MOV  R26,R8
00023b 27bb      	CLR  R27
00023c 91e0 0175 	LDS  R30,_Dis2
00023e e0f0      	LDI  R31,0
00023f d0a5      	RCALL __SWAPW12
000240 1bea      	SUB  R30,R26
000241 0bfb      	SBC  R31,R27
000242 bbe8      	OUT  0x18,R30
                 ;}
                 ;if (Timer_3==200){Timer_3=0;}
                 _0x2F:
000243 91a0 0178 	LDS  R26,_Timer_3
000245 3ca8      	CPI  R26,LOW(0xC8)
000246 f419      	BRNE _0x30
000247 e0e0      	LDI  R30,LOW(0)
000248 93e0 0178 	STS  _Timer_3,R30
                 ;//Timer_8++;
                 ;}
                 _0x30:
00024a 91e9      	LD   R30,Y+
00024b bfef      	OUT  SREG,R30
00024c 91f9      	LD   R31,Y+
00024d 91e9      	LD   R30,Y+
00024e 91b9      	LD   R27,Y+
00024f 91a9      	LD   R26,Y+
000250 9019      	LD   R1,Y+
000251 9518      	RETI
                 ;
                 ;void Dig_init() //Ìàññèâ äëÿ îòîáðàæåíèÿ öèôð íà ñåìèñåãìåíòíîì èíäèêàòîðå
                 ;{          //ABCDEFG DP
                 _Dig_init:
                 ;  Dig[0] = 0b00000011;
000252 e0e3      	LDI  R30,LOW(3)
000253 93e0 0160 	STS  _Dig,R30
                 ;  Dig[1] = 0b10011111;
000255 e9ef      	LDI  R30,LOW(159)
                +
000256 93e0 0161+STS _Dig + 1 , R30
                 	__PUTB1MN _Dig,1
                 ;  Dig[2] = 0b00100101;
000258 e2e5      	LDI  R30,LOW(37)
                +
000259 93e0 0162+STS _Dig + 2 , R30
                 	__PUTB1MN _Dig,2
                 ;  Dig[3] = 0b00001101;
00025b e0ed      	LDI  R30,LOW(13)
                +
00025c 93e0 0163+STS _Dig + 3 , R30
                 	__PUTB1MN _Dig,3
                 ;  Dig[4] = 0b10011001;
00025e e9e9      	LDI  R30,LOW(153)
                +
00025f 93e0 0164+STS _Dig + 4 , R30
                 	__PUTB1MN _Dig,4
                 ;  Dig[5] = 0b01001001;
000261 e4e9      	LDI  R30,LOW(73)
                +
000262 93e0 0165+STS _Dig + 5 , R30
                 	__PUTB1MN _Dig,5
                 ;  Dig[6] = 0b01000011;
000264 e4e3      	LDI  R30,LOW(67)
                +
000265 93e0 0166+STS _Dig + 6 , R30
                 	__PUTB1MN _Dig,6
                 ;  Dig[7] = 0b00011111;
000267 e1ef      	LDI  R30,LOW(31)
                +
000268 93e0 0167+STS _Dig + 7 , R30
                 	__PUTB1MN _Dig,7
                 ;  Dig[8] = 0b00000001;
00026a e0e1      	LDI  R30,LOW(1)
                +
00026b 93e0 0168+STS _Dig + 8 , R30
                 	__PUTB1MN _Dig,8
                 ;  Dig[9] = 0b00001001;
00026d e0e9      	LDI  R30,LOW(9)
                +
00026e 93e0 0169+STS _Dig + 9 , R30
                 	__PUTB1MN _Dig,9
                 ;  Dig[10]= 0b01001001;//s
000270 e4e9      	LDI  R30,LOW(73)
                +
000271 93e0 016a+STS _Dig + 10 , R30
                 	__PUTB1MN _Dig,10
                 ;  Dig[11]= 0b00110001;//p
000273 e3e1      	LDI  R30,LOW(49)
                +
000274 93e0 016b+STS _Dig + 11 , R30
                 	__PUTB1MN _Dig,11
                 ;  Dig[12]= 0b01100011;//C
000276 e6e3      	LDI  R30,LOW(99)
                +
000277 93e0 016c+STS _Dig + 12 , R30
                 	__PUTB1MN _Dig,12
                 ;  Dig[13]= 0b00001111;//C
000279 e0ef      	LDI  R30,LOW(15)
                +
00027a 93e0 016d+STS _Dig + 13 , R30
                 	__PUTB1MN _Dig,13
                 ;  Dig[14]= 0b11001111;//u
00027c ecef      	LDI  R30,LOW(207)
                +
00027d 93e0 016e+STS _Dig + 14 , R30
                 	__PUTB1MN _Dig,14
                 ;  Dig[15]= 0b11100111;//u
00027f eee7      	LDI  R30,LOW(231)
                +
000280 93e0 016f+STS _Dig + 15 , R30
                 	__PUTB1MN _Dig,15
                 ;  Dig[16]= 0b00000001;//.
000282 e0e1      	LDI  R30,LOW(1)
                +
000283 93e0 0170+STS _Dig + 16 , R30
                 	__PUTB1MN _Dig,16
                 ;}
000285 9508      	RET
                 ;void Display (unsigned int Number) //Ô-öèÿ äëÿ ðàçëîæåíèÿ äåñÿòè÷íîãî öèñëà
                 ;{
                 _Display:
                 ;if (DisOther==0){
                 ;	Number -> Y+0
000286 fc26      	SBRC R2,6
000287 c00e      	RJMP _0x31
                 ;  Num2=0, Num3=0;
000288 24aa      	CLR  R10
000289 24dd      	CLR  R13
                 ;    while (Number >= 10)
                 _0x32:
00028a 81a8      	LD   R26,Y
00028b 81b9      	LDD  R27,Y+1
00028c 971a      	SBIW R26,10
00028d f038      	BRLO _0x34
                 ;  {
                 ;    Number -= 10;
00028e 81e8      	LD   R30,Y
00028f 81f9      	LDD  R31,Y+1
000290 973a      	SBIW R30,10
000291 83e8      	ST   Y,R30
000292 83f9      	STD  Y+1,R31
                 ;    Num3++;
000293 94d3      	INC  R13
                 ;  }
000294 cff5      	RJMP _0x32
                 _0x34:
                 ;  Num2 = Number;
000295 80a8      	LDD  R10,Y+0
                 ; }
                 ;
                 ;  Disp6 = Dig[Num3];
                 _0x31:
000296 2ded      	MOV  R30,R13
000297 e0f0      	LDI  R31,0
000298 5ae0      	SUBI R30,LOW(-_Dig)
000299 4ffe      	SBCI R31,HIGH(-_Dig)
00029a 8090      	LD   R9,Z
                 ;  Disp7 = Dig[Num2];
00029b 2dea      	MOV  R30,R10
00029c e0f0      	LDI  R31,0
00029d 5ae0      	SUBI R30,LOW(-_Dig)
00029e 4ffe      	SBCI R31,HIGH(-_Dig)
00029f 8080      	LD   R8,Z
                 ;}
0002a0 9622      	ADIW R28,2
0002a1 9508      	RET
                 ;
                 ;// Timer 0 overflow interrupt service routine
                 ;
                 ;// Declare your global variables here
                 ;
                 ;void main(void)
                 ; 0000 002B {
                 _main:
                 ; 0000 002C // Declare your local variables here
                 ; 0000 002D 
                 ; 0000 002E // Input/Output Ports initialization
                 ; 0000 002F // Port B initialization
                 ; 0000 0030 // Func7=In Func6=In Func5=In Func4=In Func3=In Func2=In Func1=In Func0=In
                 ; 0000 0031 // State7=T State6=T State5=T State4=T State3=T State2=T State1=T State0=T
                 ; 0000 0032 PORTB=0b11111111;
0002a2 efef      	LDI  R30,LOW(255)
0002a3 bbe8      	OUT  0x18,R30
                 ; 0000 0033 DDRB=0b11111111;
0002a4 bbe7      	OUT  0x17,R30
                 ; 0000 0034 
                 ; 0000 0035 // Port C initialization
                 ; 0000 0036 // Func6=In Func5=In Func4=In Func3=In Func2=In Func1=In Func0=In
                 ; 0000 0037 // State6=T State5=T State4=T State3=T State2=T State1=T State0=T
                 ; 0000 0038 PORTC=0b00111100;
0002a5 e3ec      	LDI  R30,LOW(60)
0002a6 bbe5      	OUT  0x15,R30
                 ; 0000 0039 DDRC=0b00001111;
0002a7 e0ef      	LDI  R30,LOW(15)
0002a8 bbe4      	OUT  0x14,R30
                 ; 0000 003A 
                 ; 0000 003B // Port D initialization
                 ; 0000 003C // Func7=In Func6=In Func5=In Func4=In Func3=In Func2=In Func1=In Func0=In
                 ; 0000 003D // State7=T State6=T State5=T State4=T State3=T State2=T State1=T State0=T
                 ; 0000 003E PORTD=0b11110001;
0002a9 efe1      	LDI  R30,LOW(241)
0002aa bbe2      	OUT  0x12,R30
                 ; 0000 003F DDRD=0b00001110;
0002ab e0ee      	LDI  R30,LOW(14)
0002ac bbe1      	OUT  0x11,R30
                 ; 0000 0040 
                 ; 0000 0041 // Timer/Counter 0 initialization
                 ; 0000 0042 // Clock source: System Clock
                 ; 0000 0043 // Clock value: 8000,000 kHz
                 ; 0000 0044 TCCR0=0x01;
0002ad e0e1      	LDI  R30,LOW(1)
0002ae bfe3      	OUT  0x33,R30
                 ; 0000 0045 TCNT0=0x00;
0002af e0e0      	LDI  R30,LOW(0)
0002b0 bfe2      	OUT  0x32,R30
                 ; 0000 0046 
                 ; 0000 0047 // Timer/Counter 1 initialization
                 ; 0000 0048 // Clock source: System Clock
                 ; 0000 0049 // Clock value: Timer 1 Stopped
                 ; 0000 004A // Mode: Normal top=FFFFh
                 ; 0000 004B // OC1A output: Discon.
                 ; 0000 004C // OC1B output: Discon.
                 ; 0000 004D // Noise Canceler: Off
                 ; 0000 004E // Input Capture on Falling Edge
                 ; 0000 004F // Timer 1 Overflow Interrupt: Off
                 ; 0000 0050 // Input Capture Interrupt: Off
                 ; 0000 0051 // Compare A Match Interrupt: Off
                 ; 0000 0052 // Compare B Match Interrupt: Off
                 ; 0000 0053 TCCR1A=0x00;
0002b1 bdef      	OUT  0x2F,R30
                 ; 0000 0054 TCCR1B=0x00;
0002b2 bdee      	OUT  0x2E,R30
                 ; 0000 0055 TCNT1H=0x00;
0002b3 bded      	OUT  0x2D,R30
                 ; 0000 0056 TCNT1L=0x00;
0002b4 bdec      	OUT  0x2C,R30
                 ; 0000 0057 ICR1H=0x00;
0002b5 bde7      	OUT  0x27,R30
                 ; 0000 0058 ICR1L=0x00;
0002b6 bde6      	OUT  0x26,R30
                 ; 0000 0059 OCR1AH=0x00;
0002b7 bdeb      	OUT  0x2B,R30
                 ; 0000 005A OCR1AL=0x00;
0002b8 bdea      	OUT  0x2A,R30
                 ; 0000 005B OCR1BH=0x00;
0002b9 bde9      	OUT  0x29,R30
                 ; 0000 005C OCR1BL=0x00;
0002ba bde8      	OUT  0x28,R30
                 ; 0000 005D 
                 ; 0000 005E // Timer/Counter 2 initialization
                 ; 0000 005F // Clock source: System Clock
                 ; 0000 0060 // Clock value: Timer 2 Stopped
                 ; 0000 0061 // Mode: Normal top=FFh
                 ; 0000 0062 // OC2 output: Disconnected
                 ; 0000 0063 ASSR=0x00;
0002bb bde2      	OUT  0x22,R30
                 ; 0000 0064 TCCR2=0x00;
0002bc bde5      	OUT  0x25,R30
                 ; 0000 0065 TCNT2=0x00;
0002bd bde4      	OUT  0x24,R30
                 ; 0000 0066 OCR2=0x00;
0002be bde3      	OUT  0x23,R30
                 ; 0000 0067 
                 ; 0000 0068 // External Interrupt(s) initialization
                 ; 0000 0069 // INT0: Off
                 ; 0000 006A // INT1: Off
                 ; 0000 006B MCUCR=0x00;
0002bf bfe5      	OUT  0x35,R30
                 ; 0000 006C 
                 ; 0000 006D // Timer(s)/Counter(s) Interrupt(s) initialization
                 ; 0000 006E TIMSK=0x01;
0002c0 e0e1      	LDI  R30,LOW(1)
0002c1 bfe9      	OUT  0x39,R30
                 ; 0000 006F 
                 ; 0000 0070 // USART initialization
                 ; 0000 0071 // Communication Parameters: 8 Data, 1 Stop, No Parity
                 ; 0000 0072 // USART Receiver: On
                 ; 0000 0073 // USART Transmitter: On
                 ; 0000 0074 // USART Mode: Asynchronous
                 ; 0000 0075 // USART Baud Rate: 9600
                 ; 0000 0076 
                 ; 0000 0077 //UCSRA=0x00;
                 ; 0000 0078 //UCSRB=0x18;
                 ; 0000 0079 //UCSRC=0x86;
                 ; 0000 007A //UBRRH=0x00;
                 ; 0000 007B //UBRRL=0x33;
                 ; 0000 007C 
                 ; 0000 007D //UCSRA=0x00;
                 ; 0000 007E //UCSRB=0x00;
                 ; 0000 007F //UCSRC=0x00;
                 ; 0000 0080 //UBRRH=0x00;
                 ; 0000 0081 //UBRRL=0x00;
                 ; 0000 0082 
                 ; 0000 0083 // Analog Comparator initialization
                 ; 0000 0084 // Analog Comparator: Off
                 ; 0000 0085 // Analog Comparator Input Capture by Timer/Counter 1: Off
                 ; 0000 0086 ACSR=0x80;
0002c2 e8e0      	LDI  R30,LOW(128)
0002c3 b9e8      	OUT  0x8,R30
                 ; 0000 0087 SFIOR=0x00;
0002c4 e0e0      	LDI  R30,LOW(0)
0002c5 bfe0      	OUT  0x30,R30
                 ; 0000 0088 
                 ; 0000 0089 
                 ; 0000 008A // ADC initialization
                 ; 0000 008B // ADC Clock frequency: 1000,000 kHz
                 ; 0000 008C // ADC Voltage Reference: AREF pin
                 ; 0000 008D ADMUX=ADC_VREF_TYPE & 0xff;
0002c6 b9e7      	OUT  0x7,R30
                 ; 0000 008E ADCSRA=0x83;
0002c7 e8e3      	LDI  R30,LOW(131)
0002c8 b9e6      	OUT  0x6,R30
                 ; 0000 008F 
                 ; 0000 0090 // Global enable interrupts
                 ; 0000 0091 #asm("sei")
0002c9 9478      	sei
                 ; 0000 0092 
                 ; 0000 0093 while (1)
                 _0x35:
                 ; 0000 0094       {
                 ; 0000 0095 
                 ; 0000 0096 
                 ; 0000 0097 
                 ; 0000 0098 if (Timer_2==200){
0002ca 91a0 0179 	LDS  R26,_Timer_2
0002cc 3ca8      	CPI  R26,LOW(0xC8)
0002cd f4a9      	BRNE _0x38
                 ; 0000 0099 Dig_init();
0002ce df83      	RCALL _Dig_init
                 ; 0000 009A if (DisOther==0){Display(MS);}
0002cf fc26      	SBRC R2,6
0002d0 c005      	RJMP _0x39
0002d1 2de7      	MOV  R30,R7
0002d2 e0f0      	LDI  R31,0
0002d3 93fa      	ST   -Y,R31
0002d4 93ea      	ST   -Y,R30
0002d5 dfb0      	RCALL _Display
                 ; 0000 009B if (DisOther==1){Display(Other);}
                 _0x39:
0002d6 e0a0      	LDI  R26,0
0002d7 fc26      	SBRC R2,6
0002d8 e0a1      	LDI  R26,1
0002d9 30a1      	CPI  R26,LOW(0x1)
0002da f429      	BRNE _0x3A
0002db 2deb      	MOV  R30,R11
0002dc e0f0      	LDI  R31,0
0002dd 93fa      	ST   -Y,R31
0002de 93ea      	ST   -Y,R30
0002df dfa6      	RCALL _Display
                 ; 0000 009C 
                 ; 0000 009D 
                 ; 0000 009E       //PORTB|=0b11111100;
                 ; 0000 009F 
                 ; 0000 00A0       //adc=read_adc(0);
                 ; 0000 00A1       //printf("%dms ",MS);
                 ; 0000 00A2       //printf("%d#  ",adc);
                 ; 0000 00A3 Timer_2=0;
                 _0x3A:
0002e0 e0e0      	LDI  R30,LOW(0)
0002e1 93e0 0179 	STS  _Timer_2,R30
                 ; 0000 00A4 }
                 ; 0000 00A5 
                 ; 0000 00A6 }
                 _0x38:
0002e3 cfe6      	RJMP _0x35
                 ; 0000 00A7 
                 ; 0000 00A8 
                 ; 0000 00A9 //
                 ; 0000 00AA 
                 ; 0000 00AB //
                 ; 0000 00AC 
                 ; 0000 00AD }
                 _0x3B:
0002e4 cfff      	RJMP _0x3B
                 	#ifndef __SLEEP_DEFINED__
                 	#endif
                 
                 	.CSEG
                 
                 	.CSEG
                 
                 	.CSEG
                 
                 	.DSEG
                 _Dig:
000160           	.BYTE 0x11
                 _Timer_5:
000171           	.BYTE 0x1
                 _TimeHW:
000172           	.BYTE 0x1
                 _Timer_7:
000173           	.BYTE 0x1
                 _Dis1:
000174           	.BYTE 0x1
                 _Dis2:
000175           	.BYTE 0x1
                 _Timer_9:
000176           	.BYTE 0x1
                 _Timer_10:
000177           	.BYTE 0x1
                 _Timer_3:
000178           	.BYTE 0x1
                 _Timer_2:
000179           	.BYTE 0x1
                 _Timer_8:
00017a           	.BYTE 0x1
                 _Timer_11:
00017b           	.BYTE 0x1
                 _Timer_4:
00017c           	.BYTE 0x1
                 _Timer_6:
00017d           	.BYTE 0x1
                 _Timer_12:
00017e           	.BYTE 0x1
                 _p_S1020024:
00017f           	.BYTE 0x2
                 
                 	.CSEG
                 
                 	.CSEG
                 __SWAPW12:
0002e5 2e1b      	MOV  R1,R27
0002e6 2fbf      	MOV  R27,R31
0002e7 2df1      	MOV  R31,R1
                 
                 __SWAPB12:
0002e8 2e1a      	MOV  R1,R26
0002e9 2fae      	MOV  R26,R30
0002ea 2de1      	MOV  R30,R1
0002eb 9508      	RET
                 
                 ;END OF CODE MARKER
                 __END_OF_CODE:


RESOURCE USE INFORMATION
------------------------

Notice:
The register and instruction counts are symbol table hit counts,
and hence implicitly used resources are not counted, eg, the
'lpm' instruction without operands implicitly uses r0 and z,
none of which are counted.

x,y,z are separate entities in the symbol table and are
counted separately from r26..r31 here.

.dseg memory usage only counts static data declared with .byte

ATmega8L register use summary:
r0 :   4 r1 :   7 r2 :  43 r3 :  11 r4 :   3 r5 :   0 r6 :   3 r7 :   6 
r8 :   2 r9 :   2 r10:   9 r11:   1 r12:   5 r13:   9 r14:   0 r15:   0 
r16:   0 r17:   0 r18:   0 r19:   0 r20:   0 r21:   0 r22:   2 r23:   0 
r24:   7 r25:   2 r26: 109 r27:  18 r28:   2 r29:   1 r30: 271 r31:  45 
x  :   3 y  :  23 z  :   9 
Registers used: 25 out of 35 (71.4%)

ATmega8L instruction use summary:
adc   :   0 add   :   0 adiw  :   3 and   :   0 andi  :   9 asr   :   0 
bclr  :   0 bld   :  42 brbc  :   0 brbs  :   0 brcc  :   0 brcs  :   0 
break :   0 breq  :   9 brge  :   0 brhc  :   0 brhs  :   0 brid  :   0 
brie  :   0 brlo  :   2 brlt  :   1 brmi  :   0 brne  :  29 brpl  :   0 
brsh  :   0 brtc  :   0 brts  :   0 brvc  :   0 brvs  :   0 bset  :   0 
bst   :   0 cbi   :   0 cbr   :   0 clc   :   0 clh   :   0 cli   :   1 
cln   :   0 clr   :   9 cls   :   0 clt   :  16 clv   :   0 clz   :   0 
com   :   0 cp    :   4 cpc   :   1 cpi   :  32 cpse  :   0 dec   :   1 
des   :   0 eor   :   4 fmul  :   0 fmuls :   0 fmulsu:   0 icall :   0 
ijmp  :   0 in    :  17 inc   :   2 ld    :  10 ldd   :   3 ldi   : 141 
lds   :  31 lpm   :   7 lsl   :   0 lsr   :   0 mov   :  33 movw  :   3 
mul   :   0 muls  :   0 mulsu :   0 neg   :   0 nop   :   0 or    :   0 
ori   :   5 out   :  55 pop   :   0 push  :   0 rcall :   6 ret   :   3 
reti  :   1 rjmp  :  36 rol   :   0 ror   :   0 sbc   :   2 sbci  :   2 
sbi   :   0 sbic  :  12 sbis  :   0 sbiw  :   5 sbr   :   0 sbrc  :  12 
sbrs  :   0 sec   :   0 seh   :   0 sei   :   1 sen   :   0 ser   :   0 
ses   :   0 set   :  20 sev   :   0 sez   :   0 sleep :   0 spm   :   0 
st    :  14 std   :   1 sts   :  48 sub   :   3 subi  :  13 swap  :   0 
tst   :   0 wdr   :   0 
Instructions used: 42 out of 110 (38.2%)

ATmega8L memory use summary [bytes]:
Segment   Begin    End      Code   Data   Used    Size   Use%
---------------------------------------------------------------
[.cseg] 0x000000 0x0005d8   1456     40   1496    8192  18.3%
[.dseg] 0x000060 0x000181      0     33     33    1024   3.2%
[.eseg] 0x000000 0x000000      0      0      0     512   0.0%

Assembly complete, 0 errors, 11 warnings
