:100000007EC198C197C196C195C194C193C192C157
:1000100091C190C18FC18EC18DC18CC18BC18AC16C
:1000200089C188C187C1EDE5F22069700020203CBC
:1000300062723E3C62723E3C62723E20CDEEE2FB5A
:10004000E9202049506B6B203C666F726D3E3C642A
:10005000697620414C49474E3D43454E5445523EFA
:100060003C62723E3C666F726D3E3C494E50555448
:1000700020545950453D74657874204E414D453D9E
:10008000616464723E3C62723E3C62723EC4EBFF4D
:1000900020E8E7ECE5EDE5EDE8FF20697020E0E41D
:1000A000F0E5F1E020EDE5EEE1F5EEE4E8EC20EF3F
:1000B000E0F0EEEBFC203C62723E3C62723E203C83
:1000C000494E50555420545950453D74657874201C
:1000D0004E414D453D7061733E3C42523E3C425262
:1000E0003E3C494E50555420545950453D7375621D
:1000F0006D69742056414C55453DC8E7ECE5EDE887
:10010000F2FC3E203C62723E3C62723E3C62723EB9
:100110003C2F666F726D3E3C2F693E3C2F626F64D0
:10012000793E00485454502F312E30203230302048
:100130004F4B0D0A436F6E74656E742D5479706564
:100140003A20746578742F68746D6C0D0A0D0A3C42
:1001500064697620414C49474E3D43454E544552D3
:100160003E3C68323E3C68323E0020203C62723E9B
:100170003C62723E3C62723E20CDEEE2FBE9202002
:100180004950203C666F726D3E3C64697620414C5C
:1001900049474E3D43454E5445523E3C62723E3CBB
:1001A000666F726D3E3C494E50555420545950452F
:1001B0003D74657874204E414D453D616464723EE6
:1001C0003C62723E3C62723EC4EBFF20E8E7ECE525
:1001D000EDE5EDE8FF20697020E0E4F0E5F1E020D6
:1001E000EDE5EEE1F5EEE4E8EC20EFE0F0EEEBFC1F
:1001F000203C62723E3C62723E203C494E50555457
:1002000020545950453D74657874204E414D453D0C
:100210007061733E3C42523E3C42523E3C494E501D
:10022000555420545950453D7375626D697420567C
:10023000414C55453DC8E7ECE5EDE8F2FC3E203C7D
:1002400062723E3C62723E3C62723E3C2F666F724E
:100250006D3E3C2F693E3C2F626F64793E0020C4A6
:10026000E0F2F7E8EA20EDE520EDE0E9E4E5ED2055
:100270003C62723E3C62723E3C62723E20203C2FE9
:10028000693E3C2F626F64793E003C686561643E64
:100290003C7469746C653ED2E5F0ECEEF1E5F0E299
:1002A000E5F03C2F7469746C653E3C2F68656164B1
:1002B0003E3C626F64793E3C64697620414C49471C
:1002C0004E3D43454E5445523E3C693E3C7072653E
:1002D0003E3C68313ED2C5D0CCCED1C5D0C2C5D00F
:1002E0003C2F7072653E3C2F68313E3C62723ED2BC
:1002F000E5ECEFE5F0E0F2F3F0E0203A2000112425
:100300001FBECFE5D4E0DEBFCDBF10E0A0E6B0E079
:10031000E6E6F1E102C005900D92A837B107D9F7E2
:1003200013E0A8E7B0E001C01D92A430B107E1F7E7
:1003300002D017C765CE0F931F93CF93DF9388E149
:1003400081BD11BC20E00FC0E199FECFE22FF0E0AB
:10035000CF01805090409FBB8EBBE09A8DB3E75891
:10036000FF4F80832F5F253078F32093F6028FE6CE
:1003700090E071D482E06AD412E3812F8A95F1F77C
:1003800084E166E774E048D41A95F1F78FE690E0CF
:1003900069E770E040E596D1E3D58093FA0206E282
:1003A00016E286E292E06DE770E05FD5EC0100971F
:1003B000C1F38DE790E0BE01ABD1882321F08DE73A
:1003C00090E058D3EECF8DE790E0BE01BDD18823F9
:1003D00041F380919400813049F480919F008830EE
:1003E00001F78DE790E0BE011FD3DBCF8630C9F661
:1003F0008091A1008823A9F68091A200803589F61A
:100400008091AC0081FF04C08DE790E0E2D2C9CFBB
:1004100084FFC7CF8DE790E039D227D28093780050
:10042000DC01A358BF4F90E007C0E92FF0E08D91A9
:10043000EC55FD4F80839F5F9233B8F39093F902A0
:1004400014D2BC011092F902009741F48091AC00E3
:1004500080FFA7CF8DE790E088D2A3CF63587F4F6E
:1004600080E690E043E050E0F4D5009771F48DE72A
:1004700090E060E070E043E251E02BD2BC018DE7F8
:1004800090E04DE250E025D2EC0184E690E068EA8D
:1004900072E042E050E0DDD50097B9F110927800AB
:1004A0006AE070E02EC0FB01EC55FD4F80816F5F6C
:1004B0007F4F081709F568557D4F87E690E045E0C6
:1004C00050E0C7D5009781F48091AF02181761F012
:1004D0001092780005C0809178008F5F809378003B
:1004E000809178008530B8F38DE790E0BE0146E258
:1004F00050E0EFD1EC0109C0809178008F5F8093CC
:10050000780080917800823170F28DE790E02DD2F2
:100510008DE790E0BE0102D244CF0F931F93CF939B
:10052000DF93EC011DD58093FA02CE0160E070E00C
:100530004AE852E0CED18C018091FA02813031F04C
:10054000CE01B8014EE552E0C4D112C084E690E07D
:100550009093EA028093E9028DE090E06BEF72E005
:100560004AE050E084D5CE01B8014BEF52E0C4D14F
:10057000BC01CE014AE651E0ACD1DF91CF911F9191
:100580000F910895CF93DF93EC01EAD48CEC2DD535
:1005900084E42BD588EE93E028E331E0F90131972C
:1005A000F1F70197D9F7DCD48CEC1FD58EEB1DD574
:1005B000E0916D00F0916E00808191819595879515
:1005C0009093F8028093F7029093E8028093E702F9
:1005D000998388838091FA02DF91CF910895A0E0FA
:1005E000B0E0E4EFF2E07CC56C01413081F468508A
:1005F00070407B0100E010E0685F7F4F21E130E058
:1006000040E050E0E20EF31E041F151F15C04230FB
:1006100021F0EE24FF2487010FC0685070407B0159
:1006200000E010E0685F7F4F86E090E0A0E0B0E07F
:10063000E80EF91E0A1F1B1FF601EB0116C0808190
:1006400090E0A0E0B0E0BA2FA92F982F8827218151
:1006500030E040E050E0822B932BA42BB52BE80E2A
:10066000F91E0A1F1B1F32962297C230D10538F798
:10067000FB01EE7FEC0DFD1D60FF15C0808190E059
:10068000A0E0B0E0BA2FA92F982F882708C02FEF3D
:100690003FEF40E050E0E222F32204231523E80E6E
:1006A000F91E0A1F1B1FC801AA27BB270097A10517
:1006B000B10569F7970120953095C901CDB7DEB72F
:1006C000E8E02AC5CF93DF93EC014093750020E06A
:1006D00030E0F901E052FD4FDB01A20FB31F8C9116
:1006E00080832F5F3F4F2430310599F720E030E0C1
:1006F000F901E652FD4FDE01A20FB31F8C918083FA
:100700002F5F3F4F2630310599F7DF91CF91089544
:10071000FC0169327105B0F08485883099F48585D3
:10072000863081F4DF019696E0EEF2E09C918081C4
:10073000981741F41196319682E0E43EF807B1F73C
:1007400081E0089580E00895FC016A327105D0F0DF
:1007500084858830B9F485858823A1F4868585341D
:1007600089F4DF01E0EEF2E05E969C915E97808175
:10077000981741F41196319682E0E43EF807A1F70C
:1007800081E0089580E00895FC01AAEDB2E0868141
:1007900080838D918683319682E0A03EB807B9F7B9
:1007A00008950F931F938C01FC01108E118E80E42D
:1007B000848B158A868BC8010E9664E170E040E058
:1007C0000EDFF801908F818F1F910F910895AC017A
:1007D000FC01A0EEB2E0828D868F8D91828F3196E2
:1007E00082E0A43EB807B9F7CA01DBDF0895FC0137
:1007F00082A184A312A283A185A313A28091750074
:1008000083A3DF01999694E08C91680F711D149673
:100810008C91149714966C931497222311F08C9357
:1008200001C01C9291501197992319F0672F7727D7
:10083000EBCF222349F416A217A28091760080A75D
:1008400011A68E5F8093760012AA13AA442351F05A
:1008500082E086AB84E087AB85E080AF80E881AF43
:1008600080E601C080E586A708958091D602909128
:10087000D702892B19F420E030E006C02091D8027D
:100880003091D9022E5D3F4FC9010895FC01908936
:1008900080E0218930E0282B392B86A582958F7046
:1008A00090E0880F991F880F991F9093D902809329
:1008B000D80224513040281B390B3093D7022093A3
:1008C000D6021216130624F01092D7021092D60206
:1008D00008956A5C7F4FDC01A60FB71F6653704016
:1008E00003C08D936F5F7F4FFA014F5F5F4F84911D
:1008F0008823B9F7CB010895FA016A5C7F4FDC01C8
:10090000A60FB71F6653704004C08D936F5F7F4F73
:10091000319680818823C9F7CB010895EF92FF9229
:100920000F931F938C017B0189E1F80187A7CB010D
:100930008896908B818BC80134DFF80112AA13AA24
:100940008CE190E0E80EF91EC8014A96B70142E03A
:1009500046DEF80192AB83ABC7014A96B80120D2BC
:100960001F910F91FF90EF900895CF93DF93EC01CB
:10097000FC01AAEDB2E0868180838D918683319659
:1009800082E0A03EB807B9F780E18FA76091D60258
:100990007091D7026115710521F4CE0161E070E01C
:1009A00001C0CE0140E021E022DF188A88E2898B75
:1009B000CE010DDFCE014A966CE170E042E00FDE21
:1009C0009AAB8BAB86E390E0BE01EAD1DF91CF9189
:1009D0000895CF93DF93EC01FC01AAEDB2E086818C
:1009E00080838D918683319682E0A03EB807B9F767
:1009F000188A8CE2898BCE01EADE82E18FA7CE01D4
:100A000061E070E041E020E0F2DECE014A9660E273
:100A100070E042E0E4DD9AAB8BAB8AE390E0BE018C
:100A2000BFD1DF91CF9108950F931F93CF93DF93A1
:100A3000EC018B01FC01AAEDB2E0868180838D91EF
:100A40008683319682E0A03EB807B9F7CE01BFDEBB
:100A50001AA28CA1883F18F08DA18F5F8DA38CA165
:100A6000885F8CA3C801BE019BD1DF91CF911F91FC
:100A70000F910895CF93DF93AC01EC012AED32E0A2
:100A8000FC01D901868180838D918683319682E035
:100A9000A03EB807B9F7FA01148A82E0858B8E89E7
:100AA00088A3F90181919F018E8B2196F2E0203E6F
:100AB0003F07A9F7FA017C96A0EEB2E08081828719
:100AC0008D91819382E0A43EB807C1F78AE290E05D
:100AD000BA0166D1DF91CF910895C198962F9F7189
:100AE000982B9FB9779BFECF1FB8779BFECF67FFF0
:100AF00003C01FB8779BFECFC19A8FB10895C198EC
:100B00006F71682B6FB9779BFECF4FB9779BFECF84
:100B1000C19A0895AC01FB01C1988AE38FB9779B14
:100B2000FECF9A01DF0107C01FB8779BFECF21508F
:100B300030408FB18D9321153105B1F7E40FF51FCA
:100B40001082C19A08959C01FB01C1988AE78FB970
:100B5000779BFECF07C080818FB9779BFECF215056
:100B60003040319621153105B1F7C19A0895482FCB
:100B7000282F30E0207630708091E40290E0281732
:100B80003907D9F0C1988FEB8FB9779BFECF83E0FF
:100B90008FB9779BFECFC19AC1988FE98FB9779BA8
:100BA000FECF85E0359527958A95E1F72FB9779B9C
:100BB000FECFC19A40764093E40208951F93182F08
:100BC000D6DF80E0612F89DF1F9108950F931F9377
:100BD000182F062FCCDFC1981F7110641FB9779BA7
:100BE000FECF0FB9779BFECFC19A1F910F91089549
:100BF000682F84EDEBDF82ED61E0E8DF8CE38A951E
:100C0000F1F78AEEDBDF80FDFCCF82ED60E0DEDF16
:100C100089EDD4DF90E008950F931F93982F162F3E
:100C2000072F84ED692FD2DF86ED612FCFDF87EDAF
:100C3000602FCCDF1CE303C0812F8A95F1F78AEE89
:100C4000BDDF80FDF9CF1F910F910895682F677068
:100C500085E7BCDF0895CF93DF93EC01B99AC19A81
:100C600087B3886287BBBC98C398C59880E58DB967
:100C7000709AC1988FEF8FB9779BFECF8FEF8FB9A6
:100C8000779BFECFC19A8DEC8A95F1F71092E60220
:100C90001092E50288E060E099DF89E060E096DF8D
:100CA0008CE060E093DF8DE060E090DF8AE06EEF43
:100CB0008DDF8BE069E18ADF84E06FEF87DF85E01D
:100CC00069E184DF86E06FEF81DF87E06FE17EDF3F
:100CD00088E360EB7BDF88E26FE378DF89E260E343
:100CE00075DF80E369EF72DF81E367EF6FDF80EC30
:100CF0006DE06CDF81EC60E069DFC19882E88FB95C
:100D0000779BFECF82E38FB9779BFECFC19A86ECAB
:100D100062E15CDF87EC6CE059DF84EC62E156DF76
:100D20008AEC6CED53DF8BEC65E050DF84EE68817C
:100D30004DDF85EE69814ADF82EE6A8147DF83EE0F
:100D40006B8144DF80EE6C8141DF81EE6D813EDF9F
:100D500080E160E071E060DF8FE109DFC1988BE93D
:100D60008FB9779BFECF80EC8FB9779BFECFC19A6E
:100D7000C1988FE98FB9779BFECF84E08FB9779BBD
:100D8000FECFC19ADF91CF91089582E717DF0895D2
:100D900081E12EDF20E0892B09F021E0822F0895E8
:100DA000A0E0B0E0E5EDF6E09CC1EC018B013FE98D
:100DB000D32E20E8F22E9FEBE92E14C08CE1FEDE4C
:100DC00081FF10C0C198DFB8779BFECFFFB8779B3B
:100DD000FECFC19AC198EFB8779BFECFFFB8779B43
:100DE000FECFC19A80E06FE178DE83FDE7CF82E03D
:100DF0006FEFECDE83E069E1E9DECE018150682F20
:100E000086E0E4DE9E012150364E87E0632FDEDE71
:100E1000C1988AE78FB9779BFECF1FB8779BFECF2B
:100E2000C19AC1988AE78FB9779BFECF08C0F801B5
:100E300080818FB9779BFECF21970F5F1F4F20973F
:100E4000B1F7C19AC1988FE98FB9779BFECF88E03F
:100E50008FB9779BFECFC19ACDB7DEB7E7E05DC112
:100E600089E3ACDE811181E00895A0E0B0E0EAE31F
:100E7000F7E032C15C014B0189E3A0DE882319F45D
:100E8000C0E0D0E068C06091E5021091E60280E029
:100E90009DDE81E0612F9ADE8AE360E01EDE182F7E
:100EA0008AE360E01ADE382F20E0E12EFF24E22AF8
:100EB000F32AF092E602E092E5028AE360E00DDEBA
:100EC000C82E8AE360E009DED82E8AE360E005DE02
:100ED000082F10E08AE360E000DE382F20E0202BAE
:100EE000312B27FD03C0C0E0D0E010C0CC2DD0E0F6
:100EF0009D2D80E0C82BD92BC501019724978C1715
:100F00009D0708F4EC01CE01B40104DEDE2C8CE078
:100F10006E2D5CDE8DE06F2D59DE87010150104093
:100F200089E10F3F180730F08CE06EEF4FDE8DE067
:100F300069E106C0DA948CE06D2D48DE8DE0612F0A
:100F400045DEC1988EE98FB9779BFECF80E48FB9DB
:100F5000779BFECFC19ACE01CDB7DEB7ECE0D8C00B
:100F6000AA98A29A8CED95E00197F1F7A2988CE2ED
:100F700091E00197F1F783B3E0EBF4E03197F1F7FB
:100F80008695869580958170089598E29A95F1F7F7
:100F9000F894A29A98E19A95F1F77894882331F021
:100FA000A2988EE091E00197F1F705C08EE091E004
:100FB0000197F1F7A29888E28A95F1F7089588E2FF
:100FC0008A95F1F7F894A29A88E18A95F1F7A298A8
:100FD0008CE18A95F1F783B37894EEE0F1E03197F4
:100FE000F1F786958695817008950F931F93082FCA
:100FF00010E0802F8170C9DF06951F5F1830C9F798
:101000001F910F91089530E020E0A8E278E16CE1B3
:101010004EE051E08A2F8A95F1F7F894A29A872F33
:101020008A95F1F7A298862F8A95F1F793B3789471
:10103000FA013197F1F7822F8695292F269526956B
:10104000279522272795282B3F5F383019F7822FC5
:101050000895FB01DC014150504030F08D9101902A
:10106000801919F40020B9F7881B990B0895FB012A
:101070009F01E8944230BCF04532ACF44A3029F488
:1010800097FB1EF4909581959F4F642F772755D03D
:10109000805D8A330CF0895D8193CB010097A9F7BD
:1010A00016F45DE251931082C90100C0DC01FC011D
:1010B000672F71917723E1F7329704C07C916D938C
:1010C00070836291AE17BF07C8F308952F923F92C5
:1010D0004F925F926F927F928F929F92AF92BF9248
:1010E000CF92DF92EF92FF920F931F93CF93DF93F4
:1010F000CDB7DEB7CA1BDB0B0FB6F894DEBF0FBE51
:10110000CDBF09942A88398848885F846E847D849D
:101110008C849B84AA84B984C884DF80EE80FD809F
:101120000C811B81AA81B981CE0FD11D0FB6F89415
:10113000DEBF0FBECDBFED010895AA1BBB1B51E161
:1011400007C0AA1FBB1FA617B70710F0A61BB70B37
:10115000881F991F5A95A9F780959095BC01CD01DC
:061160000895F894FFCF92
:10116600474554002F200061646D696E00ED0254FE
:081176005558100524500A0031
:00000001FF
