
AVRASM ver. 2.1.17  D:\My documents\Programming\Projects\Charging - копи€\List\charging.asm Sat Dec 17 19:32:32 2011

D:\My documents\Programming\Projects\Charging - копи€\List\charging.asm(1026): warning: Register r5 already defined by the .DEF directive
D:\My documents\Programming\Projects\Charging - копи€\List\charging.asm(1027): warning: Register r4 already defined by the .DEF directive
D:\My documents\Programming\Projects\Charging - копи€\List\charging.asm(1028): warning: Register r7 already defined by the .DEF directive
D:\My documents\Programming\Projects\Charging - копи€\List\charging.asm(1029): warning: Register r6 already defined by the .DEF directive
D:\My documents\Programming\Projects\Charging - копи€\List\charging.asm(1030): warning: Register r9 already defined by the .DEF directive
D:\My documents\Programming\Projects\Charging - копи€\List\charging.asm(1031): warning: Register r8 already defined by the .DEF directive
D:\My documents\Programming\Projects\Charging - копи€\List\charging.asm(1032): warning: Register r11 already defined by the .DEF directive
D:\My documents\Programming\Projects\Charging - копи€\List\charging.asm(1033): warning: Register r10 already defined by the .DEF directive
D:\My documents\Programming\Projects\Charging - копи€\List\charging.asm(1034): warning: Register r13 already defined by the .DEF directive
D:\My documents\Programming\Projects\Charging - копи€\List\charging.asm(1035): warning: Register r12 already defined by the .DEF directive
                 
                 
                 ;CodeVisionAVR C Compiler V2.03.4 Standard
                 ;(C) Copyright 1998-2008 Pavel Haiduc, HP InfoTech s.r.l.
                 ;http://www.hpinfotech.com
                 
                 ;Chip type              : ATmega8
                 ;Program type           : Application
                 ;Clock frequency        : 8,000000 MHz
                 ;Memory model           : Small
                 ;Optimize for           : Speed
                 ;(s)printf features     : int, width
                 ;(s)scanf features      : int, width
                 ;External RAM size      : 0
                 ;Data Stack size        : 256 byte(s)
                 ;Heap size              : 0 byte(s)
                 ;Promote char to int    : Yes
                 ;char is unsigned       : Yes
                 ;global const stored in FLASH  : No
                 ;8 bit enums            : Yes
                 ;Enhanced core instructions    : On
                 ;Smart register allocation : On
                 ;Automatic register allocation : On
                 
                 	#pragma AVRPART ADMIN PART_NAME ATmega8
                 	#pragma AVRPART MEMORY PROG_FLASH 8192
                 	#pragma AVRPART MEMORY EEPROM 512
                 	#pragma AVRPART MEMORY INT_SRAM SIZE 1024
                 	#pragma AVRPART MEMORY INT_SRAM START_ADDR 0x60
                 
                 	.LISTMAC
                 	.EQU UDRE=0x5
                 	.EQU RXC=0x7
                 	.EQU USR=0xB
                 	.EQU UDR=0xC
                 	.EQU SPSR=0xE
                 	.EQU SPDR=0xF
                 	.EQU EERE=0x0
                 	.EQU EEWE=0x1
                 	.EQU EEMWE=0x2
                 	.EQU EECR=0x1C
                 	.EQU EEDR=0x1D
                 	.EQU EEARL=0x1E
                 	.EQU EEARH=0x1F
                 	.EQU WDTCR=0x21
                 	.EQU MCUCR=0x35
                 	.EQU GICR=0x3B
                 	.EQU SPL=0x3D
                 	.EQU SPH=0x3E
                 	.EQU SREG=0x3F
                 
                 	.DEF R0X0=R0
                 	.DEF R0X1=R1
                 	.DEF R0X2=R2
                 	.DEF R0X3=R3
                 	.DEF R0X4=R4
                 	.DEF R0X5=R5
                 	.DEF R0X6=R6
                 	.DEF R0X7=R7
                 	.DEF R0X8=R8
                 	.DEF R0X9=R9
                 	.DEF R0XA=R10
                 	.DEF R0XB=R11
                 	.DEF R0XC=R12
                 	.DEF R0XD=R13
                 	.DEF R0XE=R14
                 	.DEF R0XF=R15
                 	.DEF R0X10=R16
                 	.DEF R0X11=R17
                 	.DEF R0X12=R18
                 	.DEF R0X13=R19
                 	.DEF R0X14=R20
                 	.DEF R0X15=R21
                 	.DEF R0X16=R22
                 	.DEF R0X17=R23
                 	.DEF R0X18=R24
                 	.DEF R0X19=R25
                 	.DEF R0X1A=R26
                 	.DEF R0X1B=R27
                 	.DEF R0X1C=R28
                 	.DEF R0X1D=R29
                 	.DEF R0X1E=R30
                 	.DEF R0X1F=R31
                 
                 	.MACRO __CPD1N
                 	CPI  R30,LOW(@0)
                 	LDI  R26,HIGH(@0)
                 	CPC  R31,R26
                 	LDI  R26,BYTE3(@0)
                 	CPC  R22,R26
                 	LDI  R26,BYTE4(@0)
                 	CPC  R23,R26
                 	.ENDM
                 
                 	.MACRO __CPD2N
                 	CPI  R26,LOW(@0)
                 	LDI  R30,HIGH(@0)
                 	CPC  R27,R30
                 	LDI  R30,BYTE3(@0)
                 	CPC  R24,R30
                 	LDI  R30,BYTE4(@0)
                 	CPC  R25,R30
                 	.ENDM
                 
                 	.MACRO __CPWRR
                 	CP   R@0,R@2
                 	CPC  R@1,R@3
                 	.ENDM
                 
                 	.MACRO __CPWRN
                 	CPI  R@0,LOW(@2)
                 	LDI  R30,HIGH(@2)
                 	CPC  R@1,R30
                 	.ENDM
                 
                 	.MACRO __ADDB1MN
                 	SUBI R30,LOW(-@0-(@1))
                 	.ENDM
                 
                 	.MACRO __ADDB2MN
                 	SUBI R26,LOW(-@0-(@1))
                 	.ENDM
                 
                 	.MACRO __ADDW1MN
                 	SUBI R30,LOW(-@0-(@1))
                 	SBCI R31,HIGH(-@0-(@1))
                 	.ENDM
                 
                 	.MACRO __ADDW2MN
                 	SUBI R26,LOW(-@0-(@1))
                 	SBCI R27,HIGH(-@0-(@1))
                 	.ENDM
                 
                 	.MACRO __ADDW1FN
                 	SUBI R30,LOW(-2*@0-(@1))
                 	SBCI R31,HIGH(-2*@0-(@1))
                 	.ENDM
                 
                 	.MACRO __ADDD1FN
                 	SUBI R30,LOW(-2*@0-(@1))
                 	SBCI R31,HIGH(-2*@0-(@1))
                 	SBCI R22,BYTE3(-2*@0-(@1))
                 	.ENDM
                 
                 	.MACRO __ADDD1N
                 	SUBI R30,LOW(-@0)
                 	SBCI R31,HIGH(-@0)
                 	SBCI R22,BYTE3(-@0)
                 	SBCI R23,BYTE4(-@0)
                 	.ENDM
                 
                 	.MACRO __ADDD2N
                 	SUBI R26,LOW(-@0)
                 	SBCI R27,HIGH(-@0)
                 	SBCI R24,BYTE3(-@0)
                 	SBCI R25,BYTE4(-@0)
                 	.ENDM
                 
                 	.MACRO __SUBD1N
                 	SUBI R30,LOW(@0)
                 	SBCI R31,HIGH(@0)
                 	SBCI R22,BYTE3(@0)
                 	SBCI R23,BYTE4(@0)
                 	.ENDM
                 
                 	.MACRO __SUBD2N
                 	SUBI R26,LOW(@0)
                 	SBCI R27,HIGH(@0)
                 	SBCI R24,BYTE3(@0)
                 	SBCI R25,BYTE4(@0)
                 	.ENDM
                 
                 	.MACRO __ANDBMNN
                 	LDS  R30,@0+@1
                 	ANDI R30,LOW(@2)
                 	STS  @0+@1,R30
                 	.ENDM
                 
                 	.MACRO __ANDWMNN
                 	LDS  R30,@0+@1
                 	ANDI R30,LOW(@2)
                 	STS  @0+@1,R30
                 	LDS  R30,@0+@1+1
                 	ANDI R30,HIGH(@2)
                 	STS  @0+@1+1,R30
                 	.ENDM
                 
                 	.MACRO __ANDD1N
                 	ANDI R30,LOW(@0)
                 	ANDI R31,HIGH(@0)
                 	ANDI R22,BYTE3(@0)
                 	ANDI R23,BYTE4(@0)
                 	.ENDM
                 
                 	.MACRO __ANDD2N
                 	ANDI R26,LOW(@0)
                 	ANDI R27,HIGH(@0)
                 	ANDI R24,BYTE3(@0)
                 	ANDI R25,BYTE4(@0)
                 	.ENDM
                 
                 	.MACRO __ORBMNN
                 	LDS  R30,@0+@1
                 	ORI  R30,LOW(@2)
                 	STS  @0+@1,R30
                 	.ENDM
                 
                 	.MACRO __ORWMNN
                 	LDS  R30,@0+@1
                 	ORI  R30,LOW(@2)
                 	STS  @0+@1,R30
                 	LDS  R30,@0+@1+1
                 	ORI  R30,HIGH(@2)
                 	STS  @0+@1+1,R30
                 	.ENDM
                 
                 	.MACRO __ORD1N
                 	ORI  R30,LOW(@0)
                 	ORI  R31,HIGH(@0)
                 	ORI  R22,BYTE3(@0)
                 	ORI  R23,BYTE4(@0)
                 	.ENDM
                 
                 	.MACRO __ORD2N
                 	ORI  R26,LOW(@0)
                 	ORI  R27,HIGH(@0)
                 	ORI  R24,BYTE3(@0)
                 	ORI  R25,BYTE4(@0)
                 	.ENDM
                 
                 	.MACRO __DELAY_USB
                 	LDI  R24,LOW(@0)
                 __DELAY_USB_LOOP:
                 	DEC  R24
                 	BRNE __DELAY_USB_LOOP
                 	.ENDM
                 
                 	.MACRO __DELAY_USW
                 	LDI  R24,LOW(@0)
                 	LDI  R25,HIGH(@0)
                 __DELAY_USW_LOOP:
                 	SBIW R24,1
                 	BRNE __DELAY_USW_LOOP
                 	.ENDM
                 
                 	.MACRO __CLRD1S
                 	LDI  R30,0
                 	STD  Y+@0,R30
                 	STD  Y+@0+1,R30
                 	STD  Y+@0+2,R30
                 	STD  Y+@0+3,R30
                 	.ENDM
                 
                 	.MACRO __GETD1S
                 	LDD  R30,Y+@0
                 	LDD  R31,Y+@0+1
                 	LDD  R22,Y+@0+2
                 	LDD  R23,Y+@0+3
                 	.ENDM
                 
                 	.MACRO __PUTD1S
                 	STD  Y+@0,R30
                 	STD  Y+@0+1,R31
                 	STD  Y+@0+2,R22
                 	STD  Y+@0+3,R23
                 	.ENDM
                 
                 	.MACRO __PUTD2S
                 	STD  Y+@0,R26
                 	STD  Y+@0+1,R27
                 	STD  Y+@0+2,R24
                 	STD  Y+@0+3,R25
                 	.ENDM
                 
                 	.MACRO __POINTB1MN
                 	LDI  R30,LOW(@0+@1)
                 	.ENDM
                 
                 	.MACRO __POINTW1MN
                 	LDI  R30,LOW(@0+@1)
                 	LDI  R31,HIGH(@0+@1)
                 	.ENDM
                 
                 	.MACRO __POINTD1M
                 	LDI  R30,LOW(@0)
                 	LDI  R31,HIGH(@0)
                 	LDI  R22,BYTE3(@0)
                 	LDI  R23,BYTE4(@0)
                 	.ENDM
                 
                 	.MACRO __POINTW1FN
                 	LDI  R30,LOW(2*@0+@1)
                 	LDI  R31,HIGH(2*@0+@1)
                 	.ENDM
                 
                 	.MACRO __POINTD1FN
                 	LDI  R30,LOW(2*@0+@1)
                 	LDI  R31,HIGH(2*@0+@1)
                 	LDI  R22,BYTE3(2*@0+@1)
                 	LDI  R23,BYTE4(2*@0+@1)
                 	.ENDM
                 
                 	.MACRO __POINTB2MN
                 	LDI  R26,LOW(@0+@1)
                 	.ENDM
                 
                 	.MACRO __POINTW2MN
                 	LDI  R26,LOW(@0+@1)
                 	LDI  R27,HIGH(@0+@1)
                 	.ENDM
                 
                 	.MACRO __POINTBRM
                 	LDI  R@0,LOW(@1)
                 	.ENDM
                 
                 	.MACRO __POINTWRM
                 	LDI  R@0,LOW(@2)
                 	LDI  R@1,HIGH(@2)
                 	.ENDM
                 
                 	.MACRO __POINTBRMN
                 	LDI  R@0,LOW(@1+@2)
                 	.ENDM
                 
                 	.MACRO __POINTWRMN
                 	LDI  R@0,LOW(@2+@3)
                 	LDI  R@1,HIGH(@2+@3)
                 	.ENDM
                 
                 	.MACRO __POINTWRFN
                 	LDI  R@0,LOW(@2*2+@3)
                 	LDI  R@1,HIGH(@2*2+@3)
                 	.ENDM
                 
                 	.MACRO __GETD1N
                 	LDI  R30,LOW(@0)
                 	LDI  R31,HIGH(@0)
                 	LDI  R22,BYTE3(@0)
                 	LDI  R23,BYTE4(@0)
                 	.ENDM
                 
                 	.MACRO __GETD2N
                 	LDI  R26,LOW(@0)
                 	LDI  R27,HIGH(@0)
                 	LDI  R24,BYTE3(@0)
                 	LDI  R25,BYTE4(@0)
                 	.ENDM
                 
                 	.MACRO __GETD2S
                 	LDD  R26,Y+@0
                 	LDD  R27,Y+@0+1
                 	LDD  R24,Y+@0+2
                 	LDD  R25,Y+@0+3
                 	.ENDM
                 
                 	.MACRO __GETB1MN
                 	LDS  R30,@0+@1
                 	.ENDM
                 
                 	.MACRO __GETB1HMN
                 	LDS  R31,@0+@1
                 	.ENDM
                 
                 	.MACRO __GETW1MN
                 	LDS  R30,@0+@1
                 	LDS  R31,@0+@1+1
                 	.ENDM
                 
                 	.MACRO __GETD1MN
                 	LDS  R30,@0+@1
                 	LDS  R31,@0+@1+1
                 	LDS  R22,@0+@1+2
                 	LDS  R23,@0+@1+3
                 	.ENDM
                 
                 	.MACRO __GETBRMN
                 	LDS  R@0,@1+@2
                 	.ENDM
                 
                 	.MACRO __GETWRMN
                 	LDS  R@0,@2+@3
                 	LDS  R@1,@2+@3+1
                 	.ENDM
                 
                 	.MACRO __GETWRZ
                 	LDD  R@0,Z+@2
                 	LDD  R@1,Z+@2+1
                 	.ENDM
                 
                 	.MACRO __GETD2Z
                 	LDD  R26,Z+@0
                 	LDD  R27,Z+@0+1
                 	LDD  R24,Z+@0+2
                 	LDD  R25,Z+@0+3
                 	.ENDM
                 
                 	.MACRO __GETB2MN
                 	LDS  R26,@0+@1
                 	.ENDM
                 
                 	.MACRO __GETW2MN
                 	LDS  R26,@0+@1
                 	LDS  R27,@0+@1+1
                 	.ENDM
                 
                 	.MACRO __GETD2MN
                 	LDS  R26,@0+@1
                 	LDS  R27,@0+@1+1
                 	LDS  R24,@0+@1+2
                 	LDS  R25,@0+@1+3
                 	.ENDM
                 
                 	.MACRO __PUTB1MN
                 	STS  @0+@1,R30
                 	.ENDM
                 
                 	.MACRO __PUTW1MN
                 	STS  @0+@1,R30
                 	STS  @0+@1+1,R31
                 	.ENDM
                 
                 	.MACRO __PUTD1MN
                 	STS  @0+@1,R30
                 	STS  @0+@1+1,R31
                 	STS  @0+@1+2,R22
                 	STS  @0+@1+3,R23
                 	.ENDM
                 
                 	.MACRO __PUTB1EN
                 	LDI  R26,LOW(@0+@1)
                 	LDI  R27,HIGH(@0+@1)
                 	RCALL __EEPROMWRB
                 	.ENDM
                 
                 	.MACRO __PUTW1EN
                 	LDI  R26,LOW(@0+@1)
                 	LDI  R27,HIGH(@0+@1)
                 	RCALL __EEPROMWRW
                 	.ENDM
                 
                 	.MACRO __PUTD1EN
                 	LDI  R26,LOW(@0+@1)
                 	LDI  R27,HIGH(@0+@1)
                 	RCALL __EEPROMWRD
                 	.ENDM
                 
                 	.MACRO __PUTBR0MN
                 	STS  @0+@1,R0
                 	.ENDM
                 
                 	.MACRO __PUTDZ2
                 	STD  Z+@0,R26
                 	STD  Z+@0+1,R27
                 	STD  Z+@0+2,R24
                 	STD  Z+@0+3,R25
                 	.ENDM
                 
                 	.MACRO __PUTBMRN
                 	STS  @0+@1,R@2
                 	.ENDM
                 
                 	.MACRO __PUTWMRN
                 	STS  @0+@1,R@2
                 	STS  @0+@1+1,R@3
                 	.ENDM
                 
                 	.MACRO __PUTBZR
                 	STD  Z+@1,R@0
                 	.ENDM
                 
                 	.MACRO __PUTWZR
                 	STD  Z+@2,R@0
                 	STD  Z+@2+1,R@1
                 	.ENDM
                 
                 	.MACRO __GETW1R
                 	MOV  R30,R@0
                 	MOV  R31,R@1
                 	.ENDM
                 
                 	.MACRO __GETW2R
                 	MOV  R26,R@0
                 	MOV  R27,R@1
                 	.ENDM
                 
                 	.MACRO __GETWRN
                 	LDI  R@0,LOW(@2)
                 	LDI  R@1,HIGH(@2)
                 	.ENDM
                 
                 	.MACRO __PUTW1R
                 	MOV  R@0,R30
                 	MOV  R@1,R31
                 	.ENDM
                 
                 	.MACRO __PUTW2R
                 	MOV  R@0,R26
                 	MOV  R@1,R27
                 	.ENDM
                 
                 	.MACRO __ADDWRN
                 	SUBI R@0,LOW(-@2)
                 	SBCI R@1,HIGH(-@2)
                 	.ENDM
                 
                 	.MACRO __ADDWRR
                 	ADD  R@0,R@2
                 	ADC  R@1,R@3
                 	.ENDM
                 
                 	.MACRO __SUBWRN
                 	SUBI R@0,LOW(@2)
                 	SBCI R@1,HIGH(@2)
                 	.ENDM
                 
                 	.MACRO __SUBWRR
                 	SUB  R@0,R@2
                 	SBC  R@1,R@3
                 	.ENDM
                 
                 	.MACRO __ANDWRN
                 	ANDI R@0,LOW(@2)
                 	ANDI R@1,HIGH(@2)
                 	.ENDM
                 
                 	.MACRO __ANDWRR
                 	AND  R@0,R@2
                 	AND  R@1,R@3
                 	.ENDM
                 
                 	.MACRO __ORWRN
                 	ORI  R@0,LOW(@2)
                 	ORI  R@1,HIGH(@2)
                 	.ENDM
                 
                 	.MACRO __ORWRR
                 	OR   R@0,R@2
                 	OR   R@1,R@3
                 	.ENDM
                 
                 	.MACRO __EORWRR
                 	EOR  R@0,R@2
                 	EOR  R@1,R@3
                 	.ENDM
                 
                 	.MACRO __GETWRS
                 	LDD  R@0,Y+@2
                 	LDD  R@1,Y+@2+1
                 	.ENDM
                 
                 	.MACRO __PUTWSR
                 	STD  Y+@2,R@0
                 	STD  Y+@2+1,R@1
                 	.ENDM
                 
                 	.MACRO __MOVEWRR
                 	MOV  R@0,R@2
                 	MOV  R@1,R@3
                 	.ENDM
                 
                 	.MACRO __INWR
                 	IN   R@0,@2
                 	IN   R@1,@2+1
                 	.ENDM
                 
                 	.MACRO __OUTWR
                 	OUT  @2+1,R@1
                 	OUT  @2,R@0
                 	.ENDM
                 
                 	.MACRO __CALL1MN
                 	LDS  R30,@0+@1
                 	LDS  R31,@0+@1+1
                 	ICALL
                 	.ENDM
                 
                 	.MACRO __CALL1FN
                 	LDI  R30,LOW(2*@0+@1)
                 	LDI  R31,HIGH(2*@0+@1)
                 	RCALL __GETW1PF
                 	ICALL
                 	.ENDM
                 
                 	.MACRO __CALL2EN
                 	LDI  R26,LOW(@0+@1)
                 	LDI  R27,HIGH(@0+@1)
                 	RCALL __EEPROMRDW
                 	ICALL
                 	.ENDM
                 
                 	.MACRO __GETW1STACK
                 	IN   R26,SPL
                 	IN   R27,SPH
                 	ADIW R26,@0+1
                 	LD   R30,X+
                 	LD   R31,X
                 	.ENDM
                 
                 	.MACRO __NBST
                 	BST  R@0,@1
                 	IN   R30,SREG
                 	LDI  R31,0x40
                 	EOR  R30,R31
                 	OUT  SREG,R30
                 	.ENDM
                 
                 
                 	.MACRO __PUTB1SN
                 	LDD  R26,Y+@0
                 	LDD  R27,Y+@0+1
                 	SUBI R26,LOW(-@1)
                 	SBCI R27,HIGH(-@1)
                 	ST   X,R30
                 	.ENDM
                 
                 	.MACRO __PUTW1SN
                 	LDD  R26,Y+@0
                 	LDD  R27,Y+@0+1
                 	SUBI R26,LOW(-@1)
                 	SBCI R27,HIGH(-@1)
                 	ST   X+,R30
                 	ST   X,R31
                 	.ENDM
                 
                 	.MACRO __PUTD1SN
                 	LDD  R26,Y+@0
                 	LDD  R27,Y+@0+1
                 	SUBI R26,LOW(-@1)
                 	SBCI R27,HIGH(-@1)
                 	RCALL __PUTDP1
                 	.ENDM
                 
                 	.MACRO __PUTB1SNS
                 	LDD  R26,Y+@0
                 	LDD  R27,Y+@0+1
                 	ADIW R26,@1
                 	ST   X,R30
                 	.ENDM
                 
                 	.MACRO __PUTW1SNS
                 	LDD  R26,Y+@0
                 	LDD  R27,Y+@0+1
                 	ADIW R26,@1
                 	ST   X+,R30
                 	ST   X,R31
                 	.ENDM
                 
                 	.MACRO __PUTD1SNS
                 	LDD  R26,Y+@0
                 	LDD  R27,Y+@0+1
                 	ADIW R26,@1
                 	RCALL __PUTDP1
                 	.ENDM
                 
                 	.MACRO __PUTB1PMN
                 	LDS  R26,@0
                 	LDS  R27,@0+1
                 	SUBI R26,LOW(-@1)
                 	SBCI R27,HIGH(-@1)
                 	ST   X,R30
                 	.ENDM
                 
                 	.MACRO __PUTW1PMN
                 	LDS  R26,@0
                 	LDS  R27,@0+1
                 	SUBI R26,LOW(-@1)
                 	SBCI R27,HIGH(-@1)
                 	ST   X+,R30
                 	ST   X,R31
                 	.ENDM
                 
                 	.MACRO __PUTD1PMN
                 	LDS  R26,@0
                 	LDS  R27,@0+1
                 	SUBI R26,LOW(-@1)
                 	SBCI R27,HIGH(-@1)
                 	RCALL __PUTDP1
                 	.ENDM
                 
                 	.MACRO __PUTB1PMNS
                 	LDS  R26,@0
                 	LDS  R27,@0+1
                 	ADIW R26,@1
                 	ST   X,R30
                 	.ENDM
                 
                 	.MACRO __PUTW1PMNS
                 	LDS  R26,@0
                 	LDS  R27,@0+1
                 	ADIW R26,@1
                 	ST   X+,R30
                 	ST   X,R31
                 	.ENDM
                 
                 	.MACRO __PUTD1PMNS
                 	LDS  R26,@0
                 	LDS  R27,@0+1
                 	ADIW R26,@1
                 	RCALL __PUTDP1
                 	.ENDM
                 
                 	.MACRO __PUTB1RN
                 	MOVW R26,R@0
                 	SUBI R26,LOW(-@1)
                 	SBCI R27,HIGH(-@1)
                 	ST   X,R30
                 	.ENDM
                 
                 	.MACRO __PUTW1RN
                 	MOVW R26,R@0
                 	SUBI R26,LOW(-@1)
                 	SBCI R27,HIGH(-@1)
                 	ST   X+,R30
                 	ST   X,R31
                 	.ENDM
                 
                 	.MACRO __PUTD1RN
                 	MOVW R26,R@0
                 	SUBI R26,LOW(-@1)
                 	SBCI R27,HIGH(-@1)
                 	RCALL __PUTDP1
                 	.ENDM
                 
                 	.MACRO __PUTB1RNS
                 	MOVW R26,R@0
                 	ADIW R26,@1
                 	ST   X,R30
                 	.ENDM
                 
                 	.MACRO __PUTW1RNS
                 	MOVW R26,R@0
                 	ADIW R26,@1
                 	ST   X+,R30
                 	ST   X,R31
                 	.ENDM
                 
                 	.MACRO __PUTD1RNS
                 	MOVW R26,R@0
                 	ADIW R26,@1
                 	RCALL __PUTDP1
                 	.ENDM
                 
                 	.MACRO __PUTB1RON
                 	MOV  R26,R@0
                 	MOV  R27,R@1
                 	SUBI R26,LOW(-@2)
                 	SBCI R27,HIGH(-@2)
                 	ST   X,R30
                 	.ENDM
                 
                 	.MACRO __PUTW1RON
                 	MOV  R26,R@0
                 	MOV  R27,R@1
                 	SUBI R26,LOW(-@2)
                 	SBCI R27,HIGH(-@2)
                 	ST   X+,R30
                 	ST   X,R31
                 	.ENDM
                 
                 	.MACRO __PUTD1RON
                 	MOV  R26,R@0
                 	MOV  R27,R@1
                 	SUBI R26,LOW(-@2)
                 	SBCI R27,HIGH(-@2)
                 	RCALL __PUTDP1
                 	.ENDM
                 
                 	.MACRO __PUTB1RONS
                 	MOV  R26,R@0
                 	MOV  R27,R@1
                 	ADIW R26,@2
                 	ST   X,R30
                 	.ENDM
                 
                 	.MACRO __PUTW1RONS
                 	MOV  R26,R@0
                 	MOV  R27,R@1
                 	ADIW R26,@2
                 	ST   X+,R30
                 	ST   X,R31
                 	.ENDM
                 
                 	.MACRO __PUTD1RONS
                 	MOV  R26,R@0
                 	MOV  R27,R@1
                 	ADIW R26,@2
                 	RCALL __PUTDP1
                 	.ENDM
                 
                 
                 	.MACRO __GETB1SX
                 	MOVW R30,R28
                 	SUBI R30,LOW(-@0)
                 	SBCI R31,HIGH(-@0)
                 	LD   R30,Z
                 	.ENDM
                 
                 	.MACRO __GETB1HSX
                 	MOVW R30,R28
                 	SUBI R30,LOW(-@0)
                 	SBCI R31,HIGH(-@0)
                 	LD   R31,Z
                 	.ENDM
                 
                 	.MACRO __GETW1SX
                 	MOVW R30,R28
                 	SUBI R30,LOW(-@0)
                 	SBCI R31,HIGH(-@0)
                 	LD   R0,Z+
                 	LD   R31,Z
                 	MOV  R30,R0
                 	.ENDM
                 
                 	.MACRO __GETD1SX
                 	MOVW R30,R28
                 	SUBI R30,LOW(-@0)
                 	SBCI R31,HIGH(-@0)
                 	LD   R0,Z+
                 	LD   R1,Z+
                 	LD   R22,Z+
                 	LD   R23,Z
                 	MOVW R30,R0
                 	.ENDM
                 
                 	.MACRO __GETB2SX
                 	MOVW R26,R28
                 	SUBI R26,LOW(-@0)
                 	SBCI R27,HIGH(-@0)
                 	LD   R26,X
                 	.ENDM
                 
                 	.MACRO __GETW2SX
                 	MOVW R26,R28
                 	SUBI R26,LOW(-@0)
                 	SBCI R27,HIGH(-@0)
                 	LD   R0,X+
                 	LD   R27,X
                 	MOV  R26,R0
                 	.ENDM
                 
                 	.MACRO __GETD2SX
                 	MOVW R26,R28
                 	SUBI R26,LOW(-@0)
                 	SBCI R27,HIGH(-@0)
                 	LD   R0,X+
                 	LD   R1,X+
                 	LD   R24,X+
                 	LD   R25,X
                 	MOVW R26,R0
                 	.ENDM
                 
                 	.MACRO __GETBRSX
                 	MOVW R30,R28
                 	SUBI R30,LOW(-@1)
                 	SBCI R31,HIGH(-@1)
                 	LD   R@0,Z
                 	.ENDM
                 
                 	.MACRO __GETWRSX
                 	MOVW R30,R28
                 	SUBI R30,LOW(-@2)
                 	SBCI R31,HIGH(-@2)
                 	LD   R@0,Z+
                 	LD   R@1,Z
                 	.ENDM
                 
                 	.MACRO __LSLW8SX
                 	MOVW R30,R28
                 	SUBI R30,LOW(-@0)
                 	SBCI R31,HIGH(-@0)
                 	LD   R31,Z
                 	CLR  R30
                 	.ENDM
                 
                 	.MACRO __PUTB1SX
                 	MOVW R26,R28
                 	SUBI R26,LOW(-@0)
                 	SBCI R27,HIGH(-@0)
                 	ST   X,R30
                 	.ENDM
                 
                 	.MACRO __PUTW1SX
                 	MOVW R26,R28
                 	SUBI R26,LOW(-@0)
                 	SBCI R27,HIGH(-@0)
                 	ST   X+,R30
                 	ST   X,R31
                 	.ENDM
                 
                 	.MACRO __PUTD1SX
                 	MOVW R26,R28
                 	SUBI R26,LOW(-@0)
                 	SBCI R27,HIGH(-@0)
                 	ST   X+,R30
                 	ST   X+,R31
                 	ST   X+,R22
                 	ST   X,R23
                 	.ENDM
                 
                 	.MACRO __CLRW1SX
                 	MOVW R30,R28
                 	SUBI R30,LOW(-@0)
                 	SBCI R31,HIGH(-@0)
                 	CLR  R0
                 	ST   Z+,R0
                 	ST   Z,R0
                 	.ENDM
                 
                 	.MACRO __CLRD1SX
                 	MOVW R30,R28
                 	SUBI R30,LOW(-@0)
                 	SBCI R31,HIGH(-@0)
                 	CLR  R0
                 	ST   Z+,R0
                 	ST   Z+,R0
                 	ST   Z+,R0
                 	ST   Z,R0
                 	.ENDM
                 
                 	.MACRO __PUTB2SX
                 	MOVW R30,R28
                 	SUBI R30,LOW(-@0)
                 	SBCI R31,HIGH(-@0)
                 	ST   Z,R26
                 	.ENDM
                 
                 	.MACRO __PUTW2SX
                 	MOVW R30,R28
                 	SUBI R30,LOW(-@0)
                 	SBCI R31,HIGH(-@0)
                 	ST   Z+,R26
                 	ST   Z,R27
                 	.ENDM
                 
                 	.MACRO __PUTD2SX
                 	MOVW R30,R28
                 	SUBI R30,LOW(-@0)
                 	SBCI R31,HIGH(-@0)
                 	ST   Z+,R26
                 	ST   Z+,R27
                 	ST   Z+,R24
                 	ST   Z,R25
                 	.ENDM
                 
                 	.MACRO __PUTBSRX
                 	MOVW R30,R28
                 	SUBI R30,LOW(-@0)
                 	SBCI R31,HIGH(-@0)
                 	ST   Z,R@1
                 	.ENDM
                 
                 	.MACRO __PUTWSRX
                 	MOVW R30,R28
                 	SUBI R30,LOW(-@2)
                 	SBCI R31,HIGH(-@2)
                 	ST   Z+,R@0
                 	ST   Z,R@1
                 	.ENDM
                 
                 	.MACRO __PUTB1SNX
                 	MOVW R26,R28
                 	SUBI R26,LOW(-@0)
                 	SBCI R27,HIGH(-@0)
                 	LD   R0,X+
                 	LD   R27,X
                 	MOV  R26,R0
                 	SUBI R26,LOW(-@1)
                 	SBCI R27,HIGH(-@1)
                 	ST   X,R30
                 	.ENDM
                 
                 	.MACRO __PUTW1SNX
                 	MOVW R26,R28
                 	SUBI R26,LOW(-@0)
                 	SBCI R27,HIGH(-@0)
                 	LD   R0,X+
                 	LD   R27,X
                 	MOV  R26,R0
                 	SUBI R26,LOW(-@1)
                 	SBCI R27,HIGH(-@1)
                 	ST   X+,R30
                 	ST   X,R31
                 	.ENDM
                 
                 	.MACRO __PUTD1SNX
                 	MOVW R26,R28
                 	SUBI R26,LOW(-@0)
                 	SBCI R27,HIGH(-@0)
                 	LD   R0,X+
                 	LD   R27,X
                 	MOV  R26,R0
                 	SUBI R26,LOW(-@1)
                 	SBCI R27,HIGH(-@1)
                 	ST   X+,R30
                 	ST   X+,R31
                 	ST   X+,R22
                 	ST   X,R23
                 	.ENDM
                 
                 	.MACRO __MULBRR
                 	MULS R@0,R@1
                 	MOVW R30,R0
                 	.ENDM
                 
                 	.MACRO __MULBRRU
                 	MUL  R@0,R@1
                 	MOVW R30,R0
                 	.ENDM
                 
                 	.MACRO __MULBRR0
                 	MULS R@0,R@1
                 	.ENDM
                 
                 	.MACRO __MULBRRU0
                 	MUL  R@0,R@1
                 	.ENDM
                 
                 	.MACRO __MULBNWRU
                 	LDI  R26,@2
                 	MUL  R26,R@0
                 	MOVW R30,R0
                 	MUL  R26,R@1
                 	ADD  R31,R0
                 	.ENDM
                 
                 ;NAME DEFINITIONS FOR GLOBAL VARIABLES ALLOCATED TO REGISTERS
                 	.DEF _Timer1=R5
                 	.DEF _Timer4=R4
                 	.DEF _c1=R7
                 	.DEF _Timer2=R6
                 	.DEF _Timer3=R9
                 	.DEF _bat=R8
                 	.DEF _Timer5=R11
                 	.DEF _a1=R10
                 	.DEF _Timer7=R13
                 	.DEF _aStop=R12
                 
                 	.CSEG
                 	.ORG 0x00
                 
                 ;INTERRUPT VECTORS
000000 c01b      	RJMP __RESET
000001 cffe      	RJMP 0x00
000002 cffd      	RJMP 0x00
000003 cffc      	RJMP 0x00
000004 cffb      	RJMP 0x00
000005 cffa      	RJMP 0x00
000006 cff9      	RJMP 0x00
000007 cff8      	RJMP 0x00
000008 cff7      	RJMP 0x00
000009 c02f      	RJMP _timer0_ovf_isr
00000a cff5      	RJMP 0x00
00000b cff4      	RJMP 0x00
00000c cff3      	RJMP 0x00
00000d cff2      	RJMP 0x00
00000e cff1      	RJMP 0x00
00000f cff0      	RJMP 0x00
000010 cfef      	RJMP 0x00
000011 cfee      	RJMP 0x00
000012 cfed      	RJMP 0x00
                 
                 _tbl10_G100:
000013 2710
000014 03e8
000015 0064
000016 000a      	.DB  0x10,0x27,0xE8,0x3,0x64,0x0,0xA,0x0
000017 0001      	.DB  0x1,0x0
                 _tbl16_G100:
000018 1000
000019 0100
00001a 0010
00001b 0001      	.DB  0x0,0x10,0x0,0x1,0x10,0x0,0x1,0x0
                 
                 __RESET:
00001c 94f8      	CLI
00001d 27ee      	CLR  R30
00001e bbec      	OUT  EECR,R30
                 
                 ;INTERRUPT VECTORS ARE PLACED
                 ;AT THE START OF FLASH
00001f e0f1      	LDI  R31,1
000020 bffb      	OUT  GICR,R31
000021 bfeb      	OUT  GICR,R30
000022 bfe5      	OUT  MCUCR,R30
                 
                 ;DISABLE WATCHDOG
000023 e1f8      	LDI  R31,0x18
000024 bdf1      	OUT  WDTCR,R31
000025 bde1      	OUT  WDTCR,R30
                 
                 ;CLEAR R2-R14
000026 e08d      	LDI  R24,(14-2)+1
000027 e0a2      	LDI  R26,2
000028 27bb      	CLR  R27
                 __CLEAR_REG:
000029 93ed      	ST   X+,R30
00002a 958a      	DEC  R24
00002b f7e9      	BRNE __CLEAR_REG
                 
                 ;CLEAR SRAM
00002c e080      	LDI  R24,LOW(0x400)
00002d e094      	LDI  R25,HIGH(0x400)
00002e e6a0      	LDI  R26,0x60
                 __CLEAR_SRAM:
00002f 93ed      	ST   X+,R30
000030 9701      	SBIW R24,1
000031 f7e9      	BRNE __CLEAR_SRAM
                 
                 ;STACK POINTER INITIALIZATION
000032 e5ef      	LDI  R30,LOW(0x45F)
000033 bfed      	OUT  SPL,R30
000034 e0e4      	LDI  R30,HIGH(0x45F)
000035 bfee      	OUT  SPH,R30
                 
                 ;DATA STACK POINTER INITIALIZATION
000036 e6c0      	LDI  R28,LOW(0x160)
000037 e0d1      	LDI  R29,HIGH(0x160)
                 
000038 c00c      	RJMP _main
                 
                 	.ESEG
                 	.ORG 0
                 
                 	.DSEG
                 	.ORG 0x160
                 
                 	.CSEG
                 ;#include <mega8.h>
                 	#ifndef __SLEEP_DEFINED__
                 	#define __SLEEP_DEFINED__
                 	.EQU __se_bit=0x80
                 	.EQU __sm_mask=0x70
                 	.EQU __sm_powerdown=0x20
                 	.EQU __sm_powersave=0x30
                 	.EQU __sm_standby=0x60
                 	.EQU __sm_ext_standby=0x70
                 	.EQU __sm_adc_noise_red=0x10
                 	.SET power_ctrl_reg=mcucr
                 	#endif
                 ;
                 ;// Standard Input/Output functions
                 ;#include <stdio.h>
                 ;//unsigned int adc1[2],Timer6;
                 ;unsigned char Timer1,Timer4,c1,Timer2,Timer3,bat,Timer5,a1,Timer7,aStop,Timer8;
                 ;unsigned char adc1[2],Timer6;
                 ;// Timer 0 overflow interrupt service routine
                 ;#include <INT.c>
                 ;interrupt [TIM0_OVF] void timer0_ovf_isr(void)
                 ; 0000 0009 {
                 
                 	.CSEG
                 _timer0_ovf_isr:
000039 93ea      	ST   -Y,R30
00003a b7ef      	IN   R30,SREG
00003b 93ea      	ST   -Y,R30
                 ;//#include <beep.c>
                 ;//Timer1++;
                 ;Timer8++;
00003c 91e0 0160 	LDS  R30,_Timer8
00003e 5fef      	SUBI R30,-LOW(1)
00003f 93e0 0160 	STS  _Timer8,R30
                 ;
                 ;/*
                 ;  if (Timer1>=255){Timer1=0;Timer2++;Timer3++;Timer4++;
                 ;    }
                 ;  if(Timer3>=5){
                 ;
                 ;  if((adc1[0]<300)&&(adc1[0]>=500)){PORTD^=0b10000000;Timer3=0;a1=1;}
                 ;  if((adc1[1]<300)&&(adc1[1]>=500)){PORTD^=0b00100000;Timer3=0;a1=1;}
                 ;  Timer3=0;
                 ;  }// мигание лампы акк разр€жен
                 ;
                 ;  if(Timer4>=10){
                 ;  if(adc1[0]<500){PORTD^=0b10000000;Timer4=0;}
                 ;  if(adc1[1]<500){PORTD^=0b00100000;Timer4=0;}
                 ;  Timer4=0;
                 ;  }// мигание лампы
                 ;
                 ;
                 ;  if(Timer2>=20){
                 ;  PORTB&=~0b00000011;
                 ;  }
                 ;  if(Timer2>=22){
                 ;  switch (bat){
                 ;  case 1: {bat=0;break;}
                 ;  case 0: {bat=1;break;}
                 ;  }
                 ;  //bat=1;
                 ;  c1=1;
                 ;  }
                 ;  if(Timer2>=25){
                 ;  if(adc1[0]<500){PORTB|=0b00000001;Timer2=0;}
                 ;  if(adc1[1]<500){PORTB|=0b00000010;Timer2=0;}
                 ;
                 ;  if(adc1[0]>500){PORTB&=~0b00000001;PORTD|=0b10000000;Timer2=0;a1=2;aStop=1;}
                 ;  if(adc1[1]>500){PORTB&=~0b00000010;PORTD|=0b00100000;Timer2=0;a1=2;aStop=1;}
                 ;  Timer2=0;
                 ;
                 ;  printf("bat0=%d bat1=%d#",adc1[0],adc1[1]);
                 ;  }
                 ;  */
                 ;}                  //зар€д завершен - aStop=0;
000041 91e9      	LD   R30,Y+
000042 bfef      	OUT  SREG,R30
000043 91e9      	LD   R30,Y+
000044 9518      	RETI
                 ;
                 ;#include <delay.h>
                 ;
                 ;// Read the AD conversion result
                 ;//#include <ADC.c>
                 ;
                 ;// Declare your global variables here
                 ;
                 ;void main(void)
                 ; 0000 0013 {
                 _main:
                 ; 0000 0014 
                 ; 0000 0015 PORTB=0b00000000;
000045 e0e0      	LDI  R30,LOW(0)
000046 bbe8      	OUT  0x18,R30
                 ; 0000 0016 DDRB=0b01000011;
000047 e4e3      	LDI  R30,LOW(67)
000048 bbe7      	OUT  0x17,R30
                 ; 0000 0017 PORTC=0x00;
000049 e0e0      	LDI  R30,LOW(0)
00004a bbe5      	OUT  0x15,R30
                 ; 0000 0018 DDRC=0x00;
00004b bbe4      	OUT  0x14,R30
                 ; 0000 0019 PORTD=0x00;
00004c bbe2      	OUT  0x12,R30
                 ; 0000 001A DDRD=0b10101100;
00004d eaec      	LDI  R30,LOW(172)
00004e bbe1      	OUT  0x11,R30
                 ; 0000 001B 
                 ; 0000 001C TCCR0=0x01;
00004f e0e1      	LDI  R30,LOW(1)
000050 bfe3      	OUT  0x33,R30
                 ; 0000 001D TCNT0=0x00;
000051 e0e0      	LDI  R30,LOW(0)
000052 bfe2      	OUT  0x32,R30
                 ; 0000 001E 
                 ; 0000 001F 
                 ; 0000 0020 // Timer(s)/Counter(s) Interrupt(s) initialization
                 ; 0000 0021 TIMSK|=0x01;
000053 b7e9      	IN   R30,0x39
000054 e0f0      	LDI  R31,0
000055 60e1      	ORI  R30,1
000056 bfe9      	OUT  0x39,R30
                 ; 0000 0022 
                 ; 0000 0023 //UCSRA=0x00;
                 ; 0000 0024 //UCSRB=0x18;
                 ; 0000 0025 //UCSRC=0x86;
                 ; 0000 0026 //UBRRH=0x00;
                 ; 0000 0027 //UBRRL=0x33;
                 ; 0000 0028 
                 ; 0000 0029 // Analog Comparator initialization
                 ; 0000 002A // Analog Comparator: Off
                 ; 0000 002B // Analog Comparator Input Capture by Timer/Counter 1: Off
                 ; 0000 002C ACSR=0x80;
000057 e8e0      	LDI  R30,LOW(128)
000058 b9e8      	OUT  0x8,R30
                 ; 0000 002D SFIOR=0x00;
000059 e0e0      	LDI  R30,LOW(0)
00005a bfe0      	OUT  0x30,R30
                 ; 0000 002E 
                 ; 0000 002F // ADC initialization
                 ; 0000 0030 // ADC Clock frequency: 1000,000 kHz
                 ; 0000 0031 // ADC Voltage Reference: AREF pin
                 ; 0000 0032 //ADMUX=ADC_VREF_TYPE & 0xff;
                 ; 0000 0033 ADCSRA=0x83;
00005b e8e3      	LDI  R30,LOW(131)
00005c b9e6      	OUT  0x6,R30
                 ; 0000 0034 
                 ; 0000 0035 // Global enable interrupts
                 ; 0000 0036 #asm("sei")
00005d 9478      	sei
                 ; 0000 0037 
                 ; 0000 0038 while (1)
                 _0x3:
                 ; 0000 0039       {
                 ; 0000 003A       if (Timer8==200){PORTD^=0b00001000;Timer8=0;}
00005e 91a0 0160 	LDS  R26,_Timer8
000060 3ca8      	CPI  R26,LOW(0xC8)
000061 f451      	BRNE _0x6
000062 b3e2      	IN   R30,0x12
000063 e0f0      	LDI  R31,0
000064 e0a8      	LDI  R26,LOW(8)
000065 e0b0      	LDI  R27,HIGH(8)
000066 27ea      	EOR  R30,R26
000067 27fb      	EOR  R31,R27
000068 bbe2      	OUT  0x12,R30
000069 e0e0      	LDI  R30,LOW(0)
00006a 93e0 0160 	STS  _Timer8,R30
                 ; 0000 003B       // Place your code here
                 ; 0000 003C //      if (c1==1){c1=0;adc1[bat] = read_adc(bat);} //проверка уровн€ зар€да
                 ; 0000 003D 
                 ; 0000 003E 
                 ; 0000 003F       };
                 _0x6:
00006c cff1      	RJMP _0x3
                 ; 0000 0040 }
                 _0x7:
00006d cfff      	RJMP _0x7
                 	#ifndef __SLEEP_DEFINED__
                 	#endif
                 
                 	.CSEG
                 
                 	.CSEG
                 
                 	.CSEG
                 
                 	.DSEG
                 _Timer8:
000160           	.BYTE 0x1
                 _p_S1020024:
000161           	.BYTE 0x2
                 
                 	.CSEG
                 
                 	.CSEG
                 ;END OF CODE MARKER
                 __END_OF_CODE:


RESOURCE USE INFORMATION
------------------------

Notice:
The register and instruction counts are symbol table hit counts,
and hence implicitly used resources are not counted, eg, the
'lpm' instruction without operands implicitly uses r0 and z,
none of which are counted.

x,y,z are separate entities in the symbol table and are
counted separately from r26..r31 here.

.dseg memory usage only counts static data declared with .byte

ATmega8 register use summary:
r0 :   0 r1 :   0 r2 :   0 r3 :   0 r4 :   0 r5 :   0 r6 :   0 r7 :   0 
r8 :   0 r9 :   0 r10:   0 r11:   0 r12:   0 r13:   0 r14:   0 r15:   0 
r16:   0 r17:   0 r18:   0 r19:   0 r20:   0 r21:   0 r22:   0 r23:   0 
r24:   4 r25:   1 r26:   6 r27:   3 r28:   1 r29:   1 r30:  48 r31:   7 
x  :   2 y  :   4 z  :   0 
Registers used: 10 out of 35 (28.6%)

ATmega8 instruction use summary:
adc   :   0 add   :   0 adiw  :   0 and   :   0 andi  :   0 asr   :   0 
bclr  :   0 bld   :   0 brbc  :   0 brbs  :   0 brcc  :   0 brcs  :   0 
break :   0 breq  :   0 brge  :   0 brhc  :   0 brhs  :   0 brid  :   0 
brie  :   0 brlo  :   0 brlt  :   0 brmi  :   0 brne  :   3 brpl  :   0 
brsh  :   0 brtc  :   0 brts  :   0 brvc  :   0 brvs  :   0 bset  :   0 
bst   :   0 cbi   :   0 cbr   :   0 clc   :   0 clh   :   0 cli   :   1 
cln   :   0 clr   :   2 cls   :   0 clt   :   0 clv   :   0 clz   :   0 
com   :   0 cp    :   0 cpc   :   0 cpi   :   1 cpse  :   0 dec   :   1 
des   :   0 eor   :   2 fmul  :   0 fmuls :   0 fmulsu:   0 icall :   0 
ijmp  :   0 in    :   3 inc   :   0 ld    :   2 ldd   :   0 ldi   :  25 
lds   :   2 lpm   :   0 lsl   :   0 lsr   :   0 mov   :   0 movw  :   0 
mul   :   0 muls  :   0 mulsu :   0 neg   :   0 nop   :   0 or    :   0 
ori   :   1 out   :  22 pop   :   0 push  :   0 rcall :   0 ret   :   0 
reti  :   1 rjmp  :  22 rol   :   0 ror   :   0 sbc   :   0 sbci  :   0 
sbi   :   0 sbic  :   0 sbis  :   0 sbiw  :   1 sbr   :   0 sbrc  :   0 
sbrs  :   0 sec   :   0 seh   :   0 sei   :   1 sen   :   0 ser   :   0 
ses   :   0 set   :   0 sev   :   0 sez   :   0 sleep :   0 spm   :   0 
st    :   4 std   :   0 sts   :   2 sub   :   0 subi  :   1 swap  :   0 
tst   :   0 wdr   :   0 
Instructions used: 19 out of 110 (17.3%)

ATmega8 memory use summary [bytes]:
Segment   Begin    End      Code   Data   Used    Size   Use%
---------------------------------------------------------------
[.cseg] 0x000000 0x0000dc    202     18    220    8192   2.7%
[.dseg] 0x000060 0x000163      0      3      3    1024   0.3%
[.eseg] 0x000000 0x000000      0      0      0     512   0.0%

Assembly complete, 0 errors, 10 warnings
