
AVRASM ver. 2.1.17  D:\My documents\Programming\Projects\Charging\List\charging.asm Sat Dec 17 19:11:58 2011

D:\My documents\Programming\Projects\Charging\List\charging.asm(1026): warning: Register r5 already defined by the .DEF directive
D:\My documents\Programming\Projects\Charging\List\charging.asm(1027): warning: Register r4 already defined by the .DEF directive
D:\My documents\Programming\Projects\Charging\List\charging.asm(1028): warning: Register r7 already defined by the .DEF directive
D:\My documents\Programming\Projects\Charging\List\charging.asm(1029): warning: Register r6 already defined by the .DEF directive
D:\My documents\Programming\Projects\Charging\List\charging.asm(1030): warning: Register r9 already defined by the .DEF directive
D:\My documents\Programming\Projects\Charging\List\charging.asm(1031): warning: Register r8 already defined by the .DEF directive
D:\My documents\Programming\Projects\Charging\List\charging.asm(1032): warning: Register r11 already defined by the .DEF directive
D:\My documents\Programming\Projects\Charging\List\charging.asm(1033): warning: Register r10 already defined by the .DEF directive
D:\My documents\Programming\Projects\Charging\List\charging.asm(1034): warning: Register r13 already defined by the .DEF directive
D:\My documents\Programming\Projects\Charging\List\charging.asm(1035): warning: Register r12 already defined by the .DEF directive
                 
                 
                 ;CodeVisionAVR C Compiler V2.03.4 Standard
                 ;(C) Copyright 1998-2008 Pavel Haiduc, HP InfoTech s.r.l.
                 ;http://www.hpinfotech.com
                 
                 ;Chip type              : ATmega8
                 ;Program type           : Application
                 ;Clock frequency        : 8,000000 MHz
                 ;Memory model           : Small
                 ;Optimize for           : Speed
                 ;(s)printf features     : int, width
                 ;(s)scanf features      : int, width
                 ;External RAM size      : 0
                 ;Data Stack size        : 256 byte(s)
                 ;Heap size              : 0 byte(s)
                 ;Promote char to int    : Yes
                 ;char is unsigned       : Yes
                 ;global const stored in FLASH  : No
                 ;8 bit enums            : Yes
                 ;Enhanced core instructions    : On
                 ;Smart register allocation : On
                 ;Automatic register allocation : On
                 
                 	#pragma AVRPART ADMIN PART_NAME ATmega8
                 	#pragma AVRPART MEMORY PROG_FLASH 8192
                 	#pragma AVRPART MEMORY EEPROM 512
                 	#pragma AVRPART MEMORY INT_SRAM SIZE 1024
                 	#pragma AVRPART MEMORY INT_SRAM START_ADDR 0x60
                 
                 	.LISTMAC
                 	.EQU UDRE=0x5
                 	.EQU RXC=0x7
                 	.EQU USR=0xB
                 	.EQU UDR=0xC
                 	.EQU SPSR=0xE
                 	.EQU SPDR=0xF
                 	.EQU EERE=0x0
                 	.EQU EEWE=0x1
                 	.EQU EEMWE=0x2
                 	.EQU EECR=0x1C
                 	.EQU EEDR=0x1D
                 	.EQU EEARL=0x1E
                 	.EQU EEARH=0x1F
                 	.EQU WDTCR=0x21
                 	.EQU MCUCR=0x35
                 	.EQU GICR=0x3B
                 	.EQU SPL=0x3D
                 	.EQU SPH=0x3E
                 	.EQU SREG=0x3F
                 
                 	.DEF R0X0=R0
                 	.DEF R0X1=R1
                 	.DEF R0X2=R2
                 	.DEF R0X3=R3
                 	.DEF R0X4=R4
                 	.DEF R0X5=R5
                 	.DEF R0X6=R6
                 	.DEF R0X7=R7
                 	.DEF R0X8=R8
                 	.DEF R0X9=R9
                 	.DEF R0XA=R10
                 	.DEF R0XB=R11
                 	.DEF R0XC=R12
                 	.DEF R0XD=R13
                 	.DEF R0XE=R14
                 	.DEF R0XF=R15
                 	.DEF R0X10=R16
                 	.DEF R0X11=R17
                 	.DEF R0X12=R18
                 	.DEF R0X13=R19
                 	.DEF R0X14=R20
                 	.DEF R0X15=R21
                 	.DEF R0X16=R22
                 	.DEF R0X17=R23
                 	.DEF R0X18=R24
                 	.DEF R0X19=R25
                 	.DEF R0X1A=R26
                 	.DEF R0X1B=R27
                 	.DEF R0X1C=R28
                 	.DEF R0X1D=R29
                 	.DEF R0X1E=R30
                 	.DEF R0X1F=R31
                 
                 	.MACRO __CPD1N
                 	CPI  R30,LOW(@0)
                 	LDI  R26,HIGH(@0)
                 	CPC  R31,R26
                 	LDI  R26,BYTE3(@0)
                 	CPC  R22,R26
                 	LDI  R26,BYTE4(@0)
                 	CPC  R23,R26
                 	.ENDM
                 
                 	.MACRO __CPD2N
                 	CPI  R26,LOW(@0)
                 	LDI  R30,HIGH(@0)
                 	CPC  R27,R30
                 	LDI  R30,BYTE3(@0)
                 	CPC  R24,R30
                 	LDI  R30,BYTE4(@0)
                 	CPC  R25,R30
                 	.ENDM
                 
                 	.MACRO __CPWRR
                 	CP   R@0,R@2
                 	CPC  R@1,R@3
                 	.ENDM
                 
                 	.MACRO __CPWRN
                 	CPI  R@0,LOW(@2)
                 	LDI  R30,HIGH(@2)
                 	CPC  R@1,R30
                 	.ENDM
                 
                 	.MACRO __ADDB1MN
                 	SUBI R30,LOW(-@0-(@1))
                 	.ENDM
                 
                 	.MACRO __ADDB2MN
                 	SUBI R26,LOW(-@0-(@1))
                 	.ENDM
                 
                 	.MACRO __ADDW1MN
                 	SUBI R30,LOW(-@0-(@1))
                 	SBCI R31,HIGH(-@0-(@1))
                 	.ENDM
                 
                 	.MACRO __ADDW2MN
                 	SUBI R26,LOW(-@0-(@1))
                 	SBCI R27,HIGH(-@0-(@1))
                 	.ENDM
                 
                 	.MACRO __ADDW1FN
                 	SUBI R30,LOW(-2*@0-(@1))
                 	SBCI R31,HIGH(-2*@0-(@1))
                 	.ENDM
                 
                 	.MACRO __ADDD1FN
                 	SUBI R30,LOW(-2*@0-(@1))
                 	SBCI R31,HIGH(-2*@0-(@1))
                 	SBCI R22,BYTE3(-2*@0-(@1))
                 	.ENDM
                 
                 	.MACRO __ADDD1N
                 	SUBI R30,LOW(-@0)
                 	SBCI R31,HIGH(-@0)
                 	SBCI R22,BYTE3(-@0)
                 	SBCI R23,BYTE4(-@0)
                 	.ENDM
                 
                 	.MACRO __ADDD2N
                 	SUBI R26,LOW(-@0)
                 	SBCI R27,HIGH(-@0)
                 	SBCI R24,BYTE3(-@0)
                 	SBCI R25,BYTE4(-@0)
                 	.ENDM
                 
                 	.MACRO __SUBD1N
                 	SUBI R30,LOW(@0)
                 	SBCI R31,HIGH(@0)
                 	SBCI R22,BYTE3(@0)
                 	SBCI R23,BYTE4(@0)
                 	.ENDM
                 
                 	.MACRO __SUBD2N
                 	SUBI R26,LOW(@0)
                 	SBCI R27,HIGH(@0)
                 	SBCI R24,BYTE3(@0)
                 	SBCI R25,BYTE4(@0)
                 	.ENDM
                 
                 	.MACRO __ANDBMNN
                 	LDS  R30,@0+@1
                 	ANDI R30,LOW(@2)
                 	STS  @0+@1,R30
                 	.ENDM
                 
                 	.MACRO __ANDWMNN
                 	LDS  R30,@0+@1
                 	ANDI R30,LOW(@2)
                 	STS  @0+@1,R30
                 	LDS  R30,@0+@1+1
                 	ANDI R30,HIGH(@2)
                 	STS  @0+@1+1,R30
                 	.ENDM
                 
                 	.MACRO __ANDD1N
                 	ANDI R30,LOW(@0)
                 	ANDI R31,HIGH(@0)
                 	ANDI R22,BYTE3(@0)
                 	ANDI R23,BYTE4(@0)
                 	.ENDM
                 
                 	.MACRO __ANDD2N
                 	ANDI R26,LOW(@0)
                 	ANDI R27,HIGH(@0)
                 	ANDI R24,BYTE3(@0)
                 	ANDI R25,BYTE4(@0)
                 	.ENDM
                 
                 	.MACRO __ORBMNN
                 	LDS  R30,@0+@1
                 	ORI  R30,LOW(@2)
                 	STS  @0+@1,R30
                 	.ENDM
                 
                 	.MACRO __ORWMNN
                 	LDS  R30,@0+@1
                 	ORI  R30,LOW(@2)
                 	STS  @0+@1,R30
                 	LDS  R30,@0+@1+1
                 	ORI  R30,HIGH(@2)
                 	STS  @0+@1+1,R30
                 	.ENDM
                 
                 	.MACRO __ORD1N
                 	ORI  R30,LOW(@0)
                 	ORI  R31,HIGH(@0)
                 	ORI  R22,BYTE3(@0)
                 	ORI  R23,BYTE4(@0)
                 	.ENDM
                 
                 	.MACRO __ORD2N
                 	ORI  R26,LOW(@0)
                 	ORI  R27,HIGH(@0)
                 	ORI  R24,BYTE3(@0)
                 	ORI  R25,BYTE4(@0)
                 	.ENDM
                 
                 	.MACRO __DELAY_USB
                 	LDI  R24,LOW(@0)
                 __DELAY_USB_LOOP:
                 	DEC  R24
                 	BRNE __DELAY_USB_LOOP
                 	.ENDM
                 
                 	.MACRO __DELAY_USW
                 	LDI  R24,LOW(@0)
                 	LDI  R25,HIGH(@0)
                 __DELAY_USW_LOOP:
                 	SBIW R24,1
                 	BRNE __DELAY_USW_LOOP
                 	.ENDM
                 
                 	.MACRO __CLRD1S
                 	LDI  R30,0
                 	STD  Y+@0,R30
                 	STD  Y+@0+1,R30
                 	STD  Y+@0+2,R30
                 	STD  Y+@0+3,R30
                 	.ENDM
                 
                 	.MACRO __GETD1S
                 	LDD  R30,Y+@0
                 	LDD  R31,Y+@0+1
                 	LDD  R22,Y+@0+2
                 	LDD  R23,Y+@0+3
                 	.ENDM
                 
                 	.MACRO __PUTD1S
                 	STD  Y+@0,R30
                 	STD  Y+@0+1,R31
                 	STD  Y+@0+2,R22
                 	STD  Y+@0+3,R23
                 	.ENDM
                 
                 	.MACRO __PUTD2S
                 	STD  Y+@0,R26
                 	STD  Y+@0+1,R27
                 	STD  Y+@0+2,R24
                 	STD  Y+@0+3,R25
                 	.ENDM
                 
                 	.MACRO __POINTB1MN
                 	LDI  R30,LOW(@0+@1)
                 	.ENDM
                 
                 	.MACRO __POINTW1MN
                 	LDI  R30,LOW(@0+@1)
                 	LDI  R31,HIGH(@0+@1)
                 	.ENDM
                 
                 	.MACRO __POINTD1M
                 	LDI  R30,LOW(@0)
                 	LDI  R31,HIGH(@0)
                 	LDI  R22,BYTE3(@0)
                 	LDI  R23,BYTE4(@0)
                 	.ENDM
                 
                 	.MACRO __POINTW1FN
                 	LDI  R30,LOW(2*@0+@1)
                 	LDI  R31,HIGH(2*@0+@1)
                 	.ENDM
                 
                 	.MACRO __POINTD1FN
                 	LDI  R30,LOW(2*@0+@1)
                 	LDI  R31,HIGH(2*@0+@1)
                 	LDI  R22,BYTE3(2*@0+@1)
                 	LDI  R23,BYTE4(2*@0+@1)
                 	.ENDM
                 
                 	.MACRO __POINTB2MN
                 	LDI  R26,LOW(@0+@1)
                 	.ENDM
                 
                 	.MACRO __POINTW2MN
                 	LDI  R26,LOW(@0+@1)
                 	LDI  R27,HIGH(@0+@1)
                 	.ENDM
                 
                 	.MACRO __POINTBRM
                 	LDI  R@0,LOW(@1)
                 	.ENDM
                 
                 	.MACRO __POINTWRM
                 	LDI  R@0,LOW(@2)
                 	LDI  R@1,HIGH(@2)
                 	.ENDM
                 
                 	.MACRO __POINTBRMN
                 	LDI  R@0,LOW(@1+@2)
                 	.ENDM
                 
                 	.MACRO __POINTWRMN
                 	LDI  R@0,LOW(@2+@3)
                 	LDI  R@1,HIGH(@2+@3)
                 	.ENDM
                 
                 	.MACRO __POINTWRFN
                 	LDI  R@0,LOW(@2*2+@3)
                 	LDI  R@1,HIGH(@2*2+@3)
                 	.ENDM
                 
                 	.MACRO __GETD1N
                 	LDI  R30,LOW(@0)
                 	LDI  R31,HIGH(@0)
                 	LDI  R22,BYTE3(@0)
                 	LDI  R23,BYTE4(@0)
                 	.ENDM
                 
                 	.MACRO __GETD2N
                 	LDI  R26,LOW(@0)
                 	LDI  R27,HIGH(@0)
                 	LDI  R24,BYTE3(@0)
                 	LDI  R25,BYTE4(@0)
                 	.ENDM
                 
                 	.MACRO __GETD2S
                 	LDD  R26,Y+@0
                 	LDD  R27,Y+@0+1
                 	LDD  R24,Y+@0+2
                 	LDD  R25,Y+@0+3
                 	.ENDM
                 
                 	.MACRO __GETB1MN
                 	LDS  R30,@0+@1
                 	.ENDM
                 
                 	.MACRO __GETB1HMN
                 	LDS  R31,@0+@1
                 	.ENDM
                 
                 	.MACRO __GETW1MN
                 	LDS  R30,@0+@1
                 	LDS  R31,@0+@1+1
                 	.ENDM
                 
                 	.MACRO __GETD1MN
                 	LDS  R30,@0+@1
                 	LDS  R31,@0+@1+1
                 	LDS  R22,@0+@1+2
                 	LDS  R23,@0+@1+3
                 	.ENDM
                 
                 	.MACRO __GETBRMN
                 	LDS  R@0,@1+@2
                 	.ENDM
                 
                 	.MACRO __GETWRMN
                 	LDS  R@0,@2+@3
                 	LDS  R@1,@2+@3+1
                 	.ENDM
                 
                 	.MACRO __GETWRZ
                 	LDD  R@0,Z+@2
                 	LDD  R@1,Z+@2+1
                 	.ENDM
                 
                 	.MACRO __GETD2Z
                 	LDD  R26,Z+@0
                 	LDD  R27,Z+@0+1
                 	LDD  R24,Z+@0+2
                 	LDD  R25,Z+@0+3
                 	.ENDM
                 
                 	.MACRO __GETB2MN
                 	LDS  R26,@0+@1
                 	.ENDM
                 
                 	.MACRO __GETW2MN
                 	LDS  R26,@0+@1
                 	LDS  R27,@0+@1+1
                 	.ENDM
                 
                 	.MACRO __GETD2MN
                 	LDS  R26,@0+@1
                 	LDS  R27,@0+@1+1
                 	LDS  R24,@0+@1+2
                 	LDS  R25,@0+@1+3
                 	.ENDM
                 
                 	.MACRO __PUTB1MN
                 	STS  @0+@1,R30
                 	.ENDM
                 
                 	.MACRO __PUTW1MN
                 	STS  @0+@1,R30
                 	STS  @0+@1+1,R31
                 	.ENDM
                 
                 	.MACRO __PUTD1MN
                 	STS  @0+@1,R30
                 	STS  @0+@1+1,R31
                 	STS  @0+@1+2,R22
                 	STS  @0+@1+3,R23
                 	.ENDM
                 
                 	.MACRO __PUTB1EN
                 	LDI  R26,LOW(@0+@1)
                 	LDI  R27,HIGH(@0+@1)
                 	RCALL __EEPROMWRB
                 	.ENDM
                 
                 	.MACRO __PUTW1EN
                 	LDI  R26,LOW(@0+@1)
                 	LDI  R27,HIGH(@0+@1)
                 	RCALL __EEPROMWRW
                 	.ENDM
                 
                 	.MACRO __PUTD1EN
                 	LDI  R26,LOW(@0+@1)
                 	LDI  R27,HIGH(@0+@1)
                 	RCALL __EEPROMWRD
                 	.ENDM
                 
                 	.MACRO __PUTBR0MN
                 	STS  @0+@1,R0
                 	.ENDM
                 
                 	.MACRO __PUTDZ2
                 	STD  Z+@0,R26
                 	STD  Z+@0+1,R27
                 	STD  Z+@0+2,R24
                 	STD  Z+@0+3,R25
                 	.ENDM
                 
                 	.MACRO __PUTBMRN
                 	STS  @0+@1,R@2
                 	.ENDM
                 
                 	.MACRO __PUTWMRN
                 	STS  @0+@1,R@2
                 	STS  @0+@1+1,R@3
                 	.ENDM
                 
                 	.MACRO __PUTBZR
                 	STD  Z+@1,R@0
                 	.ENDM
                 
                 	.MACRO __PUTWZR
                 	STD  Z+@2,R@0
                 	STD  Z+@2+1,R@1
                 	.ENDM
                 
                 	.MACRO __GETW1R
                 	MOV  R30,R@0
                 	MOV  R31,R@1
                 	.ENDM
                 
                 	.MACRO __GETW2R
                 	MOV  R26,R@0
                 	MOV  R27,R@1
                 	.ENDM
                 
                 	.MACRO __GETWRN
                 	LDI  R@0,LOW(@2)
                 	LDI  R@1,HIGH(@2)
                 	.ENDM
                 
                 	.MACRO __PUTW1R
                 	MOV  R@0,R30
                 	MOV  R@1,R31
                 	.ENDM
                 
                 	.MACRO __PUTW2R
                 	MOV  R@0,R26
                 	MOV  R@1,R27
                 	.ENDM
                 
                 	.MACRO __ADDWRN
                 	SUBI R@0,LOW(-@2)
                 	SBCI R@1,HIGH(-@2)
                 	.ENDM
                 
                 	.MACRO __ADDWRR
                 	ADD  R@0,R@2
                 	ADC  R@1,R@3
                 	.ENDM
                 
                 	.MACRO __SUBWRN
                 	SUBI R@0,LOW(@2)
                 	SBCI R@1,HIGH(@2)
                 	.ENDM
                 
                 	.MACRO __SUBWRR
                 	SUB  R@0,R@2
                 	SBC  R@1,R@3
                 	.ENDM
                 
                 	.MACRO __ANDWRN
                 	ANDI R@0,LOW(@2)
                 	ANDI R@1,HIGH(@2)
                 	.ENDM
                 
                 	.MACRO __ANDWRR
                 	AND  R@0,R@2
                 	AND  R@1,R@3
                 	.ENDM
                 
                 	.MACRO __ORWRN
                 	ORI  R@0,LOW(@2)
                 	ORI  R@1,HIGH(@2)
                 	.ENDM
                 
                 	.MACRO __ORWRR
                 	OR   R@0,R@2
                 	OR   R@1,R@3
                 	.ENDM
                 
                 	.MACRO __EORWRR
                 	EOR  R@0,R@2
                 	EOR  R@1,R@3
                 	.ENDM
                 
                 	.MACRO __GETWRS
                 	LDD  R@0,Y+@2
                 	LDD  R@1,Y+@2+1
                 	.ENDM
                 
                 	.MACRO __PUTWSR
                 	STD  Y+@2,R@0
                 	STD  Y+@2+1,R@1
                 	.ENDM
                 
                 	.MACRO __MOVEWRR
                 	MOV  R@0,R@2
                 	MOV  R@1,R@3
                 	.ENDM
                 
                 	.MACRO __INWR
                 	IN   R@0,@2
                 	IN   R@1,@2+1
                 	.ENDM
                 
                 	.MACRO __OUTWR
                 	OUT  @2+1,R@1
                 	OUT  @2,R@0
                 	.ENDM
                 
                 	.MACRO __CALL1MN
                 	LDS  R30,@0+@1
                 	LDS  R31,@0+@1+1
                 	ICALL
                 	.ENDM
                 
                 	.MACRO __CALL1FN
                 	LDI  R30,LOW(2*@0+@1)
                 	LDI  R31,HIGH(2*@0+@1)
                 	RCALL __GETW1PF
                 	ICALL
                 	.ENDM
                 
                 	.MACRO __CALL2EN
                 	LDI  R26,LOW(@0+@1)
                 	LDI  R27,HIGH(@0+@1)
                 	RCALL __EEPROMRDW
                 	ICALL
                 	.ENDM
                 
                 	.MACRO __GETW1STACK
                 	IN   R26,SPL
                 	IN   R27,SPH
                 	ADIW R26,@0+1
                 	LD   R30,X+
                 	LD   R31,X
                 	.ENDM
                 
                 	.MACRO __NBST
                 	BST  R@0,@1
                 	IN   R30,SREG
                 	LDI  R31,0x40
                 	EOR  R30,R31
                 	OUT  SREG,R30
                 	.ENDM
                 
                 
                 	.MACRO __PUTB1SN
                 	LDD  R26,Y+@0
                 	LDD  R27,Y+@0+1
                 	SUBI R26,LOW(-@1)
                 	SBCI R27,HIGH(-@1)
                 	ST   X,R30
                 	.ENDM
                 
                 	.MACRO __PUTW1SN
                 	LDD  R26,Y+@0
                 	LDD  R27,Y+@0+1
                 	SUBI R26,LOW(-@1)
                 	SBCI R27,HIGH(-@1)
                 	ST   X+,R30
                 	ST   X,R31
                 	.ENDM
                 
                 	.MACRO __PUTD1SN
                 	LDD  R26,Y+@0
                 	LDD  R27,Y+@0+1
                 	SUBI R26,LOW(-@1)
                 	SBCI R27,HIGH(-@1)
                 	RCALL __PUTDP1
                 	.ENDM
                 
                 	.MACRO __PUTB1SNS
                 	LDD  R26,Y+@0
                 	LDD  R27,Y+@0+1
                 	ADIW R26,@1
                 	ST   X,R30
                 	.ENDM
                 
                 	.MACRO __PUTW1SNS
                 	LDD  R26,Y+@0
                 	LDD  R27,Y+@0+1
                 	ADIW R26,@1
                 	ST   X+,R30
                 	ST   X,R31
                 	.ENDM
                 
                 	.MACRO __PUTD1SNS
                 	LDD  R26,Y+@0
                 	LDD  R27,Y+@0+1
                 	ADIW R26,@1
                 	RCALL __PUTDP1
                 	.ENDM
                 
                 	.MACRO __PUTB1PMN
                 	LDS  R26,@0
                 	LDS  R27,@0+1
                 	SUBI R26,LOW(-@1)
                 	SBCI R27,HIGH(-@1)
                 	ST   X,R30
                 	.ENDM
                 
                 	.MACRO __PUTW1PMN
                 	LDS  R26,@0
                 	LDS  R27,@0+1
                 	SUBI R26,LOW(-@1)
                 	SBCI R27,HIGH(-@1)
                 	ST   X+,R30
                 	ST   X,R31
                 	.ENDM
                 
                 	.MACRO __PUTD1PMN
                 	LDS  R26,@0
                 	LDS  R27,@0+1
                 	SUBI R26,LOW(-@1)
                 	SBCI R27,HIGH(-@1)
                 	RCALL __PUTDP1
                 	.ENDM
                 
                 	.MACRO __PUTB1PMNS
                 	LDS  R26,@0
                 	LDS  R27,@0+1
                 	ADIW R26,@1
                 	ST   X,R30
                 	.ENDM
                 
                 	.MACRO __PUTW1PMNS
                 	LDS  R26,@0
                 	LDS  R27,@0+1
                 	ADIW R26,@1
                 	ST   X+,R30
                 	ST   X,R31
                 	.ENDM
                 
                 	.MACRO __PUTD1PMNS
                 	LDS  R26,@0
                 	LDS  R27,@0+1
                 	ADIW R26,@1
                 	RCALL __PUTDP1
                 	.ENDM
                 
                 	.MACRO __PUTB1RN
                 	MOVW R26,R@0
                 	SUBI R26,LOW(-@1)
                 	SBCI R27,HIGH(-@1)
                 	ST   X,R30
                 	.ENDM
                 
                 	.MACRO __PUTW1RN
                 	MOVW R26,R@0
                 	SUBI R26,LOW(-@1)
                 	SBCI R27,HIGH(-@1)
                 	ST   X+,R30
                 	ST   X,R31
                 	.ENDM
                 
                 	.MACRO __PUTD1RN
                 	MOVW R26,R@0
                 	SUBI R26,LOW(-@1)
                 	SBCI R27,HIGH(-@1)
                 	RCALL __PUTDP1
                 	.ENDM
                 
                 	.MACRO __PUTB1RNS
                 	MOVW R26,R@0
                 	ADIW R26,@1
                 	ST   X,R30
                 	.ENDM
                 
                 	.MACRO __PUTW1RNS
                 	MOVW R26,R@0
                 	ADIW R26,@1
                 	ST   X+,R30
                 	ST   X,R31
                 	.ENDM
                 
                 	.MACRO __PUTD1RNS
                 	MOVW R26,R@0
                 	ADIW R26,@1
                 	RCALL __PUTDP1
                 	.ENDM
                 
                 	.MACRO __PUTB1RON
                 	MOV  R26,R@0
                 	MOV  R27,R@1
                 	SUBI R26,LOW(-@2)
                 	SBCI R27,HIGH(-@2)
                 	ST   X,R30
                 	.ENDM
                 
                 	.MACRO __PUTW1RON
                 	MOV  R26,R@0
                 	MOV  R27,R@1
                 	SUBI R26,LOW(-@2)
                 	SBCI R27,HIGH(-@2)
                 	ST   X+,R30
                 	ST   X,R31
                 	.ENDM
                 
                 	.MACRO __PUTD1RON
                 	MOV  R26,R@0
                 	MOV  R27,R@1
                 	SUBI R26,LOW(-@2)
                 	SBCI R27,HIGH(-@2)
                 	RCALL __PUTDP1
                 	.ENDM
                 
                 	.MACRO __PUTB1RONS
                 	MOV  R26,R@0
                 	MOV  R27,R@1
                 	ADIW R26,@2
                 	ST   X,R30
                 	.ENDM
                 
                 	.MACRO __PUTW1RONS
                 	MOV  R26,R@0
                 	MOV  R27,R@1
                 	ADIW R26,@2
                 	ST   X+,R30
                 	ST   X,R31
                 	.ENDM
                 
                 	.MACRO __PUTD1RONS
                 	MOV  R26,R@0
                 	MOV  R27,R@1
                 	ADIW R26,@2
                 	RCALL __PUTDP1
                 	.ENDM
                 
                 
                 	.MACRO __GETB1SX
                 	MOVW R30,R28
                 	SUBI R30,LOW(-@0)
                 	SBCI R31,HIGH(-@0)
                 	LD   R30,Z
                 	.ENDM
                 
                 	.MACRO __GETB1HSX
                 	MOVW R30,R28
                 	SUBI R30,LOW(-@0)
                 	SBCI R31,HIGH(-@0)
                 	LD   R31,Z
                 	.ENDM
                 
                 	.MACRO __GETW1SX
                 	MOVW R30,R28
                 	SUBI R30,LOW(-@0)
                 	SBCI R31,HIGH(-@0)
                 	LD   R0,Z+
                 	LD   R31,Z
                 	MOV  R30,R0
                 	.ENDM
                 
                 	.MACRO __GETD1SX
                 	MOVW R30,R28
                 	SUBI R30,LOW(-@0)
                 	SBCI R31,HIGH(-@0)
                 	LD   R0,Z+
                 	LD   R1,Z+
                 	LD   R22,Z+
                 	LD   R23,Z
                 	MOVW R30,R0
                 	.ENDM
                 
                 	.MACRO __GETB2SX
                 	MOVW R26,R28
                 	SUBI R26,LOW(-@0)
                 	SBCI R27,HIGH(-@0)
                 	LD   R26,X
                 	.ENDM
                 
                 	.MACRO __GETW2SX
                 	MOVW R26,R28
                 	SUBI R26,LOW(-@0)
                 	SBCI R27,HIGH(-@0)
                 	LD   R0,X+
                 	LD   R27,X
                 	MOV  R26,R0
                 	.ENDM
                 
                 	.MACRO __GETD2SX
                 	MOVW R26,R28
                 	SUBI R26,LOW(-@0)
                 	SBCI R27,HIGH(-@0)
                 	LD   R0,X+
                 	LD   R1,X+
                 	LD   R24,X+
                 	LD   R25,X
                 	MOVW R26,R0
                 	.ENDM
                 
                 	.MACRO __GETBRSX
                 	MOVW R30,R28
                 	SUBI R30,LOW(-@1)
                 	SBCI R31,HIGH(-@1)
                 	LD   R@0,Z
                 	.ENDM
                 
                 	.MACRO __GETWRSX
                 	MOVW R30,R28
                 	SUBI R30,LOW(-@2)
                 	SBCI R31,HIGH(-@2)
                 	LD   R@0,Z+
                 	LD   R@1,Z
                 	.ENDM
                 
                 	.MACRO __LSLW8SX
                 	MOVW R30,R28
                 	SUBI R30,LOW(-@0)
                 	SBCI R31,HIGH(-@0)
                 	LD   R31,Z
                 	CLR  R30
                 	.ENDM
                 
                 	.MACRO __PUTB1SX
                 	MOVW R26,R28
                 	SUBI R26,LOW(-@0)
                 	SBCI R27,HIGH(-@0)
                 	ST   X,R30
                 	.ENDM
                 
                 	.MACRO __PUTW1SX
                 	MOVW R26,R28
                 	SUBI R26,LOW(-@0)
                 	SBCI R27,HIGH(-@0)
                 	ST   X+,R30
                 	ST   X,R31
                 	.ENDM
                 
                 	.MACRO __PUTD1SX
                 	MOVW R26,R28
                 	SUBI R26,LOW(-@0)
                 	SBCI R27,HIGH(-@0)
                 	ST   X+,R30
                 	ST   X+,R31
                 	ST   X+,R22
                 	ST   X,R23
                 	.ENDM
                 
                 	.MACRO __CLRW1SX
                 	MOVW R30,R28
                 	SUBI R30,LOW(-@0)
                 	SBCI R31,HIGH(-@0)
                 	CLR  R0
                 	ST   Z+,R0
                 	ST   Z,R0
                 	.ENDM
                 
                 	.MACRO __CLRD1SX
                 	MOVW R30,R28
                 	SUBI R30,LOW(-@0)
                 	SBCI R31,HIGH(-@0)
                 	CLR  R0
                 	ST   Z+,R0
                 	ST   Z+,R0
                 	ST   Z+,R0
                 	ST   Z,R0
                 	.ENDM
                 
                 	.MACRO __PUTB2SX
                 	MOVW R30,R28
                 	SUBI R30,LOW(-@0)
                 	SBCI R31,HIGH(-@0)
                 	ST   Z,R26
                 	.ENDM
                 
                 	.MACRO __PUTW2SX
                 	MOVW R30,R28
                 	SUBI R30,LOW(-@0)
                 	SBCI R31,HIGH(-@0)
                 	ST   Z+,R26
                 	ST   Z,R27
                 	.ENDM
                 
                 	.MACRO __PUTD2SX
                 	MOVW R30,R28
                 	SUBI R30,LOW(-@0)
                 	SBCI R31,HIGH(-@0)
                 	ST   Z+,R26
                 	ST   Z+,R27
                 	ST   Z+,R24
                 	ST   Z,R25
                 	.ENDM
                 
                 	.MACRO __PUTBSRX
                 	MOVW R30,R28
                 	SUBI R30,LOW(-@0)
                 	SBCI R31,HIGH(-@0)
                 	ST   Z,R@1
                 	.ENDM
                 
                 	.MACRO __PUTWSRX
                 	MOVW R30,R28
                 	SUBI R30,LOW(-@2)
                 	SBCI R31,HIGH(-@2)
                 	ST   Z+,R@0
                 	ST   Z,R@1
                 	.ENDM
                 
                 	.MACRO __PUTB1SNX
                 	MOVW R26,R28
                 	SUBI R26,LOW(-@0)
                 	SBCI R27,HIGH(-@0)
                 	LD   R0,X+
                 	LD   R27,X
                 	MOV  R26,R0
                 	SUBI R26,LOW(-@1)
                 	SBCI R27,HIGH(-@1)
                 	ST   X,R30
                 	.ENDM
                 
                 	.MACRO __PUTW1SNX
                 	MOVW R26,R28
                 	SUBI R26,LOW(-@0)
                 	SBCI R27,HIGH(-@0)
                 	LD   R0,X+
                 	LD   R27,X
                 	MOV  R26,R0
                 	SUBI R26,LOW(-@1)
                 	SBCI R27,HIGH(-@1)
                 	ST   X+,R30
                 	ST   X,R31
                 	.ENDM
                 
                 	.MACRO __PUTD1SNX
                 	MOVW R26,R28
                 	SUBI R26,LOW(-@0)
                 	SBCI R27,HIGH(-@0)
                 	LD   R0,X+
                 	LD   R27,X
                 	MOV  R26,R0
                 	SUBI R26,LOW(-@1)
                 	SBCI R27,HIGH(-@1)
                 	ST   X+,R30
                 	ST   X+,R31
                 	ST   X+,R22
                 	ST   X,R23
                 	.ENDM
                 
                 	.MACRO __MULBRR
                 	MULS R@0,R@1
                 	MOVW R30,R0
                 	.ENDM
                 
                 	.MACRO __MULBRRU
                 	MUL  R@0,R@1
                 	MOVW R30,R0
                 	.ENDM
                 
                 	.MACRO __MULBRR0
                 	MULS R@0,R@1
                 	.ENDM
                 
                 	.MACRO __MULBRRU0
                 	MUL  R@0,R@1
                 	.ENDM
                 
                 	.MACRO __MULBNWRU
                 	LDI  R26,@2
                 	MUL  R26,R@0
                 	MOVW R30,R0
                 	MUL  R26,R@1
                 	ADD  R31,R0
                 	.ENDM
                 
                 ;NAME DEFINITIONS FOR GLOBAL VARIABLES ALLOCATED TO REGISTERS
                 	.DEF _Timer1=R5
                 	.DEF _Timer4=R4
                 	.DEF _c1=R7
                 	.DEF _Timer2=R6
                 	.DEF _Timer3=R9
                 	.DEF _bat=R8
                 	.DEF _Timer5=R11
                 	.DEF _a1=R10
                 	.DEF _Timer7=R13
                 	.DEF _aStop=R12
                 
                 	.CSEG
                 	.ORG 0x00
                 
                 ;INTERRUPT VECTORS
000000 c024      	RJMP __RESET
000001 cffe      	RJMP 0x00
000002 cffd      	RJMP 0x00
000003 cffc      	RJMP 0x00
000004 cffb      	RJMP 0x00
000005 cffa      	RJMP 0x00
000006 cff9      	RJMP 0x00
000007 cff8      	RJMP 0x00
000008 cff7      	RJMP 0x00
000009 c038      	RJMP _timer0_ovf_isr
00000a cff5      	RJMP 0x00
00000b cff4      	RJMP 0x00
00000c cff3      	RJMP 0x00
00000d cff2      	RJMP 0x00
00000e cff1      	RJMP 0x00
00000f cff0      	RJMP 0x00
000010 cfef      	RJMP 0x00
000011 cfee      	RJMP 0x00
000012 cfed      	RJMP 0x00
                 
                 _tbl10_G100:
000013 2710
000014 03e8
000015 0064
000016 000a      	.DB  0x10,0x27,0xE8,0x3,0x64,0x0,0xA,0x0
000017 0001      	.DB  0x1,0x0
                 _tbl16_G100:
000018 1000
000019 0100
00001a 0010
00001b 0001      	.DB  0x0,0x10,0x0,0x1,0x10,0x0,0x1,0x0
                 
                 _0x0:
00001c 6162
00001d 3074
00001e 253d
00001f 2064      	.DB  0x62,0x61,0x74,0x30,0x3D,0x25,0x64,0x20
000020 6162
000021 3174
000022 253d
000023 2364      	.DB  0x62,0x61,0x74,0x31,0x3D,0x25,0x64,0x23
D:\My documents\Programming\Projects\Charging\List\charging.asm(1070): warning: .cseg .db misalignment - padding zero byte
000024 0000      	.DB  0x0
                 __RESET:
000025 94f8      	CLI
000026 27ee      	CLR  R30
000027 bbec      	OUT  EECR,R30
                 
                 ;INTERRUPT VECTORS ARE PLACED
                 ;AT THE START OF FLASH
000028 e0f1      	LDI  R31,1
000029 bffb      	OUT  GICR,R31
00002a bfeb      	OUT  GICR,R30
00002b bfe5      	OUT  MCUCR,R30
                 
                 ;DISABLE WATCHDOG
00002c e1f8      	LDI  R31,0x18
00002d bdf1      	OUT  WDTCR,R31
00002e bde1      	OUT  WDTCR,R30
                 
                 ;CLEAR R2-R14
00002f e08d      	LDI  R24,(14-2)+1
000030 e0a2      	LDI  R26,2
000031 27bb      	CLR  R27
                 __CLEAR_REG:
000032 93ed      	ST   X+,R30
000033 958a      	DEC  R24
000034 f7e9      	BRNE __CLEAR_REG
                 
                 ;CLEAR SRAM
000035 e080      	LDI  R24,LOW(0x400)
000036 e094      	LDI  R25,HIGH(0x400)
000037 e6a0      	LDI  R26,0x60
                 __CLEAR_SRAM:
000038 93ed      	ST   X+,R30
000039 9701      	SBIW R24,1
00003a f7e9      	BRNE __CLEAR_SRAM
                 
                 ;STACK POINTER INITIALIZATION
00003b e5ef      	LDI  R30,LOW(0x45F)
00003c bfed      	OUT  SPL,R30
00003d e0e4      	LDI  R30,HIGH(0x45F)
00003e bfee      	OUT  SPH,R30
                 
                 ;DATA STACK POINTER INITIALIZATION
00003f e6c0      	LDI  R28,LOW(0x160)
000040 e0d1      	LDI  R29,HIGH(0x160)
                 
000041 c17b      	RJMP _main
                 
                 	.ESEG
                 	.ORG 0
                 
                 	.DSEG
                 	.ORG 0x160
                 
                 	.CSEG
                 ;#include <mega8.h>
                 	#ifndef __SLEEP_DEFINED__
                 	#define __SLEEP_DEFINED__
                 	.EQU __se_bit=0x80
                 	.EQU __sm_mask=0x70
                 	.EQU __sm_powerdown=0x20
                 	.EQU __sm_powersave=0x30
                 	.EQU __sm_standby=0x60
                 	.EQU __sm_ext_standby=0x70
                 	.EQU __sm_adc_noise_red=0x10
                 	.SET power_ctrl_reg=mcucr
                 	#endif
                 ;
                 ;// Standard Input/Output functions
                 ;#include <stdio.h>
                 ;//unsigned int adc1[2],Timer6;
                 ;unsigned char Timer1,Timer4,c1,Timer2,Timer3,bat,Timer5,a1,Timer7,aStop,Timer8;
                 ;unsigned char adc1[2],Timer6;
                 ;// Timer 0 overflow interrupt service routine
                 ;#include <INT.c>
                 ;interrupt [TIM0_OVF] void timer0_ovf_isr(void)
                 ; 0000 0009 {
                 
                 	.CSEG
                 _timer0_ovf_isr:
000042 920a      	ST   -Y,R0
000043 921a      	ST   -Y,R1
000044 92fa      	ST   -Y,R15
000045 936a      	ST   -Y,R22
000046 937a      	ST   -Y,R23
000047 938a      	ST   -Y,R24
000048 939a      	ST   -Y,R25
000049 93aa      	ST   -Y,R26
00004a 93ba      	ST   -Y,R27
00004b 93ea      	ST   -Y,R30
00004c 93fa      	ST   -Y,R31
00004d b7ef      	IN   R30,SREG
00004e 93ea      	ST   -Y,R30
                 ;#include <beep.c>
                 ;if((a1==1)&&(aStop==1)){
00004f e0e1      	LDI  R30,LOW(1)
000050 15ea      	CP   R30,R10
000051 f411      	BRNE _0x4
000052 15ec      	CP   R30,R12
000053 f009      	BREQ _0x5
                 _0x4:
000054 c027      	RJMP _0x3
                 _0x5:
                 ;Timer6++;
000055 91e0 0163 	LDS  R30,_Timer6
000057 5fef      	SUBI R30,-LOW(1)
000058 93e0 0163 	STS  _Timer6,R30
                 ;if (Timer6>=1000)
00005a 91a0 0163 	LDS  R26,_Timer6
00005c 27bb      	CLR  R27
00005d 3ea8      	CPI  R26,LOW(0x3E8)
00005e e0e3      	LDI  R30,HIGH(0x3E8)
00005f 07be      	CPC  R27,R30
000060 f064      	BRLT _0x6
                 ;{
                 ;Timer5++;
000061 94b3      	INC  R11
                 ;if(Timer5==10){
000062 e0ea      	LDI  R30,LOW(10)
000063 15eb      	CP   R30,R11
000064 f441      	BRNE _0x7
                 ;PORTD^=0b00000100;
000065 b3e2      	IN   R30,0x12
000066 e0f0      	LDI  R31,0
000067 e0a4      	LDI  R26,LOW(4)
000068 e0b0      	LDI  R27,HIGH(4)
000069 27ea      	EOR  R30,R26
00006a 27fb      	EOR  R31,R27
00006b bbe2      	OUT  0x12,R30
                 ;Timer5=0;
00006c 24bb      	CLR  R11
                 ;}
                 ;}
                 _0x7:
                 ;if(Timer6>=1500)
                 _0x6:
00006d 91a0 0163 	LDS  R26,_Timer6
00006f 27bb      	CLR  R27
000070 3dac      	CPI  R26,LOW(0x5DC)
000071 e0e5      	LDI  R30,HIGH(0x5DC)
000072 07be      	CPC  R27,R30
000073 f044      	BRLT _0x8
                 ;{PORTD&=~0b00000100;
000074 b3e2      	IN   R30,0x12
000075 e0f0      	LDI  R31,0
000076 7feb      	ANDI R30,LOW(0xFFFB)
000077 bbe2      	OUT  0x12,R30
                 ;Timer6=0;Timer7++;}
000078 e0e0      	LDI  R30,LOW(0)
000079 93e0 0163 	STS  _Timer6,R30
00007b 94d3      	INC  R13
                 ;}
                 _0x8:
                 ;if(Timer7>=5){
                 _0x3:
00007c e0e5      	LDI  R30,LOW(5)
00007d 16de      	CP   R13,R30
00007e f038      	BRLO _0x9
                 ;a1=0;aStop=0;Timer6=Timer5=Timer7=0;
00007f 24aa      	CLR  R10
000080 24cc      	CLR  R12
000081 e0e0      	LDI  R30,LOW(0)
000082 2ede      	MOV  R13,R30
000083 2ebe      	MOV  R11,R30
000084 93e0 0163 	STS  _Timer6,R30
                 ;}
                 ;
                 ;
                 ;if((a1==2)&&(aStop==1)){
                 _0x9:
000086 e0e2      	LDI  R30,LOW(2)
000087 15ea      	CP   R30,R10
000088 f419      	BRNE _0xB
000089 e0e1      	LDI  R30,LOW(1)
00008a 15ec      	CP   R30,R12
00008b f009      	BREQ _0xC
                 _0xB:
00008c c027      	RJMP _0xA
                 _0xC:
                 ;Timer6++;
00008d 91e0 0163 	LDS  R30,_Timer6
00008f 5fef      	SUBI R30,-LOW(1)
000090 93e0 0163 	STS  _Timer6,R30
                 ;if (Timer6>=800)
000092 91a0 0163 	LDS  R26,_Timer6
000094 27bb      	CLR  R27
000095 32a0      	CPI  R26,LOW(0x320)
000096 e0e3      	LDI  R30,HIGH(0x320)
000097 07be      	CPC  R27,R30
000098 f064      	BRLT _0xD
                 ;{
                 ;Timer5++;
000099 94b3      	INC  R11
                 ;if(Timer5==5){
00009a e0e5      	LDI  R30,LOW(5)
00009b 15eb      	CP   R30,R11
00009c f441      	BRNE _0xE
                 ;PORTD^=0b00000100;
00009d b3e2      	IN   R30,0x12
00009e e0f0      	LDI  R31,0
00009f e0a4      	LDI  R26,LOW(4)
0000a0 e0b0      	LDI  R27,HIGH(4)
0000a1 27ea      	EOR  R30,R26
0000a2 27fb      	EOR  R31,R27
0000a3 bbe2      	OUT  0x12,R30
                 ;Timer5=0;
0000a4 24bb      	CLR  R11
                 ;}
                 ;}
                 _0xE:
                 ;if(Timer6>=1000)
                 _0xD:
0000a5 91a0 0163 	LDS  R26,_Timer6
0000a7 27bb      	CLR  R27
0000a8 3ea8      	CPI  R26,LOW(0x3E8)
0000a9 e0e3      	LDI  R30,HIGH(0x3E8)
0000aa 07be      	CPC  R27,R30
0000ab f044      	BRLT _0xF
                 ;{PORTD&=~0b00000100;
0000ac b3e2      	IN   R30,0x12
0000ad e0f0      	LDI  R31,0
0000ae 7feb      	ANDI R30,LOW(0xFFFB)
0000af bbe2      	OUT  0x12,R30
                 ;Timer6=0;Timer7++;}
0000b0 e0e0      	LDI  R30,LOW(0)
0000b1 93e0 0163 	STS  _Timer6,R30
0000b3 94d3      	INC  R13
                 ;}
                 _0xF:
                 ;if(Timer7>=2){
                 _0xA:
0000b4 e0e2      	LDI  R30,LOW(2)
0000b5 16de      	CP   R13,R30
0000b6 f038      	BRLO _0x10
                 ;a1=0;aStop=0;Timer6=Timer5=Timer7=0;
0000b7 24aa      	CLR  R10
0000b8 24cc      	CLR  R12
0000b9 e0e0      	LDI  R30,LOW(0)
0000ba 2ede      	MOV  R13,R30
0000bb 2ebe      	MOV  R11,R30
0000bc 93e0 0163 	STS  _Timer6,R30
                 ;}
                 ;//Timer1++;
                 ;Timer8++;
                 _0x10:
0000be 91e0 0160 	LDS  R30,_Timer8
0000c0 5fef      	SUBI R30,-LOW(1)
0000c1 93e0 0160 	STS  _Timer8,R30
                 ;if (Timer8==1){PORTD^=0b00001000;}
0000c3 91a0 0160 	LDS  R26,_Timer8
0000c5 30a1      	CPI  R26,LOW(0x1)
0000c6 f439      	BRNE _0x11
0000c7 b3e2      	IN   R30,0x12
0000c8 e0f0      	LDI  R31,0
0000c9 e0a8      	LDI  R26,LOW(8)
0000ca e0b0      	LDI  R27,HIGH(8)
0000cb 27ea      	EOR  R30,R26
0000cc 27fb      	EOR  R31,R27
0000cd bbe2      	OUT  0x12,R30
                 ;
                 ;  if (Timer1>=255){Timer1=0;Timer2++;Timer3++;Timer4++;
                 _0x11:
0000ce efef      	LDI  R30,LOW(255)
0000cf 165e      	CP   R5,R30
0000d0 f020      	BRLO _0x12
0000d1 2455      	CLR  R5
0000d2 9463      	INC  R6
0000d3 9493      	INC  R9
0000d4 9443      	INC  R4
                 ;    }
                 ;  if(Timer3>=5){
                 _0x12:
0000d5 e0e5      	LDI  R30,LOW(5)
0000d6 169e      	CP   R9,R30
0000d7 f198      	BRLO _0x13
                 ;
                 ;  if((adc1[0]<300)&&(adc1[0]>=500)){PORTD^=0b10000000;Timer3=0;a1=1;}
0000d8 91a0 0161 	LDS  R26,_adc1
0000da 27bb      	CLR  R27
0000db 32ac      	CPI  R26,LOW(0x12C)
0000dc e0e1      	LDI  R30,HIGH(0x12C)
0000dd 07be      	CPC  R27,R30
0000de f43c      	BRGE _0x15
0000df 91a0 0161 	LDS  R26,_adc1
0000e1 27bb      	CLR  R27
0000e2 3fa4      	CPI  R26,LOW(0x1F4)
0000e3 e0e1      	LDI  R30,HIGH(0x1F4)
0000e4 07be      	CPC  R27,R30
0000e5 f40c      	BRGE _0x16
                 _0x15:
0000e6 c00a      	RJMP _0x14
                 _0x16:
0000e7 b3e2      	IN   R30,0x12
0000e8 e0f0      	LDI  R31,0
0000e9 e8a0      	LDI  R26,LOW(128)
0000ea e0b0      	LDI  R27,HIGH(128)
0000eb 27ea      	EOR  R30,R26
0000ec 27fb      	EOR  R31,R27
0000ed bbe2      	OUT  0x12,R30
0000ee 2499      	CLR  R9
0000ef e0e1      	LDI  R30,LOW(1)
0000f0 2eae      	MOV  R10,R30
                 ;  if((adc1[1]<300)&&(adc1[1]>=500)){PORTD^=0b00100000;Timer3=0;a1=1;}
                 _0x14:
                +
0000f1 91a0 0162+LDS R26 , _adc1 + 1
                 	__GETB2MN _adc1,1
0000f3 27bb      	CLR  R27
0000f4 32ac      	CPI  R26,LOW(0x12C)
0000f5 e0e1      	LDI  R30,HIGH(0x12C)
0000f6 07be      	CPC  R27,R30
0000f7 f43c      	BRGE _0x18
                +
0000f8 91a0 0162+LDS R26 , _adc1 + 1
                 	__GETB2MN _adc1,1
0000fa 27bb      	CLR  R27
0000fb 3fa4      	CPI  R26,LOW(0x1F4)
0000fc e0e1      	LDI  R30,HIGH(0x1F4)
0000fd 07be      	CPC  R27,R30
0000fe f40c      	BRGE _0x19
                 _0x18:
0000ff c00a      	RJMP _0x17
                 _0x19:
000100 b3e2      	IN   R30,0x12
000101 e0f0      	LDI  R31,0
000102 e2a0      	LDI  R26,LOW(32)
000103 e0b0      	LDI  R27,HIGH(32)
000104 27ea      	EOR  R30,R26
000105 27fb      	EOR  R31,R27
000106 bbe2      	OUT  0x12,R30
000107 2499      	CLR  R9
000108 e0e1      	LDI  R30,LOW(1)
000109 2eae      	MOV  R10,R30
                 ;  Timer3=0;
                 _0x17:
00010a 2499      	CLR  R9
                 ;  }// мигание лампы акк разряжен
                 ;
                 ;  if(Timer4>=10){
                 _0x13:
00010b e0ea      	LDI  R30,LOW(10)
00010c 164e      	CP   R4,R30
00010d f0f8      	BRLO _0x1A
                 ;  if(adc1[0]<500){PORTD^=0b10000000;Timer4=0;}
00010e 91a0 0161 	LDS  R26,_adc1
000110 27bb      	CLR  R27
000111 3fa4      	CPI  R26,LOW(0x1F4)
000112 e0e1      	LDI  R30,HIGH(0x1F4)
000113 07be      	CPC  R27,R30
000114 f444      	BRGE _0x1B
000115 b3e2      	IN   R30,0x12
000116 e0f0      	LDI  R31,0
000117 e8a0      	LDI  R26,LOW(128)
000118 e0b0      	LDI  R27,HIGH(128)
000119 27ea      	EOR  R30,R26
00011a 27fb      	EOR  R31,R27
00011b bbe2      	OUT  0x12,R30
00011c 2444      	CLR  R4
                 ;  if(adc1[1]<500){PORTD^=0b00100000;Timer4=0;}
                 _0x1B:
                +
00011d 91a0 0162+LDS R26 , _adc1 + 1
                 	__GETB2MN _adc1,1
00011f 27bb      	CLR  R27
000120 3fa4      	CPI  R26,LOW(0x1F4)
000121 e0e1      	LDI  R30,HIGH(0x1F4)
000122 07be      	CPC  R27,R30
000123 f444      	BRGE _0x1C
000124 b3e2      	IN   R30,0x12
000125 e0f0      	LDI  R31,0
000126 e2a0      	LDI  R26,LOW(32)
000127 e0b0      	LDI  R27,HIGH(32)
000128 27ea      	EOR  R30,R26
000129 27fb      	EOR  R31,R27
00012a bbe2      	OUT  0x12,R30
00012b 2444      	CLR  R4
                 ;  Timer4=0;
                 _0x1C:
00012c 2444      	CLR  R4
                 ;  }// мигание лампы
                 ;
                 ;
                 ;  if(Timer2>=20){
                 _0x1A:
00012d e1e4      	LDI  R30,LOW(20)
00012e 166e      	CP   R6,R30
00012f f020      	BRLO _0x1D
                 ;  PORTB&=~0b00000011;
000130 b3e8      	IN   R30,0x18
000131 e0f0      	LDI  R31,0
000132 7fec      	ANDI R30,LOW(0xFFFC)
000133 bbe8      	OUT  0x18,R30
                 ;  }
                 ;  if(Timer2>=22){
                 _0x1D:
000134 e1e6      	LDI  R30,LOW(22)
000135 166e      	CP   R6,R30
000136 f070      	BRLO _0x1E
                 ;  switch (bat){
000137 2de8      	MOV  R30,R8
000138 e0f0      	LDI  R31,0
                 ;  case 1: {bat=0;break;}
000139 30e1      	CPI  R30,LOW(0x1)
00013a e0a0      	LDI  R26,HIGH(0x1)
00013b 07fa      	CPC  R31,R26
00013c f411      	BRNE _0x22
00013d 2488      	CLR  R8
00013e c004      	RJMP _0x21
                 ;  case 0: {bat=1;break;}
                 _0x22:
00013f 9730      	SBIW R30,0
000140 f411      	BRNE _0x21
000141 e0e1      	LDI  R30,LOW(1)
000142 2e8e      	MOV  R8,R30
                 ;  }
                 _0x21:
                 ;  //bat=1;
                 ;  c1=1;
000143 e0e1      	LDI  R30,LOW(1)
000144 2e7e      	MOV  R7,R30
                 ;  }
                 ;  if(Timer2>=25){
                 _0x1E:
000145 e1e9      	LDI  R30,LOW(25)
000146 166e      	CP   R6,R30
000147 f408      	BRSH PC+2
000148 c054      	RJMP _0x24
                 ;  if(adc1[0]<500){PORTB|=0b00000001;Timer2=0;}
000149 91a0 0161 	LDS  R26,_adc1
00014b 27bb      	CLR  R27
00014c 3fa4      	CPI  R26,LOW(0x1F4)
00014d e0e1      	LDI  R30,HIGH(0x1F4)
00014e 07be      	CPC  R27,R30
00014f f42c      	BRGE _0x25
000150 b3e8      	IN   R30,0x18
000151 e0f0      	LDI  R31,0
000152 60e1      	ORI  R30,1
000153 bbe8      	OUT  0x18,R30
000154 2466      	CLR  R6
                 ;  if(adc1[1]<500){PORTB|=0b00000010;Timer2=0;}
                 _0x25:
                +
000155 91a0 0162+LDS R26 , _adc1 + 1
                 	__GETB2MN _adc1,1
000157 27bb      	CLR  R27
000158 3fa4      	CPI  R26,LOW(0x1F4)
000159 e0e1      	LDI  R30,HIGH(0x1F4)
00015a 07be      	CPC  R27,R30
00015b f42c      	BRGE _0x26
00015c b3e8      	IN   R30,0x18
00015d e0f0      	LDI  R31,0
00015e 60e2      	ORI  R30,2
00015f bbe8      	OUT  0x18,R30
000160 2466      	CLR  R6
                 ;
                 ;  if(adc1[0]>500){PORTB&=~0b00000001;PORTD|=0b10000000;Timer2=0;a1=2;aStop=1;}
                 _0x26:
000161 91a0 0161 	LDS  R26,_adc1
000163 27bb      	CLR  R27
000164 3fa5      	CPI  R26,LOW(0x1F5)
000165 e0e1      	LDI  R30,HIGH(0x1F5)
000166 07be      	CPC  R27,R30
000167 f06c      	BRLT _0x27
000168 b3e8      	IN   R30,0x18
000169 e0f0      	LDI  R31,0
00016a 7fee      	ANDI R30,LOW(0xFFFE)
00016b bbe8      	OUT  0x18,R30
00016c b3e2      	IN   R30,0x12
00016d e0f0      	LDI  R31,0
00016e 68e0      	ORI  R30,0x80
00016f bbe2      	OUT  0x12,R30
000170 2466      	CLR  R6
000171 e0e2      	LDI  R30,LOW(2)
000172 2eae      	MOV  R10,R30
000173 e0e1      	LDI  R30,LOW(1)
000174 2ece      	MOV  R12,R30
                 ;  if(adc1[1]>500){PORTB&=~0b00000010;PORTD|=0b00100000;Timer2=0;a1=2;aStop=1;}
                 _0x27:
                +
000175 91a0 0162+LDS R26 , _adc1 + 1
                 	__GETB2MN _adc1,1
000177 27bb      	CLR  R27
000178 3fa5      	CPI  R26,LOW(0x1F5)
000179 e0e1      	LDI  R30,HIGH(0x1F5)
00017a 07be      	CPC  R27,R30
00017b f06c      	BRLT _0x28
00017c b3e8      	IN   R30,0x18
00017d e0f0      	LDI  R31,0
00017e 7fed      	ANDI R30,LOW(0xFFFD)
00017f bbe8      	OUT  0x18,R30
000180 b3e2      	IN   R30,0x12
000181 e0f0      	LDI  R31,0
000182 62e0      	ORI  R30,0x20
000183 bbe2      	OUT  0x12,R30
000184 2466      	CLR  R6
000185 e0e2      	LDI  R30,LOW(2)
000186 2eae      	MOV  R10,R30
000187 e0e1      	LDI  R30,LOW(1)
000188 2ece      	MOV  R12,R30
                 ;  Timer2=0;
                 _0x28:
000189 2466      	CLR  R6
                 ;
                 ;  printf("bat0=%d bat1=%d#",adc1[0],adc1[1]);
                +
00018a e3e8     +LDI R30 , LOW ( 2 * _0x0 + 0 )
00018b e0f0     +LDI R31 , HIGH ( 2 * _0x0 + 0 )
                 	__POINTW1FN _0x0,0
00018c 93fa      	ST   -Y,R31
00018d 93ea      	ST   -Y,R30
00018e 91e0 0161 	LDS  R30,_adc1
000190 27ff      	CLR  R31
000191 2766      	CLR  R22
000192 2777      	CLR  R23
000193 d2e7      	RCALL __PUTPARD1
                +
000194 91e0 0162+LDS R30 , _adc1 + 1
                 	__GETB1MN _adc1,1
000196 27ff      	CLR  R31
000197 2766      	CLR  R22
000198 2777      	CLR  R23
000199 d2e1      	RCALL __PUTPARD1
00019a e088      	LDI  R24,8
00019b d29b      	RCALL _printf
00019c 962a      	ADIW R28,10
                 ;  }
                 ;}                  //заряд завершен - aStop=0;
                 _0x24:
00019d 91e9      	LD   R30,Y+
00019e bfef      	OUT  SREG,R30
00019f 91f9      	LD   R31,Y+
0001a0 91e9      	LD   R30,Y+
0001a1 91b9      	LD   R27,Y+
0001a2 91a9      	LD   R26,Y+
0001a3 9199      	LD   R25,Y+
0001a4 9189      	LD   R24,Y+
0001a5 9179      	LD   R23,Y+
0001a6 9169      	LD   R22,Y+
0001a7 90f9      	LD   R15,Y+
0001a8 9019      	LD   R1,Y+
0001a9 9009      	LD   R0,Y+
0001aa 9518      	RETI
                 ;
                 ;#include <delay.h>
                 ;
                 ;// Read the AD conversion result
                 ;#include <ADC.c>
                 ;#define ADC_VREF_TYPE 0
                 ;
                 ;
                 ;unsigned int read_adc(unsigned char adc_input)
                 ; 0000 000E {
                 _read_adc:
                 ;ADMUX=adc_input|(ADC_VREF_TYPE & 0xff);
                 ;	adc_input -> Y+0
0001ab 81e8      	LD   R30,Y
0001ac e0f0      	LDI  R31,0
0001ad b9e7      	OUT  0x7,R30
                 ;// Start the AD conversion
                 ;ADCSRA|=0x40;
0001ae b1e6      	IN   R30,0x6
0001af e0f0      	LDI  R31,0
0001b0 64e0      	ORI  R30,0x40
0001b1 b9e6      	OUT  0x6,R30
                 ;// Wait for the AD conversion to complete
                 ;while ((ADCSRA & 0x10)==0);
                 _0x29:
0001b2 b1e6      	IN   R30,0x6
0001b3 e0f0      	LDI  R31,0
0001b4 71e0      	ANDI R30,LOW(0x10)
0001b5 f3e1      	BREQ _0x29
                 ;ADCSRA|=0x10;
0001b6 b1e6      	IN   R30,0x6
0001b7 e0f0      	LDI  R31,0
0001b8 61e0      	ORI  R30,0x10
0001b9 b9e6      	OUT  0x6,R30
                 ;return ADCW;
0001ba b1e4      	IN   R30,0x4
0001bb b1f5      	IN   R31,0x4+1
0001bc c039      	RJMP _0x2060001
                 ;}
                 ;
                 ;// Declare your global variables here
                 ;
                 ;void main(void)
                 ; 0000 0013 {
                 _main:
                 ; 0000 0014 
                 ; 0000 0015 PORTB=0b00000000;
0001bd e0e0      	LDI  R30,LOW(0)
0001be bbe8      	OUT  0x18,R30
                 ; 0000 0016 DDRB=0b01000011;
0001bf e4e3      	LDI  R30,LOW(67)
0001c0 bbe7      	OUT  0x17,R30
                 ; 0000 0017 PORTC=0x00;
0001c1 e0e0      	LDI  R30,LOW(0)
0001c2 bbe5      	OUT  0x15,R30
                 ; 0000 0018 DDRC=0x00;
0001c3 bbe4      	OUT  0x14,R30
                 ; 0000 0019 PORTD=0x00;
0001c4 bbe2      	OUT  0x12,R30
                 ; 0000 001A DDRD=0b10101100;
0001c5 eaec      	LDI  R30,LOW(172)
0001c6 bbe1      	OUT  0x11,R30
                 ; 0000 001B 
                 ; 0000 001C TCCR0=0x01;
0001c7 e0e1      	LDI  R30,LOW(1)
0001c8 bfe3      	OUT  0x33,R30
                 ; 0000 001D TCNT0=0x00;
0001c9 e0e0      	LDI  R30,LOW(0)
0001ca bfe2      	OUT  0x32,R30
                 ; 0000 001E 
                 ; 0000 001F 
                 ; 0000 0020 // Timer(s)/Counter(s) Interrupt(s) initialization
                 ; 0000 0021 TIMSK|=0x01;
0001cb b7e9      	IN   R30,0x39
0001cc e0f0      	LDI  R31,0
0001cd 60e1      	ORI  R30,1
0001ce bfe9      	OUT  0x39,R30
                 ; 0000 0022 
                 ; 0000 0023 UCSRA=0x00;
0001cf e0e0      	LDI  R30,LOW(0)
0001d0 b9eb      	OUT  0xB,R30
                 ; 0000 0024 UCSRB=0x18;
0001d1 e1e8      	LDI  R30,LOW(24)
0001d2 b9ea      	OUT  0xA,R30
                 ; 0000 0025 UCSRC=0x86;
0001d3 e8e6      	LDI  R30,LOW(134)
0001d4 bde0      	OUT  0x20,R30
                 ; 0000 0026 UBRRH=0x00;
0001d5 e0e0      	LDI  R30,LOW(0)
0001d6 bde0      	OUT  0x20,R30
                 ; 0000 0027 UBRRL=0x33;
0001d7 e3e3      	LDI  R30,LOW(51)
0001d8 b9e9      	OUT  0x9,R30
                 ; 0000 0028 
                 ; 0000 0029 // Analog Comparator initialization
                 ; 0000 002A // Analog Comparator: Off
                 ; 0000 002B // Analog Comparator Input Capture by Timer/Counter 1: Off
                 ; 0000 002C ACSR=0x80;
0001d9 e8e0      	LDI  R30,LOW(128)
0001da b9e8      	OUT  0x8,R30
                 ; 0000 002D SFIOR=0x00;
0001db e0e0      	LDI  R30,LOW(0)
0001dc bfe0      	OUT  0x30,R30
                 ; 0000 002E 
                 ; 0000 002F // ADC initialization
                 ; 0000 0030 // ADC Clock frequency: 1000,000 kHz
                 ; 0000 0031 // ADC Voltage Reference: AREF pin
                 ; 0000 0032 ADMUX=ADC_VREF_TYPE & 0xff;
0001dd b9e7      	OUT  0x7,R30
                 ; 0000 0033 ADCSRA=0x83;
0001de e8e3      	LDI  R30,LOW(131)
0001df b9e6      	OUT  0x6,R30
                 ; 0000 0034 
                 ; 0000 0035 // Global enable interrupts
                 ; 0000 0036 #asm("sei")
0001e0 9478      	sei
                 ; 0000 0037 
                 ; 0000 0038 while (1)
                 _0x2C:
                 ; 0000 0039       {
                 ; 0000 003A       // Place your code here
                 ; 0000 003B       if (c1==1){c1=0;adc1[bat] = read_adc(bat);} //проверка уровня заряда
0001e1 e0e1      	LDI  R30,LOW(1)
0001e2 15e7      	CP   R30,R7
0001e3 f461      	BRNE _0x2F
0001e4 2477      	CLR  R7
0001e5 2de8      	MOV  R30,R8
0001e6 e0f0      	LDI  R31,0
0001e7 59ef      	SUBI R30,LOW(-_adc1)
0001e8 4ffe      	SBCI R31,HIGH(-_adc1)
0001e9 93ff      	PUSH R31
0001ea 93ef      	PUSH R30
0001eb 928a      	ST   -Y,R8
0001ec dfbe      	RCALL _read_adc
0001ed 91af      	POP  R26
0001ee 91bf      	POP  R27
0001ef 93ec      	ST   X,R30
                 ; 0000 003C 
                 ; 0000 003D 
                 ; 0000 003E       };
                 _0x2F:
0001f0 cff0      	RJMP _0x2C
                 ; 0000 003F }
                 _0x30:
0001f1 cfff      	RJMP _0x30
                 	#ifndef __SLEEP_DEFINED__
                 	#endif
                 
                 	.CSEG
                 _putchar:
0001f2 9b5d           sbis usr,udre
0001f3 cffe           rjmp _putchar
0001f4 81e8           ld   r30,y
0001f5 b9ec           out  udr,r30
                 _0x2060001:
0001f6 9621      	ADIW R28,1
0001f7 9508      	RET
                 __put_G100:
0001f8 d292      	RCALL __SAVELOCR2
0001f9 81ac      	LDD  R26,Y+4
0001fa 81bd      	LDD  R27,Y+4+1
0001fb d277      	RCALL __GETW1P
0001fc 9730      	SBIW R30,0
0001fd f0d1      	BREQ _0x2000010
0001fe 81aa      	LDD  R26,Y+2
0001ff 81bb      	LDD  R27,Y+2+1
000200 d272      	RCALL __GETW1P
000201 018f      	MOVW R16,R30
000202 9730      	SBIW R30,0
000203 f049      	BREQ _0x2000012
                +
000204 3002     +CPI R16 , LOW ( 2 )
000205 e0e0     +LDI R30 , HIGH ( 2 )
000206 071e     +CPC R17 , R30
                 	__CPWRN 16,17,2
000207 f078      	BRLO _0x2000013
000208 01f8      	MOVW R30,R16
000209 9731      	SBIW R30,1
00020a 018f      	MOVW R16,R30
00020b 93ed      	ST   X+,R30
00020c 93fc      	ST   X,R31
                 _0x2000012:
00020d 81ac      	LDD  R26,Y+4
00020e 81bd      	LDD  R27,Y+4+1
00020f 91ed      	LD   R30,X+
000210 91fd      	LD   R31,X+
000211 9631      	ADIW R30,1
000212 93fe      	ST   -X,R31
000213 93ee      	ST   -X,R30
000214 9731      	SBIW R30,1
000215 81ae      	LDD  R26,Y+6
000216 83a0      	STD  Z+0,R26
                 _0x2000013:
000217 c003      	RJMP _0x2000014
                 _0x2000010:
000218 81ee      	LDD  R30,Y+6
000219 93ea      	ST   -Y,R30
00021a dfd7      	RCALL _putchar
                 _0x2000014:
00021b d276      	RCALL __LOADLOCR2
00021c 9627      	ADIW R28,7
00021d 9508      	RET
                 __print_G100:
00021e 9726      	SBIW R28,6
00021f d267      	RCALL __SAVELOCR6
000220 e010      	LDI  R17,0
                 _0x2000015:
000221 89ea      	LDD  R30,Y+18
000222 89fb      	LDD  R31,Y+18+1
000223 9631      	ADIW R30,1
000224 8bea      	STD  Y+18,R30
000225 8bfb      	STD  Y+18+1,R31
000226 9731      	SBIW R30,1
000227 91e4      	LPM  R30,Z
000228 2f2e      	MOV  R18,R30
000229 30e0      	CPI  R30,0
00022a f409      	BRNE PC+2
00022b c208      	RJMP _0x2000017
00022c 2fe1      	MOV  R30,R17
00022d e0f0      	LDI  R31,0
00022e 9730      	SBIW R30,0
00022f f479      	BRNE _0x200001B
000230 3225      	CPI  R18,37
000231 f411      	BRNE _0x200001C
000232 e011      	LDI  R17,LOW(1)
000233 c00a      	RJMP _0x200001D
                 _0x200001C:
000234 932a      	ST   -Y,R18
000235 85ef      	LDD  R30,Y+15
000236 89f8      	LDD  R31,Y+15+1
000237 93fa      	ST   -Y,R31
000238 93ea      	ST   -Y,R30
000239 01fe      	MOVW R30,R28
00023a 963f      	ADIW R30,15
00023b 93fa      	ST   -Y,R31
00023c 93ea      	ST   -Y,R30
00023d dfba      	RCALL __put_G100
                 _0x200001D:
00023e c1f4      	RJMP _0x200001A
                 _0x200001B:
00023f 30e1      	CPI  R30,LOW(0x1)
000240 e0a0      	LDI  R26,HIGH(0x1)
000241 07fa      	CPC  R31,R26
000242 f4e9      	BRNE _0x200001E
000243 3225      	CPI  R18,37
000244 f459      	BRNE _0x200001F
000245 932a      	ST   -Y,R18
000246 85ef      	LDD  R30,Y+15
000247 89f8      	LDD  R31,Y+15+1
000248 93fa      	ST   -Y,R31
000249 93ea      	ST   -Y,R30
00024a 01fe      	MOVW R30,R28
00024b 963f      	ADIW R30,15
00024c 93fa      	ST   -Y,R31
00024d 93ea      	ST   -Y,R30
00024e dfa9      	RCALL __put_G100
00024f c1e2      	RJMP _0x20000BC
                 _0x200001F:
000250 e012      	LDI  R17,LOW(2)
000251 e040      	LDI  R20,LOW(0)
000252 e000      	LDI  R16,LOW(0)
000253 322d      	CPI  R18,45
000254 f411      	BRNE _0x2000020
000255 e001      	LDI  R16,LOW(1)
000256 c1dc      	RJMP _0x200001A
                 _0x2000020:
000257 322b      	CPI  R18,43
000258 f411      	BRNE _0x2000021
000259 e24b      	LDI  R20,LOW(43)
00025a c1d8      	RJMP _0x200001A
                 _0x2000021:
00025b 3220      	CPI  R18,32
00025c f411      	BRNE _0x2000022
00025d e240      	LDI  R20,LOW(32)
00025e c1d4      	RJMP _0x200001A
                 _0x2000022:
00025f c004      	RJMP _0x2000023
                 _0x200001E:
000260 30e2      	CPI  R30,LOW(0x2)
000261 e0a0      	LDI  R26,HIGH(0x2)
000262 07fa      	CPC  R31,R26
000263 f461      	BRNE _0x2000024
                 _0x2000023:
000264 e050      	LDI  R21,LOW(0)
000265 e013      	LDI  R17,LOW(3)
000266 3320      	CPI  R18,48
000267 f439      	BRNE _0x2000025
000268 2fa0      	MOV  R26,R16
000269 e0b0      	LDI  R27,0
00026a e8e0      	LDI  R30,LOW(128)
00026b e0f0      	LDI  R31,HIGH(128)
00026c 2bea      	OR   R30,R26
00026d 2f0e      	MOV  R16,R30
00026e c1c4      	RJMP _0x200001A
                 _0x2000025:
00026f c005      	RJMP _0x2000026
                 _0x2000024:
000270 30e3      	CPI  R30,LOW(0x3)
000271 e0a0      	LDI  R26,HIGH(0x3)
000272 07fa      	CPC  R31,R26
000273 f009      	BREQ PC+2
000274 c1be      	RJMP _0x200001A
                 _0x2000026:
000275 3320      	CPI  R18,48
000276 f010      	BRLO _0x2000029
000277 332a      	CPI  R18,58
000278 f008      	BRLO _0x200002A
                 _0x2000029:
000279 c014      	RJMP _0x2000028
                 _0x200002A:
00027a 2fa5      	MOV  R26,R21
00027b e0b0      	LDI  R27,0
00027c e0ea      	LDI  R30,LOW(10)
00027d e0f0      	LDI  R31,HIGH(10)
00027e 02ea      	MULS R30,R26
00027f 01f0      	MOVW R30,R0
000280 2f5e      	MOV  R21,R30
000281 2f65      	MOV  R22,R21
000282 2777      	CLR  R23
000283 2fa2      	MOV  R26,R18
000284 e0b0      	LDI  R27,0
000285 e3e0      	LDI  R30,LOW(48)
000286 e0f0      	LDI  R31,HIGH(48)
000287 d1f8      	RCALL __SWAPW12
000288 1bea      	SUB  R30,R26
000289 0bfb      	SBC  R31,R27
00028a 01db      	MOVW R26,R22
00028b 0fea      	ADD  R30,R26
00028c 2f5e      	MOV  R21,R30
00028d c1a5      	RJMP _0x200001A
                 _0x2000028:
00028e 2fe2      	MOV  R30,R18
00028f e0f0      	LDI  R31,0
000290 36e3      	CPI  R30,LOW(0x63)
000291 e0a0      	LDI  R26,HIGH(0x63)
000292 07fa      	CPC  R31,R26
000293 f489      	BRNE _0x200002E
000294 89e8      	LDD  R30,Y+16
000295 89f9      	LDD  R31,Y+16+1
000296 9734      	SBIW R30,4
000297 8be8      	STD  Y+16,R30
000298 8bf9      	STD  Y+16+1,R31
000299 81a4      	LDD  R26,Z+4
00029a 93aa      	ST   -Y,R26
00029b 85ef      	LDD  R30,Y+15
00029c 89f8      	LDD  R31,Y+15+1
00029d 93fa      	ST   -Y,R31
00029e 93ea      	ST   -Y,R30
00029f 01fe      	MOVW R30,R28
0002a0 963f      	ADIW R30,15
0002a1 93fa      	ST   -Y,R31
0002a2 93ea      	ST   -Y,R30
0002a3 df54      	RCALL __put_G100
0002a4 c18d      	RJMP _0x200002F
                 _0x200002E:
0002a5 37e3      	CPI  R30,LOW(0x73)
0002a6 e0a0      	LDI  R26,HIGH(0x73)
0002a7 07fa      	CPC  R31,R26
0002a8 f481      	BRNE _0x2000031
0002a9 89e8      	LDD  R30,Y+16
0002aa 89f9      	LDD  R31,Y+16+1
0002ab 9734      	SBIW R30,4
0002ac 8be8      	STD  Y+16,R30
0002ad 8bf9      	STD  Y+16+1,R31
0002ae 89a8      	LDD  R26,Y+16
0002af 89b9      	LDD  R27,Y+16+1
0002b0 9614      	ADIW R26,4
0002b1 d1c1      	RCALL __GETW1P
0002b2 83ee      	STD  Y+6,R30
0002b3 83ff      	STD  Y+6+1,R31
0002b4 93fa      	ST   -Y,R31
0002b5 93ea      	ST   -Y,R30
0002b6 d19f      	RCALL _strlen
0002b7 2f1e      	MOV  R17,R30
0002b8 c019      	RJMP _0x2000032
                 _0x2000031:
0002b9 37e0      	CPI  R30,LOW(0x70)
0002ba e0a0      	LDI  R26,HIGH(0x70)
0002bb 07fa      	CPC  R31,R26
0002bc f519      	BRNE _0x2000034
0002bd 89e8      	LDD  R30,Y+16
0002be 89f9      	LDD  R31,Y+16+1
0002bf 9734      	SBIW R30,4
0002c0 8be8      	STD  Y+16,R30
0002c1 8bf9      	STD  Y+16+1,R31
0002c2 89a8      	LDD  R26,Y+16
0002c3 89b9      	LDD  R27,Y+16+1
0002c4 9614      	ADIW R26,4
0002c5 d1ad      	RCALL __GETW1P
0002c6 83ee      	STD  Y+6,R30
0002c7 83ff      	STD  Y+6+1,R31
0002c8 93fa      	ST   -Y,R31
0002c9 93ea      	ST   -Y,R30
0002ca d195      	RCALL _strlenf
0002cb 2f1e      	MOV  R17,R30
0002cc 2fa0      	MOV  R26,R16
0002cd e0b0      	LDI  R27,0
0002ce e0e8      	LDI  R30,LOW(8)
0002cf e0f0      	LDI  R31,HIGH(8)
0002d0 2bea      	OR   R30,R26
0002d1 2f0e      	MOV  R16,R30
                 _0x2000032:
0002d2 2fa0      	MOV  R26,R16
0002d3 e0b0      	LDI  R27,0
0002d4 e0e2      	LDI  R30,LOW(2)
0002d5 e0f0      	LDI  R31,HIGH(2)
0002d6 2bea      	OR   R30,R26
0002d7 2f0e      	MOV  R16,R30
0002d8 2fa0      	MOV  R26,R16
0002d9 e0b0      	LDI  R27,0
0002da e7ef      	LDI  R30,LOW(65407)
0002db efff      	LDI  R31,HIGH(65407)
0002dc 23ea      	AND  R30,R26
0002dd 2f0e      	MOV  R16,R30
0002de e030      	LDI  R19,LOW(0)
0002df c05e      	RJMP _0x2000035
                 _0x2000034:
0002e0 36e4      	CPI  R30,LOW(0x64)
0002e1 e0a0      	LDI  R26,HIGH(0x64)
0002e2 07fa      	CPC  R31,R26
0002e3 f021      	BREQ _0x2000038
0002e4 36e9      	CPI  R30,LOW(0x69)
0002e5 e0a0      	LDI  R26,HIGH(0x69)
0002e6 07fa      	CPC  R31,R26
0002e7 f439      	BRNE _0x2000039
                 _0x2000038:
0002e8 2fa0      	MOV  R26,R16
0002e9 e0b0      	LDI  R27,0
0002ea e0e4      	LDI  R30,LOW(4)
0002eb e0f0      	LDI  R31,HIGH(4)
0002ec 2bea      	OR   R30,R26
0002ed 2f0e      	MOV  R16,R30
0002ee c004      	RJMP _0x200003A
                 _0x2000039:
0002ef 37e5      	CPI  R30,LOW(0x75)
0002f0 e0a0      	LDI  R26,HIGH(0x75)
0002f1 07fa      	CPC  R31,R26
0002f2 f431      	BRNE _0x200003B
                 _0x200003A:
0002f3 e2e6      	LDI  R30,LOW(_tbl10_G100*2)
0002f4 e0f0      	LDI  R31,HIGH(_tbl10_G100*2)
0002f5 83ee      	STD  Y+6,R30
0002f6 83ff      	STD  Y+6+1,R31
0002f7 e015      	LDI  R17,LOW(5)
0002f8 c015      	RJMP _0x200003C
                 _0x200003B:
0002f9 35e8      	CPI  R30,LOW(0x58)
0002fa e0a0      	LDI  R26,HIGH(0x58)
0002fb 07fa      	CPC  R31,R26
0002fc f439      	BRNE _0x200003E
0002fd 2fa0      	MOV  R26,R16
0002fe e0b0      	LDI  R27,0
0002ff e0e8      	LDI  R30,LOW(8)
000300 e0f0      	LDI  R31,HIGH(8)
000301 2bea      	OR   R30,R26
000302 2f0e      	MOV  R16,R30
000303 c005      	RJMP _0x200003F
                 _0x200003E:
000304 37e8      	CPI  R30,LOW(0x78)
000305 e0a0      	LDI  R26,HIGH(0x78)
000306 07fa      	CPC  R31,R26
000307 f009      	BREQ PC+2
000308 c129      	RJMP _0x2000070
                 _0x200003F:
000309 e3e0      	LDI  R30,LOW(_tbl16_G100*2)
00030a e0f0      	LDI  R31,HIGH(_tbl16_G100*2)
00030b 83ee      	STD  Y+6,R30
00030c 83ff      	STD  Y+6+1,R31
00030d e014      	LDI  R17,LOW(4)
                 _0x200003C:
00030e 2fa0      	MOV  R26,R16
00030f e0b0      	LDI  R27,0
000310 e0e4      	LDI  R30,LOW(4)
000311 e0f0      	LDI  R31,HIGH(4)
000312 23ea      	AND  R30,R26
000313 23fb      	AND  R31,R27
000314 9730      	SBIW R30,0
000315 f0e9      	BREQ _0x2000041
000316 89e8      	LDD  R30,Y+16
000317 89f9      	LDD  R31,Y+16+1
000318 9734      	SBIW R30,4
000319 8be8      	STD  Y+16,R30
00031a 8bf9      	STD  Y+16+1,R31
00031b 89a8      	LDD  R26,Y+16
00031c 89b9      	LDD  R27,Y+16+1
00031d 9614      	ADIW R26,4
00031e d154      	RCALL __GETW1P
00031f 87ea      	STD  Y+10,R30
000320 87fb      	STD  Y+10+1,R31
000321 85ab      	LDD  R26,Y+11
000322 23aa      	TST  R26
000323 f422      	BRPL _0x2000042
000324 d14a      	RCALL __ANEGW1
000325 87ea      	STD  Y+10,R30
000326 87fb      	STD  Y+10+1,R31
000327 e24d      	LDI  R20,LOW(45)
                 _0x2000042:
000328 3040      	CPI  R20,0
000329 f011      	BREQ _0x2000043
00032a 5f1f      	SUBI R17,-LOW(1)
00032b c006      	RJMP _0x2000044
                 _0x2000043:
00032c 2fa0      	MOV  R26,R16
00032d e0b0      	LDI  R27,0
00032e efeb      	LDI  R30,LOW(65531)
00032f efff      	LDI  R31,HIGH(65531)
000330 23ea      	AND  R30,R26
000331 2f0e      	MOV  R16,R30
                 _0x2000044:
000332 c00b      	RJMP _0x2000045
                 _0x2000041:
000333 89e8      	LDD  R30,Y+16
000334 89f9      	LDD  R31,Y+16+1
000335 9734      	SBIW R30,4
000336 8be8      	STD  Y+16,R30
000337 8bf9      	STD  Y+16+1,R31
000338 89a8      	LDD  R26,Y+16
000339 89b9      	LDD  R27,Y+16+1
00033a 9614      	ADIW R26,4
00033b d137      	RCALL __GETW1P
00033c 87ea      	STD  Y+10,R30
00033d 87fb      	STD  Y+10+1,R31
                 _0x2000045:
                 _0x2000035:
00033e 2fe0      	MOV  R30,R16
00033f e0f0      	LDI  R31,0
000340 70e1      	ANDI R30,LOW(0x1)
000341 f551      	BRNE _0x2000046
                 _0x2000047:
000342 1715      	CP   R17,R21
000343 f540      	BRSH _0x2000049
000344 2fa0      	MOV  R26,R16
000345 e0b0      	LDI  R27,0
000346 e8e0      	LDI  R30,LOW(128)
000347 e0f0      	LDI  R31,HIGH(128)
000348 23ea      	AND  R30,R26
000349 23fb      	AND  R31,R27
00034a 9730      	SBIW R30,0
00034b f099      	BREQ _0x200004A
00034c 2fa0      	MOV  R26,R16
00034d e0b0      	LDI  R27,0
00034e e0e4      	LDI  R30,LOW(4)
00034f e0f0      	LDI  R31,HIGH(4)
000350 23ea      	AND  R30,R26
000351 23fb      	AND  R31,R27
000352 9730      	SBIW R30,0
000353 f049      	BREQ _0x200004B
000354 2fa0      	MOV  R26,R16
000355 e0b0      	LDI  R27,0
000356 efeb      	LDI  R30,LOW(65531)
000357 efff      	LDI  R31,HIGH(65531)
000358 23ea      	AND  R30,R26
000359 2f0e      	MOV  R16,R30
00035a 2f24      	MOV  R18,R20
00035b 5011      	SUBI R17,LOW(1)
00035c c001      	RJMP _0x200004C
                 _0x200004B:
00035d e320      	LDI  R18,LOW(48)
                 _0x200004C:
00035e c001      	RJMP _0x200004D
                 _0x200004A:
00035f e220      	LDI  R18,LOW(32)
                 _0x200004D:
000360 932a      	ST   -Y,R18
000361 85ef      	LDD  R30,Y+15
000362 89f8      	LDD  R31,Y+15+1
000363 93fa      	ST   -Y,R31
000364 93ea      	ST   -Y,R30
000365 01fe      	MOVW R30,R28
000366 963f      	ADIW R30,15
000367 93fa      	ST   -Y,R31
000368 93ea      	ST   -Y,R30
000369 de8e      	RCALL __put_G100
00036a 5051      	SUBI R21,LOW(1)
00036b cfd6      	RJMP _0x2000047
                 _0x2000049:
                 _0x2000046:
00036c 2f31      	MOV  R19,R17
00036d 2fa0      	MOV  R26,R16
00036e e0b0      	LDI  R27,0
00036f e0e2      	LDI  R30,LOW(2)
000370 e0f0      	LDI  R31,HIGH(2)
000371 23ea      	AND  R30,R26
000372 23fb      	AND  R31,R27
000373 9730      	SBIW R30,0
000374 f139      	BREQ _0x200004E
                 _0x200004F:
000375 3030      	CPI  R19,0
000376 f121      	BREQ _0x2000051
000377 2fa0      	MOV  R26,R16
000378 e0b0      	LDI  R27,0
000379 e0e8      	LDI  R30,LOW(8)
00037a e0f0      	LDI  R31,HIGH(8)
00037b 23ea      	AND  R30,R26
00037c 23fb      	AND  R31,R27
00037d 9730      	SBIW R30,0
00037e f041      	BREQ _0x2000052
00037f 81ee      	LDD  R30,Y+6
000380 81ff      	LDD  R31,Y+6+1
000381 9631      	ADIW R30,1
000382 83ee      	STD  Y+6,R30
000383 83ff      	STD  Y+6+1,R31
000384 9731      	SBIW R30,1
000385 91e4      	LPM  R30,Z
000386 c005      	RJMP _0x20000BD
                 _0x2000052:
000387 81ae      	LDD  R26,Y+6
000388 81bf      	LDD  R27,Y+6+1
000389 91ed      	LD   R30,X+
00038a 83ae      	STD  Y+6,R26
00038b 83bf      	STD  Y+6+1,R27
                 _0x20000BD:
00038c 93ea      	ST   -Y,R30
00038d 85ef      	LDD  R30,Y+15
00038e 89f8      	LDD  R31,Y+15+1
00038f 93fa      	ST   -Y,R31
000390 93ea      	ST   -Y,R30
000391 01fe      	MOVW R30,R28
000392 963f      	ADIW R30,15
000393 93fa      	ST   -Y,R31
000394 93ea      	ST   -Y,R30
000395 de62      	RCALL __put_G100
000396 3050      	CPI  R21,0
000397 f009      	BREQ _0x2000054
000398 5051      	SUBI R21,LOW(1)
                 _0x2000054:
000399 5031      	SUBI R19,LOW(1)
00039a cfda      	RJMP _0x200004F
                 _0x2000051:
00039b c083      	RJMP _0x2000055
                 _0x200004E:
                 _0x2000057:
00039c e320      	LDI  R18,LOW(48)
00039d 81ee      	LDD  R30,Y+6
00039e 81ff      	LDD  R31,Y+6+1
00039f d0d7      	RCALL __GETW1PF
0003a0 87e8      	STD  Y+8,R30
0003a1 87f9      	STD  Y+8+1,R31
0003a2 81ee      	LDD  R30,Y+6
0003a3 81ff      	LDD  R31,Y+6+1
0003a4 9632      	ADIW R30,2
0003a5 83ee      	STD  Y+6,R30
0003a6 83ff      	STD  Y+6+1,R31
                 _0x2000059:
0003a7 85e8      	LDD  R30,Y+8
0003a8 85f9      	LDD  R31,Y+8+1
0003a9 85aa      	LDD  R26,Y+10
0003aa 85bb      	LDD  R27,Y+10+1
0003ab 17ae      	CP   R26,R30
0003ac 07bf      	CPC  R27,R31
0003ad f050      	BRLO _0x200005B
0003ae 5f2f      	SUBI R18,-LOW(1)
0003af 85a8      	LDD  R26,Y+8
0003b0 85b9      	LDD  R27,Y+8+1
0003b1 85ea      	LDD  R30,Y+10
0003b2 85fb      	LDD  R31,Y+10+1
0003b3 1bea      	SUB  R30,R26
0003b4 0bfb      	SBC  R31,R27
0003b5 87ea      	STD  Y+10,R30
0003b6 87fb      	STD  Y+10+1,R31
0003b7 cfef      	RJMP _0x2000059
                 _0x200005B:
0003b8 332a      	CPI  R18,58
0003b9 f080      	BRLO _0x200005C
0003ba 2fa0      	MOV  R26,R16
0003bb e0b0      	LDI  R27,0
0003bc e0e8      	LDI  R30,LOW(8)
0003bd e0f0      	LDI  R31,HIGH(8)
0003be 23ea      	AND  R30,R26
0003bf 23fb      	AND  R31,R27
0003c0 9730      	SBIW R30,0
0003c1 f021      	BREQ _0x200005D
0003c2 2fe2      	MOV  R30,R18
0003c3 e0f0      	LDI  R31,0
0003c4 9637      	ADIW R30,7
0003c5 c003      	RJMP _0x20000BE
                 _0x200005D:
0003c6 2fe2      	MOV  R30,R18
0003c7 e0f0      	LDI  R31,0
0003c8 96b7      	ADIW R30,39
                 _0x20000BE:
0003c9 2f2e      	MOV  R18,R30
                 _0x200005C:
0003ca 2fa0      	MOV  R26,R16
0003cb e0b0      	LDI  R27,0
0003cc e1e0      	LDI  R30,LOW(16)
0003cd e0f0      	LDI  R31,HIGH(16)
0003ce 23ea      	AND  R30,R26
0003cf 23fb      	AND  R31,R27
0003d0 9730      	SBIW R30,0
0003d1 f009      	BREQ _0x200005F
0003d2 c039      	RJMP _0x2000060
                 _0x200005F:
0003d3 3321      	CPI  R18,49
0003d4 f420      	BRSH _0x2000062
0003d5 85a8      	LDD  R26,Y+8
0003d6 85b9      	LDD  R27,Y+8+1
0003d7 9711      	SBIW R26,1
0003d8 f409      	BRNE _0x2000061
                 _0x2000062:
0003d9 c011      	RJMP _0x20000BF
                 _0x2000061:
0003da 1753      	CP   R21,R19
0003db f020      	BRLO _0x2000066
0003dc 2fe0      	MOV  R30,R16
0003dd e0f0      	LDI  R31,0
0003de 70e1      	ANDI R30,LOW(0x1)
0003df f009      	BREQ _0x2000067
                 _0x2000066:
0003e0 c038      	RJMP _0x2000065
                 _0x2000067:
0003e1 e220      	LDI  R18,LOW(32)
0003e2 2fa0      	MOV  R26,R16
0003e3 e0b0      	LDI  R27,0
0003e4 e8e0      	LDI  R30,LOW(128)
0003e5 e0f0      	LDI  R31,HIGH(128)
0003e6 23ea      	AND  R30,R26
0003e7 23fb      	AND  R31,R27
0003e8 9730      	SBIW R30,0
0003e9 f111      	BREQ _0x2000068
0003ea e320      	LDI  R18,LOW(48)
                 _0x20000BF:
0003eb 2fa0      	MOV  R26,R16
0003ec e0b0      	LDI  R27,0
0003ed e1e0      	LDI  R30,LOW(16)
0003ee e0f0      	LDI  R31,HIGH(16)
0003ef 2bea      	OR   R30,R26
0003f0 2f0e      	MOV  R16,R30
0003f1 2fa0      	MOV  R26,R16
0003f2 e0b0      	LDI  R27,0
0003f3 e0e4      	LDI  R30,LOW(4)
0003f4 e0f0      	LDI  R31,HIGH(4)
0003f5 23ea      	AND  R30,R26
0003f6 23fb      	AND  R31,R27
0003f7 9730      	SBIW R30,0
0003f8 f099      	BREQ _0x2000069
0003f9 2fa0      	MOV  R26,R16
0003fa e0b0      	LDI  R27,0
0003fb efeb      	LDI  R30,LOW(65531)
0003fc efff      	LDI  R31,HIGH(65531)
0003fd 23ea      	AND  R30,R26
0003fe 2f0e      	MOV  R16,R30
0003ff 934a      	ST   -Y,R20
000400 85ef      	LDD  R30,Y+15
000401 89f8      	LDD  R31,Y+15+1
000402 93fa      	ST   -Y,R31
000403 93ea      	ST   -Y,R30
000404 01fe      	MOVW R30,R28
000405 963f      	ADIW R30,15
000406 93fa      	ST   -Y,R31
000407 93ea      	ST   -Y,R30
000408 ddef      	RCALL __put_G100
000409 3050      	CPI  R21,0
00040a f009      	BREQ _0x200006A
00040b 5051      	SUBI R21,LOW(1)
                 _0x200006A:
                 _0x2000069:
                 _0x2000068:
                 _0x2000060:
00040c 932a      	ST   -Y,R18
00040d 85ef      	LDD  R30,Y+15
00040e 89f8      	LDD  R31,Y+15+1
00040f 93fa      	ST   -Y,R31
000410 93ea      	ST   -Y,R30
000411 01fe      	MOVW R30,R28
000412 963f      	ADIW R30,15
000413 93fa      	ST   -Y,R31
000414 93ea      	ST   -Y,R30
000415 dde2      	RCALL __put_G100
000416 3050      	CPI  R21,0
000417 f009      	BREQ _0x200006B
000418 5051      	SUBI R21,LOW(1)
                 _0x200006B:
                 _0x2000065:
000419 5031      	SUBI R19,LOW(1)
00041a 85a8      	LDD  R26,Y+8
00041b 85b9      	LDD  R27,Y+8+1
00041c 9712      	SBIW R26,2
00041d f008      	BRLO _0x2000058
00041e cf7d      	RJMP _0x2000057
                 _0x2000058:
                 _0x2000055:
00041f 2fe0      	MOV  R30,R16
000420 e0f0      	LDI  R31,0
000421 70e1      	ANDI R30,LOW(0x1)
000422 f079      	BREQ _0x200006C
                 _0x200006D:
000423 3050      	CPI  R21,0
000424 f069      	BREQ _0x200006F
000425 5051      	SUBI R21,LOW(1)
000426 e2e0      	LDI  R30,LOW(32)
000427 93ea      	ST   -Y,R30
000428 85ef      	LDD  R30,Y+15
000429 89f8      	LDD  R31,Y+15+1
00042a 93fa      	ST   -Y,R31
00042b 93ea      	ST   -Y,R30
00042c 01fe      	MOVW R30,R28
00042d 963f      	ADIW R30,15
00042e 93fa      	ST   -Y,R31
00042f 93ea      	ST   -Y,R30
000430 ddc7      	RCALL __put_G100
000431 cff1      	RJMP _0x200006D
                 _0x200006F:
                 _0x200006C:
                 _0x2000070:
                 _0x200002F:
                 _0x20000BC:
000432 e010      	LDI  R17,LOW(0)
                 _0x200001A:
000433 cded      	RJMP _0x2000015
                 _0x2000017:
000434 d059      	RCALL __LOADLOCR6
000435 9664      	ADIW R28,20
000436 9508      	RET
                 _printf:
000437 92ff      	PUSH R15
000438 2ef8      	MOV  R15,R24
000439 9722      	SBIW R28,2
00043a d050      	RCALL __SAVELOCR2
00043b 01de      	MOVW R26,R28
00043c d02e      	RCALL __ADDW2R15
00043d 018d      	MOVW R16,R26
00043e e0e0      	LDI  R30,0
00043f 83ea      	STD  Y+2,R30
000440 83eb      	STD  Y+2+1,R30
000441 01de      	MOVW R26,R28
000442 9614      	ADIW R26,4
000443 d027      	RCALL __ADDW2R15
000444 d02e      	RCALL __GETW1P
000445 93fa      	ST   -Y,R31
000446 93ea      	ST   -Y,R30
000447 931a      	ST   -Y,R17
000448 930a      	ST   -Y,R16
000449 01fe      	MOVW R30,R28
00044a 9636      	ADIW R30,6
00044b 93fa      	ST   -Y,R31
00044c 93ea      	ST   -Y,R30
00044d e0e0      	LDI  R30,LOW(0)
00044e e0f0      	LDI  R31,HIGH(0)
00044f 93fa      	ST   -Y,R31
000450 93ea      	ST   -Y,R30
000451 ddcc      	RCALL __print_G100
000452 d03f      	RCALL __LOADLOCR2
000453 9624      	ADIW R28,4
000454 90ff      	POP  R15
000455 9508      	RET
                 
                 	.CSEG
                 
                 	.CSEG
                 _strlen:
000456 91a9          ld   r26,y+
000457 91b9          ld   r27,y+
000458 27ee          clr  r30
000459 27ff          clr  r31
                 strlen0:
00045a 916d          ld   r22,x+
00045b 2366          tst  r22
00045c f011          breq strlen1
00045d 9631          adiw r30,1
00045e cffb          rjmp strlen0
                 strlen1:
00045f 9508          ret
                 _strlenf:
000460 27aa          clr  r26
000461 27bb          clr  r27
000462 91e9          ld   r30,y+
000463 91f9          ld   r31,y+
                 strlenf0:
000464 9005          lpm  r0,z+
000465 2000          tst  r0
000466 f011          breq strlenf1
000467 9611          adiw r26,1
000468 cffb          rjmp strlenf0
                 strlenf1:
000469 01fd          movw r30,r26
00046a 9508          ret
                 
                 	.DSEG
                 _Timer8:
000160           	.BYTE 0x1
                 _adc1:
000161           	.BYTE 0x2
                 _Timer6:
000163           	.BYTE 0x1
                 _p_S1020024:
000164           	.BYTE 0x2
                 
                 	.CSEG
                 
                 	.CSEG
                 __ADDW2R15:
00046b 2400      	CLR  R0
00046c 0daf      	ADD  R26,R15
00046d 1db0      	ADC  R27,R0
00046e 9508      	RET
                 
                 __ANEGW1:
00046f 95f1      	NEG  R31
000470 95e1      	NEG  R30
000471 40f0      	SBCI R31,0
000472 9508      	RET
                 
                 __GETW1P:
000473 91ed      	LD   R30,X+
000474 91fc      	LD   R31,X
000475 9711      	SBIW R26,1
000476 9508      	RET
                 
                 __GETW1PF:
000477 9005      	LPM  R0,Z+
000478 91f4      	LPM  R31,Z
000479 2de0      	MOV  R30,R0
00047a 9508      	RET
                 
                 __PUTPARD1:
00047b 937a      	ST   -Y,R23
00047c 936a      	ST   -Y,R22
00047d 93fa      	ST   -Y,R31
00047e 93ea      	ST   -Y,R30
00047f 9508      	RET
                 
                 __SWAPW12:
000480 2e1b      	MOV  R1,R27
000481 2fbf      	MOV  R27,R31
000482 2df1      	MOV  R31,R1
                 
                 __SWAPB12:
000483 2e1a      	MOV  R1,R26
000484 2fae      	MOV  R26,R30
000485 2de1      	MOV  R30,R1
000486 9508      	RET
                 
                 __SAVELOCR6:
000487 935a      	ST   -Y,R21
                 __SAVELOCR5:
000488 934a      	ST   -Y,R20
                 __SAVELOCR4:
000489 933a      	ST   -Y,R19
                 __SAVELOCR3:
00048a 932a      	ST   -Y,R18
                 __SAVELOCR2:
00048b 931a      	ST   -Y,R17
00048c 930a      	ST   -Y,R16
00048d 9508      	RET
                 
                 __LOADLOCR6:
00048e 815d      	LDD  R21,Y+5
                 __LOADLOCR5:
00048f 814c      	LDD  R20,Y+4
                 __LOADLOCR4:
000490 813b      	LDD  R19,Y+3
                 __LOADLOCR3:
000491 812a      	LDD  R18,Y+2
                 __LOADLOCR2:
000492 8119      	LDD  R17,Y+1
000493 8108      	LD   R16,Y
000494 9508      	RET
                 
                 ;END OF CODE MARKER
                 __END_OF_CODE:


RESOURCE USE INFORMATION
------------------------

Notice:
The register and instruction counts are symbol table hit counts,
and hence implicitly used resources are not counted, eg, the
'lpm' instruction without operands implicitly uses r0 and z,
none of which are counted.

x,y,z are separate entities in the symbol table and are
counted separately from r26..r31 here.

.dseg memory usage only counts static data declared with .byte

ATmega8 register use summary:
r0 :   9 r1 :   6 r2 :   0 r3 :   0 r4 :   5 r5 :   2 r6 :   9 r7 :   3 
r8 :   5 r9 :   5 r10:   8 r11:   8 r12:   6 r13:   6 r14:   0 r15:   6 
r16:  42 r17:  18 r18:  29 r19:   8 r20:   9 r21:  18 r22:   9 r23:   6 
r24:   8 r25:   3 r26: 156 r27:  97 r28:  19 r29:   1 r30: 435 r31: 167 
x  :  13 y  : 205 z  :   7 
Registers used: 32 out of 35 (91.4%)

ATmega8 instruction use summary:
adc   :   1 add   :   2 adiw  :  27 and   :  22 andi  :   9 asr   :   0 
bclr  :   0 bld   :   0 brbc  :   0 brbs  :   0 brcc  :   0 brcs  :   0 
break :   0 breq  :  27 brge  :   8 brhc  :   0 brhs  :   0 brid  :   0 
brie  :   0 brlo  :  14 brlt  :   6 brmi  :   0 brne  :  28 brpl  :   1 
brsh  :   3 brtc  :   0 brts  :   0 brvc  :   0 brvs  :   0 bset  :   0 
bst   :   0 cbi   :   0 cbr   :   0 clc   :   0 clh   :   0 cli   :   1 
cln   :   0 clr   :  48 cls   :   0 clt   :   0 clv   :   0 clz   :   0 
com   :   0 cp    :  18 cpc   :  28 cpi   :  45 cpse  :   0 dec   :   1 
des   :   0 eor   :  14 fmul  :   0 fmuls :   0 fmulsu:   0 icall :   0 
ijmp  :   0 in    :  23 inc   :   7 ld    :  25 ldd   :  71 ldi   : 216 
lds   :  20 lpm   :   8 lsl   :   0 lsr   :   0 mov   :  69 movw  :  18 
mul   :   0 muls  :   1 mulsu :   0 neg   :   2 nop   :   0 or    :   6 
ori   :   7 out   :  47 pop   :   3 push  :   3 rcall :  34 ret   :  14 
reti  :   1 rjmp  :  69 rol   :   0 ror   :   0 sbc   :   2 sbci  :   2 
sbi   :   0 sbic  :   0 sbis  :   1 sbiw  :  28 sbr   :   0 sbrc  :   0 
sbrs  :   0 sec   :   0 seh   :   0 sei   :   1 sen   :   0 ser   :   0 
ses   :   0 set   :   0 sev   :   0 sez   :   0 sleep :   0 spm   :   0 
st    :  85 std   :  39 sts   :   7 sub   :   2 subi  :  14 swap  :   0 
tst   :   3 wdr   :   0 
Instructions used: 50 out of 110 (45.5%)

ATmega8 memory use summary [bytes]:
Segment   Begin    End      Code   Data   Used    Size   Use%
---------------------------------------------------------------
[.cseg] 0x000000 0x00092a   2310     36   2346    8192  28.6%
[.dseg] 0x000060 0x000166      0      6      6    1024   0.6%
[.eseg] 0x000000 0x000000      0      0      0     512   0.0%

Assembly complete, 0 errors, 11 warnings
