
AVRASM ver. 2.1.17  D:\My documents\Programming\Proteus\IE\List\Alarm.asm Tue May 07 20:16:37 2013

D:\My documents\Programming\Proteus\IE\List\Alarm.asm(1026): warning: Register r5 already defined by the .DEF directive
D:\My documents\Programming\Proteus\IE\List\Alarm.asm(1027): warning: Register r4 already defined by the .DEF directive
D:\My documents\Programming\Proteus\IE\List\Alarm.asm(1028): warning: Register r7 already defined by the .DEF directive
D:\My documents\Programming\Proteus\IE\List\Alarm.asm(1029): warning: Register r6 already defined by the .DEF directive
D:\My documents\Programming\Proteus\IE\List\Alarm.asm(1030): warning: Register r9 already defined by the .DEF directive
D:\My documents\Programming\Proteus\IE\List\Alarm.asm(1031): warning: Register r8 already defined by the .DEF directive
D:\My documents\Programming\Proteus\IE\List\Alarm.asm(1032): warning: Register r11 already defined by the .DEF directive
D:\My documents\Programming\Proteus\IE\List\Alarm.asm(1033): warning: Register r10 already defined by the .DEF directive
D:\My documents\Programming\Proteus\IE\List\Alarm.asm(1034): warning: Register r13 already defined by the .DEF directive
D:\My documents\Programming\Proteus\IE\List\Alarm.asm(1035): warning: Register r12 already defined by the .DEF directive
                 
                 
                 ;CodeVisionAVR C Compiler V2.03.4 Standard
                 ;(C) Copyright 1998-2008 Pavel Haiduc, HP InfoTech s.r.l.
                 ;http://www.hpinfotech.com
                 
                 ;Chip type              : ATmega8
                 ;Program type           : Application
                 ;Clock frequency        : 1,000000 MHz
                 ;Memory model           : Small
                 ;Optimize for           : Size
                 ;(s)printf features     : int, width
                 ;(s)scanf features      : int, width
                 ;External RAM size      : 0
                 ;Data Stack size        : 256 byte(s)
                 ;Heap size              : 0 byte(s)
                 ;Promote char to int    : Yes
                 ;char is unsigned       : Yes
                 ;global const stored in FLASH  : No
                 ;8 bit enums            : Yes
                 ;Enhanced core instructions    : On
                 ;Smart register allocation : On
                 ;Automatic register allocation : On
                 
                 	#pragma AVRPART ADMIN PART_NAME ATmega8
                 	#pragma AVRPART MEMORY PROG_FLASH 8192
                 	#pragma AVRPART MEMORY EEPROM 512
                 	#pragma AVRPART MEMORY INT_SRAM SIZE 1024
                 	#pragma AVRPART MEMORY INT_SRAM START_ADDR 0x60
                 
                 	.LISTMAC
                 	.EQU UDRE=0x5
                 	.EQU RXC=0x7
                 	.EQU USR=0xB
                 	.EQU UDR=0xC
                 	.EQU SPSR=0xE
                 	.EQU SPDR=0xF
                 	.EQU EERE=0x0
                 	.EQU EEWE=0x1
                 	.EQU EEMWE=0x2
                 	.EQU EECR=0x1C
                 	.EQU EEDR=0x1D
                 	.EQU EEARL=0x1E
                 	.EQU EEARH=0x1F
                 	.EQU WDTCR=0x21
                 	.EQU MCUCR=0x35
                 	.EQU GICR=0x3B
                 	.EQU SPL=0x3D
                 	.EQU SPH=0x3E
                 	.EQU SREG=0x3F
                 
                 	.DEF R0X0=R0
                 	.DEF R0X1=R1
                 	.DEF R0X2=R2
                 	.DEF R0X3=R3
                 	.DEF R0X4=R4
                 	.DEF R0X5=R5
                 	.DEF R0X6=R6
                 	.DEF R0X7=R7
                 	.DEF R0X8=R8
                 	.DEF R0X9=R9
                 	.DEF R0XA=R10
                 	.DEF R0XB=R11
                 	.DEF R0XC=R12
                 	.DEF R0XD=R13
                 	.DEF R0XE=R14
                 	.DEF R0XF=R15
                 	.DEF R0X10=R16
                 	.DEF R0X11=R17
                 	.DEF R0X12=R18
                 	.DEF R0X13=R19
                 	.DEF R0X14=R20
                 	.DEF R0X15=R21
                 	.DEF R0X16=R22
                 	.DEF R0X17=R23
                 	.DEF R0X18=R24
                 	.DEF R0X19=R25
                 	.DEF R0X1A=R26
                 	.DEF R0X1B=R27
                 	.DEF R0X1C=R28
                 	.DEF R0X1D=R29
                 	.DEF R0X1E=R30
                 	.DEF R0X1F=R31
                 
                 	.MACRO __CPD1N
                 	CPI  R30,LOW(@0)
                 	LDI  R26,HIGH(@0)
                 	CPC  R31,R26
                 	LDI  R26,BYTE3(@0)
                 	CPC  R22,R26
                 	LDI  R26,BYTE4(@0)
                 	CPC  R23,R26
                 	.ENDM
                 
                 	.MACRO __CPD2N
                 	CPI  R26,LOW(@0)
                 	LDI  R30,HIGH(@0)
                 	CPC  R27,R30
                 	LDI  R30,BYTE3(@0)
                 	CPC  R24,R30
                 	LDI  R30,BYTE4(@0)
                 	CPC  R25,R30
                 	.ENDM
                 
                 	.MACRO __CPWRR
                 	CP   R@0,R@2
                 	CPC  R@1,R@3
                 	.ENDM
                 
                 	.MACRO __CPWRN
                 	CPI  R@0,LOW(@2)
                 	LDI  R30,HIGH(@2)
                 	CPC  R@1,R30
                 	.ENDM
                 
                 	.MACRO __ADDB1MN
                 	SUBI R30,LOW(-@0-(@1))
                 	.ENDM
                 
                 	.MACRO __ADDB2MN
                 	SUBI R26,LOW(-@0-(@1))
                 	.ENDM
                 
                 	.MACRO __ADDW1MN
                 	SUBI R30,LOW(-@0-(@1))
                 	SBCI R31,HIGH(-@0-(@1))
                 	.ENDM
                 
                 	.MACRO __ADDW2MN
                 	SUBI R26,LOW(-@0-(@1))
                 	SBCI R27,HIGH(-@0-(@1))
                 	.ENDM
                 
                 	.MACRO __ADDW1FN
                 	SUBI R30,LOW(-2*@0-(@1))
                 	SBCI R31,HIGH(-2*@0-(@1))
                 	.ENDM
                 
                 	.MACRO __ADDD1FN
                 	SUBI R30,LOW(-2*@0-(@1))
                 	SBCI R31,HIGH(-2*@0-(@1))
                 	SBCI R22,BYTE3(-2*@0-(@1))
                 	.ENDM
                 
                 	.MACRO __ADDD1N
                 	SUBI R30,LOW(-@0)
                 	SBCI R31,HIGH(-@0)
                 	SBCI R22,BYTE3(-@0)
                 	SBCI R23,BYTE4(-@0)
                 	.ENDM
                 
                 	.MACRO __ADDD2N
                 	SUBI R26,LOW(-@0)
                 	SBCI R27,HIGH(-@0)
                 	SBCI R24,BYTE3(-@0)
                 	SBCI R25,BYTE4(-@0)
                 	.ENDM
                 
                 	.MACRO __SUBD1N
                 	SUBI R30,LOW(@0)
                 	SBCI R31,HIGH(@0)
                 	SBCI R22,BYTE3(@0)
                 	SBCI R23,BYTE4(@0)
                 	.ENDM
                 
                 	.MACRO __SUBD2N
                 	SUBI R26,LOW(@0)
                 	SBCI R27,HIGH(@0)
                 	SBCI R24,BYTE3(@0)
                 	SBCI R25,BYTE4(@0)
                 	.ENDM
                 
                 	.MACRO __ANDBMNN
                 	LDS  R30,@0+@1
                 	ANDI R30,LOW(@2)
                 	STS  @0+@1,R30
                 	.ENDM
                 
                 	.MACRO __ANDWMNN
                 	LDS  R30,@0+@1
                 	ANDI R30,LOW(@2)
                 	STS  @0+@1,R30
                 	LDS  R30,@0+@1+1
                 	ANDI R30,HIGH(@2)
                 	STS  @0+@1+1,R30
                 	.ENDM
                 
                 	.MACRO __ANDD1N
                 	ANDI R30,LOW(@0)
                 	ANDI R31,HIGH(@0)
                 	ANDI R22,BYTE3(@0)
                 	ANDI R23,BYTE4(@0)
                 	.ENDM
                 
                 	.MACRO __ANDD2N
                 	ANDI R26,LOW(@0)
                 	ANDI R27,HIGH(@0)
                 	ANDI R24,BYTE3(@0)
                 	ANDI R25,BYTE4(@0)
                 	.ENDM
                 
                 	.MACRO __ORBMNN
                 	LDS  R30,@0+@1
                 	ORI  R30,LOW(@2)
                 	STS  @0+@1,R30
                 	.ENDM
                 
                 	.MACRO __ORWMNN
                 	LDS  R30,@0+@1
                 	ORI  R30,LOW(@2)
                 	STS  @0+@1,R30
                 	LDS  R30,@0+@1+1
                 	ORI  R30,HIGH(@2)
                 	STS  @0+@1+1,R30
                 	.ENDM
                 
                 	.MACRO __ORD1N
                 	ORI  R30,LOW(@0)
                 	ORI  R31,HIGH(@0)
                 	ORI  R22,BYTE3(@0)
                 	ORI  R23,BYTE4(@0)
                 	.ENDM
                 
                 	.MACRO __ORD2N
                 	ORI  R26,LOW(@0)
                 	ORI  R27,HIGH(@0)
                 	ORI  R24,BYTE3(@0)
                 	ORI  R25,BYTE4(@0)
                 	.ENDM
                 
                 	.MACRO __DELAY_USB
                 	LDI  R24,LOW(@0)
                 __DELAY_USB_LOOP:
                 	DEC  R24
                 	BRNE __DELAY_USB_LOOP
                 	.ENDM
                 
                 	.MACRO __DELAY_USW
                 	LDI  R24,LOW(@0)
                 	LDI  R25,HIGH(@0)
                 __DELAY_USW_LOOP:
                 	SBIW R24,1
                 	BRNE __DELAY_USW_LOOP
                 	.ENDM
                 
                 	.MACRO __CLRD1S
                 	LDI  R30,0
                 	STD  Y+@0,R30
                 	STD  Y+@0+1,R30
                 	STD  Y+@0+2,R30
                 	STD  Y+@0+3,R30
                 	.ENDM
                 
                 	.MACRO __GETD1S
                 	LDD  R30,Y+@0
                 	LDD  R31,Y+@0+1
                 	LDD  R22,Y+@0+2
                 	LDD  R23,Y+@0+3
                 	.ENDM
                 
                 	.MACRO __PUTD1S
                 	STD  Y+@0,R30
                 	STD  Y+@0+1,R31
                 	STD  Y+@0+2,R22
                 	STD  Y+@0+3,R23
                 	.ENDM
                 
                 	.MACRO __PUTD2S
                 	STD  Y+@0,R26
                 	STD  Y+@0+1,R27
                 	STD  Y+@0+2,R24
                 	STD  Y+@0+3,R25
                 	.ENDM
                 
                 	.MACRO __POINTB1MN
                 	LDI  R30,LOW(@0+@1)
                 	.ENDM
                 
                 	.MACRO __POINTW1MN
                 	LDI  R30,LOW(@0+@1)
                 	LDI  R31,HIGH(@0+@1)
                 	.ENDM
                 
                 	.MACRO __POINTD1M
                 	LDI  R30,LOW(@0)
                 	LDI  R31,HIGH(@0)
                 	LDI  R22,BYTE3(@0)
                 	LDI  R23,BYTE4(@0)
                 	.ENDM
                 
                 	.MACRO __POINTW1FN
                 	LDI  R30,LOW(2*@0+@1)
                 	LDI  R31,HIGH(2*@0+@1)
                 	.ENDM
                 
                 	.MACRO __POINTD1FN
                 	LDI  R30,LOW(2*@0+@1)
                 	LDI  R31,HIGH(2*@0+@1)
                 	LDI  R22,BYTE3(2*@0+@1)
                 	LDI  R23,BYTE4(2*@0+@1)
                 	.ENDM
                 
                 	.MACRO __POINTB2MN
                 	LDI  R26,LOW(@0+@1)
                 	.ENDM
                 
                 	.MACRO __POINTW2MN
                 	LDI  R26,LOW(@0+@1)
                 	LDI  R27,HIGH(@0+@1)
                 	.ENDM
                 
                 	.MACRO __POINTBRM
                 	LDI  R@0,LOW(@1)
                 	.ENDM
                 
                 	.MACRO __POINTWRM
                 	LDI  R@0,LOW(@2)
                 	LDI  R@1,HIGH(@2)
                 	.ENDM
                 
                 	.MACRO __POINTBRMN
                 	LDI  R@0,LOW(@1+@2)
                 	.ENDM
                 
                 	.MACRO __POINTWRMN
                 	LDI  R@0,LOW(@2+@3)
                 	LDI  R@1,HIGH(@2+@3)
                 	.ENDM
                 
                 	.MACRO __POINTWRFN
                 	LDI  R@0,LOW(@2*2+@3)
                 	LDI  R@1,HIGH(@2*2+@3)
                 	.ENDM
                 
                 	.MACRO __GETD1N
                 	LDI  R30,LOW(@0)
                 	LDI  R31,HIGH(@0)
                 	LDI  R22,BYTE3(@0)
                 	LDI  R23,BYTE4(@0)
                 	.ENDM
                 
                 	.MACRO __GETD2N
                 	LDI  R26,LOW(@0)
                 	LDI  R27,HIGH(@0)
                 	LDI  R24,BYTE3(@0)
                 	LDI  R25,BYTE4(@0)
                 	.ENDM
                 
                 	.MACRO __GETD2S
                 	LDD  R26,Y+@0
                 	LDD  R27,Y+@0+1
                 	LDD  R24,Y+@0+2
                 	LDD  R25,Y+@0+3
                 	.ENDM
                 
                 	.MACRO __GETB1MN
                 	LDS  R30,@0+@1
                 	.ENDM
                 
                 	.MACRO __GETB1HMN
                 	LDS  R31,@0+@1
                 	.ENDM
                 
                 	.MACRO __GETW1MN
                 	LDS  R30,@0+@1
                 	LDS  R31,@0+@1+1
                 	.ENDM
                 
                 	.MACRO __GETD1MN
                 	LDS  R30,@0+@1
                 	LDS  R31,@0+@1+1
                 	LDS  R22,@0+@1+2
                 	LDS  R23,@0+@1+3
                 	.ENDM
                 
                 	.MACRO __GETBRMN
                 	LDS  R@0,@1+@2
                 	.ENDM
                 
                 	.MACRO __GETWRMN
                 	LDS  R@0,@2+@3
                 	LDS  R@1,@2+@3+1
                 	.ENDM
                 
                 	.MACRO __GETWRZ
                 	LDD  R@0,Z+@2
                 	LDD  R@1,Z+@2+1
                 	.ENDM
                 
                 	.MACRO __GETD2Z
                 	LDD  R26,Z+@0
                 	LDD  R27,Z+@0+1
                 	LDD  R24,Z+@0+2
                 	LDD  R25,Z+@0+3
                 	.ENDM
                 
                 	.MACRO __GETB2MN
                 	LDS  R26,@0+@1
                 	.ENDM
                 
                 	.MACRO __GETW2MN
                 	LDS  R26,@0+@1
                 	LDS  R27,@0+@1+1
                 	.ENDM
                 
                 	.MACRO __GETD2MN
                 	LDS  R26,@0+@1
                 	LDS  R27,@0+@1+1
                 	LDS  R24,@0+@1+2
                 	LDS  R25,@0+@1+3
                 	.ENDM
                 
                 	.MACRO __PUTB1MN
                 	STS  @0+@1,R30
                 	.ENDM
                 
                 	.MACRO __PUTW1MN
                 	STS  @0+@1,R30
                 	STS  @0+@1+1,R31
                 	.ENDM
                 
                 	.MACRO __PUTD1MN
                 	STS  @0+@1,R30
                 	STS  @0+@1+1,R31
                 	STS  @0+@1+2,R22
                 	STS  @0+@1+3,R23
                 	.ENDM
                 
                 	.MACRO __PUTB1EN
                 	LDI  R26,LOW(@0+@1)
                 	LDI  R27,HIGH(@0+@1)
                 	RCALL __EEPROMWRB
                 	.ENDM
                 
                 	.MACRO __PUTW1EN
                 	LDI  R26,LOW(@0+@1)
                 	LDI  R27,HIGH(@0+@1)
                 	RCALL __EEPROMWRW
                 	.ENDM
                 
                 	.MACRO __PUTD1EN
                 	LDI  R26,LOW(@0+@1)
                 	LDI  R27,HIGH(@0+@1)
                 	RCALL __EEPROMWRD
                 	.ENDM
                 
                 	.MACRO __PUTBR0MN
                 	STS  @0+@1,R0
                 	.ENDM
                 
                 	.MACRO __PUTDZ2
                 	STD  Z+@0,R26
                 	STD  Z+@0+1,R27
                 	STD  Z+@0+2,R24
                 	STD  Z+@0+3,R25
                 	.ENDM
                 
                 	.MACRO __PUTBMRN
                 	STS  @0+@1,R@2
                 	.ENDM
                 
                 	.MACRO __PUTWMRN
                 	STS  @0+@1,R@2
                 	STS  @0+@1+1,R@3
                 	.ENDM
                 
                 	.MACRO __PUTBZR
                 	STD  Z+@1,R@0
                 	.ENDM
                 
                 	.MACRO __PUTWZR
                 	STD  Z+@2,R@0
                 	STD  Z+@2+1,R@1
                 	.ENDM
                 
                 	.MACRO __GETW1R
                 	MOV  R30,R@0
                 	MOV  R31,R@1
                 	.ENDM
                 
                 	.MACRO __GETW2R
                 	MOV  R26,R@0
                 	MOV  R27,R@1
                 	.ENDM
                 
                 	.MACRO __GETWRN
                 	LDI  R@0,LOW(@2)
                 	LDI  R@1,HIGH(@2)
                 	.ENDM
                 
                 	.MACRO __PUTW1R
                 	MOV  R@0,R30
                 	MOV  R@1,R31
                 	.ENDM
                 
                 	.MACRO __PUTW2R
                 	MOV  R@0,R26
                 	MOV  R@1,R27
                 	.ENDM
                 
                 	.MACRO __ADDWRN
                 	SUBI R@0,LOW(-@2)
                 	SBCI R@1,HIGH(-@2)
                 	.ENDM
                 
                 	.MACRO __ADDWRR
                 	ADD  R@0,R@2
                 	ADC  R@1,R@3
                 	.ENDM
                 
                 	.MACRO __SUBWRN
                 	SUBI R@0,LOW(@2)
                 	SBCI R@1,HIGH(@2)
                 	.ENDM
                 
                 	.MACRO __SUBWRR
                 	SUB  R@0,R@2
                 	SBC  R@1,R@3
                 	.ENDM
                 
                 	.MACRO __ANDWRN
                 	ANDI R@0,LOW(@2)
                 	ANDI R@1,HIGH(@2)
                 	.ENDM
                 
                 	.MACRO __ANDWRR
                 	AND  R@0,R@2
                 	AND  R@1,R@3
                 	.ENDM
                 
                 	.MACRO __ORWRN
                 	ORI  R@0,LOW(@2)
                 	ORI  R@1,HIGH(@2)
                 	.ENDM
                 
                 	.MACRO __ORWRR
                 	OR   R@0,R@2
                 	OR   R@1,R@3
                 	.ENDM
                 
                 	.MACRO __EORWRR
                 	EOR  R@0,R@2
                 	EOR  R@1,R@3
                 	.ENDM
                 
                 	.MACRO __GETWRS
                 	LDD  R@0,Y+@2
                 	LDD  R@1,Y+@2+1
                 	.ENDM
                 
                 	.MACRO __PUTWSR
                 	STD  Y+@2,R@0
                 	STD  Y+@2+1,R@1
                 	.ENDM
                 
                 	.MACRO __MOVEWRR
                 	MOV  R@0,R@2
                 	MOV  R@1,R@3
                 	.ENDM
                 
                 	.MACRO __INWR
                 	IN   R@0,@2
                 	IN   R@1,@2+1
                 	.ENDM
                 
                 	.MACRO __OUTWR
                 	OUT  @2+1,R@1
                 	OUT  @2,R@0
                 	.ENDM
                 
                 	.MACRO __CALL1MN
                 	LDS  R30,@0+@1
                 	LDS  R31,@0+@1+1
                 	ICALL
                 	.ENDM
                 
                 	.MACRO __CALL1FN
                 	LDI  R30,LOW(2*@0+@1)
                 	LDI  R31,HIGH(2*@0+@1)
                 	RCALL __GETW1PF
                 	ICALL
                 	.ENDM
                 
                 	.MACRO __CALL2EN
                 	LDI  R26,LOW(@0+@1)
                 	LDI  R27,HIGH(@0+@1)
                 	RCALL __EEPROMRDW
                 	ICALL
                 	.ENDM
                 
                 	.MACRO __GETW1STACK
                 	IN   R26,SPL
                 	IN   R27,SPH
                 	ADIW R26,@0+1
                 	LD   R30,X+
                 	LD   R31,X
                 	.ENDM
                 
                 	.MACRO __NBST
                 	BST  R@0,@1
                 	IN   R30,SREG
                 	LDI  R31,0x40
                 	EOR  R30,R31
                 	OUT  SREG,R30
                 	.ENDM
                 
                 
                 	.MACRO __PUTB1SN
                 	LDD  R26,Y+@0
                 	LDD  R27,Y+@0+1
                 	SUBI R26,LOW(-@1)
                 	SBCI R27,HIGH(-@1)
                 	ST   X,R30
                 	.ENDM
                 
                 	.MACRO __PUTW1SN
                 	LDD  R26,Y+@0
                 	LDD  R27,Y+@0+1
                 	SUBI R26,LOW(-@1)
                 	SBCI R27,HIGH(-@1)
                 	ST   X+,R30
                 	ST   X,R31
                 	.ENDM
                 
                 	.MACRO __PUTD1SN
                 	LDD  R26,Y+@0
                 	LDD  R27,Y+@0+1
                 	SUBI R26,LOW(-@1)
                 	SBCI R27,HIGH(-@1)
                 	RCALL __PUTDP1
                 	.ENDM
                 
                 	.MACRO __PUTB1SNS
                 	LDD  R26,Y+@0
                 	LDD  R27,Y+@0+1
                 	ADIW R26,@1
                 	ST   X,R30
                 	.ENDM
                 
                 	.MACRO __PUTW1SNS
                 	LDD  R26,Y+@0
                 	LDD  R27,Y+@0+1
                 	ADIW R26,@1
                 	ST   X+,R30
                 	ST   X,R31
                 	.ENDM
                 
                 	.MACRO __PUTD1SNS
                 	LDD  R26,Y+@0
                 	LDD  R27,Y+@0+1
                 	ADIW R26,@1
                 	RCALL __PUTDP1
                 	.ENDM
                 
                 	.MACRO __PUTB1PMN
                 	LDS  R26,@0
                 	LDS  R27,@0+1
                 	SUBI R26,LOW(-@1)
                 	SBCI R27,HIGH(-@1)
                 	ST   X,R30
                 	.ENDM
                 
                 	.MACRO __PUTW1PMN
                 	LDS  R26,@0
                 	LDS  R27,@0+1
                 	SUBI R26,LOW(-@1)
                 	SBCI R27,HIGH(-@1)
                 	ST   X+,R30
                 	ST   X,R31
                 	.ENDM
                 
                 	.MACRO __PUTD1PMN
                 	LDS  R26,@0
                 	LDS  R27,@0+1
                 	SUBI R26,LOW(-@1)
                 	SBCI R27,HIGH(-@1)
                 	RCALL __PUTDP1
                 	.ENDM
                 
                 	.MACRO __PUTB1PMNS
                 	LDS  R26,@0
                 	LDS  R27,@0+1
                 	ADIW R26,@1
                 	ST   X,R30
                 	.ENDM
                 
                 	.MACRO __PUTW1PMNS
                 	LDS  R26,@0
                 	LDS  R27,@0+1
                 	ADIW R26,@1
                 	ST   X+,R30
                 	ST   X,R31
                 	.ENDM
                 
                 	.MACRO __PUTD1PMNS
                 	LDS  R26,@0
                 	LDS  R27,@0+1
                 	ADIW R26,@1
                 	RCALL __PUTDP1
                 	.ENDM
                 
                 	.MACRO __PUTB1RN
                 	MOVW R26,R@0
                 	SUBI R26,LOW(-@1)
                 	SBCI R27,HIGH(-@1)
                 	ST   X,R30
                 	.ENDM
                 
                 	.MACRO __PUTW1RN
                 	MOVW R26,R@0
                 	SUBI R26,LOW(-@1)
                 	SBCI R27,HIGH(-@1)
                 	ST   X+,R30
                 	ST   X,R31
                 	.ENDM
                 
                 	.MACRO __PUTD1RN
                 	MOVW R26,R@0
                 	SUBI R26,LOW(-@1)
                 	SBCI R27,HIGH(-@1)
                 	RCALL __PUTDP1
                 	.ENDM
                 
                 	.MACRO __PUTB1RNS
                 	MOVW R26,R@0
                 	ADIW R26,@1
                 	ST   X,R30
                 	.ENDM
                 
                 	.MACRO __PUTW1RNS
                 	MOVW R26,R@0
                 	ADIW R26,@1
                 	ST   X+,R30
                 	ST   X,R31
                 	.ENDM
                 
                 	.MACRO __PUTD1RNS
                 	MOVW R26,R@0
                 	ADIW R26,@1
                 	RCALL __PUTDP1
                 	.ENDM
                 
                 	.MACRO __PUTB1RON
                 	MOV  R26,R@0
                 	MOV  R27,R@1
                 	SUBI R26,LOW(-@2)
                 	SBCI R27,HIGH(-@2)
                 	ST   X,R30
                 	.ENDM
                 
                 	.MACRO __PUTW1RON
                 	MOV  R26,R@0
                 	MOV  R27,R@1
                 	SUBI R26,LOW(-@2)
                 	SBCI R27,HIGH(-@2)
                 	ST   X+,R30
                 	ST   X,R31
                 	.ENDM
                 
                 	.MACRO __PUTD1RON
                 	MOV  R26,R@0
                 	MOV  R27,R@1
                 	SUBI R26,LOW(-@2)
                 	SBCI R27,HIGH(-@2)
                 	RCALL __PUTDP1
                 	.ENDM
                 
                 	.MACRO __PUTB1RONS
                 	MOV  R26,R@0
                 	MOV  R27,R@1
                 	ADIW R26,@2
                 	ST   X,R30
                 	.ENDM
                 
                 	.MACRO __PUTW1RONS
                 	MOV  R26,R@0
                 	MOV  R27,R@1
                 	ADIW R26,@2
                 	ST   X+,R30
                 	ST   X,R31
                 	.ENDM
                 
                 	.MACRO __PUTD1RONS
                 	MOV  R26,R@0
                 	MOV  R27,R@1
                 	ADIW R26,@2
                 	RCALL __PUTDP1
                 	.ENDM
                 
                 
                 	.MACRO __GETB1SX
                 	MOVW R30,R28
                 	SUBI R30,LOW(-@0)
                 	SBCI R31,HIGH(-@0)
                 	LD   R30,Z
                 	.ENDM
                 
                 	.MACRO __GETB1HSX
                 	MOVW R30,R28
                 	SUBI R30,LOW(-@0)
                 	SBCI R31,HIGH(-@0)
                 	LD   R31,Z
                 	.ENDM
                 
                 	.MACRO __GETW1SX
                 	MOVW R30,R28
                 	SUBI R30,LOW(-@0)
                 	SBCI R31,HIGH(-@0)
                 	LD   R0,Z+
                 	LD   R31,Z
                 	MOV  R30,R0
                 	.ENDM
                 
                 	.MACRO __GETD1SX
                 	MOVW R30,R28
                 	SUBI R30,LOW(-@0)
                 	SBCI R31,HIGH(-@0)
                 	LD   R0,Z+
                 	LD   R1,Z+
                 	LD   R22,Z+
                 	LD   R23,Z
                 	MOVW R30,R0
                 	.ENDM
                 
                 	.MACRO __GETB2SX
                 	MOVW R26,R28
                 	SUBI R26,LOW(-@0)
                 	SBCI R27,HIGH(-@0)
                 	LD   R26,X
                 	.ENDM
                 
                 	.MACRO __GETW2SX
                 	MOVW R26,R28
                 	SUBI R26,LOW(-@0)
                 	SBCI R27,HIGH(-@0)
                 	LD   R0,X+
                 	LD   R27,X
                 	MOV  R26,R0
                 	.ENDM
                 
                 	.MACRO __GETD2SX
                 	MOVW R26,R28
                 	SUBI R26,LOW(-@0)
                 	SBCI R27,HIGH(-@0)
                 	LD   R0,X+
                 	LD   R1,X+
                 	LD   R24,X+
                 	LD   R25,X
                 	MOVW R26,R0
                 	.ENDM
                 
                 	.MACRO __GETBRSX
                 	MOVW R30,R28
                 	SUBI R30,LOW(-@1)
                 	SBCI R31,HIGH(-@1)
                 	LD   R@0,Z
                 	.ENDM
                 
                 	.MACRO __GETWRSX
                 	MOVW R30,R28
                 	SUBI R30,LOW(-@2)
                 	SBCI R31,HIGH(-@2)
                 	LD   R@0,Z+
                 	LD   R@1,Z
                 	.ENDM
                 
                 	.MACRO __LSLW8SX
                 	MOVW R30,R28
                 	SUBI R30,LOW(-@0)
                 	SBCI R31,HIGH(-@0)
                 	LD   R31,Z
                 	CLR  R30
                 	.ENDM
                 
                 	.MACRO __PUTB1SX
                 	MOVW R26,R28
                 	SUBI R26,LOW(-@0)
                 	SBCI R27,HIGH(-@0)
                 	ST   X,R30
                 	.ENDM
                 
                 	.MACRO __PUTW1SX
                 	MOVW R26,R28
                 	SUBI R26,LOW(-@0)
                 	SBCI R27,HIGH(-@0)
                 	ST   X+,R30
                 	ST   X,R31
                 	.ENDM
                 
                 	.MACRO __PUTD1SX
                 	MOVW R26,R28
                 	SUBI R26,LOW(-@0)
                 	SBCI R27,HIGH(-@0)
                 	ST   X+,R30
                 	ST   X+,R31
                 	ST   X+,R22
                 	ST   X,R23
                 	.ENDM
                 
                 	.MACRO __CLRW1SX
                 	MOVW R30,R28
                 	SUBI R30,LOW(-@0)
                 	SBCI R31,HIGH(-@0)
                 	CLR  R0
                 	ST   Z+,R0
                 	ST   Z,R0
                 	.ENDM
                 
                 	.MACRO __CLRD1SX
                 	MOVW R30,R28
                 	SUBI R30,LOW(-@0)
                 	SBCI R31,HIGH(-@0)
                 	CLR  R0
                 	ST   Z+,R0
                 	ST   Z+,R0
                 	ST   Z+,R0
                 	ST   Z,R0
                 	.ENDM
                 
                 	.MACRO __PUTB2SX
                 	MOVW R30,R28
                 	SUBI R30,LOW(-@0)
                 	SBCI R31,HIGH(-@0)
                 	ST   Z,R26
                 	.ENDM
                 
                 	.MACRO __PUTW2SX
                 	MOVW R30,R28
                 	SUBI R30,LOW(-@0)
                 	SBCI R31,HIGH(-@0)
                 	ST   Z+,R26
                 	ST   Z,R27
                 	.ENDM
                 
                 	.MACRO __PUTD2SX
                 	MOVW R30,R28
                 	SUBI R30,LOW(-@0)
                 	SBCI R31,HIGH(-@0)
                 	ST   Z+,R26
                 	ST   Z+,R27
                 	ST   Z+,R24
                 	ST   Z,R25
                 	.ENDM
                 
                 	.MACRO __PUTBSRX
                 	MOVW R30,R28
                 	SUBI R30,LOW(-@0)
                 	SBCI R31,HIGH(-@0)
                 	ST   Z,R@1
                 	.ENDM
                 
                 	.MACRO __PUTWSRX
                 	MOVW R30,R28
                 	SUBI R30,LOW(-@2)
                 	SBCI R31,HIGH(-@2)
                 	ST   Z+,R@0
                 	ST   Z,R@1
                 	.ENDM
                 
                 	.MACRO __PUTB1SNX
                 	MOVW R26,R28
                 	SUBI R26,LOW(-@0)
                 	SBCI R27,HIGH(-@0)
                 	LD   R0,X+
                 	LD   R27,X
                 	MOV  R26,R0
                 	SUBI R26,LOW(-@1)
                 	SBCI R27,HIGH(-@1)
                 	ST   X,R30
                 	.ENDM
                 
                 	.MACRO __PUTW1SNX
                 	MOVW R26,R28
                 	SUBI R26,LOW(-@0)
                 	SBCI R27,HIGH(-@0)
                 	LD   R0,X+
                 	LD   R27,X
                 	MOV  R26,R0
                 	SUBI R26,LOW(-@1)
                 	SBCI R27,HIGH(-@1)
                 	ST   X+,R30
                 	ST   X,R31
                 	.ENDM
                 
                 	.MACRO __PUTD1SNX
                 	MOVW R26,R28
                 	SUBI R26,LOW(-@0)
                 	SBCI R27,HIGH(-@0)
                 	LD   R0,X+
                 	LD   R27,X
                 	MOV  R26,R0
                 	SUBI R26,LOW(-@1)
                 	SBCI R27,HIGH(-@1)
                 	ST   X+,R30
                 	ST   X+,R31
                 	ST   X+,R22
                 	ST   X,R23
                 	.ENDM
                 
                 	.MACRO __MULBRR
                 	MULS R@0,R@1
                 	MOVW R30,R0
                 	.ENDM
                 
                 	.MACRO __MULBRRU
                 	MUL  R@0,R@1
                 	MOVW R30,R0
                 	.ENDM
                 
                 	.MACRO __MULBRR0
                 	MULS R@0,R@1
                 	.ENDM
                 
                 	.MACRO __MULBRRU0
                 	MUL  R@0,R@1
                 	.ENDM
                 
                 	.MACRO __MULBNWRU
                 	LDI  R26,@2
                 	MUL  R26,R@0
                 	MOVW R30,R0
                 	MUL  R26,R@1
                 	ADD  R31,R0
                 	.ENDM
                 
                 ;NAME DEFINITIONS FOR GLOBAL VARIABLES ALLOCATED TO REGISTERS
                 	.DEF _disable_count=R5
                 	.DEF _mini_stand_by=R4
                 	.DEF _Count=R7
                 	.DEF _alarm=R6
                 	.DEF _Timer_1=R9
                 	.DEF _Timer_2=R8
                 	.DEF _Count_1=R11
                 	.DEF _pressed=R10
                 	.DEF _Timer_wrong_pressed_enable=R13
                 	.DEF _Timer_3=R12
                 
                 	.CSEG
                 	.ORG 0x00
                 
                 ;INTERRUPT VECTORS
000000 c018      	RJMP __RESET
000001 c1db      	RJMP _ext_int0_isr
000002 cffd      	RJMP 0x00
000003 cffc      	RJMP 0x00
000004 cffb      	RJMP 0x00
000005 cffa      	RJMP 0x00
000006 cff9      	RJMP 0x00
000007 cff8      	RJMP 0x00
000008 cff7      	RJMP 0x00
000009 c03e      	RJMP _timer0_ovf_isr
00000a cff5      	RJMP 0x00
00000b cff4      	RJMP 0x00
00000c cff3      	RJMP 0x00
00000d cff2      	RJMP 0x00
00000e cff1      	RJMP 0x00
00000f cff0      	RJMP 0x00
000010 cfef      	RJMP 0x00
000011 cfee      	RJMP 0x00
000012 cfed      	RJMP 0x00
                 
                 _0x3C:
000013 0000
D:\My documents\Programming\Proteus\IE\List\Alarm.asm(1062): warning: .cseg .db misalignment - padding zero byte
000014 0000      	.DB  0x0,0x0,0x0
                 
                 __GLOBAL_INI_TBL:
000015 0003      	.DW  0x03
000016 0005      	.DW  0x05
000017 0026      	.DW  _0x3C*2
                 
                 _0xFFFFFFFF:
000018 0000      	.DW  0
                 
                 __RESET:
000019 94f8      	CLI
00001a 27ee      	CLR  R30
00001b bbec      	OUT  EECR,R30
                 
                 ;INTERRUPT VECTORS ARE PLACED
                 ;AT THE START OF FLASH
00001c e0f1      	LDI  R31,1
00001d bffb      	OUT  GICR,R31
00001e bfeb      	OUT  GICR,R30
00001f bfe5      	OUT  MCUCR,R30
                 
                 ;DISABLE WATCHDOG
000020 e1f8      	LDI  R31,0x18
000021 bdf1      	OUT  WDTCR,R31
000022 bde1      	OUT  WDTCR,R30
                 
                 ;CLEAR R2-R14
000023 e08d      	LDI  R24,(14-2)+1
000024 e0a2      	LDI  R26,2
000025 27bb      	CLR  R27
                 __CLEAR_REG:
000026 93ed      	ST   X+,R30
000027 958a      	DEC  R24
000028 f7e9      	BRNE __CLEAR_REG
                 
                 ;CLEAR SRAM
000029 e080      	LDI  R24,LOW(0x400)
00002a e094      	LDI  R25,HIGH(0x400)
00002b e6a0      	LDI  R26,0x60
                 __CLEAR_SRAM:
00002c 93ed      	ST   X+,R30
00002d 9701      	SBIW R24,1
00002e f7e9      	BRNE __CLEAR_SRAM
                 
                 ;GLOBAL VARIABLES INITIALIZATION
00002f e2ea      	LDI  R30,LOW(__GLOBAL_INI_TBL*2)
000030 e0f0      	LDI  R31,HIGH(__GLOBAL_INI_TBL*2)
                 __GLOBAL_INI_NEXT:
000031 9185      	LPM  R24,Z+
000032 9195      	LPM  R25,Z+
000033 9700      	SBIW R24,0
000034 f061      	BREQ __GLOBAL_INI_END
000035 91a5      	LPM  R26,Z+
000036 91b5      	LPM  R27,Z+
000037 9005      	LPM  R0,Z+
000038 9015      	LPM  R1,Z+
000039 01bf      	MOVW R22,R30
00003a 01f0      	MOVW R30,R0
                 __GLOBAL_INI_LOOP:
00003b 9005      	LPM  R0,Z+
00003c 920d      	ST   X+,R0
00003d 9701      	SBIW R24,1
00003e f7e1      	BRNE __GLOBAL_INI_LOOP
00003f 01fb      	MOVW R30,R22
000040 cff0      	RJMP __GLOBAL_INI_NEXT
                 __GLOBAL_INI_END:
                 
                 ;STACK POINTER INITIALIZATION
000041 e5ef      	LDI  R30,LOW(0x45F)
000042 bfed      	OUT  SPL,R30
000043 e0e4      	LDI  R30,HIGH(0x45F)
000044 bfee      	OUT  SPH,R30
                 
                 ;DATA STACK POINTER INITIALIZATION
000045 e6c0      	LDI  R28,LOW(0x160)
000046 e0d1      	LDI  R29,HIGH(0x160)
                 
000047 c196      	RJMP _main
                 
                 	.ESEG
                 	.ORG 0
                 
                 	.DSEG
                 	.ORG 0x160
                 
                 	.CSEG
                 ;/*****************************************************
                 ;This program was produced by the
                 ;CodeWizardAVR V2.03.4 Standard
                 ;Automatic Program Generator
                 ;© Copyright 1998-2008 Pavel Haiduc, HP InfoTech s.r.l.
                 ;http://www.hpinfotech.com
                 ;
                 ;Project :
                 ;Version :
                 ;Date    : 18.04.2013
                 ;Author  :
                 ;Company :
                 ;Comments:
                 ;
                 ;
                 ;Chip type           : ATmega8
                 ;Program type        : Application
                 ;Clock frequency     : 8,000000 MHz
                 ;Memory model        : Small
                 ;External RAM size   : 0
                 ;Data Stack size     : 256
                 ;*****************************************************/
                 ;//#include <stdio.h>
                 ;#include <mega8.h>
                 	#ifndef __SLEEP_DEFINED__
                 	#define __SLEEP_DEFINED__
                 	.EQU __se_bit=0x80
                 	.EQU __sm_mask=0x70
                 	.EQU __sm_powerdown=0x20
                 	.EQU __sm_powersave=0x30
                 	.EQU __sm_standby=0x60
                 	.EQU __sm_ext_standby=0x70
                 	.EQU __sm_adc_noise_red=0x10
                 	.SET power_ctrl_reg=mcucr
                 	#endif
                 ;//#include <sleep.h>
                 ;#include <adc.c>
                 ;
                 ;#define ADC_VREF_TYPE 0x00
                 ;
                 ;// Read the AD conversion result
                 ;/*
                 ;unsigned int read_adc(unsigned char adc_input)
                 ;{
                 ;ADMUX=adc_input | (ADC_VREF_TYPE & 0xff);
                 ;// Delay needed for the stabilization of the ADC input voltage
                 ;//delay_us(10);
                 ;// Start the AD conversion
                 ;ADCSRA|=0x40;
                 ;// Wait for the AD conversion to complete
                 ;while ((ADCSRA & 0x10)==0);
                 ;ADCSRA|=0x10;
                 ;return ADCW;
                 ;}
                 ;*/
                 ;#include <interrupt.c>
                 ;unsigned char disable_count=0,mini_stand_by,Count=0,alarm=0,Timer_1,Timer_2,Count_1,
                 ;pressed,Timer_wrong_pressed_enable,Timer_3,Timer_6,delay_after_alarm,Timer_4_ext,Timer_4,
                 ;shadow=0,Timer_signal_sinus,Timer_signal_sinus_enabled,alarm_recieved,
                 ;Count_this_event=0;
                 ;unsigned int stand_by=0, Timer_wrong_pressed,Timer_if_long_pressed;
                 ;//unsigned int voltage,Show_voltage;
                 ;//unsigned char Show_voltage_start,Timer_end_show_voltage;
                 ;//unsigned char U1,U3,U2[2],current_level[2],Timer_4;
                 ;interrupt [TIM0_OVF] void timer0_ovf_isr(void)
                 ; 0000 001B {
                 
                 	.CSEG
                 _timer0_ovf_isr:
000048 920a      	ST   -Y,R0
000049 93aa      	ST   -Y,R26
00004a 93ba      	ST   -Y,R27
00004b 93ea      	ST   -Y,R30
00004c 93fa      	ST   -Y,R31
00004d b7ef      	IN   R30,SREG
00004e 93ea      	ST   -Y,R30
                 ;//PORTD=0b00010000;
                 ;
                 ;if ((disable_count==0)&&(alarm==0)&&(Count==0)&&(stand_by==0)&&(Timer_wrong_pressed_enable==0)){
00004f e0e0      	LDI  R30,LOW(0)
000050 15e5      	CP   R30,R5
000051 f009      	BREQ PC+2
000052 c00e      	RJMP _0x4
000053 15e6      	CP   R30,R6
000054 f009      	BREQ PC+2
000055 c00b      	RJMP _0x4
000056 15e7      	CP   R30,R7
000057 f009      	BREQ PC+2
000058 c008      	RJMP _0x4
000059 d1b9      	RCALL SUBOPT_0x0
00005a f009      	BREQ PC+2
00005b c005      	RJMP _0x4
00005c e0e0      	LDI  R30,LOW(0)
00005d 15ed      	CP   R30,R13
00005e f009      	BREQ PC+2
00005f c001      	RJMP _0x4
000060 c001      	RJMP _0x5
                 _0x4:
000061 c048      	RJMP _0x3
                 _0x5:
                 ;Timer_4_ext++;
000062 91e0 0162 	LDS  R30,_Timer_4_ext
000064 5fef      	SUBI R30,-LOW(1)
000065 93e0 0162 	STS  _Timer_4_ext,R30
                 ;if (Timer_4_ext==200){
000067 91a0 0162 	LDS  R26,_Timer_4_ext
000069 3ca8      	CPI  R26,LOW(0xC8)
00006a f009      	BREQ PC+2
00006b c005      	RJMP _0x6
                 ;Timer_4++;}
00006c 91e0 0163 	LDS  R30,_Timer_4
00006e 5fef      	SUBI R30,-LOW(1)
00006f 93e0 0163 	STS  _Timer_4,R30
                 ;if (Timer_4>=10){
                 _0x6:
000071 91a0 0163 	LDS  R26,_Timer_4
000073 30aa      	CPI  R26,LOW(0xA)
000074 f408      	BRSH PC+2
000075 c007      	RJMP _0x7
                 ;    PORTD^=0b00100001;
000076 d1a2      	RCALL SUBOPT_0x1
000077 e2a1      	LDI  R26,LOW(33)
000078 e0b0      	LDI  R27,HIGH(33)
000079 d1a2      	RCALL SUBOPT_0x2
                 ;    Timer_4=0;
00007a e0e0      	LDI  R30,LOW(0)
00007b 93e0 0163 	STS  _Timer_4,R30
                 ;
                 ;}
                 ;
                 ;//пропадание питания на ножке PIND.3
                 ;if ((PIND.3==0)&&(stand_by==0)&&(Count_this_event<3)){  //на ножке ноль, не активно, и счет не больше 2х
                 _0x7:
00007d e0a0      	LDI  R26,0
00007e 9983      	SBIC 0x10,3
00007f e0a1      	LDI  R26,1
000080 30a0      	CPI  R26,LOW(0x0)
000081 f009      	BREQ PC+2
000082 c009      	RJMP _0x9
000083 d18f      	RCALL SUBOPT_0x0
000084 f009      	BREQ PC+2
000085 c006      	RJMP _0x9
000086 91a0 0168 	LDS  R26,_Count_this_event
000088 30a3      	CPI  R26,LOW(0x3)
000089 f008      	BRLO PC+2
00008a c001      	RJMP _0x9
00008b c001      	RJMP _0xA
                 _0x9:
00008c c00b      	RJMP _0x8
                 _0xA:
                 ;Count_this_event++;
00008d 91e0 0168 	LDS  R30,_Count_this_event
00008f 5fef      	SUBI R30,-LOW(1)
000090 93e0 0168 	STS  _Count_this_event,R30
                 ;alarm=1;       //сигнал
000092 e0e1      	LDI  R30,LOW(1)
000093 2e6e      	MOV  R6,R30
                 ;shadow=1;
000094 93e0 0164 	STS  _shadow,R30
                 ;Count=0;
000096 2477      	CLR  R7
                 ;stand_by=20000;//ожидание
000097 d188      	RCALL SUBOPT_0x3
                 ;//power off
                 ;}
                 ;if ((Count_this_event>=2)&&(PIND.3==1)){
                 _0x8:
000098 91a0 0168 	LDS  R26,_Count_this_event
00009a 30a2      	CPI  R26,LOW(0x2)
00009b f408      	BRSH PC+2
00009c c007      	RJMP _0xC
00009d e0a0      	LDI  R26,0
00009e 9983      	SBIC 0x10,3
00009f e0a1      	LDI  R26,1
0000a0 30a1      	CPI  R26,LOW(0x1)
0000a1 f009      	BREQ PC+2
0000a2 c001      	RJMP _0xC
0000a3 c001      	RJMP _0xD
                 _0xC:
0000a4 c005      	RJMP _0xB
                 _0xD:
                 ;shadow=0;
0000a5 e0e0      	LDI  R30,LOW(0)
0000a6 93e0 0164 	STS  _shadow,R30
                 ;Count_this_event=0;}
0000a8 93e0 0168 	STS  _Count_this_event,R30
                 ;
                 ;}
                 _0xB:
                 ;
                 ;
                 ;
                 ;
                 ;
                 ;if ((Timer_wrong_pressed>6000)&&(stand_by==0)){
                 _0x3:
0000aa 91a0 016b 	LDS  R26,_Timer_wrong_pressed
0000ac 91b0 016c 	LDS  R27,_Timer_wrong_pressed+1
0000ae 37a1      	CPI  R26,LOW(0x1771)
0000af e1e7      	LDI  R30,HIGH(0x1771)
0000b0 07be      	CPC  R27,R30
0000b1 f408      	BRSH PC+2
0000b2 c004      	RJMP _0xF
0000b3 d15f      	RCALL SUBOPT_0x0
0000b4 f009      	BREQ PC+2
0000b5 c001      	RJMP _0xF
0000b6 c001      	RJMP _0x10
                 _0xF:
0000b7 c009      	RJMP _0xE
                 _0x10:
                 ;PORTD&=~0b00100000;
0000b8 d160      	RCALL SUBOPT_0x1
0000b9 7def      	ANDI R30,LOW(0xFFDF)
0000ba bbe2      	OUT  0x12,R30
                 ;
                 ;disable_count=Count=Timer_wrong_pressed=0;
0000bb e0e0      	LDI  R30,LOW(0)
0000bc e0f0      	LDI  R31,HIGH(0)
0000bd d169      	RCALL SUBOPT_0x4
0000be 2e7e      	MOV  R7,R30
0000bf 2e5e      	MOV  R5,R30
                 ;Timer_wrong_pressed_enable=0;
0000c0 24dd      	CLR  R13
                 ;}
                 ;
                 ;if (Timer_wrong_pressed_enable==1){
                 _0xE:
0000c1 e0e1      	LDI  R30,LOW(1)
0000c2 15ed      	CP   R30,R13
0000c3 f009      	BREQ PC+2
0000c4 c003      	RJMP _0x11
                 ;Timer_wrong_pressed++;
0000c5 e6ab      	LDI  R26,LOW(_Timer_wrong_pressed)
0000c6 e0b1      	LDI  R27,HIGH(_Timer_wrong_pressed)
0000c7 d164      	RCALL SUBOPT_0x5
                 ;}
                 ;////////////////////
                 ;
                 ;//PORTD^=0b00000001;
                 ;////////////////////
                 ;if (PIND.2==1){
                 _0x11:
0000c8 e0a0      	LDI  R26,0
0000c9 9982      	SBIC 0x10,2
0000ca e0a1      	LDI  R26,1
0000cb 30a1      	CPI  R26,LOW(0x1)
0000cc f009      	BREQ PC+2
0000cd c022      	RJMP _0x12
                 ;Timer_signal_sinus=0;
0000ce d163      	RCALL SUBOPT_0x6
                 ;Timer_signal_sinus_enabled=1;
0000cf e0e1      	LDI  R30,LOW(1)
0000d0 93e0 0166 	STS  _Timer_signal_sinus_enabled,R30
                 ;//alarm_recieved=1;
                 ;alarm_recieved=0;
0000d2 d163      	RCALL SUBOPT_0x7
                 ;
                 ;
                 ;if ((alarm==0)&&(stand_by==0)){
0000d3 15e6      	CP   R30,R6
0000d4 f009      	BREQ PC+2
0000d5 c004      	RJMP _0x14
0000d6 d13c      	RCALL SUBOPT_0x0
0000d7 f009      	BREQ PC+2
0000d8 c001      	RJMP _0x14
0000d9 c001      	RJMP _0x15
                 _0x14:
0000da c015      	RJMP _0x13
                 _0x15:
                 ;    Timer_if_long_pressed++;
0000db e6ad      	LDI  R26,LOW(_Timer_if_long_pressed)
0000dc e0b1      	LDI  R27,HIGH(_Timer_if_long_pressed)
0000dd d14e      	RCALL SUBOPT_0x5
                 ;        if (Timer_if_long_pressed>2000){//если зарегестрированно более 2000 прерываний
0000de 91a0 016d 	LDS  R26,_Timer_if_long_pressed
0000e0 91b0 016e 	LDS  R27,_Timer_if_long_pressed+1
0000e2 3da1      	CPI  R26,LOW(0x7D1)
0000e3 e0e7      	LDI  R30,HIGH(0x7D1)
0000e4 07be      	CPC  R27,R30
0000e5 f408      	BRSH PC+2
0000e6 c009      	RJMP _0x16
                 ;        PORTD|=0b00100000;
0000e7 d131      	RCALL SUBOPT_0x1
0000e8 62e0      	ORI  R30,0x20
0000e9 bbe2      	OUT  0x12,R30
                 ;        Count=0;
0000ea 2477      	CLR  R7
                 ;        alarm=1;
0000eb e0e1      	LDI  R30,LOW(1)
0000ec 2e6e      	MOV  R6,R30
                 ;        stand_by=10;
0000ed e0ea      	LDI  R30,LOW(10)
0000ee e0f0      	LDI  R31,HIGH(10)
0000ef d14a      	RCALL SUBOPT_0x8
                 ;        }
                 ;    }
                 _0x16:
                 ;}
                 _0x13:
                 ;
                 ;if(Timer_signal_sinus_enabled==1){Timer_signal_sinus++;}
                 _0x12:
0000f0 91a0 0166 	LDS  R26,_Timer_signal_sinus_enabled
0000f2 30a1      	CPI  R26,LOW(0x1)
0000f3 f009      	BREQ PC+2
0000f4 c005      	RJMP _0x17
0000f5 91e0 0165 	LDS  R30,_Timer_signal_sinus
0000f7 5fef      	SUBI R30,-LOW(1)
0000f8 93e0 0165 	STS  _Timer_signal_sinus,R30
                 ;if (Timer_signal_sinus>250){Timer_signal_sinus=0;alarm_recieved=0;Timer_signal_sinus_enabled=0;}
                 _0x17:
0000fa 91a0 0165 	LDS  R26,_Timer_signal_sinus
0000fc 3fab      	CPI  R26,LOW(0xFB)
0000fd f408      	BRSH PC+2
0000fe c004      	RJMP _0x18
0000ff d132      	RCALL SUBOPT_0x6
000100 d135      	RCALL SUBOPT_0x7
000101 93e0 0166 	STS  _Timer_signal_sinus_enabled,R30
                 ;
                 ;if (PIND.2==0){
                 _0x18:
000103 9982      	SBIC 0x10,2
000104 c018      	RJMP _0x19
                 ;
                 ;    if (Timer_signal_sinus>40){//значит это был синус сигнал, пропускаем, 50 - интервал времени,который проходит от 1 до 0
000105 91a0 0165 	LDS  R26,_Timer_signal_sinus
000107 32a9      	CPI  R26,LOW(0x29)
000108 f408      	BRSH PC+2
000109 c00a      	RJMP _0x1A
                 ;    alarm_recieved=1;
00010a e0e1      	LDI  R30,LOW(1)
00010b 93e0 0167 	STS  _alarm_recieved,R30
                 ;
                 ;    disable_count=0;
00010d 2455      	CLR  R5
                 ;    Timer_if_long_pressed=0;
00010e e0e0      	LDI  R30,LOW(0)
00010f e0f0      	LDI  R31,HIGH(0)
000110 93e0 016d 	STS  _Timer_if_long_pressed,R30
000112 93f0 016e 	STS  _Timer_if_long_pressed+1,R31
                 ;
                 ;    }
                 ;    if (Timer_signal_sinus>41){//далее обнуляем, что бы симмулировать счет
                 _0x1A:
000114 91a0 0165 	LDS  R26,_Timer_signal_sinus
000116 32aa      	CPI  R26,LOW(0x2A)
000117 f408      	BRSH PC+2
000118 c004      	RJMP _0x1B
                 ;    alarm_recieved=0;
000119 d11c      	RCALL SUBOPT_0x7
                 ;    Timer_signal_sinus_enabled=0;
00011a 93e0 0166 	STS  _Timer_signal_sinus_enabled,R30
                 ;    Timer_signal_sinus=0;
00011c d115      	RCALL SUBOPT_0x6
                 ;
                 ;
                 ;    }
                 ;
                 ;}
                 _0x1B:
                 ;
                 ;
                 ;if ((alarm_recieved==1)&&(alarm==0)&&(stand_by==0)) {//если есть сигнал, сигнал еще не срабатывал, сигналка не включена
                 _0x19:
00011d 91a0 0167 	LDS  R26,_alarm_recieved
00011f 30a1      	CPI  R26,LOW(0x1)
000120 f009      	BREQ PC+2
000121 c008      	RJMP _0x1D
000122 e0e0      	LDI  R30,LOW(0)
000123 15e6      	CP   R30,R6
000124 f009      	BREQ PC+2
000125 c004      	RJMP _0x1D
000126 d0ec      	RCALL SUBOPT_0x0
000127 f009      	BREQ PC+2
000128 c001      	RJMP _0x1D
000129 c001      	RJMP _0x1E
                 _0x1D:
00012a c017      	RJMP _0x1C
                 _0x1E:
                 ;
                 ;if (disable_count==0){
00012b 2055      	TST  R5
00012c f009      	BREQ PC+2
00012d c014      	RJMP _0x1F
                 ;    disable_count=1;
00012e e0e1      	LDI  R30,LOW(1)
00012f 2e5e      	MOV  R5,R30
                 ;    Timer_wrong_pressed_enable=1;
000130 2ede      	MOV  R13,R30
                 ;    Timer_wrong_pressed=0;
000131 e0e0      	LDI  R30,LOW(0)
000132 e0f0      	LDI  R31,HIGH(0)
000133 d0f3      	RCALL SUBOPT_0x4
                 ;    PORTD|=0b00100000;
000134 d0e4      	RCALL SUBOPT_0x1
000135 62e0      	ORI  R30,0x20
000136 bbe2      	OUT  0x12,R30
                 ;     //показывает найденное напряжение//   PORTD|=0b00100000;
                 ;    Count++;
000137 9473      	INC  R7
                 ;    stand_by=2;
000138 e0e2      	LDI  R30,LOW(2)
000139 e0f0      	LDI  R31,HIGH(2)
00013a d0ff      	RCALL SUBOPT_0x8
                 ;        if (Count==5){
00013b e0e5      	LDI  R30,LOW(5)
00013c 15e7      	CP   R30,R7
00013d f009      	BREQ PC+2
00013e c003      	RJMP _0x20
                 ;        Count=0;
00013f 2477      	CLR  R7
                 ;        alarm=1;
000140 e0e1      	LDI  R30,LOW(1)
000141 2e6e      	MOV  R6,R30
                 ;        }
                 ;}
                 _0x20:
                 ;
                 ;
                 ;}
                 _0x1F:
                 ;
                 ;
                 ;if((PIND.2==0)&&(stand_by==0)){
                 _0x1C:
000142 e0a0      	LDI  R26,0
000143 9982      	SBIC 0x10,2
000144 e0a1      	LDI  R26,1
000145 30a0      	CPI  R26,LOW(0x0)
000146 f009      	BREQ PC+2
000147 c004      	RJMP _0x22
000148 d0ca      	RCALL SUBOPT_0x0
000149 f009      	BREQ PC+2
00014a c001      	RJMP _0x22
00014b c001      	RJMP _0x23
                 _0x22:
00014c c000      	RJMP _0x21
                 _0x23:
                 ;
                 ;}
                 ;
                 ;if (alarm==1){ //сигнализация сработала
                 _0x21:
00014d e0e1      	LDI  R30,LOW(1)
00014e 15e6      	CP   R30,R6
00014f f009      	BREQ PC+2
000150 c041      	RJMP _0x24
                 ;Timer_1++;
000151 9493      	INC  R9
                 ;if (pressed==0){
000152 20aa      	TST  R10
000153 f009      	BREQ PC+2
000154 c00c      	RJMP _0x25
                 ;if (shadow==0){
000155 d0e9      	RCALL SUBOPT_0x9
000156 f009      	BREQ PC+2
000157 c004      	RJMP _0x26
                 ;PORTD|=0b10010000;
000158 d0c0      	RCALL SUBOPT_0x1
000159 69e0      	ORI  R30,LOW(0x90)
00015a bbe2      	OUT  0x12,R30
                 ;}
                 ;else{
00015b c003      	RJMP _0x27
                 _0x26:
                 ;PORTD|=0b00010000;
00015c d0bc      	RCALL SUBOPT_0x1
00015d 61e0      	ORI  R30,0x10
00015e bbe2      	OUT  0x12,R30
                 ;}
                 _0x27:
                 ;//DDRD|=0b00010000;
                 ;pressed=1;}
00015f e0e1      	LDI  R30,LOW(1)
000160 2eae      	MOV  R10,R30
                 ;
                 ;
                 ;if (Timer_1>250){
                 _0x25:
000161 efea      	LDI  R30,LOW(250)
000162 15e9      	CP   R30,R9
000163 f008      	BRLO PC+2
000164 c002      	RJMP _0x28
                 ;Timer_2++;
000165 9483      	INC  R8
                 ;Timer_1=0;
000166 2499      	CLR  R9
                 ;}
                 ;
                 ;if (Timer_2>10){
                 _0x28:
000167 e0ea      	LDI  R30,LOW(10)
000168 15e8      	CP   R30,R8
000169 f008      	BRLO PC+2
00016a c00e      	RJMP _0x29
                 ;
                 ;if (shadow==0){
00016b d0d3      	RCALL SUBOPT_0x9
00016c f009      	BREQ PC+2
00016d c005      	RJMP _0x2A
                 ;    PORTD^=0b10010000;//включаем второе нажатие
00016e d0aa      	RCALL SUBOPT_0x1
00016f e9a0      	LDI  R26,LOW(144)
000170 e0b0      	LDI  R27,HIGH(144)
000171 d0aa      	RCALL SUBOPT_0x2
                 ;    }
                 ;    else{
000172 c004      	RJMP _0x2B
                 _0x2A:
                 ;    PORTD^=0b00010000;//включаем второе нажатие
000173 d0a5      	RCALL SUBOPT_0x1
000174 e1a0      	LDI  R26,LOW(16)
000175 e0b0      	LDI  R27,HIGH(16)
000176 d0a5      	RCALL SUBOPT_0x2
                 ;    }
                 _0x2B:
                 ;    //DDRD^=0b00010000;
                 ;    Timer_2=0;
000177 2488      	CLR  R8
                 ;    Count_1++;
000178 94b3      	INC  R11
                 ;}
                 ;if (Count_1>2){
                 _0x29:
000179 e0e2      	LDI  R30,LOW(2)
00017a 15eb      	CP   R30,R11
00017b f008      	BRLO PC+2
00017c c015      	RJMP _0x2C
                 ;if (shadow==0){
00017d d0c1      	RCALL SUBOPT_0x9
00017e f009      	BREQ PC+2
00017f c004      	RJMP _0x2D
                 ;PORTD&=~0b10010000;
000180 d098      	RCALL SUBOPT_0x1
000181 76ef      	ANDI R30,LOW(0xFF6F)
000182 bbe2      	OUT  0x12,R30
                 ;}
                 ;else{
000183 c003      	RJMP _0x2E
                 _0x2D:
                 ;PORTD&=~0b00010000;
000184 d094      	RCALL SUBOPT_0x1
000185 7eef      	ANDI R30,LOW(0xFFEF)
000186 bbe2      	OUT  0x12,R30
                 ;}
                 _0x2E:
                 ;//DDRD&=~0b00001000;
                 ;Count_1=0;
000187 24bb      	CLR  R11
                 ;pressed=0;
000188 24aa      	CLR  R10
                 ;PORTC|=0b00000100;
000189 b3e5      	IN   R30,0x15
00018a e0f0      	LDI  R31,0
00018b 60e4      	ORI  R30,4
00018c bbe5      	OUT  0x15,R30
                 ;stand_by=20000;
00018d d092      	RCALL SUBOPT_0x3
                 ;alarm=0;
00018e 2466      	CLR  R6
                 ;delay_after_alarm=1;
00018f e0e1      	LDI  R30,LOW(1)
000190 93e0 0161 	STS  _delay_after_alarm,R30
                 ;}
                 ;
                 ;
                 ;}
                 _0x2C:
                 ;if (mini_stand_by>0){
                 _0x24:
000192 e0e0      	LDI  R30,LOW(0)
000193 15e4      	CP   R30,R4
000194 f008      	BRLO PC+2
000195 c001      	RJMP _0x2F
                 ;mini_stand_by--;
000196 944a      	DEC  R4
                 ;}
                 ;if (mini_stand_by==2){
                 _0x2F:
000197 e0e2      	LDI  R30,LOW(2)
000198 15e4      	CP   R30,R4
000199 f009      	BREQ PC+2
00019a c003      	RJMP _0x30
                 ;stand_by=2;
00019b e0e2      	LDI  R30,LOW(2)
00019c e0f0      	LDI  R31,HIGH(2)
00019d d09c      	RCALL SUBOPT_0x8
                 ;}
                 ;if (stand_by>0){
                 _0x30:
00019e 91a0 0169 	LDS  R26,_stand_by
0001a0 91b0 016a 	LDS  R27,_stand_by+1
0001a2 d0a0      	RCALL __CPW02
0001a3 f008      	BRLO PC+2
0001a4 c023      	RJMP _0x31
                 ;Timer_3++;
0001a5 94c3      	INC  R12
                 ;    if (Timer_3>5){
0001a6 e0e5      	LDI  R30,LOW(5)
0001a7 15ec      	CP   R30,R12
0001a8 f008      	BRLO PC+2
0001a9 c01e      	RJMP _0x32
                 ;        if (delay_after_alarm==1){
0001aa 91a0 0161 	LDS  R26,_delay_after_alarm
0001ac 30a1      	CPI  R26,LOW(0x1)
0001ad f009      	BREQ PC+2
0001ae c011      	RJMP _0x33
                 ;        Timer_6++;
0001af 91e0 0160 	LDS  R30,_Timer_6
0001b1 5fef      	SUBI R30,-LOW(1)
0001b2 93e0 0160 	STS  _Timer_6,R30
                 ;            if (Timer_6==20){
0001b4 91a0 0160 	LDS  R26,_Timer_6
0001b6 31a4      	CPI  R26,LOW(0x14)
0001b7 f009      	BREQ PC+2
0001b8 c007      	RJMP _0x34
                 ;            PORTD^=0b00100000;
0001b9 d05f      	RCALL SUBOPT_0x1
0001ba e2a0      	LDI  R26,LOW(32)
0001bb e0b0      	LDI  R27,HIGH(32)
0001bc d05f      	RCALL SUBOPT_0x2
                 ;            Timer_6=0;
0001bd e0e0      	LDI  R30,LOW(0)
0001be 93e0 0160 	STS  _Timer_6,R30
                 ;            }
                 ;        }
                 _0x34:
                 ;    stand_by--;
                 _0x33:
0001c0 e6a9      	LDI  R26,LOW(_stand_by)
0001c1 e0b1      	LDI  R27,HIGH(_stand_by)
0001c2 91ed      	LD   R30,X+
0001c3 91fd      	LD   R31,X+
0001c4 9731      	SBIW R30,1
0001c5 93fe      	ST   -X,R31
0001c6 93ee      	ST   -X,R30
                 ;    Timer_3=0;
0001c7 24cc      	CLR  R12
                 ;    }
                 ;   }
                 _0x32:
                 ;if ((stand_by==0)&&(delay_after_alarm==1)){
                 _0x31:
0001c8 d04a      	RCALL SUBOPT_0x0
0001c9 f009      	BREQ PC+2
0001ca c006      	RJMP _0x36
0001cb 91a0 0161 	LDS  R26,_delay_after_alarm
0001cd 30a1      	CPI  R26,LOW(0x1)
0001ce f009      	BREQ PC+2
0001cf c001      	RJMP _0x36
0001d0 c001      	RJMP _0x37
                 _0x36:
0001d1 c003      	RJMP _0x35
                 _0x37:
                 ;delay_after_alarm=0;
0001d2 e0e0      	LDI  R30,LOW(0)
0001d3 93e0 0161 	STS  _delay_after_alarm,R30
                 ;}
                 ;
                 ;// Place your code here
                 ;
                 ;}
                 _0x35:
0001d5 91e9      	LD   R30,Y+
0001d6 bfef      	OUT  SREG,R30
0001d7 91f9      	LD   R31,Y+
0001d8 91e9      	LD   R30,Y+
0001d9 91b9      	LD   R27,Y+
0001da 91a9      	LD   R26,Y+
0001db 9009      	LD   R0,Y+
0001dc 9518      	RETI
                 ;
                 ;// Timer 0 overflow interrupt service routine
                 ;
                 ;
                 ;// Declare your global variables here
                 ;// Выход из спящего режима и обработка внешнего прерывания INT0
                 ; interrupt [EXT_INT0] void ext_int0_isr(void)
                 ; 0000 0023  {
                 _ext_int0_isr:
                 ; 0000 0024  //MCUCR&=~0b00001000;
                 ; 0000 0025  //sleep_disable();
                 ; 0000 0026  }
0001dd 9518      	RETI
                 ;
                 ;void main(void)
                 ; 0000 0029 {
                 _main:
                 ; 0000 002A // Declare your local variables here
                 ; 0000 002B 
                 ; 0000 002C // Input/Output Ports initialization
                 ; 0000 002D // Port B initialization
                 ; 0000 002E // Func7=In Func6=In Func5=In Func4=In Func3=In Func2=In Func1=In Func0=In
                 ; 0000 002F // State7=T State6=T State5=T State4=T State3=T State2=T State1=T State0=T
                 ; 0000 0030 PORTB=0x00;
0001de e0e0      	LDI  R30,LOW(0)
0001df bbe8      	OUT  0x18,R30
                 ; 0000 0031 DDRB=0b00000000;
0001e0 bbe7      	OUT  0x17,R30
                 ; 0000 0032 
                 ; 0000 0033 // Port C initialization
                 ; 0000 0034 // Func6=In Func5=In Func4=In Func3=In Func2=In Func1=In Func0=In
                 ; 0000 0035 // State6=T State5=T State4=T State3=T State2=T State1=T State0=T
                 ; 0000 0036 PORTC=0x00;
0001e1 bbe5      	OUT  0x15,R30
                 ; 0000 0037 DDRC=0b10000111;
0001e2 e8e7      	LDI  R30,LOW(135)
0001e3 bbe4      	OUT  0x14,R30
                 ; 0000 0038 
                 ; 0000 0039 // Port D initialization
                 ; 0000 003A // Func7=In Func6=In Func5=In Func4=In Func3=In Func2=In Func1=In Func0=In
                 ; 0000 003B // State7=T State6=T State5=T State4=T State3=T State2=T State1=T State0=T
                 ; 0000 003C PORTD=0b00000000;
0001e4 e0e0      	LDI  R30,LOW(0)
0001e5 bbe2      	OUT  0x12,R30
                 ; 0000 003D DDRD=0b10111101;//0,1 - передача, примем; 2-вход поворотника;3-выход на зарядку;4-кнопка ганритуры(нв ноль) 5- светодиод статуса,7- светодиод включения звонка
0001e6 ebed      	LDI  R30,LOW(189)
0001e7 bbe1      	OUT  0x11,R30
                 ; 0000 003E 
                 ; 0000 003F // Timer/Counter 0 initialization
                 ; 0000 0040 // Clock source: System Clock
                 ; 0000 0041 // Clock value: 8000,000 kHz
                 ; 0000 0042 TCCR0=0x01;
0001e8 e0e1      	LDI  R30,LOW(1)
0001e9 bfe3      	OUT  0x33,R30
                 ; 0000 0043 TCNT0=0x00;
0001ea e0e0      	LDI  R30,LOW(0)
0001eb bfe2      	OUT  0x32,R30
                 ; 0000 0044 
                 ; 0000 0045 // Timer/Counter 1 initialization
                 ; 0000 0046 // Clock source: System Clock
                 ; 0000 0047 // Clock value: Timer 1 Stopped
                 ; 0000 0048 // Mode: Normal top=FFFFh
                 ; 0000 0049 // OC1A output: Discon.
                 ; 0000 004A // OC1B output: Discon.
                 ; 0000 004B // Noise Canceler: Off
                 ; 0000 004C // Input Capture on Falling Edge
                 ; 0000 004D // Timer 1 Overflow Interrupt: Off
                 ; 0000 004E // Input Capture Interrupt: Off
                 ; 0000 004F // Compare A Match Interrupt: Off
                 ; 0000 0050 // Compare B Match Interrupt: Off
                 ; 0000 0051 TCCR1A=0x00;
0001ec bdef      	OUT  0x2F,R30
                 ; 0000 0052 TCCR1B=0x00;
0001ed bdee      	OUT  0x2E,R30
                 ; 0000 0053 TCNT1H=0x00;
0001ee bded      	OUT  0x2D,R30
                 ; 0000 0054 TCNT1L=0x00;
0001ef bdec      	OUT  0x2C,R30
                 ; 0000 0055 ICR1H=0x00;
0001f0 bde7      	OUT  0x27,R30
                 ; 0000 0056 ICR1L=0x00;
0001f1 bde6      	OUT  0x26,R30
                 ; 0000 0057 OCR1AH=0x00;
0001f2 bdeb      	OUT  0x2B,R30
                 ; 0000 0058 OCR1AL=0x00;
0001f3 bdea      	OUT  0x2A,R30
                 ; 0000 0059 OCR1BH=0x00;
0001f4 bde9      	OUT  0x29,R30
                 ; 0000 005A OCR1BL=0x00;
0001f5 bde8      	OUT  0x28,R30
                 ; 0000 005B 
                 ; 0000 005C // Timer/Counter 2 initialization
                 ; 0000 005D // Clock source: System Clock
                 ; 0000 005E // Clock value: Timer 2 Stopped
                 ; 0000 005F // Mode: Normal top=FFh
                 ; 0000 0060 // OC2 output: Disconnected
                 ; 0000 0061 ASSR=0x00;
0001f6 bde2      	OUT  0x22,R30
                 ; 0000 0062 TCCR2=0x00;
0001f7 bde5      	OUT  0x25,R30
                 ; 0000 0063 TCNT2=0x00;
0001f8 bde4      	OUT  0x24,R30
                 ; 0000 0064 OCR2=0x00;
0001f9 bde3      	OUT  0x23,R30
                 ; 0000 0065 
                 ; 0000 0066 // External Interrupt(s) initialization
                 ; 0000 0067 // INT0: Off
                 ; 0000 0068 // INT1: Off
                 ; 0000 0069 //MCUCR=0x00;
                 ; 0000 006A 
                 ; 0000 006B //GICR|=0x40;
                 ; 0000 006C MCUCR=0x30;
0001fa e3e0      	LDI  R30,LOW(48)
0001fb bfe5      	OUT  0x35,R30
                 ; 0000 006D //GIFR=0x40;
                 ; 0000 006E 
                 ; 0000 006F 
                 ; 0000 0070 // Timer(s)/Counter(s) Interrupt(s) initialization
                 ; 0000 0071 TIMSK=0x01;
0001fc e0e1      	LDI  R30,LOW(1)
0001fd bfe9      	OUT  0x39,R30
                 ; 0000 0072 
                 ; 0000 0073 
                 ; 0000 0074 
                 ; 0000 0075 // USART initialization
                 ; 0000 0076 // Communication Parameters: 8 Data, 1 Stop, No Parity
                 ; 0000 0077 // USART Receiver: Off
                 ; 0000 0078 // USART Transmitter: On
                 ; 0000 0079 // USART Mode: Asynchronous
                 ; 0000 007A // USART Baud Rate: 110
                 ; 0000 007B UCSRA=0x00;
0001fe e0e0      	LDI  R30,LOW(0)
0001ff b9eb      	OUT  0xB,R30
                 ; 0000 007C UCSRB=0x08;
000200 e0e8      	LDI  R30,LOW(8)
000201 b9ea      	OUT  0xA,R30
                 ; 0000 007D UCSRC=0x86;
000202 e8e6      	LDI  R30,LOW(134)
000203 bde0      	OUT  0x20,R30
                 ; 0000 007E UBRRH=0x02;
000204 e0e2      	LDI  R30,LOW(2)
000205 bde0      	OUT  0x20,R30
                 ; 0000 007F UBRRL=0x37;
000206 e3e7      	LDI  R30,LOW(55)
000207 b9e9      	OUT  0x9,R30
                 ; 0000 0080 
                 ; 0000 0081 
                 ; 0000 0082 // Analog Comparator initialization
                 ; 0000 0083 // Analog Comparator: Off
                 ; 0000 0084 // Analog Comparator Input Capture by Timer/Counter 1: Off
                 ; 0000 0085 ACSR=0x80;
000208 e8e0      	LDI  R30,LOW(128)
000209 b9e8      	OUT  0x8,R30
                 ; 0000 0086 SFIOR=0x00;
00020a e0e0      	LDI  R30,LOW(0)
00020b bfe0      	OUT  0x30,R30
                 ; 0000 0087 // ADC initialization
                 ; 0000 0088 // ADC Clock frequency: 500,000 kHz
                 ; 0000 0089 // ADC Voltage Reference: AREF pin
                 ; 0000 008A ADMUX=ADC_VREF_TYPE & 0xff;
00020c b9e7      	OUT  0x7,R30
                 ; 0000 008B ADCSRA=0x81;
00020d e8e1      	LDI  R30,LOW(129)
00020e b9e6      	OUT  0x6,R30
                 ; 0000 008C // Global enable interrupts
                 ; 0000 008D #asm("sei")
00020f 9478      	sei
                 ; 0000 008E #asm("sleep")
000210 9588      	sleep
                 ; 0000 008F while (1)
                 _0x38:
                 ; 0000 0090       {
                 ; 0000 0091       #include <while.c>
                 ; 0000 0092       // Place your code here
                 ; 0000 0093 
                 ; 0000 0094       };
000211 cfff      	RJMP _0x38
                 _0x3A:
                 ; 0000 0095 }
                 _0x3B:
000212 cfff      	RJMP _0x3B
                 
                 	.DSEG
                 _Timer_6:
000160           	.BYTE 0x1
                 _delay_after_alarm:
000161           	.BYTE 0x1
                 _Timer_4_ext:
000162           	.BYTE 0x1
                 _Timer_4:
000163           	.BYTE 0x1
                 _shadow:
000164           	.BYTE 0x1
                 _Timer_signal_sinus:
000165           	.BYTE 0x1
                 _Timer_signal_sinus_enabled:
000166           	.BYTE 0x1
                 _alarm_recieved:
000167           	.BYTE 0x1
                 _Count_this_event:
000168           	.BYTE 0x1
                 _stand_by:
000169           	.BYTE 0x2
                 _Timer_wrong_pressed:
00016b           	.BYTE 0x2
                 _Timer_if_long_pressed:
00016d           	.BYTE 0x2
                 
                 	.CSEG
                 ;OPTIMIZER ADDED SUBROUTINE, CALLED 7 TIMES, CODE SIZE REDUCTION:22 WORDS
                 SUBOPT_0x0:
000213 91a0 0169 	LDS  R26,_stand_by
000215 91b0 016a 	LDS  R27,_stand_by+1
000217 9710      	SBIW R26,0
000218 9508      	RET
                 
                 ;OPTIMIZER ADDED SUBROUTINE, CALLED 11 TIMES, CODE SIZE REDUCTION:28 WORDS
                 SUBOPT_0x1:
000219 b3e2      	IN   R30,0x12
00021a e0f0      	LDI  R31,0
00021b 9508      	RET
                 
                 ;OPTIMIZER ADDED SUBROUTINE, CALLED 4 TIMES, CODE SIZE REDUCTION:4 WORDS
                 SUBOPT_0x2:
00021c 27ea      	EOR  R30,R26
00021d 27fb      	EOR  R31,R27
00021e bbe2      	OUT  0x12,R30
00021f 9508      	RET
                 
                 ;OPTIMIZER ADDED SUBROUTINE, CALLED 2 TIMES, CODE SIZE REDUCTION:3 WORDS
                 SUBOPT_0x3:
000220 e2e0      	LDI  R30,LOW(20000)
000221 e4fe      	LDI  R31,HIGH(20000)
000222 93e0 0169 	STS  _stand_by,R30
000224 93f0 016a 	STS  _stand_by+1,R31
000226 9508      	RET
                 
                 ;OPTIMIZER ADDED SUBROUTINE, CALLED 2 TIMES, CODE SIZE REDUCTION:1 WORDS
                 SUBOPT_0x4:
000227 93e0 016b 	STS  _Timer_wrong_pressed,R30
000229 93f0 016c 	STS  _Timer_wrong_pressed+1,R31
00022b 9508      	RET
                 
                 ;OPTIMIZER ADDED SUBROUTINE, CALLED 2 TIMES, CODE SIZE REDUCTION:2 WORDS
                 SUBOPT_0x5:
00022c 91ed      	LD   R30,X+
00022d 91fd      	LD   R31,X+
00022e 9631      	ADIW R30,1
00022f 93fe      	ST   -X,R31
000230 93ee      	ST   -X,R30
000231 9508      	RET
                 
                 ;OPTIMIZER ADDED SUBROUTINE, CALLED 3 TIMES, CODE SIZE REDUCTION:2 WORDS
                 SUBOPT_0x6:
000232 e0e0      	LDI  R30,LOW(0)
000233 93e0 0165 	STS  _Timer_signal_sinus,R30
000235 9508      	RET
                 
                 ;OPTIMIZER ADDED SUBROUTINE, CALLED 3 TIMES, CODE SIZE REDUCTION:4 WORDS
                 SUBOPT_0x7:
000236 e0e0      	LDI  R30,LOW(0)
000237 93e0 0167 	STS  _alarm_recieved,R30
000239 9508      	RET
                 
                 ;OPTIMIZER ADDED SUBROUTINE, CALLED 3 TIMES, CODE SIZE REDUCTION:4 WORDS
                 SUBOPT_0x8:
00023a 93e0 0169 	STS  _stand_by,R30
00023c 93f0 016a 	STS  _stand_by+1,R31
00023e 9508      	RET
                 
                 ;OPTIMIZER ADDED SUBROUTINE, CALLED 3 TIMES, CODE SIZE REDUCTION:2 WORDS
                 SUBOPT_0x9:
00023f 91e0 0164 	LDS  R30,_shadow
000241 30e0      	CPI  R30,0
000242 9508      	RET
                 
                 
                 	.CSEG
                 __CPW02:
000243 2400      	CLR  R0
000244 160a      	CP   R0,R26
000245 060b      	CPC  R0,R27
000246 9508      	RET
                 
                 ;END OF CODE MARKER
                 __END_OF_CODE:


RESOURCE USE INFORMATION
------------------------

Notice:
The register and instruction counts are symbol table hit counts,
and hence implicitly used resources are not counted, eg, the
'lpm' instruction without operands implicitly uses r0 and z,
none of which are counted.

x,y,z are separate entities in the symbol table and are
counted separately from r26..r31 here.

.dseg memory usage only counts static data declared with .byte

ATmega8 register use summary:
r0 :   9 r1 :   1 r2 :   0 r3 :   0 r4 :   3 r5 :   5 r6 :   8 r7 :   7 
r8 :   3 r9 :   3 r10:   3 r11:   3 r12:   3 r13:   4 r14:   0 r15:   0 
r16:   0 r17:   0 r18:   0 r19:   0 r20:   0 r21:   0 r22:   2 r23:   0 
r24:   7 r25:   2 r26:  57 r27:  19 r28:   1 r29:   1 r30: 190 r31:  25 
x  :  11 y  :  12 z  :   7 
Registers used: 24 out of 35 (68.6%)

ATmega8 instruction use summary:
adc   :   0 add   :   0 adiw  :   1 and   :   0 andi  :   3 asr   :   0 
bclr  :   0 bld   :   0 brbc  :   0 brbs  :   0 brcc  :   0 brcs  :   0 
break :   0 breq  :  33 brge  :   0 brhc  :   0 brhs  :   0 brid  :   0 
brie  :   0 brlo  :   7 brlt  :   0 brmi  :   0 brne  :   3 brpl  :   0 
brsh  :   7 brtc  :   0 brts  :   0 brvc  :   0 brvs  :   0 bset  :   0 
bst   :   0 cbi   :   0 cbr   :   0 clc   :   0 clh   :   0 cli   :   1 
cln   :   0 clr   :  14 cls   :   0 clt   :   0 clv   :   0 clz   :   0 
com   :   0 cp    :  16 cpc   :   3 cpi   :  19 cpse  :   0 dec   :   2 
des   :   0 eor   :   2 fmul  :   0 fmuls :   0 fmulsu:   0 icall :   0 
ijmp  :   0 in    :   3 inc   :   5 ld    :  10 ldd   :   0 ldi   :  95 
lds   :  26 lpm   :   7 lsl   :   0 lsr   :   0 mov   :   8 movw  :   3 
mul   :   0 muls  :   0 mulsu :   0 neg   :   0 nop   :   0 or    :   0 
ori   :   5 out   :  51 pop   :   0 push  :   0 rcall :  41 ret   :  11 
reti  :   2 rjmp  :  89 rol   :   0 ror   :   0 sbc   :   0 sbci  :   0 
sbi   :   0 sbic  :   5 sbis  :   0 sbiw  :   5 sbr   :   0 sbrc  :   0 
sbrs  :   0 sec   :   0 seh   :   0 sei   :   1 sen   :   0 ser   :   0 
ses   :   0 set   :   0 sev   :   0 sez   :   0 sleep :   1 spm   :   0 
st    :  13 std   :   0 sts   :  26 sub   :   0 subi  :   5 swap  :   0 
tst   :   2 wdr   :   0 
Instructions used: 35 out of 110 (31.8%)

ATmega8 memory use summary [bytes]:
Segment   Begin    End      Code   Data   Used    Size   Use%
---------------------------------------------------------------
[.cseg] 0x000000 0x00048e   1154     12   1166    8192  14.2%
[.dseg] 0x000060 0x00016f      0     15     15    1024   1.5%
[.eseg] 0x000000 0x000000      0      0      0     512   0.0%

Assembly complete, 0 errors, 11 warnings
