
AVRASM ver. 2.1.17  D:\My documents\Programming\Projects\1_Develop_IR\List\Rx.asm Mon Nov 29 21:09:03 2010

D:\My documents\Programming\Projects\1_Develop_IR\List\Rx.asm(1026): warning: Register r5 already defined by the .DEF directive
D:\My documents\Programming\Projects\1_Develop_IR\List\Rx.asm(1027): warning: Register r4 already defined by the .DEF directive
D:\My documents\Programming\Projects\1_Develop_IR\List\Rx.asm(1028): warning: Register r7 already defined by the .DEF directive
D:\My documents\Programming\Projects\1_Develop_IR\List\Rx.asm(1029): warning: Register r6 already defined by the .DEF directive
D:\My documents\Programming\Projects\1_Develop_IR\List\Rx.asm(1030): warning: Register r8 already defined by the .DEF directive
D:\My documents\Programming\Projects\1_Develop_IR\List\Rx.asm(1031): warning: Register r11 already defined by the .DEF directive
D:\My documents\Programming\Projects\1_Develop_IR\List\Rx.asm(1032): warning: Register r10 already defined by the .DEF directive
D:\My documents\Programming\Projects\1_Develop_IR\List\Rx.asm(1033): warning: Register r12 already defined by the .DEF directive
                 
                 
                 ;CodeVisionAVR C Compiler V2.03.4 Standard
                 ;(C) Copyright 1998-2008 Pavel Haiduc, HP InfoTech s.r.l.
                 ;http://www.hpinfotech.com
                 
                 ;Chip type              : ATmega8L
                 ;Program type           : Application
                 ;Clock frequency        : 8,000000 MHz
                 ;Memory model           : Small
                 ;Optimize for           : Speed
                 ;(s)printf features     : int, width
                 ;(s)scanf features      : int, width
                 ;External RAM size      : 0
                 ;Data Stack size        : 256 byte(s)
                 ;Heap size              : 0 byte(s)
                 ;Promote char to int    : Yes
                 ;char is unsigned       : Yes
                 ;global const stored in FLASH  : Yes
                 ;8 bit enums            : Yes
                 ;Enhanced core instructions    : On
                 ;Smart register allocation : On
                 ;Automatic register allocation : On
                 
                 	#pragma AVRPART ADMIN PART_NAME ATmega8L
                 	#pragma AVRPART MEMORY PROG_FLASH 8192
                 	#pragma AVRPART MEMORY EEPROM 512
                 	#pragma AVRPART MEMORY INT_SRAM SIZE 1024
                 	#pragma AVRPART MEMORY INT_SRAM START_ADDR 0x60
                 
                 	.LISTMAC
                 	.EQU UDRE=0x5
                 	.EQU RXC=0x7
                 	.EQU USR=0xB
                 	.EQU UDR=0xC
                 	.EQU SPSR=0xE
                 	.EQU SPDR=0xF
                 	.EQU EERE=0x0
                 	.EQU EEWE=0x1
                 	.EQU EEMWE=0x2
                 	.EQU EECR=0x1C
                 	.EQU EEDR=0x1D
                 	.EQU EEARL=0x1E
                 	.EQU EEARH=0x1F
                 	.EQU WDTCR=0x21
                 	.EQU MCUCR=0x35
                 	.EQU GICR=0x3B
                 	.EQU SPL=0x3D
                 	.EQU SPH=0x3E
                 	.EQU SREG=0x3F
                 
                 	.DEF R0X0=R0
                 	.DEF R0X1=R1
                 	.DEF R0X2=R2
                 	.DEF R0X3=R3
                 	.DEF R0X4=R4
                 	.DEF R0X5=R5
                 	.DEF R0X6=R6
                 	.DEF R0X7=R7
                 	.DEF R0X8=R8
                 	.DEF R0X9=R9
                 	.DEF R0XA=R10
                 	.DEF R0XB=R11
                 	.DEF R0XC=R12
                 	.DEF R0XD=R13
                 	.DEF R0XE=R14
                 	.DEF R0XF=R15
                 	.DEF R0X10=R16
                 	.DEF R0X11=R17
                 	.DEF R0X12=R18
                 	.DEF R0X13=R19
                 	.DEF R0X14=R20
                 	.DEF R0X15=R21
                 	.DEF R0X16=R22
                 	.DEF R0X17=R23
                 	.DEF R0X18=R24
                 	.DEF R0X19=R25
                 	.DEF R0X1A=R26
                 	.DEF R0X1B=R27
                 	.DEF R0X1C=R28
                 	.DEF R0X1D=R29
                 	.DEF R0X1E=R30
                 	.DEF R0X1F=R31
                 
                 	.MACRO __CPD1N
                 	CPI  R30,LOW(@0)
                 	LDI  R26,HIGH(@0)
                 	CPC  R31,R26
                 	LDI  R26,BYTE3(@0)
                 	CPC  R22,R26
                 	LDI  R26,BYTE4(@0)
                 	CPC  R23,R26
                 	.ENDM
                 
                 	.MACRO __CPD2N
                 	CPI  R26,LOW(@0)
                 	LDI  R30,HIGH(@0)
                 	CPC  R27,R30
                 	LDI  R30,BYTE3(@0)
                 	CPC  R24,R30
                 	LDI  R30,BYTE4(@0)
                 	CPC  R25,R30
                 	.ENDM
                 
                 	.MACRO __CPWRR
                 	CP   R@0,R@2
                 	CPC  R@1,R@3
                 	.ENDM
                 
                 	.MACRO __CPWRN
                 	CPI  R@0,LOW(@2)
                 	LDI  R30,HIGH(@2)
                 	CPC  R@1,R30
                 	.ENDM
                 
                 	.MACRO __ADDB1MN
                 	SUBI R30,LOW(-@0-(@1))
                 	.ENDM
                 
                 	.MACRO __ADDB2MN
                 	SUBI R26,LOW(-@0-(@1))
                 	.ENDM
                 
                 	.MACRO __ADDW1MN
                 	SUBI R30,LOW(-@0-(@1))
                 	SBCI R31,HIGH(-@0-(@1))
                 	.ENDM
                 
                 	.MACRO __ADDW2MN
                 	SUBI R26,LOW(-@0-(@1))
                 	SBCI R27,HIGH(-@0-(@1))
                 	.ENDM
                 
                 	.MACRO __ADDW1FN
                 	SUBI R30,LOW(-2*@0-(@1))
                 	SBCI R31,HIGH(-2*@0-(@1))
                 	.ENDM
                 
                 	.MACRO __ADDD1FN
                 	SUBI R30,LOW(-2*@0-(@1))
                 	SBCI R31,HIGH(-2*@0-(@1))
                 	SBCI R22,BYTE3(-2*@0-(@1))
                 	.ENDM
                 
                 	.MACRO __ADDD1N
                 	SUBI R30,LOW(-@0)
                 	SBCI R31,HIGH(-@0)
                 	SBCI R22,BYTE3(-@0)
                 	SBCI R23,BYTE4(-@0)
                 	.ENDM
                 
                 	.MACRO __ADDD2N
                 	SUBI R26,LOW(-@0)
                 	SBCI R27,HIGH(-@0)
                 	SBCI R24,BYTE3(-@0)
                 	SBCI R25,BYTE4(-@0)
                 	.ENDM
                 
                 	.MACRO __SUBD1N
                 	SUBI R30,LOW(@0)
                 	SBCI R31,HIGH(@0)
                 	SBCI R22,BYTE3(@0)
                 	SBCI R23,BYTE4(@0)
                 	.ENDM
                 
                 	.MACRO __SUBD2N
                 	SUBI R26,LOW(@0)
                 	SBCI R27,HIGH(@0)
                 	SBCI R24,BYTE3(@0)
                 	SBCI R25,BYTE4(@0)
                 	.ENDM
                 
                 	.MACRO __ANDBMNN
                 	LDS  R30,@0+@1
                 	ANDI R30,LOW(@2)
                 	STS  @0+@1,R30
                 	.ENDM
                 
                 	.MACRO __ANDWMNN
                 	LDS  R30,@0+@1
                 	ANDI R30,LOW(@2)
                 	STS  @0+@1,R30
                 	LDS  R30,@0+@1+1
                 	ANDI R30,HIGH(@2)
                 	STS  @0+@1+1,R30
                 	.ENDM
                 
                 	.MACRO __ANDD1N
                 	ANDI R30,LOW(@0)
                 	ANDI R31,HIGH(@0)
                 	ANDI R22,BYTE3(@0)
                 	ANDI R23,BYTE4(@0)
                 	.ENDM
                 
                 	.MACRO __ANDD2N
                 	ANDI R26,LOW(@0)
                 	ANDI R27,HIGH(@0)
                 	ANDI R24,BYTE3(@0)
                 	ANDI R25,BYTE4(@0)
                 	.ENDM
                 
                 	.MACRO __ORBMNN
                 	LDS  R30,@0+@1
                 	ORI  R30,LOW(@2)
                 	STS  @0+@1,R30
                 	.ENDM
                 
                 	.MACRO __ORWMNN
                 	LDS  R30,@0+@1
                 	ORI  R30,LOW(@2)
                 	STS  @0+@1,R30
                 	LDS  R30,@0+@1+1
                 	ORI  R30,HIGH(@2)
                 	STS  @0+@1+1,R30
                 	.ENDM
                 
                 	.MACRO __ORD1N
                 	ORI  R30,LOW(@0)
                 	ORI  R31,HIGH(@0)
                 	ORI  R22,BYTE3(@0)
                 	ORI  R23,BYTE4(@0)
                 	.ENDM
                 
                 	.MACRO __ORD2N
                 	ORI  R26,LOW(@0)
                 	ORI  R27,HIGH(@0)
                 	ORI  R24,BYTE3(@0)
                 	ORI  R25,BYTE4(@0)
                 	.ENDM
                 
                 	.MACRO __DELAY_USB
                 	LDI  R24,LOW(@0)
                 __DELAY_USB_LOOP:
                 	DEC  R24
                 	BRNE __DELAY_USB_LOOP
                 	.ENDM
                 
                 	.MACRO __DELAY_USW
                 	LDI  R24,LOW(@0)
                 	LDI  R25,HIGH(@0)
                 __DELAY_USW_LOOP:
                 	SBIW R24,1
                 	BRNE __DELAY_USW_LOOP
                 	.ENDM
                 
                 	.MACRO __CLRD1S
                 	LDI  R30,0
                 	STD  Y+@0,R30
                 	STD  Y+@0+1,R30
                 	STD  Y+@0+2,R30
                 	STD  Y+@0+3,R30
                 	.ENDM
                 
                 	.MACRO __GETD1S
                 	LDD  R30,Y+@0
                 	LDD  R31,Y+@0+1
                 	LDD  R22,Y+@0+2
                 	LDD  R23,Y+@0+3
                 	.ENDM
                 
                 	.MACRO __PUTD1S
                 	STD  Y+@0,R30
                 	STD  Y+@0+1,R31
                 	STD  Y+@0+2,R22
                 	STD  Y+@0+3,R23
                 	.ENDM
                 
                 	.MACRO __PUTD2S
                 	STD  Y+@0,R26
                 	STD  Y+@0+1,R27
                 	STD  Y+@0+2,R24
                 	STD  Y+@0+3,R25
                 	.ENDM
                 
                 	.MACRO __POINTB1MN
                 	LDI  R30,LOW(@0+@1)
                 	.ENDM
                 
                 	.MACRO __POINTW1MN
                 	LDI  R30,LOW(@0+@1)
                 	LDI  R31,HIGH(@0+@1)
                 	.ENDM
                 
                 	.MACRO __POINTD1M
                 	LDI  R30,LOW(@0)
                 	LDI  R31,HIGH(@0)
                 	LDI  R22,BYTE3(@0)
                 	LDI  R23,BYTE4(@0)
                 	.ENDM
                 
                 	.MACRO __POINTW1FN
                 	LDI  R30,LOW(2*@0+@1)
                 	LDI  R31,HIGH(2*@0+@1)
                 	.ENDM
                 
                 	.MACRO __POINTD1FN
                 	LDI  R30,LOW(2*@0+@1)
                 	LDI  R31,HIGH(2*@0+@1)
                 	LDI  R22,BYTE3(2*@0+@1)
                 	LDI  R23,BYTE4(2*@0+@1)
                 	.ENDM
                 
                 	.MACRO __POINTB2MN
                 	LDI  R26,LOW(@0+@1)
                 	.ENDM
                 
                 	.MACRO __POINTW2MN
                 	LDI  R26,LOW(@0+@1)
                 	LDI  R27,HIGH(@0+@1)
                 	.ENDM
                 
                 	.MACRO __POINTBRM
                 	LDI  R@0,LOW(@1)
                 	.ENDM
                 
                 	.MACRO __POINTWRM
                 	LDI  R@0,LOW(@2)
                 	LDI  R@1,HIGH(@2)
                 	.ENDM
                 
                 	.MACRO __POINTBRMN
                 	LDI  R@0,LOW(@1+@2)
                 	.ENDM
                 
                 	.MACRO __POINTWRMN
                 	LDI  R@0,LOW(@2+@3)
                 	LDI  R@1,HIGH(@2+@3)
                 	.ENDM
                 
                 	.MACRO __POINTWRFN
                 	LDI  R@0,LOW(@2*2+@3)
                 	LDI  R@1,HIGH(@2*2+@3)
                 	.ENDM
                 
                 	.MACRO __GETD1N
                 	LDI  R30,LOW(@0)
                 	LDI  R31,HIGH(@0)
                 	LDI  R22,BYTE3(@0)
                 	LDI  R23,BYTE4(@0)
                 	.ENDM
                 
                 	.MACRO __GETD2N
                 	LDI  R26,LOW(@0)
                 	LDI  R27,HIGH(@0)
                 	LDI  R24,BYTE3(@0)
                 	LDI  R25,BYTE4(@0)
                 	.ENDM
                 
                 	.MACRO __GETD2S
                 	LDD  R26,Y+@0
                 	LDD  R27,Y+@0+1
                 	LDD  R24,Y+@0+2
                 	LDD  R25,Y+@0+3
                 	.ENDM
                 
                 	.MACRO __GETB1MN
                 	LDS  R30,@0+@1
                 	.ENDM
                 
                 	.MACRO __GETB1HMN
                 	LDS  R31,@0+@1
                 	.ENDM
                 
                 	.MACRO __GETW1MN
                 	LDS  R30,@0+@1
                 	LDS  R31,@0+@1+1
                 	.ENDM
                 
                 	.MACRO __GETD1MN
                 	LDS  R30,@0+@1
                 	LDS  R31,@0+@1+1
                 	LDS  R22,@0+@1+2
                 	LDS  R23,@0+@1+3
                 	.ENDM
                 
                 	.MACRO __GETBRMN
                 	LDS  R@0,@1+@2
                 	.ENDM
                 
                 	.MACRO __GETWRMN
                 	LDS  R@0,@2+@3
                 	LDS  R@1,@2+@3+1
                 	.ENDM
                 
                 	.MACRO __GETWRZ
                 	LDD  R@0,Z+@2
                 	LDD  R@1,Z+@2+1
                 	.ENDM
                 
                 	.MACRO __GETD2Z
                 	LDD  R26,Z+@0
                 	LDD  R27,Z+@0+1
                 	LDD  R24,Z+@0+2
                 	LDD  R25,Z+@0+3
                 	.ENDM
                 
                 	.MACRO __GETB2MN
                 	LDS  R26,@0+@1
                 	.ENDM
                 
                 	.MACRO __GETW2MN
                 	LDS  R26,@0+@1
                 	LDS  R27,@0+@1+1
                 	.ENDM
                 
                 	.MACRO __GETD2MN
                 	LDS  R26,@0+@1
                 	LDS  R27,@0+@1+1
                 	LDS  R24,@0+@1+2
                 	LDS  R25,@0+@1+3
                 	.ENDM
                 
                 	.MACRO __PUTB1MN
                 	STS  @0+@1,R30
                 	.ENDM
                 
                 	.MACRO __PUTW1MN
                 	STS  @0+@1,R30
                 	STS  @0+@1+1,R31
                 	.ENDM
                 
                 	.MACRO __PUTD1MN
                 	STS  @0+@1,R30
                 	STS  @0+@1+1,R31
                 	STS  @0+@1+2,R22
                 	STS  @0+@1+3,R23
                 	.ENDM
                 
                 	.MACRO __PUTB1EN
                 	LDI  R26,LOW(@0+@1)
                 	LDI  R27,HIGH(@0+@1)
                 	RCALL __EEPROMWRB
                 	.ENDM
                 
                 	.MACRO __PUTW1EN
                 	LDI  R26,LOW(@0+@1)
                 	LDI  R27,HIGH(@0+@1)
                 	RCALL __EEPROMWRW
                 	.ENDM
                 
                 	.MACRO __PUTD1EN
                 	LDI  R26,LOW(@0+@1)
                 	LDI  R27,HIGH(@0+@1)
                 	RCALL __EEPROMWRD
                 	.ENDM
                 
                 	.MACRO __PUTBR0MN
                 	STS  @0+@1,R0
                 	.ENDM
                 
                 	.MACRO __PUTDZ2
                 	STD  Z+@0,R26
                 	STD  Z+@0+1,R27
                 	STD  Z+@0+2,R24
                 	STD  Z+@0+3,R25
                 	.ENDM
                 
                 	.MACRO __PUTBMRN
                 	STS  @0+@1,R@2
                 	.ENDM
                 
                 	.MACRO __PUTWMRN
                 	STS  @0+@1,R@2
                 	STS  @0+@1+1,R@3
                 	.ENDM
                 
                 	.MACRO __PUTBZR
                 	STD  Z+@1,R@0
                 	.ENDM
                 
                 	.MACRO __PUTWZR
                 	STD  Z+@2,R@0
                 	STD  Z+@2+1,R@1
                 	.ENDM
                 
                 	.MACRO __GETW1R
                 	MOV  R30,R@0
                 	MOV  R31,R@1
                 	.ENDM
                 
                 	.MACRO __GETW2R
                 	MOV  R26,R@0
                 	MOV  R27,R@1
                 	.ENDM
                 
                 	.MACRO __GETWRN
                 	LDI  R@0,LOW(@2)
                 	LDI  R@1,HIGH(@2)
                 	.ENDM
                 
                 	.MACRO __PUTW1R
                 	MOV  R@0,R30
                 	MOV  R@1,R31
                 	.ENDM
                 
                 	.MACRO __PUTW2R
                 	MOV  R@0,R26
                 	MOV  R@1,R27
                 	.ENDM
                 
                 	.MACRO __ADDWRN
                 	SUBI R@0,LOW(-@2)
                 	SBCI R@1,HIGH(-@2)
                 	.ENDM
                 
                 	.MACRO __ADDWRR
                 	ADD  R@0,R@2
                 	ADC  R@1,R@3
                 	.ENDM
                 
                 	.MACRO __SUBWRN
                 	SUBI R@0,LOW(@2)
                 	SBCI R@1,HIGH(@2)
                 	.ENDM
                 
                 	.MACRO __SUBWRR
                 	SUB  R@0,R@2
                 	SBC  R@1,R@3
                 	.ENDM
                 
                 	.MACRO __ANDWRN
                 	ANDI R@0,LOW(@2)
                 	ANDI R@1,HIGH(@2)
                 	.ENDM
                 
                 	.MACRO __ANDWRR
                 	AND  R@0,R@2
                 	AND  R@1,R@3
                 	.ENDM
                 
                 	.MACRO __ORWRN
                 	ORI  R@0,LOW(@2)
                 	ORI  R@1,HIGH(@2)
                 	.ENDM
                 
                 	.MACRO __ORWRR
                 	OR   R@0,R@2
                 	OR   R@1,R@3
                 	.ENDM
                 
                 	.MACRO __EORWRR
                 	EOR  R@0,R@2
                 	EOR  R@1,R@3
                 	.ENDM
                 
                 	.MACRO __GETWRS
                 	LDD  R@0,Y+@2
                 	LDD  R@1,Y+@2+1
                 	.ENDM
                 
                 	.MACRO __PUTWSR
                 	STD  Y+@2,R@0
                 	STD  Y+@2+1,R@1
                 	.ENDM
                 
                 	.MACRO __MOVEWRR
                 	MOV  R@0,R@2
                 	MOV  R@1,R@3
                 	.ENDM
                 
                 	.MACRO __INWR
                 	IN   R@0,@2
                 	IN   R@1,@2+1
                 	.ENDM
                 
                 	.MACRO __OUTWR
                 	OUT  @2+1,R@1
                 	OUT  @2,R@0
                 	.ENDM
                 
                 	.MACRO __CALL1MN
                 	LDS  R30,@0+@1
                 	LDS  R31,@0+@1+1
                 	ICALL
                 	.ENDM
                 
                 	.MACRO __CALL1FN
                 	LDI  R30,LOW(2*@0+@1)
                 	LDI  R31,HIGH(2*@0+@1)
                 	RCALL __GETW1PF
                 	ICALL
                 	.ENDM
                 
                 	.MACRO __CALL2EN
                 	LDI  R26,LOW(@0+@1)
                 	LDI  R27,HIGH(@0+@1)
                 	RCALL __EEPROMRDW
                 	ICALL
                 	.ENDM
                 
                 	.MACRO __GETW1STACK
                 	IN   R26,SPL
                 	IN   R27,SPH
                 	ADIW R26,@0+1
                 	LD   R30,X+
                 	LD   R31,X
                 	.ENDM
                 
                 	.MACRO __NBST
                 	BST  R@0,@1
                 	IN   R30,SREG
                 	LDI  R31,0x40
                 	EOR  R30,R31
                 	OUT  SREG,R30
                 	.ENDM
                 
                 
                 	.MACRO __PUTB1SN
                 	LDD  R26,Y+@0
                 	LDD  R27,Y+@0+1
                 	SUBI R26,LOW(-@1)
                 	SBCI R27,HIGH(-@1)
                 	ST   X,R30
                 	.ENDM
                 
                 	.MACRO __PUTW1SN
                 	LDD  R26,Y+@0
                 	LDD  R27,Y+@0+1
                 	SUBI R26,LOW(-@1)
                 	SBCI R27,HIGH(-@1)
                 	ST   X+,R30
                 	ST   X,R31
                 	.ENDM
                 
                 	.MACRO __PUTD1SN
                 	LDD  R26,Y+@0
                 	LDD  R27,Y+@0+1
                 	SUBI R26,LOW(-@1)
                 	SBCI R27,HIGH(-@1)
                 	RCALL __PUTDP1
                 	.ENDM
                 
                 	.MACRO __PUTB1SNS
                 	LDD  R26,Y+@0
                 	LDD  R27,Y+@0+1
                 	ADIW R26,@1
                 	ST   X,R30
                 	.ENDM
                 
                 	.MACRO __PUTW1SNS
                 	LDD  R26,Y+@0
                 	LDD  R27,Y+@0+1
                 	ADIW R26,@1
                 	ST   X+,R30
                 	ST   X,R31
                 	.ENDM
                 
                 	.MACRO __PUTD1SNS
                 	LDD  R26,Y+@0
                 	LDD  R27,Y+@0+1
                 	ADIW R26,@1
                 	RCALL __PUTDP1
                 	.ENDM
                 
                 	.MACRO __PUTB1PMN
                 	LDS  R26,@0
                 	LDS  R27,@0+1
                 	SUBI R26,LOW(-@1)
                 	SBCI R27,HIGH(-@1)
                 	ST   X,R30
                 	.ENDM
                 
                 	.MACRO __PUTW1PMN
                 	LDS  R26,@0
                 	LDS  R27,@0+1
                 	SUBI R26,LOW(-@1)
                 	SBCI R27,HIGH(-@1)
                 	ST   X+,R30
                 	ST   X,R31
                 	.ENDM
                 
                 	.MACRO __PUTD1PMN
                 	LDS  R26,@0
                 	LDS  R27,@0+1
                 	SUBI R26,LOW(-@1)
                 	SBCI R27,HIGH(-@1)
                 	RCALL __PUTDP1
                 	.ENDM
                 
                 	.MACRO __PUTB1PMNS
                 	LDS  R26,@0
                 	LDS  R27,@0+1
                 	ADIW R26,@1
                 	ST   X,R30
                 	.ENDM
                 
                 	.MACRO __PUTW1PMNS
                 	LDS  R26,@0
                 	LDS  R27,@0+1
                 	ADIW R26,@1
                 	ST   X+,R30
                 	ST   X,R31
                 	.ENDM
                 
                 	.MACRO __PUTD1PMNS
                 	LDS  R26,@0
                 	LDS  R27,@0+1
                 	ADIW R26,@1
                 	RCALL __PUTDP1
                 	.ENDM
                 
                 	.MACRO __PUTB1RN
                 	MOVW R26,R@0
                 	SUBI R26,LOW(-@1)
                 	SBCI R27,HIGH(-@1)
                 	ST   X,R30
                 	.ENDM
                 
                 	.MACRO __PUTW1RN
                 	MOVW R26,R@0
                 	SUBI R26,LOW(-@1)
                 	SBCI R27,HIGH(-@1)
                 	ST   X+,R30
                 	ST   X,R31
                 	.ENDM
                 
                 	.MACRO __PUTD1RN
                 	MOVW R26,R@0
                 	SUBI R26,LOW(-@1)
                 	SBCI R27,HIGH(-@1)
                 	RCALL __PUTDP1
                 	.ENDM
                 
                 	.MACRO __PUTB1RNS
                 	MOVW R26,R@0
                 	ADIW R26,@1
                 	ST   X,R30
                 	.ENDM
                 
                 	.MACRO __PUTW1RNS
                 	MOVW R26,R@0
                 	ADIW R26,@1
                 	ST   X+,R30
                 	ST   X,R31
                 	.ENDM
                 
                 	.MACRO __PUTD1RNS
                 	MOVW R26,R@0
                 	ADIW R26,@1
                 	RCALL __PUTDP1
                 	.ENDM
                 
                 	.MACRO __PUTB1RON
                 	MOV  R26,R@0
                 	MOV  R27,R@1
                 	SUBI R26,LOW(-@2)
                 	SBCI R27,HIGH(-@2)
                 	ST   X,R30
                 	.ENDM
                 
                 	.MACRO __PUTW1RON
                 	MOV  R26,R@0
                 	MOV  R27,R@1
                 	SUBI R26,LOW(-@2)
                 	SBCI R27,HIGH(-@2)
                 	ST   X+,R30
                 	ST   X,R31
                 	.ENDM
                 
                 	.MACRO __PUTD1RON
                 	MOV  R26,R@0
                 	MOV  R27,R@1
                 	SUBI R26,LOW(-@2)
                 	SBCI R27,HIGH(-@2)
                 	RCALL __PUTDP1
                 	.ENDM
                 
                 	.MACRO __PUTB1RONS
                 	MOV  R26,R@0
                 	MOV  R27,R@1
                 	ADIW R26,@2
                 	ST   X,R30
                 	.ENDM
                 
                 	.MACRO __PUTW1RONS
                 	MOV  R26,R@0
                 	MOV  R27,R@1
                 	ADIW R26,@2
                 	ST   X+,R30
                 	ST   X,R31
                 	.ENDM
                 
                 	.MACRO __PUTD1RONS
                 	MOV  R26,R@0
                 	MOV  R27,R@1
                 	ADIW R26,@2
                 	RCALL __PUTDP1
                 	.ENDM
                 
                 
                 	.MACRO __GETB1SX
                 	MOVW R30,R28
                 	SUBI R30,LOW(-@0)
                 	SBCI R31,HIGH(-@0)
                 	LD   R30,Z
                 	.ENDM
                 
                 	.MACRO __GETB1HSX
                 	MOVW R30,R28
                 	SUBI R30,LOW(-@0)
                 	SBCI R31,HIGH(-@0)
                 	LD   R31,Z
                 	.ENDM
                 
                 	.MACRO __GETW1SX
                 	MOVW R30,R28
                 	SUBI R30,LOW(-@0)
                 	SBCI R31,HIGH(-@0)
                 	LD   R0,Z+
                 	LD   R31,Z
                 	MOV  R30,R0
                 	.ENDM
                 
                 	.MACRO __GETD1SX
                 	MOVW R30,R28
                 	SUBI R30,LOW(-@0)
                 	SBCI R31,HIGH(-@0)
                 	LD   R0,Z+
                 	LD   R1,Z+
                 	LD   R22,Z+
                 	LD   R23,Z
                 	MOVW R30,R0
                 	.ENDM
                 
                 	.MACRO __GETB2SX
                 	MOVW R26,R28
                 	SUBI R26,LOW(-@0)
                 	SBCI R27,HIGH(-@0)
                 	LD   R26,X
                 	.ENDM
                 
                 	.MACRO __GETW2SX
                 	MOVW R26,R28
                 	SUBI R26,LOW(-@0)
                 	SBCI R27,HIGH(-@0)
                 	LD   R0,X+
                 	LD   R27,X
                 	MOV  R26,R0
                 	.ENDM
                 
                 	.MACRO __GETD2SX
                 	MOVW R26,R28
                 	SUBI R26,LOW(-@0)
                 	SBCI R27,HIGH(-@0)
                 	LD   R0,X+
                 	LD   R1,X+
                 	LD   R24,X+
                 	LD   R25,X
                 	MOVW R26,R0
                 	.ENDM
                 
                 	.MACRO __GETBRSX
                 	MOVW R30,R28
                 	SUBI R30,LOW(-@1)
                 	SBCI R31,HIGH(-@1)
                 	LD   R@0,Z
                 	.ENDM
                 
                 	.MACRO __GETWRSX
                 	MOVW R30,R28
                 	SUBI R30,LOW(-@2)
                 	SBCI R31,HIGH(-@2)
                 	LD   R@0,Z+
                 	LD   R@1,Z
                 	.ENDM
                 
                 	.MACRO __LSLW8SX
                 	MOVW R30,R28
                 	SUBI R30,LOW(-@0)
                 	SBCI R31,HIGH(-@0)
                 	LD   R31,Z
                 	CLR  R30
                 	.ENDM
                 
                 	.MACRO __PUTB1SX
                 	MOVW R26,R28
                 	SUBI R26,LOW(-@0)
                 	SBCI R27,HIGH(-@0)
                 	ST   X,R30
                 	.ENDM
                 
                 	.MACRO __PUTW1SX
                 	MOVW R26,R28
                 	SUBI R26,LOW(-@0)
                 	SBCI R27,HIGH(-@0)
                 	ST   X+,R30
                 	ST   X,R31
                 	.ENDM
                 
                 	.MACRO __PUTD1SX
                 	MOVW R26,R28
                 	SUBI R26,LOW(-@0)
                 	SBCI R27,HIGH(-@0)
                 	ST   X+,R30
                 	ST   X+,R31
                 	ST   X+,R22
                 	ST   X,R23
                 	.ENDM
                 
                 	.MACRO __CLRW1SX
                 	MOVW R30,R28
                 	SUBI R30,LOW(-@0)
                 	SBCI R31,HIGH(-@0)
                 	CLR  R0
                 	ST   Z+,R0
                 	ST   Z,R0
                 	.ENDM
                 
                 	.MACRO __CLRD1SX
                 	MOVW R30,R28
                 	SUBI R30,LOW(-@0)
                 	SBCI R31,HIGH(-@0)
                 	CLR  R0
                 	ST   Z+,R0
                 	ST   Z+,R0
                 	ST   Z+,R0
                 	ST   Z,R0
                 	.ENDM
                 
                 	.MACRO __PUTB2SX
                 	MOVW R30,R28
                 	SUBI R30,LOW(-@0)
                 	SBCI R31,HIGH(-@0)
                 	ST   Z,R26
                 	.ENDM
                 
                 	.MACRO __PUTW2SX
                 	MOVW R30,R28
                 	SUBI R30,LOW(-@0)
                 	SBCI R31,HIGH(-@0)
                 	ST   Z+,R26
                 	ST   Z,R27
                 	.ENDM
                 
                 	.MACRO __PUTD2SX
                 	MOVW R30,R28
                 	SUBI R30,LOW(-@0)
                 	SBCI R31,HIGH(-@0)
                 	ST   Z+,R26
                 	ST   Z+,R27
                 	ST   Z+,R24
                 	ST   Z,R25
                 	.ENDM
                 
                 	.MACRO __PUTBSRX
                 	MOVW R30,R28
                 	SUBI R30,LOW(-@0)
                 	SBCI R31,HIGH(-@0)
                 	ST   Z,R@1
                 	.ENDM
                 
                 	.MACRO __PUTWSRX
                 	MOVW R30,R28
                 	SUBI R30,LOW(-@2)
                 	SBCI R31,HIGH(-@2)
                 	ST   Z+,R@0
                 	ST   Z,R@1
                 	.ENDM
                 
                 	.MACRO __PUTB1SNX
                 	MOVW R26,R28
                 	SUBI R26,LOW(-@0)
                 	SBCI R27,HIGH(-@0)
                 	LD   R0,X+
                 	LD   R27,X
                 	MOV  R26,R0
                 	SUBI R26,LOW(-@1)
                 	SBCI R27,HIGH(-@1)
                 	ST   X,R30
                 	.ENDM
                 
                 	.MACRO __PUTW1SNX
                 	MOVW R26,R28
                 	SUBI R26,LOW(-@0)
                 	SBCI R27,HIGH(-@0)
                 	LD   R0,X+
                 	LD   R27,X
                 	MOV  R26,R0
                 	SUBI R26,LOW(-@1)
                 	SBCI R27,HIGH(-@1)
                 	ST   X+,R30
                 	ST   X,R31
                 	.ENDM
                 
                 	.MACRO __PUTD1SNX
                 	MOVW R26,R28
                 	SUBI R26,LOW(-@0)
                 	SBCI R27,HIGH(-@0)
                 	LD   R0,X+
                 	LD   R27,X
                 	MOV  R26,R0
                 	SUBI R26,LOW(-@1)
                 	SBCI R27,HIGH(-@1)
                 	ST   X+,R30
                 	ST   X+,R31
                 	ST   X+,R22
                 	ST   X,R23
                 	.ENDM
                 
                 	.MACRO __MULBRR
                 	MULS R@0,R@1
                 	MOVW R30,R0
                 	.ENDM
                 
                 	.MACRO __MULBRRU
                 	MUL  R@0,R@1
                 	MOVW R30,R0
                 	.ENDM
                 
                 	.MACRO __MULBRR0
                 	MULS R@0,R@1
                 	.ENDM
                 
                 	.MACRO __MULBRRU0
                 	MUL  R@0,R@1
                 	.ENDM
                 
                 	.MACRO __MULBNWRU
                 	LDI  R26,@2
                 	MUL  R26,R@0
                 	MOVW R30,R0
                 	MUL  R26,R@1
                 	ADD  R31,R0
                 	.ENDM
                 
                 ;NAME DEFINITIONS FOR GLOBAL VARIABLES ALLOCATED TO REGISTERS
                 	.DEF _port=R5
                 	.DEF _Timer_1=R4
                 	.DEF _Timer_2=R7
                 	.DEF _Timer_4=R6
                 	.DEF _Timer_3=R8
                 	.DEF _U1=R11
                 	.DEF _U3=R10
                 	.DEF __str3=R12
                 
                 	.CSEG
                 	.ORG 0x00
                 
                 ;INTERRUPT VECTORS
000000 c03e      	RJMP __RESET
000001 cffe      	RJMP 0x00
000002 cffd      	RJMP 0x00
000003 cffc      	RJMP 0x00
000004 cffb      	RJMP 0x00
000005 cffa      	RJMP 0x00
000006 cff9      	RJMP 0x00
000007 cff8      	RJMP 0x00
000008 cff7      	RJMP 0x00
000009 c156      	RJMP _timer0_ovf_isr
00000a cff5      	RJMP 0x00
00000b cff4      	RJMP 0x00
00000c cff3      	RJMP 0x00
00000d cff2      	RJMP 0x00
00000e c128      	RJMP _adc_isr
00000f cff0      	RJMP 0x00
000010 cfef      	RJMP 0x00
000011 cfee      	RJMP 0x00
000012 cfed      	RJMP 0x00
                 
                 _tbl10_G100:
000013 2710
000014 03e8
000015 0064
000016 000a      	.DB  0x10,0x27,0xE8,0x3,0x64,0x0,0xA,0x0
000017 0001      	.DB  0x1,0x0
                 _tbl16_G100:
000018 1000
000019 0100
00001a 0010
00001b 0001      	.DB  0x0,0x10,0x0,0x1,0x10,0x0,0x1,0x0
                 
                 _0x5:
00001c 0166      	.DB  LOW(_0x4),HIGH(_0x4)
                 _0x1A:
00001d 0000
00001e 0000
00001f 0000
000020 0000      	.DB  0x0,0x0,0x0,0x0,0x0,0x0,0x0,0x0
000021 0160      	.DB  LOW(_0x3),HIGH(_0x3)
                 _0x0:
000022 6554
000023 706d
000024 003d
000025 3d56      	.DB  0x54,0x65,0x6D,0x70,0x3D,0x0,0x56,0x3D
D:\My documents\Programming\Projects\1_Develop_IR\List\Rx.asm(1072): warning: .cseg .db misalignment - padding zero byte
000026 0000      	.DB  0x0
                 _0x2020003:
000027 c080      	.DB  0x80,0xC0
                 _0x204005F:
D:\My documents\Programming\Projects\1_Develop_IR\List\Rx.asm(1076): warning: .cseg .db misalignment - padding zero byte
000028 0001      	.DB  0x1
                 _0x2040000:
000029 4e2d
00002a 4e41
D:\My documents\Programming\Projects\1_Develop_IR\List\Rx.asm(1078): warning: .cseg .db misalignment - padding zero byte
00002b 0000      	.DB  0x2D,0x4E,0x41,0x4E,0x0
                 
                 __GLOBAL_INI_TBL:
00002c 0006      	.DW  0x06
00002d 0160      	.DW  _0x3
00002e 0044      	.DW  _0x0*2
                 
00002f 0003      	.DW  0x03
000030 0166      	.DW  _0x4
000031 004a      	.DW  _0x0*2+6
                 
000032 0002      	.DW  0x02
000033 0186      	.DW  __str4
000034 0038      	.DW  _0x5*2
                 
000035 000a      	.DW  0x0A
000036 0004      	.DW  0x04
000037 003a      	.DW  _0x1A*2
                 
000038 0002      	.DW  0x02
000039 0189      	.DW  __base_y_G101
00003a 004e      	.DW  _0x2020003*2
                 
00003b 0001      	.DW  0x01
00003c 0190      	.DW  __seed_G102
00003d 0050      	.DW  _0x204005F*2
                 
                 _0xFFFFFFFF:
00003e 0000      	.DW  0
                 
                 __RESET:
00003f 94f8      	CLI
000040 27ee      	CLR  R30
000041 bbec      	OUT  EECR,R30
                 
                 ;INTERRUPT VECTORS ARE PLACED
                 ;AT THE START OF FLASH
000042 e0f1      	LDI  R31,1
000043 bffb      	OUT  GICR,R31
000044 bfeb      	OUT  GICR,R30
000045 bfe5      	OUT  MCUCR,R30
                 
                 ;DISABLE WATCHDOG
000046 e1f8      	LDI  R31,0x18
000047 bdf1      	OUT  WDTCR,R31
000048 bde1      	OUT  WDTCR,R30
                 
                 ;CLEAR R2-R14
000049 e08d      	LDI  R24,(14-2)+1
00004a e0a2      	LDI  R26,2
00004b 27bb      	CLR  R27
                 __CLEAR_REG:
00004c 93ed      	ST   X+,R30
00004d 958a      	DEC  R24
00004e f7e9      	BRNE __CLEAR_REG
                 
                 ;CLEAR SRAM
00004f e080      	LDI  R24,LOW(0x400)
000050 e094      	LDI  R25,HIGH(0x400)
000051 e6a0      	LDI  R26,0x60
                 __CLEAR_SRAM:
000052 93ed      	ST   X+,R30
000053 9701      	SBIW R24,1
000054 f7e9      	BRNE __CLEAR_SRAM
                 
                 ;GLOBAL VARIABLES INITIALIZATION
000055 e5e8      	LDI  R30,LOW(__GLOBAL_INI_TBL*2)
000056 e0f0      	LDI  R31,HIGH(__GLOBAL_INI_TBL*2)
                 __GLOBAL_INI_NEXT:
000057 9185      	LPM  R24,Z+
000058 9195      	LPM  R25,Z+
000059 9700      	SBIW R24,0
00005a f061      	BREQ __GLOBAL_INI_END
00005b 91a5      	LPM  R26,Z+
00005c 91b5      	LPM  R27,Z+
00005d 9005      	LPM  R0,Z+
00005e 9015      	LPM  R1,Z+
00005f 01bf      	MOVW R22,R30
000060 01f0      	MOVW R30,R0
                 __GLOBAL_INI_LOOP:
000061 9005      	LPM  R0,Z+
000062 920d      	ST   X+,R0
000063 9701      	SBIW R24,1
000064 f7e1      	BRNE __GLOBAL_INI_LOOP
000065 01fb      	MOVW R30,R22
000066 cff0      	RJMP __GLOBAL_INI_NEXT
                 __GLOBAL_INI_END:
                 
                 ;STACK POINTER INITIALIZATION
000067 e5ef      	LDI  R30,LOW(0x45F)
000068 bfed      	OUT  SPL,R30
000069 e0e4      	LDI  R30,HIGH(0x45F)
00006a bfee      	OUT  SPH,R30
                 
                 ;DATA STACK POINTER INITIALIZATION
00006b e6c0      	LDI  R28,LOW(0x160)
00006c e0d1      	LDI  R29,HIGH(0x160)
                 
00006d c110      	RJMP _main
                 
                 	.ESEG
                 	.ORG 0
                 
                 	.DSEG
                 	.ORG 0x160
                 
                 	.CSEG
                 ;#include <mega8.h>
                 	#ifndef __SLEEP_DEFINED__
                 	#define __SLEEP_DEFINED__
                 	.EQU __se_bit=0x80
                 	.EQU __sm_mask=0x70
                 	.EQU __sm_powerdown=0x20
                 	.EQU __sm_powersave=0x30
                 	.EQU __sm_standby=0x60
                 	.EQU __sm_ext_standby=0x70
                 	.EQU __sm_adc_noise_red=0x10
                 	.SET power_ctrl_reg=mcucr
                 	#endif
                 ;#include <stdio.h>
                 ;#include <delay.h>
                 ;
                 ;//#include <bcd.h>
                 ;#asm
                 .equ __lcd_port=0x18; PORTB
                 ; 0000 0008 #endasm  // Инициализируем PORTB как порт ЖКИ
                 ;#include <lcd.h> //Включаем библиотеку для работы с ЖКИ
                 ;#include <stdlib.h>
                 ;unsigned char port,Timer_1=0,Timer_2,Timer_4;
                 ;unsigned int Timer_3,adc[6];
                 ;unsigned char U1,U3,U2[7];
                 ;int sig1[1];
                 ;unsigned char _adc0[4],_adc1[4],*_str3="Temp=",*_str4="V=";
                 
                 	.DSEG
                 _0x3:
000160           	.BYTE 0x6
                 _0x4:
000166           	.BYTE 0x3
                 ;
                 ;#include <PWM.c>
                 ;void PWM2(){
                 ; 0000 0011 void PWM2(){
                 
                 	.CSEG
                 _PWM2:
                 ;Timer_1++;
00006e 9443      	INC  R4
                 ;
                 ;if (Timer_1==30){Timer_1=1;Timer_2++;} //скорость обновления PWM модулирования, значение меняется с частотой
00006f e1ee      	LDI  R30,LOW(30)
000070 15e4      	CP   R30,R4
000071 f419      	BRNE _0x6
000072 e0e1      	LDI  R30,LOW(1)
000073 2e4e      	MOV  R4,R30
000074 9473      	INC  R7
                 ;
                 ;if (Timer_1<sig1[0]){U1=1;}else{U1=0;}
                 _0x6:
000075 91e0 017c 	LDS  R30,_sig1
000077 91f0 017d 	LDS  R31,_sig1+1
000079 2da4      	MOV  R26,R4
00007a e0b0      	LDI  R27,0
00007b 17ae      	CP   R26,R30
00007c 07bf      	CPC  R27,R31
00007d f41c      	BRGE _0x7
00007e e0e1      	LDI  R30,LOW(1)
00007f 2ebe      	MOV  R11,R30
000080 c001      	RJMP _0x8
                 _0x7:
000081 24bb      	CLR  R11
                 _0x8:
                 ;if (U1==1){PORTD|=0b00010000;}
000082 e0e1      	LDI  R30,LOW(1)
000083 15eb      	CP   R30,R11
000084 f421      	BRNE _0x9
000085 b3e2      	IN   R30,0x12
000086 e0f0      	LDI  R31,0
000087 61e0      	ORI  R30,0x10
000088 bbe2      	OUT  0x12,R30
                 ;if (U1==0){PORTD&=~0b00010000;}
                 _0x9:
000089 20bb      	TST  R11
00008a f421      	BRNE _0xA
00008b b3e2      	IN   R30,0x12
00008c e0f0      	LDI  R31,0
00008d 7eef      	ANDI R30,LOW(0xFFEF)
00008e bbe2      	OUT  0x12,R30
                 ;
                 ;if (Timer_2>=20){ //скорость затухания
                 _0xA:
00008f e1e4      	LDI  R30,LOW(20)
000090 167e      	CP   R7,R30
000091 f408      	BRSH PC+2
000092 c058      	RJMP _0xB
                 ;for (U3=0;U3<=1;U3++){//количество PWM
000093 24aa      	CLR  R10
                 _0xD:
000094 e0e1      	LDI  R30,LOW(1)
000095 15ea      	CP   R30,R10
000096 f408      	BRSH PC+2
000097 c053      	RJMP _0xE
                 ;if (U2[U3]==1) {if(sig1[U3]<=20){sig1[U3]=sig1[U3]+1;}}
000098 2dea      	MOV  R30,R10
000099 e0f0      	LDI  R31,0
00009a 58eb      	SUBI R30,LOW(-_U2)
00009b 4ffe      	SBCI R31,HIGH(-_U2)
00009c 81e0      	LD   R30,Z
00009d 30e1      	CPI  R30,LOW(0x1)
00009e f509      	BRNE _0xF
00009f 2dea      	MOV  R30,R10
0000a0 e7ac      	LDI  R26,LOW(_sig1)
0000a1 e0b1      	LDI  R27,HIGH(_sig1)
0000a2 e0f0      	LDI  R31,0
0000a3 0fee      	LSL  R30
0000a4 1fff      	ROL  R31
0000a5 0fae      	ADD  R26,R30
0000a6 1fbf      	ADC  R27,R31
0000a7 d219      	RCALL __GETW1P
0000a8 9775      	SBIW R30,21
0000a9 f4b4      	BRGE _0x10
0000aa 2dea      	MOV  R30,R10
0000ab e7ac      	LDI  R26,LOW(_sig1)
0000ac e0b1      	LDI  R27,HIGH(_sig1)
0000ad e0f0      	LDI  R31,0
0000ae 0fee      	LSL  R30
0000af 1fff      	ROL  R31
0000b0 0fea      	ADD  R30,R26
0000b1 1ffb      	ADC  R31,R27
0000b2 010f      	MOVW R0,R30
0000b3 2dea      	MOV  R30,R10
0000b4 e7ac      	LDI  R26,LOW(_sig1)
0000b5 e0b1      	LDI  R27,HIGH(_sig1)
0000b6 e0f0      	LDI  R31,0
0000b7 0fee      	LSL  R30
0000b8 1fff      	ROL  R31
0000b9 0fae      	ADD  R26,R30
0000ba 1fbf      	ADC  R27,R31
0000bb d205      	RCALL __GETW1P
0000bc 9631      	ADIW R30,1
0000bd 01d0      	MOVW R26,R0
0000be 93ed      	ST   X+,R30
0000bf 93fc      	ST   X,R31
                 _0x10:
                 ;if (U2[U3]==0) {if(sig1[U3]>=1){sig1[U3]=sig1[U3]-1;}}
                 _0xF:
0000c0 2dea      	MOV  R30,R10
0000c1 e0f0      	LDI  R31,0
0000c2 58eb      	SUBI R30,LOW(-_U2)
0000c3 4ffe      	SBCI R31,HIGH(-_U2)
0000c4 81e0      	LD   R30,Z
0000c5 30e0      	CPI  R30,0
0000c6 f509      	BRNE _0x11
0000c7 2dea      	MOV  R30,R10
0000c8 e7ac      	LDI  R26,LOW(_sig1)
0000c9 e0b1      	LDI  R27,HIGH(_sig1)
0000ca e0f0      	LDI  R31,0
0000cb 0fee      	LSL  R30
0000cc 1fff      	ROL  R31
0000cd 0fae      	ADD  R26,R30
0000ce 1fbf      	ADC  R27,R31
0000cf d1f1      	RCALL __GETW1P
0000d0 9731      	SBIW R30,1
0000d1 f0b4      	BRLT _0x12
0000d2 2dea      	MOV  R30,R10
0000d3 e7ac      	LDI  R26,LOW(_sig1)
0000d4 e0b1      	LDI  R27,HIGH(_sig1)
0000d5 e0f0      	LDI  R31,0
0000d6 0fee      	LSL  R30
0000d7 1fff      	ROL  R31
0000d8 0fea      	ADD  R30,R26
0000d9 1ffb      	ADC  R31,R27
0000da 010f      	MOVW R0,R30
0000db 2dea      	MOV  R30,R10
0000dc e7ac      	LDI  R26,LOW(_sig1)
0000dd e0b1      	LDI  R27,HIGH(_sig1)
0000de e0f0      	LDI  R31,0
0000df 0fee      	LSL  R30
0000e0 1fff      	ROL  R31
0000e1 0fae      	ADD  R26,R30
0000e2 1fbf      	ADC  R27,R31
0000e3 d1dd      	RCALL __GETW1P
0000e4 9731      	SBIW R30,1
0000e5 01d0      	MOVW R26,R0
0000e6 93ed      	ST   X+,R30
0000e7 93fc      	ST   X,R31
                 _0x12:
                 ;Timer_2=0;}
                 _0x11:
0000e8 2477      	CLR  R7
0000e9 94a3      	INC  R10
0000ea cfa9      	RJMP _0xD
                 _0xE:
                 ;//if((sig1[U3]=1)||(sig1[U3]=20)){U2[1]^=1;}
                 ;}
                 ;
                 ;
                 ;
                 ;Timer_3++;
                 _0xB:
0000eb 01f4      	MOVW R30,R8
0000ec 9631      	ADIW R30,1
0000ed 014f      	MOVW R8,R30
                 ;if (Timer_3==10000){Timer_3=0;
0000ee e1e0      	LDI  R30,LOW(10000)
0000ef e2f7      	LDI  R31,HIGH(10000)
0000f0 15e8      	CP   R30,R8
0000f1 05f9      	CPC  R31,R9
0000f2 f009      	BREQ PC+2
0000f3 c040      	RJMP _0x13
0000f4 2488      	CLR  R8
0000f5 2499      	CLR  R9
                 ;Timer_4++;
0000f6 9463      	INC  R6
                 ;U2[0]^=1;
0000f7 91e0 0175 	LDS  R30,_U2
0000f9 e0f0      	LDI  R31,0
0000fa e0a1      	LDI  R26,LOW(1)
0000fb e0b0      	LDI  R27,HIGH(1)
0000fc 27ea      	EOR  R30,R26
0000fd 93e0 0175 	STS  _U2,R30
                 ;//PORTD^=0b00010000;
                 ;
                 ;itoa(adc[0], _adc0);
0000ff 91e0 0169 	LDS  R30,_adc
000101 91f0 016a 	LDS  R31,_adc+1
000103 93fa      	ST   -Y,R31
000104 93ea      	ST   -Y,R30
000105 e7ee      	LDI  R30,LOW(__adc0)
000106 e0f1      	LDI  R31,HIGH(__adc0)
000107 93fa      	ST   -Y,R31
000108 93ea      	ST   -Y,R30
000109 d18b      	RCALL _itoa
                 ;itoa(adc[1], _adc1);
                +
00010a 91e0 016b+LDS R30 , _adc + 2
00010c 91f0 016c+LDS R31 , _adc + 2 + 1
                 	__GETW1MN _adc,2
00010e 93fa      	ST   -Y,R31
00010f 93ea      	ST   -Y,R30
000110 e8e2      	LDI  R30,LOW(__adc1)
000111 e0f1      	LDI  R31,HIGH(__adc1)
000112 93fa      	ST   -Y,R31
000113 93ea      	ST   -Y,R30
000114 d180      	RCALL _itoa
                 ;lcd_clear();
000115 d0eb      	RCALL _lcd_clear
                 ;lcd_gotoxy(8, 0);
000116 e0e8      	LDI  R30,LOW(8)
000117 93ea      	ST   -Y,R30
000118 e0e0      	LDI  R30,LOW(0)
000119 93ea      	ST   -Y,R30
00011a d0d0      	RCALL _lcd_gotoxy
                 ;lcd_puts(_str3);
00011b 92da      	ST   -Y,R13
00011c 92ca      	ST   -Y,R12
00011d d11b      	RCALL _lcd_puts
                 ;lcd_puts(_adc0);
00011e e7ee      	LDI  R30,LOW(__adc0)
00011f e0f1      	LDI  R31,HIGH(__adc0)
000120 93fa      	ST   -Y,R31
000121 93ea      	ST   -Y,R30
000122 d116      	RCALL _lcd_puts
                 ;lcd_gotoxy(8, 1);
000123 e0e8      	LDI  R30,LOW(8)
000124 93ea      	ST   -Y,R30
000125 e0e1      	LDI  R30,LOW(1)
000126 93ea      	ST   -Y,R30
000127 d0c3      	RCALL _lcd_gotoxy
                 ;lcd_puts(_str4);
000128 91e0 0186 	LDS  R30,__str4
00012a 91f0 0187 	LDS  R31,__str4+1
00012c 93fa      	ST   -Y,R31
00012d 93ea      	ST   -Y,R30
00012e d10a      	RCALL _lcd_puts
                 ;lcd_puts(_adc1);
00012f e8e2      	LDI  R30,LOW(__adc1)
000130 e0f1      	LDI  R31,HIGH(__adc1)
000131 93fa      	ST   -Y,R31
000132 93ea      	ST   -Y,R30
000133 d105      	RCALL _lcd_puts
                 ;
                 ;}
                 ;}
                 _0x13:
000134 9508      	RET
                 ;void ADC_(){
                 _ADC_:
                 ;
                 ;}
000135 9508      	RET
                 ;#include <IR.c>
                 ;void IR(){
                 ; 0000 0012 void IR(){
                 _IR:
                 ;
                 ;}
000136 9508      	RET
                 ;#include <ADC1.c>
                 ;#define ADC_VREF_TYPE 0x00
                 ;#define FIRST_ADC_INPUT 0
                 ;#define LAST_ADC_INPUT 5
                 ;unsigned int adc_data[LAST_ADC_INPUT-FIRST_ADC_INPUT+1];
                 ;static unsigned char input_index=0;
                 ;
                 ;/*
                 ;unsigned char read_adc(unsigned char adc_input)
                 ;{
                 ;//ADMUX=adc_input | (ADC_VREF_TYPE & 0xff);
                 ;// Start the AD conversion
                 ;//delay_us(20);
                 ;ADCSRA|=0x40;
                 ;// Wait for the AD conversion to complete
                 ;while ((ADCSRA & 0x10)==0);
                 ;ADCSRA|=0x10;
                 ;return ADCW;
                 ;//adc0 = ADCH-57;
                 ;}
                 ;*/
                 ;/*
                 ;interrupt [ADC_INT] void adc_isr(void){
                 ;
                 ;ADMUX= port | ADC_VREF_TYPE;
                 ;//ADMUX=287+1; //287 - стандартное выражение, 1 - номер порта
                 ;
                 ;delay_us(20); //для стабилизации
                 ;ADCSRA|=0b1100000;// включение непрерывного определения
                 ;while ((ADCSRA & 0b1100000)==0);//ждем пока идет подсчет
                 ;ADCSRA|=0x10;
                 ;adc[port] = ADCW;//заносим данные в f1
                 ;delay_us(20);
                 ;}
                 ;*/
                 ;
                 ;
                 ;
                 ;
                 ;
                 ;// ADC interrupt service routine
                 ;// with auto input scanning
                 ;interrupt [ADC_INT] void adc_isr(void)
                 ; 0000 0013 {
                 _adc_isr:
000137 93aa      	ST   -Y,R26
000138 93ba      	ST   -Y,R27
000139 93ea      	ST   -Y,R30
00013a 93fa      	ST   -Y,R31
00013b b7ef      	IN   R30,SREG
00013c 93ea      	ST   -Y,R30
                 ;adc[input_index]=ADCW;
00013d 91e0 0188 	LDS  R30,_input_index_G000
00013f e6a9      	LDI  R26,LOW(_adc)
000140 e0b1      	LDI  R27,HIGH(_adc)
000141 e0f0      	LDI  R31,0
000142 0fee      	LSL  R30
000143 1fff      	ROL  R31
000144 0fae      	ADD  R26,R30
000145 1fbf      	ADC  R27,R31
000146 b1e4      	IN   R30,0x4
000147 b1f5      	IN   R31,0x4+1
000148 93ed      	ST   X+,R30
000149 93fc      	ST   X,R31
                 ;if (++input_index > (LAST_ADC_INPUT-FIRST_ADC_INPUT)){input_index=0;}
00014a 91a0 0188 	LDS  R26,_input_index_G000
00014c 5faf      	SUBI R26,-LOW(1)
00014d 93a0 0188 	STS  _input_index_G000,R26
00014f 30a6      	CPI  R26,LOW(0x6)
000150 f018      	BRLO _0x14
000151 e0e0      	LDI  R30,LOW(0)
000152 93e0 0188 	STS  _input_index_G000,R30
                 ;   //input_index=0;
                 ;//if(Timer_3>9000){ADMUX=(FIRST_ADC_INPUT | (ADC_VREF_TYPE & 0xff))+input_index;}
                 ;ADMUX=(FIRST_ADC_INPUT | (ADC_VREF_TYPE & 0xff))+input_index;
                 _0x14:
000154 91e0 0188 	LDS  R30,_input_index_G000
000156 e0f0      	LDI  R31,0
000157 9630      	ADIW R30,0
000158 b9e7      	OUT  0x7,R30
                 ;
                 ;
                 ;
                 ;// Read the AD conversion result
                 ; ///H - если 8 бит, W - если 10 бит.
                 ;//adc[port]=ADCW; ///H - если 8 бит, W - если 10 бит.
                 ;// Select next ADC input
                 ;
                 ;//ADMUX=port | (ADC_VREF_TYPE & 0xff);
                 ;// Delay needed for the stabilization of the ADC input voltage
                 ;//delay_us(200);
                 ;// Start the AD conversion
                 ;//ADCSRA|=0x40;
                 ;//while ((ADCSRA & 0b1100000)==0);//ждем пока идет подсчет
                 ;
                 ;//
                 ;//
                 ;}
000159 91e9      	LD   R30,Y+
00015a bfef      	OUT  SREG,R30
00015b 91f9      	LD   R31,Y+
00015c 91e9      	LD   R30,Y+
00015d 91b9      	LD   R27,Y+
00015e 91a9      	LD   R26,Y+
00015f 9518      	RETI
                 ;
                 ;interrupt [TIM0_OVF] void timer0_ovf_isr(void)
                 ; 0000 0016 {
                 _timer0_ovf_isr:
000160 920a      	ST   -Y,R0
000161 921a      	ST   -Y,R1
000162 92fa      	ST   -Y,R15
000163 936a      	ST   -Y,R22
000164 937a      	ST   -Y,R23
000165 938a      	ST   -Y,R24
000166 939a      	ST   -Y,R25
000167 93aa      	ST   -Y,R26
000168 93ba      	ST   -Y,R27
000169 93ea      	ST   -Y,R30
00016a 93fa      	ST   -Y,R31
00016b b7ef      	IN   R30,SREG
00016c 93ea      	ST   -Y,R30
                 ; 0000 0017 PWM2();
00016d df00      	RCALL _PWM2
                 ; 0000 0018 IR();
00016e dfc7      	RCALL _IR
                 ; 0000 0019 ADC_();
00016f dfc5      	RCALL _ADC_
                 ; 0000 001A }
000170 91e9      	LD   R30,Y+
000171 bfef      	OUT  SREG,R30
000172 91f9      	LD   R31,Y+
000173 91e9      	LD   R30,Y+
000174 91b9      	LD   R27,Y+
000175 91a9      	LD   R26,Y+
000176 9199      	LD   R25,Y+
000177 9189      	LD   R24,Y+
000178 9179      	LD   R23,Y+
000179 9169      	LD   R22,Y+
00017a 90f9      	LD   R15,Y+
00017b 9019      	LD   R1,Y+
00017c 9009      	LD   R0,Y+
00017d 9518      	RETI
                 ;
                 ;void main(void)
                 ; 0000 001D {
                 _main:
                 ; 0000 001E 
                 ; 0000 001F 
                 ; 0000 0020 DDRB=0xFF;
00017e efef      	LDI  R30,LOW(255)
00017f bbe7      	OUT  0x17,R30
                 ; 0000 0021 //DDRC=0xFF;
                 ; 0000 0022 DDRD=0b00011000;
000180 e1e8      	LDI  R30,LOW(24)
000181 bbe1      	OUT  0x11,R30
                 ; 0000 0023 //DDRD=0xFF;
                 ; 0000 0024 
                 ; 0000 0025 TCCR0|=0x01;
000182 b7e3      	IN   R30,0x33
000183 e0f0      	LDI  R31,0
000184 60e1      	ORI  R30,1
000185 bfe3      	OUT  0x33,R30
                 ; 0000 0026 TIMSK|=0x01;// TIM0
000186 b7e9      	IN   R30,0x39
000187 e0f0      	LDI  R31,0
000188 60e1      	ORI  R30,1
000189 bfe9      	OUT  0x39,R30
                 ; 0000 0027 
                 ; 0000 0028 
                 ; 0000 0029 UCSRA|=0x00;
00018a b1eb      	IN   R30,0xB
00018b e0f0      	LDI  R31,0
00018c b9eb      	OUT  0xB,R30
                 ; 0000 002A UCSRB|=0x18;
00018d b1ea      	IN   R30,0xA
00018e e0f0      	LDI  R31,0
00018f 61e8      	ORI  R30,LOW(0x18)
000190 b9ea      	OUT  0xA,R30
                 ; 0000 002B UCSRC|=0x86;
000191 b5e0      	IN   R30,0x20
000192 e0f0      	LDI  R31,0
000193 68e6      	ORI  R30,LOW(0x86)
000194 bde0      	OUT  0x20,R30
                 ; 0000 002C UBRRH|=0x00;
000195 b5e0      	IN   R30,0x20
000196 e0f0      	LDI  R31,0
000197 bde0      	OUT  0x20,R30
                 ; 0000 002D UBRRL|=0x33;
000198 b1e9      	IN   R30,0x9
000199 e0f0      	LDI  R31,0
00019a 63e3      	ORI  R30,LOW(0x33)
00019b b9e9      	OUT  0x9,R30
                 ; 0000 002E 
                 ; 0000 002F 
                 ; 0000 0030 ACSR|=0x80;
00019c b1e8      	IN   R30,0x8
00019d e0f0      	LDI  R31,0
00019e 68e0      	ORI  R30,0x80
00019f b9e8      	OUT  0x8,R30
                 ; 0000 0031 //ADMUX=ADC_VREF_TYPE & 0xff;
                 ; 0000 0032 ADMUX=FIRST_ADC_INPUT | (ADC_VREF_TYPE & 0xff);
0001a0 e0e0      	LDI  R30,LOW(0)
0001a1 b9e7      	OUT  0x7,R30
                 ; 0000 0033 ADCSRA=0b11001001;//!!!!!!!!!!!!
0001a2 ece9      	LDI  R30,LOW(201)
0001a3 b9e6      	OUT  0x6,R30
                 ; 0000 0034 //SFIOR&=0xEF;
                 ; 0000 0035 
                 ; 0000 0036 lcd_init(16);
0001a4 e1e0      	LDI  R30,LOW(16)
0001a5 93ea      	ST   -Y,R30
0001a6 d0b0      	RCALL _lcd_init
                 ; 0000 0037 
                 ; 0000 0038 
                 ; 0000 0039 #asm("sei")
0001a7 9478      	sei
                 ; 0000 003A while (1)
                 _0x15:
                 ; 0000 003B {
                 ; 0000 003C if (Timer_4==1){ADCSRA|=0x40;Timer_4=0;}
0001a8 e0e1      	LDI  R30,LOW(1)
0001a9 15e6      	CP   R30,R6
0001aa f429      	BRNE _0x18
0001ab b1e6      	IN   R30,0x6
0001ac e0f0      	LDI  R31,0
0001ad 64e0      	ORI  R30,0x40
0001ae b9e6      	OUT  0x6,R30
0001af 2466      	CLR  R6
                 ; 0000 003D //if (Timer_4==2{ADCSRA&=~0x40;Timer_4=0;}
                 ; 0000 003E 
                 ; 0000 003F //;
                 ; 0000 0040 //if ((PIND.2==0)&&(d1==0)){}
                 ; 0000 0041 }
                 _0x18:
0001b0 cff7      	RJMP _0x15
                 ; 0000 0042 }
                 _0x19:
0001b1 cfff      	RJMP _0x19
                 	#ifndef __SLEEP_DEFINED__
                 	#endif
                 
                 	.CSEG
                     .equ __lcd_direction=__lcd_port-1
                     .equ __lcd_pin=__lcd_port-2
                     .equ __lcd_rs=0
                     .equ __lcd_rd=1
                     .equ __lcd_enable=2
                     .equ __lcd_busy_flag=7
                 
                 	.DSEG
                 
                 	.CSEG
                 __lcd_delay_G101:
0001b2 e0ff          ldi   r31,15
                 __lcd_delay0:
0001b3 95fa          dec   r31
0001b4 f7f1          brne  __lcd_delay0
0001b5 9508      	RET
                 __lcd_ready:
0001b6 b3a7          in    r26,__lcd_direction
0001b7 70af          andi  r26,0xf                 ;set as input
0001b8 bba7          out   __lcd_direction,r26
0001b9 9ac1          sbi   __lcd_port,__lcd_rd     ;RD=1
0001ba 98c0          cbi   __lcd_port,__lcd_rs     ;RS=0
                 __lcd_busy:
0001bb dff6      	RCALL __lcd_delay_G101
0001bc 9ac2          sbi   __lcd_port,__lcd_enable ;EN=1
0001bd dff4      	RCALL __lcd_delay_G101
0001be b3a6          in    r26,__lcd_pin
0001bf 98c2          cbi   __lcd_port,__lcd_enable ;EN=0
0001c0 dff1      	RCALL __lcd_delay_G101
0001c1 9ac2          sbi   __lcd_port,__lcd_enable ;EN=1
0001c2 dfef      	RCALL __lcd_delay_G101
0001c3 98c2          cbi   __lcd_port,__lcd_enable ;EN=0
0001c4 fda7          sbrc  r26,__lcd_busy_flag
0001c5 cff5          rjmp  __lcd_busy
0001c6 9508      	RET
                 __lcd_write_nibble_G101:
0001c7 7fa0          andi  r26,0xf0
0001c8 2bab          or    r26,r27
0001c9 bba8          out   __lcd_port,r26          ;write
0001ca 9ac2          sbi   __lcd_port,__lcd_enable ;EN=1
0001cb dfe6      	RCALL __lcd_delay_G101
0001cc 98c2          cbi   __lcd_port,__lcd_enable ;EN=0
0001cd dfe4      	RCALL __lcd_delay_G101
0001ce 9508      	RET
                 __lcd_write_data:
0001cf 98c1          cbi  __lcd_port,__lcd_rd 	  ;RD=0
0001d0 b3a7          in    r26,__lcd_direction
0001d1 6fa7          ori   r26,0xf0 | (1<<__lcd_rs) | (1<<__lcd_rd) | (1<<__lcd_enable) ;set as output
0001d2 bba7          out   __lcd_direction,r26
0001d3 b3b8          in    r27,__lcd_port
0001d4 70bf          andi  r27,0xf
0001d5 81a8          ld    r26,y
0001d6 dff0      	RCALL __lcd_write_nibble_G101
0001d7 81a8          ld    r26,y
0001d8 95a2          swap  r26
0001d9 dfed      	RCALL __lcd_write_nibble_G101
0001da 9ac1          sbi   __lcd_port,__lcd_rd     ;RD=1
0001db c0b7      	RJMP _0x20C0001
                 __lcd_read_nibble_G101:
0001dc 9ac2          sbi   __lcd_port,__lcd_enable ;EN=1
0001dd dfd4      	RCALL __lcd_delay_G101
0001de b3e6          in    r30,__lcd_pin           ;read
0001df 98c2          cbi   __lcd_port,__lcd_enable ;EN=0
0001e0 dfd1      	RCALL __lcd_delay_G101
0001e1 7fe0          andi  r30,0xf0
0001e2 9508      	RET
                 _lcd_read_byte0_G101:
0001e3 dfce      	RCALL __lcd_delay_G101
0001e4 dff7      	RCALL __lcd_read_nibble_G101
0001e5 2fae          mov   r26,r30
0001e6 dff5      	RCALL __lcd_read_nibble_G101
0001e7 98c1          cbi   __lcd_port,__lcd_rd     ;RD=0
0001e8 95e2          swap  r30
0001e9 2bea          or    r30,r26
0001ea 9508      	RET
                 _lcd_gotoxy:
0001eb dfca      	RCALL __lcd_ready
0001ec 81e8      	LD   R30,Y
0001ed e0f0      	LDI  R31,0
0001ee 57e7      	SUBI R30,LOW(-__base_y_G101)
0001ef 4ffe      	SBCI R31,HIGH(-__base_y_G101)
0001f0 81e0      	LD   R30,Z
0001f1 e0f0      	LDI  R31,0
0001f2 01df      	MOVW R26,R30
0001f3 81e9      	LDD  R30,Y+1
0001f4 e0f0      	LDI  R31,0
0001f5 0fea      	ADD  R30,R26
0001f6 1ffb      	ADC  R31,R27
0001f7 93ea      	ST   -Y,R30
0001f8 dfd6      	RCALL __lcd_write_data
0001f9 81e9      	LDD  R30,Y+1
0001fa 93e0 018d 	STS  __lcd_x,R30
0001fc 81e8      	LD   R30,Y
0001fd 93e0 018e 	STS  __lcd_y,R30
0001ff 9622      	ADIW R28,2
000200 9508      	RET
                 _lcd_clear:
000201 dfb4      	RCALL __lcd_ready
000202 e0e2      	LDI  R30,LOW(2)
000203 93ea      	ST   -Y,R30
000204 dfca      	RCALL __lcd_write_data
000205 dfb0      	RCALL __lcd_ready
000206 e0ec      	LDI  R30,LOW(12)
000207 93ea      	ST   -Y,R30
000208 dfc6      	RCALL __lcd_write_data
000209 dfac      	RCALL __lcd_ready
00020a e0e1      	LDI  R30,LOW(1)
00020b 93ea      	ST   -Y,R30
00020c dfc2      	RCALL __lcd_write_data
00020d e0e0      	LDI  R30,LOW(0)
00020e 93e0 018e 	STS  __lcd_y,R30
000210 93e0 018d 	STS  __lcd_x,R30
000212 9508      	RET
                 _lcd_putchar:
000213 93ef          push r30
000214 93ff          push r31
000215 81a8          ld   r26,y
000216 9468          set
000217 30aa          cpi  r26,10
000218 f061          breq __lcd_putchar1
000219 94e8          clt
00021a 91e0 018d 	LDS  R30,__lcd_x
00021c 5fef      	SUBI R30,-LOW(1)
00021d 93e0 018d 	STS  __lcd_x,R30
00021f 91e0 018f 	LDS  R30,__lcd_maxx
000221 91a0 018d 	LDS  R26,__lcd_x
000223 17ea      	CP   R30,R26
000224 f460      	BRSH _0x2020004
                 	__lcd_putchar1:
000225 91e0 018e 	LDS  R30,__lcd_y
000227 5fef      	SUBI R30,-LOW(1)
000228 93e0 018e 	STS  __lcd_y,R30
00022a e0e0      	LDI  R30,LOW(0)
00022b 93ea      	ST   -Y,R30
00022c 91e0 018e 	LDS  R30,__lcd_y
00022e 93ea      	ST   -Y,R30
00022f dfbb      	RCALL _lcd_gotoxy
000230 f02e      	brts __lcd_putchar0
                 _0x2020004:
000231 df84          rcall __lcd_ready
000232 9ac0          sbi  __lcd_port,__lcd_rs ;RS=1
000233 81a8          ld   r26,y
000234 93aa          st   -y,r26
000235 df99          rcall __lcd_write_data
                 __lcd_putchar0:
000236 91ff          pop  r31
000237 91ef          pop  r30
000238 c05a      	RJMP _0x20C0001
                 _lcd_puts:
000239 931a      	ST   -Y,R17
                 _0x2020005:
00023a 81a9      	LDD  R26,Y+1
00023b 81ba      	LDD  R27,Y+1+1
00023c 91ed      	LD   R30,X+
00023d 83a9      	STD  Y+1,R26
00023e 83ba      	STD  Y+1+1,R27
00023f 2f1e      	MOV  R17,R30
000240 30e0      	CPI  R30,0
000241 f019      	BREQ _0x2020007
000242 931a      	ST   -Y,R17
000243 dfcf      	RCALL _lcd_putchar
000244 cff5      	RJMP _0x2020005
                 _0x2020007:
000245 8118      	LDD  R17,Y+0
000246 9623      	ADIW R28,3
000247 9508      	RET
                 __long_delay_G101:
000248 27aa          clr   r26
000249 27bb          clr   r27
                 __long_delay0:
00024a 9711          sbiw  r26,1         ;2 cycles
00024b f7f1          brne  __long_delay0 ;2 cycles
00024c 9508      	RET
                 __lcd_init_write_G101:
00024d 98c1          cbi  __lcd_port,__lcd_rd 	  ;RD=0
00024e b3a7          in    r26,__lcd_direction
00024f 6fa7          ori   r26,0xf7                ;set as output
000250 bba7          out   __lcd_direction,r26
000251 b3b8          in    r27,__lcd_port
000252 70bf          andi  r27,0xf
000253 81a8          ld    r26,y
000254 df72      	RCALL __lcd_write_nibble_G101
000255 9ac1          sbi   __lcd_port,__lcd_rd     ;RD=1
000256 c03c      	RJMP _0x20C0001
                 _lcd_init:
000257 98c2          cbi   __lcd_port,__lcd_enable ;EN=0
000258 98c0          cbi   __lcd_port,__lcd_rs     ;RS=0
000259 81e8      	LD   R30,Y
00025a 93e0 018f 	STS  __lcd_maxx,R30
00025c e0f0      	LDI  R31,0
00025d 58e0      	SUBI R30,LOW(-128)
00025e 4fff      	SBCI R31,HIGH(-128)
                +
00025f 93e0 018b+STS __base_y_G101 + 2 , R30
                 	__PUTB1MN __base_y_G101,2
000261 81e8      	LD   R30,Y
000262 e0f0      	LDI  R31,0
000263 54e0      	SUBI R30,LOW(-192)
000264 4fff      	SBCI R31,HIGH(-192)
                +
000265 93e0 018c+STS __base_y_G101 + 3 , R30
                 	__PUTB1MN __base_y_G101,3
000267 dfe0      	RCALL __long_delay_G101
000268 e3e0      	LDI  R30,LOW(48)
000269 93ea      	ST   -Y,R30
00026a dfe2      	RCALL __lcd_init_write_G101
00026b dfdc      	RCALL __long_delay_G101
00026c e3e0      	LDI  R30,LOW(48)
00026d 93ea      	ST   -Y,R30
00026e dfde      	RCALL __lcd_init_write_G101
00026f dfd8      	RCALL __long_delay_G101
000270 e3e0      	LDI  R30,LOW(48)
000271 93ea      	ST   -Y,R30
000272 dfda      	RCALL __lcd_init_write_G101
000273 dfd4      	RCALL __long_delay_G101
000274 e2e0      	LDI  R30,LOW(32)
000275 93ea      	ST   -Y,R30
000276 dfd6      	RCALL __lcd_init_write_G101
000277 dfd0      	RCALL __long_delay_G101
000278 e2e8      	LDI  R30,LOW(40)
000279 93ea      	ST   -Y,R30
00027a df54      	RCALL __lcd_write_data
00027b dfcc      	RCALL __long_delay_G101
00027c e0e4      	LDI  R30,LOW(4)
00027d 93ea      	ST   -Y,R30
00027e df50      	RCALL __lcd_write_data
00027f dfc8      	RCALL __long_delay_G101
000280 e8e5      	LDI  R30,LOW(133)
000281 93ea      	ST   -Y,R30
000282 df4c      	RCALL __lcd_write_data
000283 dfc4      	RCALL __long_delay_G101
000284 b3a7          in    r26,__lcd_direction
000285 70af          andi  r26,0xf                 ;set as input
000286 bba7          out   __lcd_direction,r26
000287 9ac1          sbi   __lcd_port,__lcd_rd     ;RD=1
000288 df5a      	RCALL _lcd_read_byte0_G101
000289 30e5      	CPI  R30,LOW(0x5)
00028a f011      	BREQ _0x202000B
00028b e0e0      	LDI  R30,LOW(0)
00028c c006      	RJMP _0x20C0001
                 _0x202000B:
00028d df28      	RCALL __lcd_ready
00028e e0e6      	LDI  R30,LOW(6)
00028f 93ea      	ST   -Y,R30
000290 df3e      	RCALL __lcd_write_data
000291 df6f      	RCALL _lcd_clear
000292 e0e1      	LDI  R30,LOW(1)
                 _0x20C0001:
000293 9621      	ADIW R28,1
000294 9508      	RET
                 
                 	.CSEG
                 _itoa:
000295 91a9          ld   r26,y+
000296 91b9          ld   r27,y+
000297 91e9          ld   r30,y+
000298 91f9          ld   r31,y+
000299 9630          adiw r30,0
00029a f42a          brpl __itoa0
00029b 95e0          com  r30
00029c 95f0          com  r31
00029d 9631          adiw r30,1
00029e e26d          ldi  r22,'-'
00029f 936d          st   x+,r22
                 __itoa0:
0002a0 94e8          clt
0002a1 e180          ldi  r24,low(10000)
0002a2 e297          ldi  r25,high(10000)
0002a3 d00d          rcall __itoa1
0002a4 ee88          ldi  r24,low(1000)
0002a5 e093          ldi  r25,high(1000)
0002a6 d00a          rcall __itoa1
0002a7 e684          ldi  r24,100
0002a8 2799          clr  r25
0002a9 d007          rcall __itoa1
0002aa e08a          ldi  r24,10
0002ab d005          rcall __itoa1
0002ac 2f6e          mov  r22,r30
0002ad d010          rcall __itoa5
0002ae 2766          clr  r22
0002af 936c          st   x,r22
0002b0 9508          ret
                 
                 __itoa1:
0002b1 2766          clr	 r22
                 __itoa2:
0002b2 17e8          cp   r30,r24
0002b3 07f9          cpc  r31,r25
0002b4 f020          brlo __itoa3
0002b5 9563          inc  r22
0002b6 1be8          sub  r30,r24
0002b7 0bf9          sbc  r31,r25
0002b8 f7c9          brne __itoa2
                 __itoa3:
0002b9 2366          tst  r22
0002ba f411          brne __itoa4
0002bb f016          brts __itoa5
0002bc 9508          ret
                 __itoa4:
0002bd 9468          set
                 __itoa5:
0002be 5d60          subi r22,-0x30
0002bf 936d          st   x+,r22
0002c0 9508          ret
                 
                 	.DSEG
                 
                 	.CSEG
                 
                 	.CSEG
                 
                 	.CSEG
                 
                 	.CSEG
                 
                 	.DSEG
                 _adc:
000169           	.BYTE 0xC
                 _U2:
000175           	.BYTE 0x7
                 _sig1:
00017c           	.BYTE 0x2
                 __adc0:
00017e           	.BYTE 0x4
                 __adc1:
000182           	.BYTE 0x4
                 __str4:
000186           	.BYTE 0x2
                 _input_index_G000:
000188           	.BYTE 0x1
                 __base_y_G101:
000189           	.BYTE 0x4
                 __lcd_x:
00018d           	.BYTE 0x1
                 __lcd_y:
00018e           	.BYTE 0x1
                 __lcd_maxx:
00018f           	.BYTE 0x1
                 __seed_G102:
000190           	.BYTE 0x4
                 _p_S1040024:
000194           	.BYTE 0x2
                 
                 	.CSEG
                 
                 	.CSEG
                 __GETW1P:
0002c1 91ed      	LD   R30,X+
0002c2 91fc      	LD   R31,X
0002c3 9711      	SBIW R26,1
0002c4 9508      	RET
                 
                 ;END OF CODE MARKER
                 __END_OF_CODE:


RESOURCE USE INFORMATION
------------------------

Notice:
The register and instruction counts are symbol table hit counts,
and hence implicitly used resources are not counted, eg, the
'lpm' instruction without operands implicitly uses r0 and z,
none of which are counted.

x,y,z are separate entities in the symbol table and are
counted separately from r26..r31 here.

.dseg memory usage only counts static data declared with .byte

ATmega8L register use summary:
r0 :  10 r1 :   3 r2 :   0 r3 :   0 r4 :   4 r5 :   0 r6 :   3 r7 :   3 
r8 :   4 r9 :   2 r10:  11 r11:   4 r12:   1 r13:   1 r14:   0 r15:   2 
r16:   0 r17:   4 r18:   0 r19:   0 r20:   0 r21:   0 r22:  14 r23:   2 
r24:  15 r25:   9 r26:  68 r27:  33 r28:   4 r29:   1 r30: 234 r31:  87 
x  :  15 y  :  92 z  :  10 
Registers used: 26 out of 35 (74.3%)

ATmega8L instruction use summary:
adc   :   8 add   :   8 adiw  :   8 and   :   0 andi  :   7 asr   :   0 
bclr  :   0 bld   :   0 brbc  :   0 brbs  :   0 brcc  :   0 brcs  :   0 
break :   0 breq  :   5 brge  :   2 brhc  :   0 brhs  :   0 brid  :   0 
brie  :   0 brlo  :   2 brlt  :   1 brmi  :   0 brne  :  13 brpl  :   1 
brsh  :   3 brtc  :   0 brts  :   2 brvc  :   0 brvs  :   0 bset  :   0 
bst   :   0 cbi   :  10 cbr   :   0 clc   :   0 clh   :   0 cli   :   1 
cln   :   0 clr   :  13 cls   :   0 clt   :   2 clv   :   0 clz   :   0 
com   :   2 cp    :   9 cpc   :   3 cpi   :   6 cpse  :   0 dec   :   2 
des   :   0 eor   :   1 fmul  :   0 fmuls :   0 fmulsu:   0 icall :   0 
ijmp  :   0 in    :  23 inc   :   5 ld    :  36 ldd   :   5 ldi   : 107 
lds   :  17 lpm   :   7 lsl   :   7 lsr   :   0 mov   :  14 movw  :  10 
mul   :   0 muls  :   0 mulsu :   0 neg   :   0 nop   :   0 or    :   2 
ori   :  10 out   :  31 pop   :   2 push  :   2 rcall :  67 ret   :  17 
reti  :   2 rjmp  :  34 rol   :   7 ror   :   0 sbc   :   1 sbci  :   5 
sbi   :   9 sbic  :   0 sbis  :   0 sbiw  :   8 sbr   :   0 sbrc  :   1 
sbrs  :   0 sec   :   0 seh   :   0 sei   :   1 sen   :   0 ser   :   0 
ses   :   0 set   :   2 sev   :   0 sez   :   0 sleep :   0 spm   :   0 
st    :  67 std   :   2 sts   :  12 sub   :   1 subi  :   9 swap  :   2 
tst   :   2 wdr   :   0 
Instructions used: 56 out of 110 (50.9%)

ATmega8L memory use summary [bytes]:
Segment   Begin    End      Code   Data   Used    Size   Use%
---------------------------------------------------------------
[.cseg] 0x000000 0x00058a   1330     88   1418    8192  17.3%
[.dseg] 0x000060 0x000196      0     54     54    1024   5.3%
[.eseg] 0x000000 0x000000      0      0      0     512   0.0%

Assembly complete, 0 errors, 11 warnings
